#
# A fatal error has been detected by the Java Runtime Environment:
#
#  SIGSEGV (0xb) at pc=0x00007f3e8d05b4ba, pid=21294, tid=139905657607936
#
# JRE version: OpenJDK Runtime Environment (7.0_65-b32) (build 1.7.0_65-b32)
# Java VM: OpenJDK 64-Bit Server VM (24.65-b04 mixed mode linux-amd64 compressed oops)
# Derivative: IcedTea 2.5.3
# Distribution: Ubuntu 14.04 LTS, package 7u71-2.5.3-0ubuntu0.14.04.1
# Problematic frame:
# v  ~BufferBlob::jni_fast_GetLongField
#
# Failed to write core dump. Core dumps have been disabled. To enable core dumping, try "ulimit -c unlimited" before starting Java again
#
# If you would like to submit a bug report, please include
# instructions on how to reproduce the bug and visit:
#   http://icedtea.classpath.org/bugzilla
# The crash happened outside the Java Virtual Machine in native code.
# See problematic frame for where to report the bug.
#

---------------  T H R E A D  ---------------

Current thread (0x00007f3e901ef000):  JavaThread "AWT-XAWT" daemon [_thread_in_native, id=21314, stack(0x00007f3e52f61000,0x00007f3e53062000)]

siginfo:si_signo=SIGSEGV: si_errno=0, si_code=1 (SEGV_MAPERR), si_addr=0x0000000000000000

Registers:
RAX=0x00007f3e97050060, RBX=0x00007f3e901ef1d8, RCX=0x00007f3e974c7320, RDX=0x0000000000000042
RSP=0x00007f3e530607e8, RBP=0x00007f3e53060810, RSI=0x0000000000000000, RDI=0x00007f3e901ef1d8
R8 =0x0000000000000320, R9 =0x0000000000000000, R10=0x000000000000001c, R11=0x00007f3e96af1040
R12=0x00007f3e3c00e630, R13=0x0000000000000000, R14=0x00007f3e7c7d0d80, R15=0x00007f3e901ef000
RIP=0x00007f3e8d05b4ba, EFLAGS=0x0000000000010246, CSGSFS=0x0000000000000033, ERR=0x0000000000000004
  TRAPNO=0x000000000000000e

Top of Stack: (sp=0x00007f3e530607e8)
0x00007f3e530607e8:   00007f3e7c5a26f4 00000000b9600728
0x00007f3e530607f8:   00007f3e3c00e630 00000000b9600728
0x00007f3e53060808:   00007f3e53060900 0000000000000000
0x00007f3e53060818:   00007f3e7c0a0ae8 00000000b9600728
0x00007f3e53060828:   00007f3e53060850 0000000000000000
0x00007f3e53060838:   00007f3e7c0989a3 00000000b9600728
0x00007f3e53060848:   00007f3e7c59720f 00007f3e530608c8
0x00007f3e53060858:   00007f3e8d012d98 0000000000000000
0x00007f3e53060868:   00000000ebe3d950 00000000ebe3f068
0x00007f3e53060878:   00007f3e53060878 00000000b9a7515e
0x00007f3e53060888:   00007f3e53060888 0000000000000000
0x00007f3e53060898:   00007f3e53060900 00000000b96068b0
0x00007f3e530608a8:   0000000000000000 00000000b9600728
0x00007f3e530608b8:   0000000000000000 00007f3e53060910
0x00007f3e530608c8:   0000000000000000 00007f3e8d0b9890
0x00007f3e530608d8:   00000000ebdd6678 00007f3e8d00ecc0
0x00007f3e530608e8:   0000000000000000 0000000000000000
0x00007f3e530608f8:   00007f3e44000fa0 0000000000000000
0x00007f3e53060908:   00007f3e8d0b9890 00000000ebe0d8f0
0x00007f3e53060918:   0000000500000000 0000000000000000
0x00007f3e53060928:   00000000ebe0e290 ebe0d8f0ebe0d8f0
0x00007f3e53060938:   00000000ebd0fa68 ebe0d8f0ebe0d8f0
0x00007f3e53060948:   00000000ebe3d950 00007f3e44000fa0
0x00007f3e53060958:   00007f3eebd0fa68 00007f3e44000fa0
0x00007f3e53060968:   00007f3e44000fa0 0000000000000001
0x00007f3e53060978:   0000000000000000 00007f3e530609e0
0x00007f3e53060988:   00007f3e8d006058 deaddeaf00000000
0x00007f3e53060998:   00000000ebe0e290 00007f3e530609a0
0x00007f3e530609a8:   00000000b9749f05 00007f3e530609f0
0x00007f3e530609b8:   00000000b9756f50 0000000000000000
0x00007f3e530609c8:   00000000b9749f20 00007f3e53060990
0x00007f3e530609d8:   00007f3e530609f0 00007f3e53060a38 

Instructions: (pc=0x00007f3e8d05b4ba)
0x00007f3e8d05b49a:   00 00 00 00 00 00 44 8b 15 3d f3 01 0a 4c 8b ce
0x00007f3e8d05b4aa:   41 f6 c2 01 0f 85 2e 00 00 00 4d 33 ca 4d 33 ca
0x00007f3e8d05b4ba:   4d 8b 09 4c 8b da 49 c1 eb 02 4b 8b 04 19 49 bb
0x00007f3e8d05b4ca:   e4 a7 07 97 3e 7f 00 00 4c 33 d8 4c 33 d8 45 3b 

Register to memory mapping:

RAX=0x00007f3e97050060: <offset 0xdbb060> in /usr/lib/jvm/java-7-openjdk-amd64/jre/lib/amd64/server/libjvm.so at 0x00007f3e96295000
RBX=0x00007f3e901ef1d8 is an unknown value
RCX=0x00007f3e974c7320: <offset 0x219320> in /lib/x86_64-linux-gnu/libpthread.so.0 at 0x00007f3e972ae000
RDX=0x0000000000000042 is an unknown value
RSP=0x00007f3e530607e8 is pointing into the stack for thread: 0x00007f3e901ef000
RBP=0x00007f3e53060810 is pointing into the stack for thread: 0x00007f3e901ef000
RSI=0x0000000000000000 is an unknown value
RDI=0x00007f3e901ef1d8 is an unknown value
R8 =0x0000000000000320 is an unknown value
R9 =0x0000000000000000 is an unknown value
R10=0x000000000000001c is an unknown value
R11=0x00007f3e96af1040: <offset 0x85c040> in /usr/lib/jvm/java-7-openjdk-amd64/jre/lib/amd64/server/libjvm.so at 0x00007f3e96295000
R12=0x00007f3e3c00e630 is an unknown value
R13=0x0000000000000000 is an unknown value
R14=0x00007f3e7c7d0d80: <offset 0x24ad80> in /usr/lib/jvm/java-7-openjdk-amd64/jre/lib/amd64/xawt/libmawt.so at 0x00007f3e7c586000
R15=0x00007f3e901ef000 is a thread


Stack: [0x00007f3e52f61000,0x00007f3e53062000],  sp=0x00007f3e530607e8,  free space=1021k
Native frames: (J=compiled Java code, j=interpreted, Vv=VM code, C=native code)
v  ~BufferBlob::jni_fast_GetLongField

Java frames: (J=compiled Java code, j=interpreted, Vv=VM code)
j  sun.awt.X11.XlibWrapper.XFilterEvent(JJ)Z+0
J 64% C2 sun.awt.X11.XToolkit.run(Z)V (410 bytes) @ 0x00007f3e8d0b9890 [0x00007f3e8d0b8e60+0xa30]
j  sun.awt.X11.XToolkit.run()V+5
j  java.lang.Thread.run()V+11
v  ~StubRoutines::call_stub

---------------  P R O C E S S  ---------------

Java Threads: ( => current thread )
  0x00007f3e9000a000 JavaThread "DestroyJavaVM" [_thread_blocked, id=21300, stack(0x00007f3e97da3000,0x00007f3e97ea4000)]
  0x00007f3e902ac000 JavaThread "AWT-EventQueue-0" [_thread_blocked, id=21316, stack(0x00007f3e526e1000,0x00007f3e527e2000)]
  0x00007f3e90264800 JavaThread "AWT-Shutdown" [_thread_blocked, id=21315, stack(0x00007f3e52e60000,0x00007f3e52f61000)]
=>0x00007f3e901ef000 JavaThread "AWT-XAWT" daemon [_thread_in_native, id=21314, stack(0x00007f3e52f61000,0x00007f3e53062000)]
  0x00007f3e901ca800 JavaThread "Java2D Disposer" daemon [_thread_blocked, id=21313, stack(0x00007f3e53472000,0x00007f3e53573000)]
  0x00007f3e900ae800 JavaThread "Service Thread" daemon [_thread_blocked, id=21311, stack(0x00007f3e7cba4000,0x00007f3e7cca5000)]
  0x00007f3e900ac000 JavaThread "C2 CompilerThread1" daemon [_thread_blocked, id=21310, stack(0x00007f3e7cca5000,0x00007f3e7cda6000)]
  0x00007f3e900a9000 JavaThread "C2 CompilerThread0" daemon [_thread_blocked, id=21309, stack(0x00007f3e7cda6000,0x00007f3e7cea7000)]
  0x00007f3e900a7000 JavaThread "Signal Dispatcher" daemon [_thread_blocked, id=21308, stack(0x00007f3e7cea7000,0x00007f3e7cfa8000)]
  0x00007f3e9007b800 JavaThread "Finalizer" daemon [_thread_blocked, id=21307, stack(0x00007f3e7d68a000,0x00007f3e7d78b000)]
  0x00007f3e90079800 JavaThread "Reference Handler" daemon [_thread_blocked, id=21306, stack(0x00007f3e7d78b000,0x00007f3e7d88c000)]

Other Threads:
  0x00007f3e90075000 VMThread [stack: 0x00007f3e7d88c000,0x00007f3e7d98d000] [id=21305]
  0x00007f3e900b9000 WatcherThread [stack: 0x00007f3e7caa3000,0x00007f3e7cba4000] [id=21312]

VM state:not at safepoint (normal execution)

VM Mutex/Monitor currently owned by a thread: None

Heap
 PSYoungGen      total 18432K, used 6688K [0x00000000ebd00000, 0x00000000ed180000, 0x0000000100000000)
  eden space 15872K, 42% used [0x00000000ebd00000,0x00000000ec388308,0x00000000ecc80000)
  from space 2560K, 0% used [0x00000000ecf00000,0x00000000ecf00000,0x00000000ed180000)
  to   space 2560K, 0% used [0x00000000ecc80000,0x00000000ecc80000,0x00000000ecf00000)
 ParOldGen       total 40960K, used 0K [0x00000000c3800000, 0x00000000c6000000, 0x00000000ebd00000)
  object space 40960K, 0% used [0x00000000c3800000,0x00000000c3800000,0x00000000c6000000)
 PSPermGen       total 21504K, used 11529K [0x00000000b9200000, 0x00000000ba700000, 0x00000000c3800000)
  object space 21504K, 53% used [0x00000000b9200000,0x00000000b9d427f8,0x00000000ba700000)

Card table byte_map: [0x00007f3e947b1000,0x00007f3e949e9000] byte_map_base: 0x00007f3e941e8000

Polling page: 0x00007f3e97ec3000

Code Cache  [0x00007f3e8d000000, 0x00007f3e8d270000, 0x00007f3e90000000)
 total_blobs=515 nmethods=64 adapters=404 free_code_cache=48405Kb largest_free_block=49525696

Compilation events (10 events):
Event: 11698.100 Thread 0x00007f3e900a9000   60             java.lang.Long::<init> (10 bytes)
Event: 11698.103 Thread 0x00007f3e900a9000 nmethod 60 0x00007f3e8d094290 code [0x00007f3e8d0943c0, 0x00007f3e8d094418]
Event: 11841.929 Thread 0x00007f3e900ac000   61             sun.awt.X11.XEvent::get_type (18 bytes)
Event: 11842.033 Thread 0x00007f3e900ac000 nmethod 61 0x00007f3e8d093bd0 code [0x00007f3e8d093d60, 0x00007f3e8d093f58]
Event: 11888.685 Thread 0x00007f3e900a9000   62             java.lang.Long::valueOf (40 bytes)
Event: 11888.687 Thread 0x00007f3e900a9000 nmethod 62 0x00007f3e8d09cb90 code [0x00007f3e8d09cce0, 0x00007f3e8d09cdd8]
Event: 55773.956 Thread 0x00007f3e900ac000   63 % !         sun.awt.X11.XToolkit::run @ 59 (410 bytes)
Event: 55777.417 Thread 0x00007f3e900ac000 nmethod 63% 0x00007f3e8d0ac610 code [0x00007f3e8d0ad000, 0x00007f3e8d0b1658]
Event: 99124.225 Thread 0x00007f3e900a9000   64 % !         sun.awt.X11.XToolkit::run @ 59 (410 bytes)
Event: 99126.408 Thread 0x00007f3e900a9000 nmethod 64% 0x00007f3e8d0b83d0 code [0x00007f3e8d0b8e60, 0x00007f3e8d0bda20]

GC Heap History (0 events):
No events

Deoptimization events (10 events):
Event: 1.880 Thread 0x00007f3e9000a000 Uncommon trap: reason=class_check action=maybe_recompile pc=0x00007f3e8d07b8f4 method=java.util.Properties$LineReader.readLine()I @ 62
Event: 1.881 Thread 0x00007f3e9000a000 Uncommon trap: reason=class_check action=maybe_recompile pc=0x00007f3e8d07b8f4 method=java.util.Properties$LineReader.readLine()I @ 62
Event: 1.883 Thread 0x00007f3e9000a000 Uncommon trap: reason=class_check action=maybe_recompile pc=0x00007f3e8d07b8f4 method=java.util.Properties$LineReader.readLine()I @ 62
Event: 1.884 Thread 0x00007f3e9000a000 Uncommon trap: reason=class_check action=maybe_recompile pc=0x00007f3e8d07b8f4 method=java.util.Properties$LineReader.readLine()I @ 62
Event: 1.953 Thread 0x00007f3e9000a000 Uncommon trap: reason=class_check action=maybe_recompile pc=0x00007f3e8d082254 method=java.lang.String.equals(Ljava/lang/Object;)Z @ 8
Event: 1.954 Thread 0x00007f3e9000a000 Uncommon trap: reason=class_check action=maybe_recompile pc=0x00007f3e8d082254 method=java.lang.String.equals(Ljava/lang/Object;)Z @ 8
Event: 1.955 Thread 0x00007f3e9000a000 Uncommon trap: reason=class_check action=maybe_recompile pc=0x00007f3e8d082254 method=java.lang.String.equals(Ljava/lang/Object;)Z @ 8
Event: 1.955 Thread 0x00007f3e9000a000 Uncommon trap: reason=class_check action=maybe_recompile pc=0x00007f3e8d082254 method=java.lang.String.equals(Ljava/lang/Object;)Z @ 8
Event: 55263.616 Thread 0x00007f3e901ef000 Uncommon trap: reason=null_check action=make_not_entrant pc=0x00007f3e8d0a4440 method=sun.awt.X11.XToolkit.dispatchEvent(Lsun/awt/X11/XEvent;)V @ 99
Event: 98616.531 Thread 0x00007f3e901ef000 Uncommon trap: reason=unreached action=reinterpret pc=0x00007f3e8d0afbcc method=sun.awt.X11.XToolkit.run(Z)V @ 200

Internal exceptions (10 events):
Event: 1.530 Thread 0x00007f3e9000a000 Threw 0x00000000ebead570 at /build/buildd/openjdk-7-7u71-2.5.3/build/openjdk/hotspot/src/share/vm/prims/jvm.cpp:1284
Event: 1.531 Thread 0x00007f3e9000a000 Threw 0x00000000ebeb3120 at /build/buildd/openjdk-7-7u71-2.5.3/build/openjdk/hotspot/src/share/vm/prims/jvm.cpp:1284
Event: 1.531 Thread 0x00007f3e9000a000 Threw 0x00000000ebeb4250 at /build/buildd/openjdk-7-7u71-2.5.3/build/openjdk/hotspot/src/share/vm/prims/jvm.cpp:1284
Event: 1.570 Thread 0x00007f3e9000a000 Threw 0x00000000ebed21f8 at /build/buildd/openjdk-7-7u71-2.5.3/build/openjdk/hotspot/src/share/vm/prims/jvm.cpp:1284
Event: 1.570 Thread 0x00007f3e9000a000 Threw 0x00000000ebed4eb8 at /build/buildd/openjdk-7-7u71-2.5.3/build/openjdk/hotspot/src/share/vm/prims/jvm.cpp:1284
Event: 1.619 Thread 0x00007f3e9000a000 Threw 0x00000000ebeddb38 at /build/buildd/openjdk-7-7u71-2.5.3/build/openjdk/hotspot/src/share/vm/prims/jvm.cpp:1284
Event: 1.665 Thread 0x00007f3e9000a000 Threw 0x00000000ebefc920 at /build/buildd/openjdk-7-7u71-2.5.3/build/openjdk/hotspot/src/share/vm/prims/jvm.cpp:1284
Event: 2.811 Thread 0x00007f3e902ac000 Threw 0x00000000ec037c38 at /build/buildd/openjdk-7-7u71-2.5.3/build/openjdk/hotspot/src/share/vm/prims/jni.cpp:747
Event: 14.693 Thread 0x00007f3e902ac000 Threw 0x00000000ec270260 at /build/buildd/openjdk-7-7u71-2.5.3/build/openjdk/hotspot/src/share/vm/prims/jni.cpp:747
Event: 55263.572 Thread 0x00007f3e901ef000 Implicit null exception at 0x00007f3e8d0a1643 to 0x00007f3e8d0a4425

Events (10 events):
Event: 55262.814 loading class 0x00007f3e901ae000
Event: 55263.168 loading class 0x00007f3e901ae000 done
Event: 55263.572 Thread 0x00007f3e901ef000 Uncommon trap: trap_request=0xfffffff4 fr.pc=0x00007f3e8d0a4440
Event: 55263.616 Thread 0x00007f3e901ef000 DEOPT PACKING pc=0x00007f3e8d0a4440 sp=0x00007f3e53060910
Event: 55263.616 Thread 0x00007f3e901ef000 DEOPT UNPACKING pc=0x00007f3e8d039445 sp=0x00007f3e53060860 mode 2
Event: 98616.210 Thread 0x00007f3e901ef000 Uncommon trap: trap_request=0xffffffad fr.pc=0x00007f3e8d0afbcc
Event: 98616.574 Thread 0x00007f3e901ef000 DEOPT PACKING pc=0x00007f3e8d0afbcc sp=0x00007f3e53060910
Event: 98616.650 Thread 0x00007f3e901ef000 DEOPT UNPACKING pc=0x00007f3e8d039445 sp=0x00007f3e530608f8 mode 2
Event: 155168.082 loading class 0x00007f3e60056950
Event: 155170.320 loading class 0x00007f3e60056950 done


Dynamic libraries:
00400000-00401000 r-xp 00000000 08:05 4070366                            /usr/lib/jvm/java-7-openjdk-amd64/jre/bin/java
00600000-00601000 r--p 00000000 08:05 4070366                            /usr/lib/jvm/java-7-openjdk-amd64/jre/bin/java
00601000-00602000 rw-p 00001000 08:05 4070366                            /usr/lib/jvm/java-7-openjdk-amd64/jre/bin/java
014f8000-01519000 rw-p 00000000 00:00 0                                  [heap]
b9200000-ba700000 rw-p 00000000 00:00 0 
ba700000-c3800000 rw-p 00000000 00:00 0 
c3800000-c6000000 rw-p 00000000 00:00 0 
c6000000-ebd00000 rw-p 00000000 00:00 0 
ebd00000-ed180000 rw-p 00000000 00:00 0 
ed180000-100000000 rw-p 00000000 00:00 0 
7f3e3c000000-7f3e3c03b000 rw-p 00000000 00:00 0 
7f3e3c03b000-7f3e40000000 ---p 00000000 00:00 0 
7f3e40000000-7f3e40021000 rw-p 00000000 00:00 0 
7f3e40021000-7f3e44000000 ---p 00000000 00:00 0 
7f3e44000000-7f3e44024000 rw-p 00000000 00:00 0 
7f3e44024000-7f3e48000000 ---p 00000000 00:00 0 
7f3e48000000-7f3e48021000 rw-p 00000000 00:00 0 
7f3e48021000-7f3e4c000000 ---p 00000000 00:00 0 
7f3e4c000000-7f3e4c021000 rw-p 00000000 00:00 0 
7f3e4c021000-7f3e50000000 ---p 00000000 00:00 0 
7f3e525e0000-7f3e525e3000 ---p 00000000 00:00 0 
7f3e525e3000-7f3e526e1000 rw-p 00000000 00:00 0 
7f3e526e1000-7f3e526e4000 ---p 00000000 00:00 0 
7f3e526e4000-7f3e527e2000 rw-p 00000000 00:00 0                          [stack:21316]
7f3e527e2000-7f3e527f2000 r-xp 00000000 08:05 4070287                    /usr/lib/jvm/java-7-openjdk-amd64/jre/lib/amd64/libnio.so
7f3e527f2000-7f3e529f2000 ---p 00010000 08:05 4070287                    /usr/lib/jvm/java-7-openjdk-amd64/jre/lib/amd64/libnio.so
7f3e529f2000-7f3e529f3000 r--p 00010000 08:05 4070287                    /usr/lib/jvm/java-7-openjdk-amd64/jre/lib/amd64/libnio.so
7f3e529f3000-7f3e529f4000 rw-p 00011000 08:05 4070287                    /usr/lib/jvm/java-7-openjdk-amd64/jre/lib/amd64/libnio.so
7f3e529f4000-7f3e52a0b000 r-xp 00000000 08:05 4070272                    /usr/lib/jvm/java-7-openjdk-amd64/jre/lib/amd64/libnet.so
7f3e52a0b000-7f3e52c0a000 ---p 00017000 08:05 4070272                    /usr/lib/jvm/java-7-openjdk-amd64/jre/lib/amd64/libnet.so
7f3e52c0a000-7f3e52c0b000 r--p 00016000 08:05 4070272                    /usr/lib/jvm/java-7-openjdk-amd64/jre/lib/amd64/libnet.so
7f3e52c0b000-7f3e52c0c000 rw-p 00017000 08:05 4070272                    /usr/lib/jvm/java-7-openjdk-amd64/jre/lib/amd64/libnet.so
7f3e52c0c000-7f3e52c5d000 r-xp 00000000 08:05 4070273                    /usr/lib/jvm/java-7-openjdk-amd64/jre/lib/amd64/libfontmanager.so
7f3e52c5d000-7f3e52e5c000 ---p 00051000 08:05 4070273                    /usr/lib/jvm/java-7-openjdk-amd64/jre/lib/amd64/libfontmanager.so
7f3e52e5c000-7f3e52e5f000 r--p 00050000 08:05 4070273                    /usr/lib/jvm/java-7-openjdk-amd64/jre/lib/amd64/libfontmanager.so
7f3e52e5f000-7f3e52e60000 rw-p 00053000 08:05 4070273                    /usr/lib/jvm/java-7-openjdk-amd64/jre/lib/amd64/libfontmanager.so
7f3e52e60000-7f3e52e63000 ---p 00000000 00:00 0 
7f3e52e63000-7f3e52f61000 rw-p 00000000 00:00 0                          [stack:21315]
7f3e52f61000-7f3e52f64000 ---p 00000000 00:00 0 
7f3e52f64000-7f3e53062000 rw-p 00000000 00:00 0                          [stack:21314]
7f3e53062000-7f3e53067000 r-xp 00000000 08:05 139348                     /usr/lib/x86_64-linux-gnu/libXfixes.so.3.1.0
7f3e53067000-7f3e53266000 ---p 00005000 08:05 139348                     /usr/lib/x86_64-linux-gnu/libXfixes.so.3.1.0
7f3e53266000-7f3e53267000 r--p 00004000 08:05 139348                     /usr/lib/x86_64-linux-gnu/libXfixes.so.3.1.0
7f3e53267000-7f3e53268000 rw-p 00005000 08:05 139348                     /usr/lib/x86_64-linux-gnu/libXfixes.so.3.1.0
7f3e53268000-7f3e53271000 r-xp 00000000 08:05 139340                     /usr/lib/x86_64-linux-gnu/libXcursor.so.1.0.2
7f3e53271000-7f3e53470000 ---p 00009000 08:05 139340                     /usr/lib/x86_64-linux-gnu/libXcursor.so.1.0.2
7f3e53470000-7f3e53471000 r--p 00008000 08:05 139340                     /usr/lib/x86_64-linux-gnu/libXcursor.so.1.0.2
7f3e53471000-7f3e53472000 rw-p 00009000 08:05 139340                     /usr/lib/x86_64-linux-gnu/libXcursor.so.1.0.2
7f3e53472000-7f3e53475000 ---p 00000000 00:00 0 
7f3e53475000-7f3e53573000 rw-p 00000000 00:00 0                          [stack:21313]
7f3e53573000-7f3e53577000 r-xp 00000000 08:05 1314782                    /lib/x86_64-linux-gnu/libgpg-error.so.0.10.0
7f3e53577000-7f3e53776000 ---p 00004000 08:05 1314782                    /lib/x86_64-linux-gnu/libgpg-error.so.0.10.0
7f3e53776000-7f3e53777000 r--p 00003000 08:05 1314782                    /lib/x86_64-linux-gnu/libgpg-error.so.0.10.0
7f3e53777000-7f3e53778000 rw-p 00004000 08:05 1314782                    /lib/x86_64-linux-gnu/libgpg-error.so.0.10.0
7f3e53778000-7f3e5377a000 r-xp 00000000 08:05 1314792                    /lib/x86_64-linux-gnu/libkeyutils.so.1.4
7f3e5377a000-7f3e5397a000 ---p 00002000 08:05 1314792                    /lib/x86_64-linux-gnu/libkeyutils.so.1.4
7f3e5397a000-7f3e5397b000 r--p 00002000 08:05 1314792                    /lib/x86_64-linux-gnu/libkeyutils.so.1.4
7f3e5397b000-7f3e5397c000 rw-p 00003000 08:05 1314792                    /lib/x86_64-linux-gnu/libkeyutils.so.1.4
7f3e5397c000-7f3e539b9000 r-xp 00000000 08:05 1314852                    /lib/x86_64-linux-gnu/libpcre.so.3.13.1
7f3e539b9000-7f3e53bb8000 ---p 0003d000 08:05 1314852                    /lib/x86_64-linux-gnu/libpcre.so.3.13.1
7f3e53bb8000-7f3e53bb9000 r--p 0003c000 08:05 1314852                    /lib/x86_64-linux-gnu/libpcre.so.3.13.1
7f3e53bb9000-7f3e53bba000 rw-p 0003d000 08:05 1314852                    /lib/x86_64-linux-gnu/libpcre.so.3.13.1
7f3e53bba000-7f3e53bdf000 r-xp 00000000 08:05 1314864                    /lib/x86_64-linux-gnu/libpng12.so.0.50.0
7f3e53bdf000-7f3e53dde000 ---p 00025000 08:05 1314864                    /lib/x86_64-linux-gnu/libpng12.so.0.50.0
7f3e53dde000-7f3e53ddf000 r--p 00024000 08:05 1314864                    /lib/x86_64-linux-gnu/libpng12.so.0.50.0
7f3e53ddf000-7f3e53de0000 rw-p 00025000 08:05 1314864                    /lib/x86_64-linux-gnu/libpng12.so.0.50.0
7f3e53de0000-7f3e53e24000 r-xp 00000000 08:05 1314802                    /lib/x86_64-linux-gnu/libdbus-1.so.3.7.6
7f3e53e24000-7f3e54023000 ---p 00044000 08:05 1314802                    /lib/x86_64-linux-gnu/libdbus-1.so.3.7.6
7f3e54023000-7f3e54024000 r--p 00043000 08:05 1314802                    /lib/x86_64-linux-gnu/libdbus-1.so.3.7.6
7f3e54024000-7f3e54025000 rw-p 00044000 08:05 1314802                    /lib/x86_64-linux-gnu/libdbus-1.so.3.7.6
7f3e54025000-7f3e54060000 r-xp 00000000 08:05 140060                     /usr/lib/x86_64-linux-gnu/libp11-kit.so.0.0.0
7f3e54060000-7f3e5425f000 ---p 0003b000 08:05 140060                     /usr/lib/x86_64-linux-gnu/libp11-kit.so.0.0.0
7f3e5425f000-7f3e54265000 r--p 0003a000 08:05 140060                     /usr/lib/x86_64-linux-gnu/libp11-kit.so.0.0.0
7f3e54265000-7f3e54267000 rw-p 00040000 08:05 140060                     /usr/lib/x86_64-linux-gnu/libp11-kit.so.0.0.0
7f3e54267000-7f3e54279000 r-xp 00000000 08:05 140245                     /usr/lib/x86_64-linux-gnu/libtasn1.so.6.2.0
7f3e54279000-7f3e54479000 ---p 00012000 08:05 140245                     /usr/lib/x86_64-linux-gnu/libtasn1.so.6.2.0
7f3e54479000-7f3e5447a000 r--p 00012000 08:05 140245                     /usr/lib/x86_64-linux-gnu/libtasn1.so.6.2.0
7f3e5447a000-7f3e5447b000 rw-p 00013000 08:05 140245                     /usr/lib/x86_64-linux-gnu/libtasn1.so.6.2.0
7f3e5447b000-7f3e544f7000 r-xp 00000000 08:05 1314767                    /lib/x86_64-linux-gnu/libgcrypt.so.11.8.2
7f3e544f7000-7f3e546f6000 ---p 0007c000 08:05 1314767                    /lib/x86_64-linux-gnu/libgcrypt.so.11.8.2
7f3e546f6000-7f3e546f7000 r--p 0007b000 08:05 1314767                    /lib/x86_64-linux-gnu/libgcrypt.so.11.8.2
7f3e546f7000-7f3e546fa000 rw-p 0007c000 08:05 1314767                    /lib/x86_64-linux-gnu/libgcrypt.so.11.8.2
7f3e546fa000-7f3e54704000 r-xp 00000000 08:05 133140                     /usr/lib/x86_64-linux-gnu/libkrb5support.so.0.1
7f3e54704000-7f3e54903000 ---p 0000a000 08:05 133140                     /usr/lib/x86_64-linux-gnu/libkrb5support.so.0.1
7f3e54903000-7f3e54904000 r--p 00009000 08:05 133140                     /usr/lib/x86_64-linux-gnu/libkrb5support.so.0.1
7f3e54904000-7f3e54905000 rw-p 0000a000 08:05 133140                     /usr/lib/x86_64-linux-gnu/libkrb5support.so.0.1
7f3e54905000-7f3e54908000 r-xp 00000000 08:05 1314758                    /lib/x86_64-linux-gnu/libcom_err.so.2.1
7f3e54908000-7f3e54b07000 ---p 00003000 08:05 1314758                    /lib/x86_64-linux-gnu/libcom_err.so.2.1
7f3e54b07000-7f3e54b08000 r--p 00002000 08:05 1314758                    /lib/x86_64-linux-gnu/libcom_err.so.2.1
7f3e54b08000-7f3e54b09000 rw-p 00003000 08:05 1314758                    /lib/x86_64-linux-gnu/libcom_err.so.2.1
7f3e54b09000-7f3e54b35000 r-xp 00000000 08:05 133134                     /usr/lib/x86_64-linux-gnu/libk5crypto.so.3.1
7f3e54b35000-7f3e54d34000 ---p 0002c000 08:05 133134                     /usr/lib/x86_64-linux-gnu/libk5crypto.so.3.1
7f3e54d34000-7f3e54d36000 r--p 0002b000 08:05 133134                     /usr/lib/x86_64-linux-gnu/libk5crypto.so.3.1
7f3e54d36000-7f3e54d37000 rw-p 0002d000 08:05 133134                     /usr/lib/x86_64-linux-gnu/libk5crypto.so.3.1
7f3e54d37000-7f3e54d38000 rw-p 00000000 00:00 0 
7f3e54d38000-7f3e54df4000 r-xp 00000000 08:05 133138                     /usr/lib/x86_64-linux-gnu/libkrb5.so.3.3
7f3e54df4000-7f3e54ff4000 ---p 000bc000 08:05 133138                     /usr/lib/x86_64-linux-gnu/libkrb5.so.3.3
7f3e54ff4000-7f3e55001000 r--p 000bc000 08:05 133138                     /usr/lib/x86_64-linux-gnu/libkrb5.so.3.3
7f3e55001000-7f3e55003000 rw-p 000c9000 08:05 133138                     /usr/lib/x86_64-linux-gnu/libkrb5.so.3.3
7f3e55003000-7f3e55008000 r-xp 00000000 08:05 139344                     /usr/lib/x86_64-linux-gnu/libXdmcp.so.6.0.0
7f3e55008000-7f3e55207000 ---p 00005000 08:05 139344                     /usr/lib/x86_64-linux-gnu/libXdmcp.so.6.0.0
7f3e55207000-7f3e55208000 r--p 00004000 08:05 139344                     /usr/lib/x86_64-linux-gnu/libXdmcp.so.6.0.0
7f3e55208000-7f3e55209000 rw-p 00005000 08:05 139344                     /usr/lib/x86_64-linux-gnu/libXdmcp.so.6.0.0
7f3e55209000-7f3e5520b000 r-xp 00000000 08:05 139333                     /usr/lib/x86_64-linux-gnu/libXau.so.6.0.0
7f3e5520b000-7f3e5540b000 ---p 00002000 08:05 139333                     /usr/lib/x86_64-linux-gnu/libXau.so.6.0.0
7f3e5540b000-7f3e5540c000 r--p 00002000 08:05 139333                     /usr/lib/x86_64-linux-gnu/libXau.so.6.0.0
7f3e5540c000-7f3e5540d000 rw-p 00003000 08:05 139333                     /usr/lib/x86_64-linux-gnu/libXau.so.6.0.0
7f3e5540d000-7f3e55414000 r-xp 00000000 08:05 139611                     /usr/lib/x86_64-linux-gnu/libffi.so.6.0.1
7f3e55414000-7f3e55613000 ---p 00007000 08:05 139611                     /usr/lib/x86_64-linux-gnu/libffi.so.6.0.1
7f3e55613000-7f3e55614000 r--p 00006000 08:05 139611                     /usr/lib/x86_64-linux-gnu/libffi.so.6.0.1
7f3e55614000-7f3e55615000 rw-p 00007000 08:05 139611                     /usr/lib/x86_64-linux-gnu/libffi.so.6.0.1
7f3e55615000-7f3e5562c000 r-xp 00000000 08:05 1310824                    /lib/x86_64-linux-gnu/libresolv-2.19.so
7f3e5562c000-7f3e5582c000 ---p 00017000 08:05 1310824                    /lib/x86_64-linux-gnu/libresolv-2.19.so
7f3e5582c000-7f3e5582d000 r--p 00017000 08:05 1310824                    /lib/x86_64-linux-gnu/libresolv-2.19.so
7f3e5582d000-7f3e5582e000 rw-p 00018000 08:05 1310824                    /lib/x86_64-linux-gnu/libresolv-2.19.so
7f3e5582e000-7f3e55830000 rw-p 00000000 00:00 0 
7f3e55830000-7f3e55850000 r-xp 00000000 08:05 1314879                    /lib/x86_64-linux-gnu/libselinux.so.1
7f3e55850000-7f3e55a4f000 ---p 00020000 08:05 1314879                    /lib/x86_64-linux-gnu/libselinux.so.1
7f3e55a4f000-7f3e55a50000 r--p 0001f000 08:05 1314879                    /lib/x86_64-linux-gnu/libselinux.so.1
7f3e55a50000-7f3e55a51000 rw-p 00020000 08:05 1314879                    /lib/x86_64-linux-gnu/libselinux.so.1
7f3e55a51000-7f3e55a53000 rw-p 00000000 00:00 0 
7f3e55a53000-7f3e55b59000 r-xp 00000000 08:05 1322470                    /lib/x86_64-linux-gnu/libglib-2.0.so.0.4002.0
7f3e55b59000-7f3e55d58000 ---p 00106000 08:05 1322470                    /lib/x86_64-linux-gnu/libglib-2.0.so.0.4002.0
7f3e55d58000-7f3e55d59000 r--p 00105000 08:05 1322470                    /lib/x86_64-linux-gnu/libglib-2.0.so.0.4002.0
7f3e55d59000-7f3e55d5a000 rw-p 00106000 08:05 1322470                    /lib/x86_64-linux-gnu/libglib-2.0.so.0.4002.0
7f3e55d5a000-7f3e55d5b000 rw-p 00000000 00:00 0 
7f3e55d5b000-7f3e55d5e000 r-xp 00000000 08:05 131436                     /usr/lib/x86_64-linux-gnu/libgmodule-2.0.so.0.4002.0
7f3e55d5e000-7f3e55f5d000 ---p 00003000 08:05 131436                     /usr/lib/x86_64-linux-gnu/libgmodule-2.0.so.0.4002.0
7f3e55f5d000-7f3e55f5e000 r--p 00002000 08:05 131436                     /usr/lib/x86_64-linux-gnu/libgmodule-2.0.so.0.4002.0
7f3e55f5e000-7f3e55f5f000 rw-p 00003000 08:05 131436                     /usr/lib/x86_64-linux-gnu/libgmodule-2.0.so.0.4002.0
7f3e55f5f000-7f3e55f86000 r-xp 00000000 08:05 1314771                    /lib/x86_64-linux-gnu/libexpat.so.1.6.0
7f3e55f86000-7f3e56186000 ---p 00027000 08:05 1314771                    /lib/x86_64-linux-gnu/libexpat.so.1.6.0
7f3e56186000-7f3e56188000 r--p 00027000 08:05 1314771                    /lib/x86_64-linux-gnu/libexpat.so.1.6.0
7f3e56188000-7f3e56189000 rw-p 00029000 08:05 1314771                    /lib/x86_64-linux-gnu/libexpat.so.1.6.0
7f3e56189000-7f3e56226000 r-xp 00000000 08:05 139653                     /usr/lib/x86_64-linux-gnu/libfreetype.so.6.11.1
7f3e56226000-7f3e56425000 ---p 0009d000 08:05 139653                     /usr/lib/x86_64-linux-gnu/libfreetype.so.6.11.1
7f3e56425000-7f3e5642b000 r--p 0009c000 08:05 139653                     /usr/lib/x86_64-linux-gnu/libfreetype.so.6.11.1
7f3e5642b000-7f3e5642c000 rw-p 000a2000 08:05 139653                     /usr/lib/x86_64-linux-gnu/libfreetype.so.6.11.1
7f3e5642c000-7f3e5643b000 r-xp 00000000 08:05 139437                     /usr/lib/x86_64-linux-gnu/libavahi-client.so.3.2.9
7f3e5643b000-7f3e5663b000 ---p 0000f000 08:05 139437                     /usr/lib/x86_64-linux-gnu/libavahi-client.so.3.2.9
7f3e5663b000-7f3e5663c000 r--p 0000f000 08:05 139437                     /usr/lib/x86_64-linux-gnu/libavahi-client.so.3.2.9
7f3e5663c000-7f3e5663d000 rw-p 00010000 08:05 139437                     /usr/lib/x86_64-linux-gnu/libavahi-client.so.3.2.9
7f3e5663d000-7f3e56648000 r-xp 00000000 08:05 139439                     /usr/lib/x86_64-linux-gnu/libavahi-common.so.3.5.3
7f3e56648000-7f3e56847000 ---p 0000b000 08:05 139439                     /usr/lib/x86_64-linux-gnu/libavahi-common.so.3.5.3
7f3e56847000-7f3e56848000 r--p 0000a000 08:05 139439                     /usr/lib/x86_64-linux-gnu/libavahi-common.so.3.5.3
7f3e56848000-7f3e56849000 rw-p 0000b000 08:05 139439                     /usr/lib/x86_64-linux-gnu/libavahi-common.so.3.5.3
7f3e56849000-7f3e568ff000 r-xp 00000000 08:05 139740                     /usr/lib/x86_64-linux-gnu/libgnutls.so.26.22.6
7f3e568ff000-7f3e56aff000 ---p 000b6000 08:05 139740                     /usr/lib/x86_64-linux-gnu/libgnutls.so.26.22.6
7f3e56aff000-7f3e56b05000 r--p 000b6000 08:05 139740                     /usr/lib/x86_64-linux-gnu/libgnutls.so.26.22.6
7f3e56b05000-7f3e56b06000 rw-p 000bc000 08:05 139740                     /usr/lib/x86_64-linux-gnu/libgnutls.so.26.22.6
7f3e56b06000-7f3e56b07000 rw-p 00000000 00:00 0 
7f3e56b07000-7f3e56b4a000 r-xp 00000000 08:05 133136                     /usr/lib/x86_64-linux-gnu/libgssapi_krb5.so.2.2
7f3e56b4a000-7f3e56d4a000 ---p 00043000 08:05 133136                     /usr/lib/x86_64-linux-gnu/libgssapi_krb5.so.2.2
7f3e56d4a000-7f3e56d4b000 r--p 00043000 08:05 133136                     /usr/lib/x86_64-linux-gnu/libgssapi_krb5.so.2.2
7f3e56d4b000-7f3e56d4d000 rw-p 00044000 08:05 133136                     /usr/lib/x86_64-linux-gnu/libgssapi_krb5.so.2.2
7f3e56d4d000-7f3e56d6a000 r-xp 00000000 08:05 140403                     /usr/lib/x86_64-linux-gnu/libxcb.so.1.1.0
7f3e56d6a000-7f3e56f6a000 ---p 0001d000 08:05 140403                     /usr/lib/x86_64-linux-gnu/libxcb.so.1.1.0
7f3e56f6a000-7f3e56f6b000 r--p 0001d000 08:05 140403                     /usr/lib/x86_64-linux-gnu/libxcb.so.1.1.0
7f3e56f6b000-7f3e56f6c000 rw-p 0001e000 08:05 140403                     /usr/lib/x86_64-linux-gnu/libxcb.so.1.1.0
7f3e56f6c000-7f3e56fbb000 r-xp 00000000 08:05 131454                     /usr/lib/x86_64-linux-gnu/libgobject-2.0.so.0.4002.0
7f3e56fbb000-7f3e571bb000 ---p 0004f000 08:05 131454                     /usr/lib/x86_64-linux-gnu/libgobject-2.0.so.0.4002.0
7f3e571bb000-7f3e571bc000 r--p 0004f000 08:05 131454                     /usr/lib/x86_64-linux-gnu/libgobject-2.0.so.0.4002.0
7f3e571bc000-7f3e571bd000 rw-p 00050000 08:05 131454                     /usr/lib/x86_64-linux-gnu/libgobject-2.0.so.0.4002.0
7f3e571bd000-7f3e57329000 r-xp 00000000 08:05 131458                     /usr/lib/x86_64-linux-gnu/libgio-2.0.so.0.4002.0
7f3e57329000-7f3e57528000 ---p 0016c000 08:05 131458                     /usr/lib/x86_64-linux-gnu/libgio-2.0.so.0.4002.0
7f3e57528000-7f3e5752c000 r--p 0016b000 08:05 131458                     /usr/lib/x86_64-linux-gnu/libgio-2.0.so.0.4002.0
7f3e5752c000-7f3e5752e000 rw-p 0016f000 08:05 131458                     /usr/lib/x86_64-linux-gnu/libgio-2.0.so.0.4002.0
7f3e5752e000-7f3e57530000 rw-p 00000000 00:00 0 
7f3e57530000-7f3e5756a000 r-xp 00000000 08:05 139625                     /usr/lib/x86_64-linux-gnu/libfontconfig.so.1.8.0
7f3e5756a000-7f3e57769000 ---p 0003a000 08:05 139625                     /usr/lib/x86_64-linux-gnu/libfontconfig.so.1.8.0
7f3e57769000-7f3e5776b000 r--p 00039000 08:05 139625                     /usr/lib/x86_64-linux-gnu/libfontconfig.so.1.8.0
7f3e5776b000-7f3e5776c000 rw-p 0003b000 08:05 139625                     /usr/lib/x86_64-linux-gnu/libfontconfig.so.1.8.0
7f3e5776c000-7f3e577d8000 r-xp 00000000 08:05 131737                     /usr/lib/x86_64-linux-gnu/libcups.so.2
7f3e577d8000-7f3e579d8000 ---p 0006c000 08:05 131737                     /usr/lib/x86_64-linux-gnu/libcups.so.2
7f3e579d8000-7f3e579df000 r--p 0006c000 08:05 131737                     /usr/lib/x86_64-linux-gnu/libcups.so.2
7f3e579df000-7f3e579e0000 rw-p 00073000 08:05 131737                     /usr/lib/x86_64-linux-gnu/libcups.so.2
7f3e579e0000-7f3e579ef000 r-xp 00000000 08:05 139354                     /usr/lib/x86_64-linux-gnu/libXi.so.6.1.0
7f3e579ef000-7f3e57bee000 ---p 0000f000 08:05 139354                     /usr/lib/x86_64-linux-gnu/libXi.so.6.1.0
7f3e57bee000-7f3e57bef000 r--p 0000e000 08:05 139354                     /usr/lib/x86_64-linux-gnu/libXi.so.6.1.0
7f3e57bef000-7f3e57bf0000 rw-p 0000f000 08:05 139354                     /usr/lib/x86_64-linux-gnu/libXi.so.6.1.0
7f3e57bf0000-7f3e57bf5000 r-xp 00000000 08:05 139374                     /usr/lib/x86_64-linux-gnu/libXtst.so.6.1.0
7f3e57bf5000-7f3e57df4000 ---p 00005000 08:05 139374                     /usr/lib/x86_64-linux-gnu/libXtst.so.6.1.0
7f3e57df4000-7f3e57df5000 r--p 00004000 08:05 139374                     /usr/lib/x86_64-linux-gnu/libXtst.so.6.1.0
7f3e57df5000-7f3e57df6000 rw-p 00005000 08:05 139374                     /usr/lib/x86_64-linux-gnu/libXtst.so.6.1.0
7f3e57df6000-7f3e57dff000 r-xp 00000000 08:05 139368                     /usr/lib/x86_64-linux-gnu/libXrender.so.1.3.0
7f3e57dff000-7f3e57ffe000 ---p 00009000 08:05 139368                     /usr/lib/x86_64-linux-gnu/libXrender.so.1.3.0
7f3e57ffe000-7f3e57fff000 r--p 00008000 08:05 139368                     /usr/lib/x86_64-linux-gnu/libXrender.so.1.3.0
7f3e57fff000-7f3e58000000 rw-p 00009000 08:05 139368                     /usr/lib/x86_64-linux-gnu/libXrender.so.1.3.0
7f3e58000000-7f3e58021000 rw-p 00000000 00:00 0 
7f3e58021000-7f3e5c000000 ---p 00000000 00:00 0 
7f3e5c000000-7f3e5c021000 rw-p 00000000 00:00 0 
7f3e5c021000-7f3e60000000 ---p 00000000 00:00 0 
7f3e60000000-7f3e60bb6000 rw-p 00000000 00:00 0 
7f3e60bb6000-7f3e64000000 ---p 00000000 00:00 0 
7f3e64000000-7f3e64a99000 rw-p 00000000 00:00 0 
7f3e64a99000-7f3e68000000 ---p 00000000 00:00 0 
7f3e68000000-7f3e68021000 rw-p 00000000 00:00 0 
7f3e68021000-7f3e6c000000 ---p 00000000 00:00 0 
7f3e6c000000-7f3e6c021000 rw-p 00000000 00:00 0 
7f3e6c021000-7f3e70000000 ---p 00000000 00:00 0 
7f3e70000000-7f3e70021000 rw-p 00000000 00:00 0 
7f3e70021000-7f3e74000000 ---p 00000000 00:00 0 
7f3e74000000-7f3e74021000 rw-p 00000000 00:00 0 
7f3e74021000-7f3e78000000 ---p 00000000 00:00 0 
7f3e78000000-7f3e78021000 rw-p 00000000 00:00 0 
7f3e78021000-7f3e7c000000 ---p 00000000 00:00 0 
7f3e7c00e000-7f3e7c03f000 rw-p 00000000 00:00 0 
7f3e7c03f000-7f3e7c16f000 r-xp 00000000 08:05 139329                     /usr/lib/x86_64-linux-gnu/libX11.so.6.3.0
7f3e7c16f000-7f3e7c36f000 ---p 00130000 08:05 139329                     /usr/lib/x86_64-linux-gnu/libX11.so.6.3.0
7f3e7c36f000-7f3e7c370000 r--p 00130000 08:05 139329                     /usr/lib/x86_64-linux-gnu/libX11.so.6.3.0
7f3e7c370000-7f3e7c374000 rw-p 00131000 08:05 139329                     /usr/lib/x86_64-linux-gnu/libX11.so.6.3.0
7f3e7c374000-7f3e7c385000 r-xp 00000000 08:05 139346                     /usr/lib/x86_64-linux-gnu/libXext.so.6.4.0
7f3e7c385000-7f3e7c584000 ---p 00011000 08:05 139346                     /usr/lib/x86_64-linux-gnu/libXext.so.6.4.0
7f3e7c584000-7f3e7c585000 r--p 00010000 08:05 139346                     /usr/lib/x86_64-linux-gnu/libXext.so.6.4.0
7f3e7c585000-7f3e7c586000 rw-p 00011000 08:05 139346                     /usr/lib/x86_64-linux-gnu/libXext.so.6.4.0
7f3e7c586000-7f3e7c5ce000 r-xp 00000000 08:05 4070431                    /usr/lib/jvm/java-7-openjdk-amd64/jre/lib/amd64/xawt/libmawt.so
7f3e7c5ce000-7f3e7c7cd000 ---p 00048000 08:05 4070431                    /usr/lib/jvm/java-7-openjdk-amd64/jre/lib/amd64/xawt/libmawt.so
7f3e7c7cd000-7f3e7c7ce000 r--p 00047000 08:05 4070431                    /usr/lib/jvm/java-7-openjdk-amd64/jre/lib/amd64/xawt/libmawt.so
7f3e7c7ce000-7f3e7c7d1000 rw-p 00048000 08:05 4070431                    /usr/lib/jvm/java-7-openjdk-amd64/jre/lib/amd64/xawt/libmawt.so
7f3e7c7d1000-7f3e7c7d2000 rw-p 00000000 00:00 0 
7f3e7c7d2000-7f3e7c872000 r-xp 00000000 08:05 4070297                    /usr/lib/jvm/java-7-openjdk-amd64/jre/lib/amd64/libawt.so
7f3e7c872000-7f3e7ca72000 ---p 000a0000 08:05 4070297                    /usr/lib/jvm/java-7-openjdk-amd64/jre/lib/amd64/libawt.so
7f3e7ca72000-7f3e7ca73000 r--p 000a0000 08:05 4070297                    /usr/lib/jvm/java-7-openjdk-amd64/jre/lib/amd64/libawt.so
7f3e7ca73000-7f3e7ca7e000 rw-p 000a1000 08:05 4070297                    /usr/lib/jvm/java-7-openjdk-amd64/jre/lib/amd64/libawt.so
7f3e7ca7e000-7f3e7caa3000 rw-p 00000000 00:00 0 
7f3e7caa3000-7f3e7caa4000 ---p 00000000 00:00 0 
7f3e7caa4000-7f3e7cba4000 rw-p 00000000 00:00 0                          [stack:21312]
7f3e7cba4000-7f3e7cba7000 ---p 00000000 00:00 0 
7f3e7cba7000-7f3e7cca5000 rw-p 00000000 00:00 0                          [stack:21311]
7f3e7cca5000-7f3e7cca8000 ---p 00000000 00:00 0 
7f3e7cca8000-7f3e7cda6000 rw-p 00000000 00:00 0                          [stack:21310]
7f3e7cda6000-7f3e7cda9000 ---p 00000000 00:00 0 
7f3e7cda9000-7f3e7cea7000 rw-p 00000000 00:00 0                          [stack:21309]
7f3e7cea7000-7f3e7ceaa000 ---p 00000000 00:00 0 
7f3e7ceaa000-7f3e7cfa8000 rw-p 00000000 00:00 0                          [stack:21308]
7f3e7cfa8000-7f3e7d68a000 r--p 00000000 08:05 138250                     /usr/lib/locale/locale-archive
7f3e7d68a000-7f3e7d68d000 ---p 00000000 00:00 0 
7f3e7d68d000-7f3e7d78b000 rw-p 00000000 00:00 0                          [stack:21307]
7f3e7d78b000-7f3e7d78e000 ---p 00000000 00:00 0 
7f3e7d78e000-7f3e7d88c000 rw-p 00000000 00:00 0                          [stack:21306]
7f3e7d88c000-7f3e7d88d000 ---p 00000000 00:00 0 
7f3e7d88d000-7f3e80000000 rw-p 00000000 00:00 0                          [stack:21305]
7f3e80000000-7f3e80021000 rw-p 00000000 00:00 0 
7f3e80021000-7f3e84000000 ---p 00000000 00:00 0 
7f3e84000000-7f3e84021000 rw-p 00000000 00:00 0 
7f3e84021000-7f3e88000000 ---p 00000000 00:00 0 
7f3e88000000-7f3e88021000 rw-p 00000000 00:00 0 
7f3e88021000-7f3e8c000000 ---p 00000000 00:00 0 
7f3e8c00c000-7f3e8cc18000 rw-p 00000000 00:00 0 
7f3e8cc18000-7f3e8cdc9000 r--s 01d25000 08:05 4070335                    /usr/lib/jvm/java-7-openjdk-amd64/jre/lib/rt.jar
7f3e8cdc9000-7f3e8d000000 rw-p 00000000 00:00 0 
7f3e8d000000-7f3e8d270000 rwxp 00000000 00:00 0 
7f3e8d270000-7f3e902bd000 rw-p 00000000 00:00 0 
7f3e902bd000-7f3e94000000 ---p 00000000 00:00 0 
7f3e94015000-7f3e9401d000 rw-s 00000000 00:04 39190554                   /SYSV00000000 (deleted)
7f3e9401d000-7f3e94026000 r--s 000b9000 08:05 4070255                    /usr/lib/jvm/java-7-openjdk-amd64/jre/lib/resources.jar
7f3e94026000-7f3e94030000 r--s 00203000 08:05 4070316                    /usr/lib/jvm/java-7-openjdk-amd64/jre/lib/charsets.jar
7f3e94030000-7f3e94217000 rw-p 00000000 00:00 0 
7f3e94217000-7f3e94218000 ---p 00000000 00:00 0 
7f3e94218000-7f3e94318000 rw-p 00000000 00:00 0                          [stack:21304]
7f3e94318000-7f3e94319000 ---p 00000000 00:00 0 
7f3e94319000-7f3e94419000 rw-p 00000000 00:00 0                          [stack:21303]
7f3e94419000-7f3e9441a000 ---p 00000000 00:00 0 
7f3e9441a000-7f3e9451a000 rw-p 00000000 00:00 0                          [stack:21302]
7f3e9451a000-7f3e9451b000 ---p 00000000 00:00 0 
7f3e9451b000-7f3e94626000 rw-p 00000000 00:00 0                          [stack:21301]
7f3e94626000-7f3e9466e000 rw-p 00000000 00:00 0 
7f3e9466e000-7f3e94682000 rw-p 00000000 00:00 0 
7f3e94682000-7f3e947b1000 rw-p 00000000 00:00 0 
7f3e947b1000-7f3e947bc000 rw-p 00000000 00:00 0 
7f3e947bc000-7f3e94804000 rw-p 00000000 00:00 0 
7f3e94804000-7f3e94818000 rw-p 00000000 00:00 0 
7f3e94818000-7f3e94946000 rw-p 00000000 00:00 0 
7f3e94946000-7f3e94951000 rw-p 00000000 00:00 0 
7f3e94951000-7f3e949e8000 rw-p 00000000 00:00 0 
7f3e949e8000-7f3e949e9000 rw-p 00000000 00:00 0 
7f3e949e9000-7f3e949f1000 r-xp 00000000 08:05 4070264                    /usr/lib/jvm/java-7-openjdk-amd64/jre/lib/amd64/libzip.so
7f3e949f1000-7f3e94bf0000 ---p 00008000 08:05 4070264                    /usr/lib/jvm/java-7-openjdk-amd64/jre/lib/amd64/libzip.so
7f3e94bf0000-7f3e94bf1000 r--p 00007000 08:05 4070264                    /usr/lib/jvm/java-7-openjdk-amd64/jre/lib/amd64/libzip.so
7f3e94bf1000-7f3e94bf2000 rw-p 00008000 08:05 4070264                    /usr/lib/jvm/java-7-openjdk-amd64/jre/lib/amd64/libzip.so
7f3e94bf2000-7f3e94bfd000 r-xp 00000000 08:05 1321510                    /lib/x86_64-linux-gnu/libnss_files-2.19.so
7f3e94bfd000-7f3e94dfc000 ---p 0000b000 08:05 1321510                    /lib/x86_64-linux-gnu/libnss_files-2.19.so
7f3e94dfc000-7f3e94dfd000 r--p 0000a000 08:05 1321510                    /lib/x86_64-linux-gnu/libnss_files-2.19.so
7f3e94dfd000-7f3e94dfe000 rw-p 0000b000 08:05 1321510                    /lib/x86_64-linux-gnu/libnss_files-2.19.so
7f3e94dfe000-7f3e94e09000 r-xp 00000000 08:05 1321517                    /lib/x86_64-linux-gnu/libnss_nis-2.19.so
7f3e94e09000-7f3e95008000 ---p 0000b000 08:05 1321517                    /lib/x86_64-linux-gnu/libnss_nis-2.19.so
7f3e95008000-7f3e95009000 r--p 0000a000 08:05 1321517                    /lib/x86_64-linux-gnu/libnss_nis-2.19.so
7f3e95009000-7f3e9500a000 rw-p 0000b000 08:05 1321517                    /lib/x86_64-linux-gnu/libnss_nis-2.19.so
7f3e9500a000-7f3e95021000 r-xp 00000000 08:05 1321503                    /lib/x86_64-linux-gnu/libnsl-2.19.so
7f3e95021000-7f3e95220000 ---p 00017000 08:05 1321503                    /lib/x86_64-linux-gnu/libnsl-2.19.so
7f3e95220000-7f3e95221000 r--p 00016000 08:05 1321503                    /lib/x86_64-linux-gnu/libnsl-2.19.so
7f3e95221000-7f3e95222000 rw-p 00017000 08:05 1321503                    /lib/x86_64-linux-gnu/libnsl-2.19.so
7f3e95222000-7f3e95224000 rw-p 00000000 00:00 0 
7f3e95224000-7f3e9522d000 r-xp 00000000 08:05 1321514                    /lib/x86_64-linux-gnu/libnss_compat-2.19.so
7f3e9522d000-7f3e9542c000 ---p 00009000 08:05 1321514                    /lib/x86_64-linux-gnu/libnss_compat-2.19.so
7f3e9542c000-7f3e9542d000 r--p 00008000 08:05 1321514                    /lib/x86_64-linux-gnu/libnss_compat-2.19.so
7f3e9542d000-7f3e9542e000 rw-p 00009000 08:05 1321514                    /lib/x86_64-linux-gnu/libnss_compat-2.19.so
7f3e9542e000-7f3e95459000 r-xp 00000000 08:05 4070271                    /usr/lib/jvm/java-7-openjdk-amd64/jre/lib/amd64/libjava.so
7f3e95459000-7f3e95658000 ---p 0002b000 08:05 4070271                    /usr/lib/jvm/java-7-openjdk-amd64/jre/lib/amd64/libjava.so
7f3e95658000-7f3e95659000 r--p 0002a000 08:05 4070271                    /usr/lib/jvm/java-7-openjdk-amd64/jre/lib/amd64/libjava.so
7f3e95659000-7f3e9565b000 rw-p 0002b000 08:05 4070271                    /usr/lib/jvm/java-7-openjdk-amd64/jre/lib/amd64/libjava.so
7f3e9565b000-7f3e9566b000 r-xp 00000000 08:05 4070286                    /usr/lib/jvm/java-7-openjdk-amd64/jre/lib/amd64/libverify.so
7f3e9566b000-7f3e9586a000 ---p 00010000 08:05 4070286                    /usr/lib/jvm/java-7-openjdk-amd64/jre/lib/amd64/libverify.so
7f3e9586a000-7f3e9586c000 r--p 0000f000 08:05 4070286                    /usr/lib/jvm/java-7-openjdk-amd64/jre/lib/amd64/libverify.so
7f3e9586c000-7f3e9586d000 rw-p 00011000 08:05 4070286                    /usr/lib/jvm/java-7-openjdk-amd64/jre/lib/amd64/libverify.so
7f3e9586d000-7f3e95874000 r-xp 00000000 08:05 1321520                    /lib/x86_64-linux-gnu/librt-2.19.so
7f3e95874000-7f3e95a73000 ---p 00007000 08:05 1321520                    /lib/x86_64-linux-gnu/librt-2.19.so
7f3e95a73000-7f3e95a74000 r--p 00006000 08:05 1321520                    /lib/x86_64-linux-gnu/librt-2.19.so
7f3e95a74000-7f3e95a75000 rw-p 00007000 08:05 1321520                    /lib/x86_64-linux-gnu/librt-2.19.so
7f3e95a75000-7f3e95a8b000 r-xp 00000000 08:05 1314726                    /lib/x86_64-linux-gnu/libgcc_s.so.1
7f3e95a8b000-7f3e95c8a000 ---p 00016000 08:05 1314726                    /lib/x86_64-linux-gnu/libgcc_s.so.1
7f3e95c8a000-7f3e95c8b000 rw-p 00015000 08:05 1314726                    /lib/x86_64-linux-gnu/libgcc_s.so.1
7f3e95c8b000-7f3e95d90000 r-xp 00000000 08:05 1321502                    /lib/x86_64-linux-gnu/libm-2.19.so
7f3e95d90000-7f3e95f8f000 ---p 00105000 08:05 1321502                    /lib/x86_64-linux-gnu/libm-2.19.so
7f3e95f8f000-7f3e95f90000 r--p 00104000 08:05 1321502                    /lib/x86_64-linux-gnu/libm-2.19.so
7f3e95f90000-7f3e95f91000 rw-p 00105000 08:05 1321502                    /lib/x86_64-linux-gnu/libm-2.19.so
7f3e95f91000-7f3e96077000 r-xp 00000000 08:05 140239                     /usr/lib/x86_64-linux-gnu/libstdc++.so.6.0.19
7f3e96077000-7f3e96276000 ---p 000e6000 08:05 140239                     /usr/lib/x86_64-linux-gnu/libstdc++.so.6.0.19
7f3e96276000-7f3e9627e000 r--p 000e5000 08:05 140239                     /usr/lib/x86_64-linux-gnu/libstdc++.so.6.0.19
7f3e9627e000-7f3e96280000 rw-p 000ed000 08:05 140239                     /usr/lib/x86_64-linux-gnu/libstdc++.so.6.0.19
7f3e96280000-7f3e96295000 rw-p 00000000 00:00 0 
7f3e96295000-7f3e96dab000 r-xp 00000000 08:05 4070293                    /usr/lib/jvm/java-7-openjdk-amd64/jre/lib/amd64/server/libjvm.so
7f3e96dab000-7f3e96faa000 ---p 00b16000 08:05 4070293                    /usr/lib/jvm/java-7-openjdk-amd64/jre/lib/amd64/server/libjvm.so
7f3e96faa000-7f3e97044000 r--p 00b15000 08:05 4070293                    /usr/lib/jvm/java-7-openjdk-amd64/jre/lib/amd64/server/libjvm.so
7f3e97044000-7f3e97067000 rw-p 00baf000 08:05 4070293                    /usr/lib/jvm/java-7-openjdk-amd64/jre/lib/amd64/server/libjvm.so
7f3e97067000-7f3e97095000 rw-p 00000000 00:00 0 
7f3e97095000-7f3e970ad000 r-xp 00000000 08:05 1314912                    /lib/x86_64-linux-gnu/libz.so.1.2.8
7f3e970ad000-7f3e972ac000 ---p 00018000 08:05 1314912                    /lib/x86_64-linux-gnu/libz.so.1.2.8
7f3e972ac000-7f3e972ad000 r--p 00017000 08:05 1314912                    /lib/x86_64-linux-gnu/libz.so.1.2.8
7f3e972ad000-7f3e972ae000 rw-p 00018000 08:05 1314912                    /lib/x86_64-linux-gnu/libz.so.1.2.8
7f3e972ae000-7f3e972c7000 r-xp 00000000 08:05 1321507                    /lib/x86_64-linux-gnu/libpthread-2.19.so
7f3e972c7000-7f3e974c6000 ---p 00019000 08:05 1321507                    /lib/x86_64-linux-gnu/libpthread-2.19.so
7f3e974c6000-7f3e974c7000 r--p 00018000 08:05 1321507                    /lib/x86_64-linux-gnu/libpthread-2.19.so
7f3e974c7000-7f3e974c8000 rw-p 00019000 08:05 1321507                    /lib/x86_64-linux-gnu/libpthread-2.19.so
7f3e974c8000-7f3e974cc000 rw-p 00000000 00:00 0 
7f3e974cc000-7f3e974cf000 r-xp 00000000 08:05 1321512                    /lib/x86_64-linux-gnu/libdl-2.19.so
7f3e974cf000-7f3e976ce000 ---p 00003000 08:05 1321512                    /lib/x86_64-linux-gnu/libdl-2.19.so
7f3e976ce000-7f3e976cf000 r--p 00002000 08:05 1321512                    /lib/x86_64-linux-gnu/libdl-2.19.so
7f3e976cf000-7f3e976d0000 rw-p 00003000 08:05 1321512                    /lib/x86_64-linux-gnu/libdl-2.19.so
7f3e976d0000-7f3e9788b000 r-xp 00000000 08:05 1321518                    /lib/x86_64-linux-gnu/libc-2.19.so
7f3e9788b000-7f3e97a8b000 ---p 001bb000 08:05 1321518                    /lib/x86_64-linux-gnu/libc-2.19.so
7f3e97a8b000-7f3e97a8f000 r--p 001bb000 08:05 1321518                    /lib/x86_64-linux-gnu/libc-2.19.so
7f3e97a8f000-7f3e97a91000 rw-p 001bf000 08:05 1321518                    /lib/x86_64-linux-gnu/libc-2.19.so
7f3e97a91000-7f3e97a96000 rw-p 00000000 00:00 0 
7f3e97a96000-7f3e97aa3000 r-xp 00000000 08:05 4070269                    /usr/lib/jvm/java-7-openjdk-amd64/jre/lib/amd64/jli/libjli.so
7f3e97aa3000-7f3e97ca2000 ---p 0000d000 08:05 4070269                    /usr/lib/jvm/java-7-openjdk-amd64/jre/lib/amd64/jli/libjli.so
7f3e97ca2000-7f3e97ca3000 r--p 0000c000 08:05 4070269                    /usr/lib/jvm/java-7-openjdk-amd64/jre/lib/amd64/jli/libjli.so
7f3e97ca3000-7f3e97ca4000 rw-p 0000d000 08:05 4070269                    /usr/lib/jvm/java-7-openjdk-amd64/jre/lib/amd64/jli/libjli.so
7f3e97ca4000-7f3e97cc7000 r-xp 00000000 08:05 1321515                    /lib/x86_64-linux-gnu/ld-2.19.so
7f3e97cc8000-7f3e97ccc000 r--s 0003c000 08:05 4070331                    /usr/lib/jvm/java-7-openjdk-amd64/jre/lib/ext/sunpkcs11.jar
7f3e97ccc000-7f3e97ced000 rw-p 00000000 00:00 0 
7f3e97ced000-7f3e97da3000 rw-p 00000000 00:00 0 
7f3e97da3000-7f3e97da6000 ---p 00000000 00:00 0 
7f3e97da6000-7f3e97ea9000 rw-p 00000000 00:00 0                          [stack:21300]
7f3e97eaa000-7f3e97eac000 r--s 00006000 08:05 537329                     /usr/share/java/java-atk-wrapper.jar
7f3e97eac000-7f3e97eb0000 r--s 00085000 08:05 4070332                    /usr/lib/jvm/java-7-openjdk-amd64/jre/lib/ext/localedata.jar
7f3e97eb0000-7f3e97eb1000 r--s 00002000 08:05 4070334                    /usr/lib/jvm/java-7-openjdk-amd64/jre/lib/ext/dnsns.jar
7f3e97eb1000-7f3e97eb4000 r--s 0000f000 08:05 4070329                    /usr/lib/jvm/java-7-openjdk-amd64/jre/lib/ext/icedtea-sound.jar
7f3e97eb4000-7f3e97eb6000 r--s 00012000 08:05 4070330                    /usr/lib/jvm/java-7-openjdk-amd64/jre/lib/ext/zipfs.jar
7f3e97eb6000-7f3e97eba000 r--s 00034000 08:05 4070333                    /usr/lib/jvm/java-7-openjdk-amd64/jre/lib/ext/sunjce_provider.jar
7f3e97eba000-7f3e97ec2000 rw-s 00000000 08:05 4072659                    /tmp/hsperfdata_brian/21294
7f3e97ec2000-7f3e97ec3000 rw-p 00000000 00:00 0 
7f3e97ec3000-7f3e97ec4000 r--p 00000000 00:00 0 
7f3e97ec4000-7f3e97ec6000 rw-p 00000000 00:00 0 
7f3e97ec6000-7f3e97ec7000 r--p 00022000 08:05 1321515                    /lib/x86_64-linux-gnu/ld-2.19.so
7f3e97ec7000-7f3e97ec8000 rw-p 00023000 08:05 1321515                    /lib/x86_64-linux-gnu/ld-2.19.so
7f3e97ec8000-7f3e97ec9000 rw-p 00000000 00:00 0 
7fffe8f10000-7fffe8f31000 rw-p 00000000 00:00 0                          [stack]
7fffe8f8e000-7fffe8f90000 r-xp 00000000 00:00 0                          [vdso]
ffffffffff600000-ffffffffff601000 r-xp 00000000 00:00 0                  [vsyscall]

VM Arguments:
jvm_args: -Dfile.encoding=UTF-8 
java_command: editor.Editor
Launcher Type: SUN_STANDARD

Environment Variables:
PATH=/usr/local/sbin:/usr/local/bin:/usr/sbin:/usr/bin:/sbin:/bin:/usr/games:/usr/local/games
SHELL=/bin/bash
DISPLAY=:0

Signal Handlers:
SIGSEGV: [libjvm.so+0x9495e0], sa_mask[0]=0x7ffbfeff, sa_flags=0x10000004
SIGBUS: [libjvm.so+0x9495e0], sa_mask[0]=0x7ffbfeff, sa_flags=0x10000004
SIGFPE: [libjvm.so+0x7c3410], sa_mask[0]=0x7ffbfeff, sa_flags=0x10000004
SIGPIPE: [libjvm.so+0x7c3410], sa_mask[0]=0x7ffbfeff, sa_flags=0x10000004
SIGXFSZ: [libjvm.so+0x7c3410], sa_mask[0]=0x7ffbfeff, sa_flags=0x10000004
SIGILL: [libjvm.so+0x7c3410], sa_mask[0]=0x7ffbfeff, sa_flags=0x10000004
SIGUSR1: SIG_DFL, sa_mask[0]=0x00000000, sa_flags=0x00000000
SIGUSR2: [libjvm.so+0x7c32b0], sa_mask[0]=0x00000004, sa_flags=0x10000004
SIGHUP: [libjvm.so+0x7c3490], sa_mask[0]=0x7ffbfeff, sa_flags=0x10000004
SIGINT: [libjvm.so+0x7c3490], sa_mask[0]=0x7ffbfeff, sa_flags=0x10000004
SIGTERM: [libjvm.so+0x7c3490], sa_mask[0]=0x7ffbfeff, sa_flags=0x10000004
SIGQUIT: [libjvm.so+0x7c3490], sa_mask[0]=0x7ffbfeff, sa_flags=0x10000004
SIGTRAP: SIG_DFL, sa_mask[0]=0x00000000, sa_flags=0x00000000


---------------  S Y S T E M  ---------------

OS:Ubuntu 14.04 (trusty)
uname:Linux 3.13.0-43-generic #72-Ubuntu SMP Mon Dec 8 19:35:06 UTC 2014 x86_64
libc:glibc 2.19 NPTL 2.19 
rlimit: STACK 8192k, CORE 0k, NPROC 30765, NOFILE 4096, AS infinity
load average:9.04 3.01 1.72

/proc/meminfo:
MemTotal:        3959572 kB
MemFree:         1618996 kB
Buffers:           91152 kB
Cached:           845100 kB
SwapCached:       209516 kB
Active:           889096 kB
Inactive:        1189004 kB
Active(anon):     723928 kB
Inactive(anon):   740900 kB
Active(file):     165168 kB
Inactive(file):   448104 kB
Unevictable:          16 kB
Mlocked:              16 kB
SwapTotal:       4104188 kB
SwapFree:        3104792 kB
Dirty:               708 kB
Writeback:             0 kB
AnonPages:       1051472 kB
Mapped:            79328 kB
Shmem:            322760 kB
Slab:             165752 kB
SReclaimable:     115648 kB
SUnreclaim:        50104 kB
KernelStack:        4688 kB
PageTables:        27744 kB
NFS_Unstable:          0 kB
Bounce:                0 kB
WritebackTmp:          0 kB
CommitLimit:     6083972 kB
Committed_AS:    5006524 kB
VmallocTotal:   34359738367 kB
VmallocUsed:      456176 kB
VmallocChunk:   34359186476 kB
HardwareCorrupted:     0 kB
AnonHugePages:    155648 kB
HugePages_Total:       0
HugePages_Free:        0
HugePages_Rsvd:        0
HugePages_Surp:        0
Hugepagesize:       2048 kB
DirectMap4k:       78400 kB
DirectMap2M:     4028416 kB


CPU:total 4 (2 cores per cpu, 2 threads per core) family 6 model 42 stepping 7, cmov, cx8, fxsr, mmx, sse, sse2, sse3, ssse3, sse4.1, sse4.2, popcnt, avx, ht, tsc, tscinvbit

/proc/cpuinfo:
processor	: 0
vendor_id	: GenuineIntel
cpu family	: 6
model		: 42
model name	: Intel(R) Core(TM) i5-2410M CPU @ 2.30GHz
stepping	: 7
microcode	: 0x15
cpu MHz		: 2301.000
cache size	: 3072 KB
physical id	: 0
siblings	: 4
core id		: 0
cpu cores	: 2
apicid		: 0
initial apicid	: 0
fpu		: yes
fpu_exception	: yes
cpuid level	: 13
wp		: yes
flags		: fpu vme de pse tsc msr pae mce cx8 apic sep mtrr pge mca cmov pat pse36 clflush dts acpi mmx fxsr sse sse2 ss ht tm pbe syscall nx rdtscp lm constant_tsc arch_perfmon pebs bts nopl xtopology nonstop_tsc aperfmperf eagerfpu pni pclmulqdq dtes64 monitor ds_cpl vmx est tm2 ssse3 cx16 xtpr pdcm pcid sse4_1 sse4_2 x2apic popcnt tsc_deadline_timer xsave avx lahf_lm ida arat epb xsaveopt pln pts dtherm tpr_shadow vnmi flexpriority ept vpid
bogomips	: 4589.79
clflush size	: 64
cache_alignment	: 64
address sizes	: 36 bits physical, 48 bits virtual
power management:

processor	: 1
vendor_id	: GenuineIntel
cpu family	: 6
model		: 42
model name	: Intel(R) Core(TM) i5-2410M CPU @ 2.30GHz
stepping	: 7
microcode	: 0x15
cpu MHz		: 2301.000
cache size	: 3072 KB
physical id	: 0
siblings	: 4
core id		: 0
cpu cores	: 2
apicid		: 1
initial apicid	: 1
fpu		: yes
fpu_exception	: yes
cpuid level	: 13
wp		: yes
flags		: fpu vme de pse tsc msr pae mce cx8 apic sep mtrr pge mca cmov pat pse36 clflush dts acpi mmx fxsr sse sse2 ss ht tm pbe syscall nx rdtscp lm constant_tsc arch_perfmon pebs bts nopl xtopology nonstop_tsc aperfmperf eagerfpu pni pclmulqdq dtes64 monitor ds_cpl vmx est tm2 ssse3 cx16 xtpr pdcm pcid sse4_1 sse4_2 x2apic popcnt tsc_deadline_timer xsave avx lahf_lm ida arat epb xsaveopt pln pts dtherm tpr_shadow vnmi flexpriority ept vpid
bogomips	: 4589.79
clflush size	: 64
cache_alignment	: 64
address sizes	: 36 bits physical, 48 bits virtual
power management:

processor	: 2
vendor_id	: GenuineIntel
cpu family	: 6
model		: 42
model name	: Intel(R) Core(TM) i5-2410M CPU @ 2.30GHz
stepping	: 7
microcode	: 0x15
cpu MHz		: 800.000
cache size	: 3072 KB
physical id	: 0
siblings	: 4
core id		: 1
cpu cores	: 2
apicid		: 2
initial apicid	: 2
fpu		: yes
fpu_exception	: yes
cpuid level	: 13
wp		: yes
flags		: fpu vme de pse tsc msr pae mce cx8 apic sep mtrr pge mca cmov pat pse36 clflush dts acpi mmx fxsr sse sse2 ss ht tm pbe syscall nx rdtscp lm constant_tsc arch_perfmon pebs bts nopl xtopology nonstop_tsc aperfmperf eagerfpu pni pclmulqdq dtes64 monitor ds_cpl vmx est tm2 ssse3 cx16 xtpr pdcm pcid sse4_1 sse4_2 x2apic popcnt tsc_deadline_timer xsave avx lahf_lm ida arat epb xsaveopt pln pts dtherm tpr_shadow vnmi flexpriority ept vpid
bogomips	: 4589.79
clflush size	: 64
cache_alignment	: 64
address sizes	: 36 bits physical, 48 bits virtual
power management:

processor	: 3
vendor_id	: GenuineIntel
cpu family	: 6
model		: 42
model name	: Intel(R) Core(TM) i5-2410M CPU @ 2.30GHz
stepping	: 7
microcode	: 0x15
cpu MHz		: 800.000
cache size	: 3072 KB
physical id	: 0
siblings	: 4
core id		: 1
cpu cores	: 2
apicid		: 3
initial apicid	: 3
fpu		: yes
fpu_exception	: yes
cpuid level	: 13
wp		: yes
flags		: fpu vme de pse tsc msr pae mce cx8 apic sep mtrr pge mca cmov pat pse36 clflush dts acpi mmx fxsr sse sse2 ss ht tm pbe syscall nx rdtscp lm constant_tsc arch_perfmon pebs bts nopl xtopology nonstop_tsc aperfmperf eagerfpu pni pclmulqdq dtes64 monitor ds_cpl vmx est tm2 ssse3 cx16 xtpr pdcm pcid sse4_1 sse4_2 x2apic popcnt tsc_deadline_timer xsave avx lahf_lm ida arat epb xsaveopt pln pts dtherm tpr_shadow vnmi flexpriority ept vpid
bogomips	: 4589.79
clflush size	: 64
cache_alignment	: 64
address sizes	: 36 bits physical, 48 bits virtual
power management:



Memory: 4k page, physical 3959572k(1618996k free), swap 4104188k(3104792k free)

vm_info: OpenJDK 64-Bit Server VM (24.65-b04) for linux-amd64 JRE (1.7.0_65-b32), built on Oct 22 2014 04:37:44 by "buildd" with gcc 4.8.2

time: Sat Jan 10 14:17:23 2015
elapsed time: 155183 seconds

