#
# A fatal error has been detected by the Java Runtime Environment:
#
#  SIGSEGV (0xb) at pc=0x00007fcb7905b4ba, pid=14825, tid=140510950909696
#
# JRE version: OpenJDK Runtime Environment (7.0_65-b32) (build 1.7.0_65-b32)
# Java VM: OpenJDK 64-Bit Server VM (24.65-b04 mixed mode linux-amd64 compressed oops)
# Derivative: IcedTea 2.5.3
# Distribution: Ubuntu 14.04 LTS, package 7u71-2.5.3-0ubuntu0.14.04.1
# Problematic frame:
# v  ~BufferBlob::jni_fast_GetLongField
#
# Failed to write core dump. Core dumps have been disabled. To enable core dumping, try "ulimit -c unlimited" before starting Java again
#
# If you would like to submit a bug report, please include
# instructions on how to reproduce the bug and visit:
#   http://icedtea.classpath.org/bugzilla
# The crash happened outside the Java Virtual Machine in native code.
# See problematic frame for where to report the bug.
#

---------------  T H R E A D  ---------------

Current thread (0x00007fcb7c1ed000):  JavaThread "AWT-XAWT" daemon [_thread_in_native, id=14844, stack(0x00007fcb4140e000,0x00007fcb4150f000)]

siginfo:si_signo=SIGSEGV: si_errno=0, si_code=1 (SEGV_MAPERR), si_addr=0x0000000000000000

Registers:
RAX=0x00007fcb854e3060, RBX=0x00007fcb7c1ed1d8, RCX=0x00007fcb8595a320, RDX=0x0000000000000042
RSP=0x00007fcb4150d7d8, RBP=0x00007fcb4150d800, RSI=0x0000000000000000, RDI=0x00007fcb7c1ed1d8
R8 =0x0000000000000005, R9 =0x0000000000000000, R10=0x000000000000000e, R11=0x00007fcb84f84040
R12=0x00007fcb2c00ac20, R13=0x0000000000000000, R14=0x00007fcb72c41d80, R15=0x00007fcb7c1ed000
RIP=0x00007fcb7905b4ba, EFLAGS=0x0000000000010246, CSGSFS=0x0000000000000033, ERR=0x0000000000000004
  TRAPNO=0x000000000000000e

Top of Stack: (sp=0x00007fcb4150d7d8)
0x00007fcb4150d7d8:   00007fcb72a136f4 00000000b95e7058
0x00007fcb4150d7e8:   00007fcb2c00ac20 00000000b95e7058
0x00007fcb4150d7f8:   00007fcb4150d8f0 0000000000000000
0x00007fcb4150d808:   00007fcb72511ae8 00000000b95e7058
0x00007fcb4150d818:   00007fcb4150d840 0000000000000000
0x00007fcb4150d828:   00007fcb725099a3 00000000b95e7058
0x00007fcb4150d838:   00007fcb72a0820f 00007fcb4150d8b8
0x00007fcb4150d848:   00007fcb79012d98 0000000000000000
0x00007fcb4150d858:   00000000ebe3d998 00000000ebe3f0b0
0x00007fcb4150d868:   00007fcb4150d868 00000000b99d6a1e
0x00007fcb4150d878:   00007fcb4150d878 0000000000000000
0x00007fcb4150d888:   00007fcb4150d8f0 00000000b95ed1e0
0x00007fcb4150d898:   0000000000000000 00000000b95e7058
0x00007fcb4150d8a8:   0000000000000000 00007fcb4150d900
0x00007fcb4150d8b8:   00000000000001f4 00007fcb790be740
0x00007fcb4150d8c8:   00000000ebdd5910 00007fcb7900ecc0
0x00007fcb4150d8d8:   0000000000000000 0000000000000000
0x00007fcb4150d8e8:   00007fcb34000db0 00000000ebd0f9b0
0x00007fcb4150d8f8:   00007fcb790be740 00000003ebe0cb58
0x00007fcb4150d908:   0000000500000000 00007fcb34000db0
0x00007fcb4150d918:   00000000ebe0d4f8 00000000ebd4f390
0x00007fcb4150d928:   0000000000000000 00007fcb34000db0
0x00007fcb4150d938:   00000000ebe0cf30 ebd4f390ebd0f9b0
0x00007fcb4150d948:   00007fcb00000005 00000000ebe3d998
0x00007fcb4150d958:   00007fcb34000db0 00007fcb34000db0
0x00007fcb4150d968:   0000000000000000 0000000000000001
0x00007fcb4150d978:   0000000000000000 00007fcb4150d9e0
0x00007fcb4150d988:   00007fcb79006058 deaddeaf00000000
0x00007fcb4150d998:   00000000ebe0d4f8 00007fcb4150d9a0
0x00007fcb4150d9a8:   00000000b9730835 00007fcb4150d9f0
0x00007fcb4150d9b8:   00000000b973d880 0000000000000000
0x00007fcb4150d9c8:   00000000b9730850 00007fcb4150d990 

Instructions: (pc=0x00007fcb7905b4ba)
0x00007fcb7905b49a:   00 00 00 00 00 00 44 8b 15 3d 23 4b 0c 4c 8b ce
0x00007fcb7905b4aa:   41 f6 c2 01 0f 85 2e 00 00 00 4d 33 ca 4d 33 ca
0x00007fcb7905b4ba:   4d 8b 09 4c 8b da 49 c1 eb 02 4b 8b 04 19 49 bb
0x00007fcb7905b4ca:   e4 d7 50 85 cb 7f 00 00 4c 33 d8 4c 33 d8 45 3b 

Register to memory mapping:

RAX=0x00007fcb854e3060: <offset 0xdbb060> in /usr/lib/jvm/java-7-openjdk-amd64/jre/lib/amd64/server/libjvm.so at 0x00007fcb84728000
RBX=0x00007fcb7c1ed1d8 is an unknown value
RCX=0x00007fcb8595a320: <offset 0x219320> in /lib/x86_64-linux-gnu/libpthread.so.0 at 0x00007fcb85741000
RDX=0x0000000000000042 is an unknown value
RSP=0x00007fcb4150d7d8 is pointing into the stack for thread: 0x00007fcb7c1ed000
RBP=0x00007fcb4150d800 is pointing into the stack for thread: 0x00007fcb7c1ed000
RSI=0x0000000000000000 is an unknown value
RDI=0x00007fcb7c1ed1d8 is an unknown value
R8 =0x0000000000000005 is an unknown value
R9 =0x0000000000000000 is an unknown value
R10=0x000000000000000e is an unknown value
R11=0x00007fcb84f84040: <offset 0x85c040> in /usr/lib/jvm/java-7-openjdk-amd64/jre/lib/amd64/server/libjvm.so at 0x00007fcb84728000
R12=0x00007fcb2c00ac20 is an unknown value
R13=0x0000000000000000 is an unknown value
R14=0x00007fcb72c41d80: <offset 0x24ad80> in /usr/lib/jvm/java-7-openjdk-amd64/jre/lib/amd64/xawt/libmawt.so at 0x00007fcb729f7000
R15=0x00007fcb7c1ed000 is a thread


Stack: [0x00007fcb4140e000,0x00007fcb4150f000],  sp=0x00007fcb4150d7d8,  free space=1021k
Native frames: (J=compiled Java code, j=interpreted, Vv=VM code, C=native code)
v  ~BufferBlob::jni_fast_GetLongField

Java frames: (J=compiled Java code, j=interpreted, Vv=VM code)
j  sun.awt.X11.XlibWrapper.XFilterEvent(JJ)Z+0
J 51% C2 sun.awt.X11.XToolkit.run(Z)V (410 bytes) @ 0x00007fcb790be740 [0x00007fcb790bdca0+0xaa0]
j  sun.awt.X11.XToolkit.run()V+5
j  java.lang.Thread.run()V+11
v  ~StubRoutines::call_stub

---------------  P R O C E S S  ---------------

Java Threads: ( => current thread )
  0x00007fcb7c00a000 JavaThread "DestroyJavaVM" [_thread_blocked, id=14830, stack(0x00007fcb86236000,0x00007fcb86337000)]
  0x00007fcb7c292000 JavaThread "AWT-EventQueue-0" [_thread_blocked, id=14846, stack(0x00007fcb40b8e000,0x00007fcb40c8f000)]
  0x00007fcb7c245800 JavaThread "AWT-Shutdown" [_thread_blocked, id=14845, stack(0x00007fcb4130d000,0x00007fcb4140e000)]
=>0x00007fcb7c1ed000 JavaThread "AWT-XAWT" daemon [_thread_in_native, id=14844, stack(0x00007fcb4140e000,0x00007fcb4150f000)]
  0x00007fcb7c1c8000 JavaThread "Java2D Disposer" daemon [_thread_blocked, id=14843, stack(0x00007fcb4191f000,0x00007fcb41a20000)]
  0x00007fcb7c0b0800 JavaThread "Service Thread" daemon [_thread_blocked, id=14841, stack(0x00007fcb73015000,0x00007fcb73116000)]
  0x00007fcb7c0ae000 JavaThread "C2 CompilerThread1" daemon [_thread_blocked, id=14840, stack(0x00007fcb73116000,0x00007fcb73217000)]
  0x00007fcb7c0ab000 JavaThread "C2 CompilerThread0" daemon [_thread_blocked, id=14839, stack(0x00007fcb73217000,0x00007fcb73318000)]
  0x00007fcb7c0a9000 JavaThread "Signal Dispatcher" daemon [_thread_blocked, id=14838, stack(0x00007fcb73318000,0x00007fcb73419000)]
  0x00007fcb7c07b800 JavaThread "Finalizer" daemon [_thread_blocked, id=14837, stack(0x00007fcb73afb000,0x00007fcb73bfc000)]
  0x00007fcb7c079800 JavaThread "Reference Handler" daemon [_thread_blocked, id=14836, stack(0x00007fcb73bfc000,0x00007fcb73cfd000)]

Other Threads:
  0x00007fcb7c075000 VMThread [stack: 0x00007fcb73cfd000,0x00007fcb73dfe000] [id=14835]
  0x00007fcb7c0bb000 WatcherThread [stack: 0x00007fcb72f14000,0x00007fcb73015000] [id=14842]

VM state:not at safepoint (normal execution)

VM Mutex/Monitor currently owned by a thread: None

Heap
 PSYoungGen      total 18432K, used 5410K [0x00000000ebd00000, 0x00000000ed180000, 0x0000000100000000)
  eden space 15872K, 34% used [0x00000000ebd00000,0x00000000ec248be0,0x00000000ecc80000)
  from space 2560K, 0% used [0x00000000ecf00000,0x00000000ecf00000,0x00000000ed180000)
  to   space 2560K, 0% used [0x00000000ecc80000,0x00000000ecc80000,0x00000000ecf00000)
 ParOldGen       total 40960K, used 0K [0x00000000c3800000, 0x00000000c6000000, 0x00000000ebd00000)
  object space 40960K, 0% used [0x00000000c3800000,0x00000000c3800000,0x00000000c6000000)
 PSPermGen       total 21504K, used 11090K [0x00000000b9200000, 0x00000000ba700000, 0x00000000c3800000)
  object space 21504K, 51% used [0x00000000b9200000,0x00000000b9cd4b90,0x00000000ba700000)

Card table byte_map: [0x00007fcb82c44000,0x00007fcb82e7c000] byte_map_base: 0x00007fcb8267b000

Polling page: 0x00007fcb86356000

Code Cache  [0x00007fcb79000000, 0x00007fcb79270000, 0x00007fcb7c000000)
 total_blobs=501 nmethods=52 adapters=402 free_code_cache=48418Kb largest_free_block=49509248

Compilation events (10 events):
Event: 23691.691 Thread 0x00007fcb7c0ab000   47             java.lang.Long::valueOf (40 bytes)
Event: 23691.763 Thread 0x00007fcb7c0ab000 nmethod 47 0x00007fcb79092b50 code [0x00007fcb79092ca0, 0x00007fcb79092d98]
Event: 24751.546 Thread 0x00007fcb7c0ae000   48             java.util.HashMap::indexFor (6 bytes)
Event: 24751.546 Thread 0x00007fcb7c0ae000 nmethod 48 0x00007fcb79088750 code [0x00007fcb79088880, 0x00007fcb790888b8]
Event: 68657.687 Thread 0x00007fcb7c0ab000   49 % !         sun.awt.X11.XToolkit::run @ 59 (410 bytes)
Event: 68661.771 Thread 0x00007fcb7c0ab000 nmethod 49% 0x00007fcb790acd50 code [0x00007fcb790ad6a0, 0x00007fcb790b1488]
Event: 112004.898 Thread 0x00007fcb7c0ae000   51 % !         sun.awt.X11.XToolkit::run @ 59 (410 bytes)
Event: 112007.686 Thread 0x00007fcb7c0ae000 nmethod 51% 0x00007fcb790bd290 code [0x00007fcb790bdca0, 0x00007fcb790c2210]
Event: 113023.576 Thread 0x00007fcb7c0ab000   52             java.util.HashMap::hash (55 bytes)
Event: 113023.689 Thread 0x00007fcb7c0ab000 nmethod 52 0x00007fcb790923d0 code [0x00007fcb79092520, 0x00007fcb79092648]

GC Heap History (0 events):
No events

Deoptimization events (10 events):
Event: 0.316 Thread 0x00007fcb7c00a000 Uncommon trap: reason=class_check action=maybe_recompile pc=0x00007fcb7907d338 method=java.util.Properties$LineReader.readLine()I @ 62
Event: 0.317 Thread 0x00007fcb7c00a000 Uncommon trap: reason=class_check action=maybe_recompile pc=0x00007fcb7907d338 method=java.util.Properties$LineReader.readLine()I @ 62
Event: 0.318 Thread 0x00007fcb7c00a000 Uncommon trap: reason=class_check action=maybe_recompile pc=0x00007fcb7907d338 method=java.util.Properties$LineReader.readLine()I @ 62
Event: 0.341 Thread 0x00007fcb7c00a000 Uncommon trap: reason=class_check action=maybe_recompile pc=0x00007fcb7907de20 method=java.lang.String.equals(Ljava/lang/Object;)Z @ 8
Event: 0.342 Thread 0x00007fcb7c00a000 Uncommon trap: reason=class_check action=maybe_recompile pc=0x00007fcb7907de20 method=java.lang.String.equals(Ljava/lang/Object;)Z @ 8
Event: 0.342 Thread 0x00007fcb7c00a000 Uncommon trap: reason=class_check action=maybe_recompile pc=0x00007fcb7907de20 method=java.lang.String.equals(Ljava/lang/Object;)Z @ 8
Event: 0.342 Thread 0x00007fcb7c00a000 Uncommon trap: reason=class_check action=maybe_recompile pc=0x00007fcb7907de20 method=java.lang.String.equals(Ljava/lang/Object;)Z @ 8
Event: 9027.109 Thread 0x00007fcb7c1ed000 Uncommon trap: reason=null_check action=make_not_entrant pc=0x00007fcb7909b25c method=sun.awt.X11.XToolkit.windowToXWindow(J)Lsun/awt/X11/XBaseWindow; @ 16
Event: 68146.188 Thread 0x00007fcb7c1ed000 Uncommon trap: reason=null_check action=make_not_entrant pc=0x00007fcb790a2ef4 method=sun.awt.X11.XToolkit.dispatchEvent(Lsun/awt/X11/XEvent;)V @ 99
Event: 111496.452 Thread 0x00007fcb7c1ed000 Uncommon trap: reason=unreached action=reinterpret pc=0x00007fcb790afdf8 method=sun.awt.X11.XToolkit.run(Z)V @ 200

Internal exceptions (10 events):
Event: 0.211 Thread 0x00007fcb7c00a000 Threw 0x00000000ebeb26e8 at /build/buildd/openjdk-7-7u71-2.5.3/build/openjdk/hotspot/src/share/vm/prims/jvm.cpp:1284
Event: 0.211 Thread 0x00007fcb7c00a000 Threw 0x00000000ebeb3818 at /build/buildd/openjdk-7-7u71-2.5.3/build/openjdk/hotspot/src/share/vm/prims/jvm.cpp:1284
Event: 0.221 Thread 0x00007fcb7c00a000 Threw 0x00000000ebed1800 at /build/buildd/openjdk-7-7u71-2.5.3/build/openjdk/hotspot/src/share/vm/prims/jvm.cpp:1284
Event: 0.221 Thread 0x00007fcb7c00a000 Threw 0x00000000ebed44c0 at /build/buildd/openjdk-7-7u71-2.5.3/build/openjdk/hotspot/src/share/vm/prims/jvm.cpp:1284
Event: 0.232 Thread 0x00007fcb7c00a000 Threw 0x00000000ebedd140 at /build/buildd/openjdk-7-7u71-2.5.3/build/openjdk/hotspot/src/share/vm/prims/jvm.cpp:1284
Event: 0.238 Thread 0x00007fcb7c00a000 Threw 0x00000000ebee3638 at /build/buildd/openjdk-7-7u71-2.5.3/build/openjdk/hotspot/src/share/vm/prims/jvm.cpp:1284
Event: 0.470 Thread 0x00007fcb7c292000 Threw 0x00000000ec038b00 at /build/buildd/openjdk-7-7u71-2.5.3/build/openjdk/hotspot/src/share/vm/prims/jni.cpp:747
Event: 2.258 Thread 0x00007fcb7c292000 Threw 0x00000000ec14bbf8 at /build/buildd/openjdk-7-7u71-2.5.3/build/openjdk/hotspot/src/share/vm/prims/jni.cpp:747
Event: 9027.108 Thread 0x00007fcb7c1ed000 Implicit null exception at 0x00007fcb7909905c to 0x00007fcb7909b249
Event: 68146.152 Thread 0x00007fcb7c1ed000 Implicit null exception at 0x00007fcb790a12c1 to 0x00007fcb790a2ee9

Events (10 events):
Event: 68145.598 loading class 0x00007fcb500062e0
Event: 68145.841 loading class 0x00007fcb500062e0 done
Event: 68146.152 Thread 0x00007fcb7c1ed000 Uncommon trap: trap_request=0xfffffff4 fr.pc=0x00007fcb790a2ef4
Event: 68146.205 Thread 0x00007fcb7c1ed000 DEOPT PACKING pc=0x00007fcb790a2ef4 sp=0x00007fcb4150d920
Event: 68146.226 Thread 0x00007fcb7c1ed000 DEOPT UNPACKING pc=0x00007fcb79039445 sp=0x00007fcb4150d860 mode 2
Event: 111496.452 Thread 0x00007fcb7c1ed000 Uncommon trap: trap_request=0xffffffad fr.pc=0x00007fcb790afdf8
Event: 111496.452 Thread 0x00007fcb7c1ed000 DEOPT PACKING pc=0x00007fcb790afdf8 sp=0x00007fcb4150d910
Event: 111496.680 Thread 0x00007fcb7c1ed000 DEOPT UNPACKING pc=0x00007fcb79039445 sp=0x00007fcb4150d8f8 mode 2
Event: 168048.531 loading class 0x00007fcb4c0486e0
Event: 168051.173 loading class 0x00007fcb4c0486e0 done


Dynamic libraries:
00400000-00401000 r-xp 00000000 08:05 4070366                            /usr/lib/jvm/java-7-openjdk-amd64/jre/bin/java
00600000-00601000 r--p 00000000 08:05 4070366                            /usr/lib/jvm/java-7-openjdk-amd64/jre/bin/java
00601000-00602000 rw-p 00001000 08:05 4070366                            /usr/lib/jvm/java-7-openjdk-amd64/jre/bin/java
01633000-01654000 rw-p 00000000 00:00 0                                  [heap]
b9200000-ba700000 rw-p 00000000 00:00 0 
ba700000-c3800000 rw-p 00000000 00:00 0 
c3800000-c6000000 rw-p 00000000 00:00 0 
c6000000-ebd00000 rw-p 00000000 00:00 0 
ebd00000-ed180000 rw-p 00000000 00:00 0 
ed180000-100000000 rw-p 00000000 00:00 0 
7fcb2c000000-7fcb2c03e000 rw-p 00000000 00:00 0 
7fcb2c03e000-7fcb30000000 ---p 00000000 00:00 0 
7fcb30000000-7fcb30021000 rw-p 00000000 00:00 0 
7fcb30021000-7fcb34000000 ---p 00000000 00:00 0 
7fcb34000000-7fcb34021000 rw-p 00000000 00:00 0 
7fcb34021000-7fcb38000000 ---p 00000000 00:00 0 
7fcb38000000-7fcb38021000 rw-p 00000000 00:00 0 
7fcb38021000-7fcb3c000000 ---p 00000000 00:00 0 
7fcb3c000000-7fcb3c021000 rw-p 00000000 00:00 0 
7fcb3c021000-7fcb40000000 ---p 00000000 00:00 0 
7fcb40a8d000-7fcb40a90000 ---p 00000000 00:00 0 
7fcb40a90000-7fcb40b8e000 rw-p 00000000 00:00 0 
7fcb40b8e000-7fcb40b91000 ---p 00000000 00:00 0 
7fcb40b91000-7fcb40c8f000 rw-p 00000000 00:00 0                          [stack:14846]
7fcb40c8f000-7fcb40c9f000 r-xp 00000000 08:05 4070287                    /usr/lib/jvm/java-7-openjdk-amd64/jre/lib/amd64/libnio.so
7fcb40c9f000-7fcb40e9f000 ---p 00010000 08:05 4070287                    /usr/lib/jvm/java-7-openjdk-amd64/jre/lib/amd64/libnio.so
7fcb40e9f000-7fcb40ea0000 r--p 00010000 08:05 4070287                    /usr/lib/jvm/java-7-openjdk-amd64/jre/lib/amd64/libnio.so
7fcb40ea0000-7fcb40ea1000 rw-p 00011000 08:05 4070287                    /usr/lib/jvm/java-7-openjdk-amd64/jre/lib/amd64/libnio.so
7fcb40ea1000-7fcb40eb8000 r-xp 00000000 08:05 4070272                    /usr/lib/jvm/java-7-openjdk-amd64/jre/lib/amd64/libnet.so
7fcb40eb8000-7fcb410b7000 ---p 00017000 08:05 4070272                    /usr/lib/jvm/java-7-openjdk-amd64/jre/lib/amd64/libnet.so
7fcb410b7000-7fcb410b8000 r--p 00016000 08:05 4070272                    /usr/lib/jvm/java-7-openjdk-amd64/jre/lib/amd64/libnet.so
7fcb410b8000-7fcb410b9000 rw-p 00017000 08:05 4070272                    /usr/lib/jvm/java-7-openjdk-amd64/jre/lib/amd64/libnet.so
7fcb410b9000-7fcb4110a000 r-xp 00000000 08:05 4070273                    /usr/lib/jvm/java-7-openjdk-amd64/jre/lib/amd64/libfontmanager.so
7fcb4110a000-7fcb41309000 ---p 00051000 08:05 4070273                    /usr/lib/jvm/java-7-openjdk-amd64/jre/lib/amd64/libfontmanager.so
7fcb41309000-7fcb4130c000 r--p 00050000 08:05 4070273                    /usr/lib/jvm/java-7-openjdk-amd64/jre/lib/amd64/libfontmanager.so
7fcb4130c000-7fcb4130d000 rw-p 00053000 08:05 4070273                    /usr/lib/jvm/java-7-openjdk-amd64/jre/lib/amd64/libfontmanager.so
7fcb4130d000-7fcb41310000 ---p 00000000 00:00 0 
7fcb41310000-7fcb4140e000 rw-p 00000000 00:00 0                          [stack:14845]
7fcb4140e000-7fcb41411000 ---p 00000000 00:00 0 
7fcb41411000-7fcb4150f000 rw-p 00000000 00:00 0                          [stack:14844]
7fcb4150f000-7fcb41514000 r-xp 00000000 08:05 139348                     /usr/lib/x86_64-linux-gnu/libXfixes.so.3.1.0
7fcb41514000-7fcb41713000 ---p 00005000 08:05 139348                     /usr/lib/x86_64-linux-gnu/libXfixes.so.3.1.0
7fcb41713000-7fcb41714000 r--p 00004000 08:05 139348                     /usr/lib/x86_64-linux-gnu/libXfixes.so.3.1.0
7fcb41714000-7fcb41715000 rw-p 00005000 08:05 139348                     /usr/lib/x86_64-linux-gnu/libXfixes.so.3.1.0
7fcb41715000-7fcb4171e000 r-xp 00000000 08:05 139340                     /usr/lib/x86_64-linux-gnu/libXcursor.so.1.0.2
7fcb4171e000-7fcb4191d000 ---p 00009000 08:05 139340                     /usr/lib/x86_64-linux-gnu/libXcursor.so.1.0.2
7fcb4191d000-7fcb4191e000 r--p 00008000 08:05 139340                     /usr/lib/x86_64-linux-gnu/libXcursor.so.1.0.2
7fcb4191e000-7fcb4191f000 rw-p 00009000 08:05 139340                     /usr/lib/x86_64-linux-gnu/libXcursor.so.1.0.2
7fcb4191f000-7fcb41922000 ---p 00000000 00:00 0 
7fcb41922000-7fcb41a20000 rw-p 00000000 00:00 0                          [stack:14843]
7fcb41a20000-7fcb41a24000 r-xp 00000000 08:05 1314782                    /lib/x86_64-linux-gnu/libgpg-error.so.0.10.0
7fcb41a24000-7fcb41c23000 ---p 00004000 08:05 1314782                    /lib/x86_64-linux-gnu/libgpg-error.so.0.10.0
7fcb41c23000-7fcb41c24000 r--p 00003000 08:05 1314782                    /lib/x86_64-linux-gnu/libgpg-error.so.0.10.0
7fcb41c24000-7fcb41c25000 rw-p 00004000 08:05 1314782                    /lib/x86_64-linux-gnu/libgpg-error.so.0.10.0
7fcb41c25000-7fcb41c27000 r-xp 00000000 08:05 1314792                    /lib/x86_64-linux-gnu/libkeyutils.so.1.4
7fcb41c27000-7fcb41e27000 ---p 00002000 08:05 1314792                    /lib/x86_64-linux-gnu/libkeyutils.so.1.4
7fcb41e27000-7fcb41e28000 r--p 00002000 08:05 1314792                    /lib/x86_64-linux-gnu/libkeyutils.so.1.4
7fcb41e28000-7fcb41e29000 rw-p 00003000 08:05 1314792                    /lib/x86_64-linux-gnu/libkeyutils.so.1.4
7fcb41e29000-7fcb41e66000 r-xp 00000000 08:05 1314852                    /lib/x86_64-linux-gnu/libpcre.so.3.13.1
7fcb41e66000-7fcb42065000 ---p 0003d000 08:05 1314852                    /lib/x86_64-linux-gnu/libpcre.so.3.13.1
7fcb42065000-7fcb42066000 r--p 0003c000 08:05 1314852                    /lib/x86_64-linux-gnu/libpcre.so.3.13.1
7fcb42066000-7fcb42067000 rw-p 0003d000 08:05 1314852                    /lib/x86_64-linux-gnu/libpcre.so.3.13.1
7fcb42067000-7fcb4208c000 r-xp 00000000 08:05 1314864                    /lib/x86_64-linux-gnu/libpng12.so.0.50.0
7fcb4208c000-7fcb4228b000 ---p 00025000 08:05 1314864                    /lib/x86_64-linux-gnu/libpng12.so.0.50.0
7fcb4228b000-7fcb4228c000 r--p 00024000 08:05 1314864                    /lib/x86_64-linux-gnu/libpng12.so.0.50.0
7fcb4228c000-7fcb4228d000 rw-p 00025000 08:05 1314864                    /lib/x86_64-linux-gnu/libpng12.so.0.50.0
7fcb4228d000-7fcb422d1000 r-xp 00000000 08:05 1314802                    /lib/x86_64-linux-gnu/libdbus-1.so.3.7.6
7fcb422d1000-7fcb424d0000 ---p 00044000 08:05 1314802                    /lib/x86_64-linux-gnu/libdbus-1.so.3.7.6
7fcb424d0000-7fcb424d1000 r--p 00043000 08:05 1314802                    /lib/x86_64-linux-gnu/libdbus-1.so.3.7.6
7fcb424d1000-7fcb424d2000 rw-p 00044000 08:05 1314802                    /lib/x86_64-linux-gnu/libdbus-1.so.3.7.6
7fcb424d2000-7fcb4250d000 r-xp 00000000 08:05 140060                     /usr/lib/x86_64-linux-gnu/libp11-kit.so.0.0.0
7fcb4250d000-7fcb4270c000 ---p 0003b000 08:05 140060                     /usr/lib/x86_64-linux-gnu/libp11-kit.so.0.0.0
7fcb4270c000-7fcb42712000 r--p 0003a000 08:05 140060                     /usr/lib/x86_64-linux-gnu/libp11-kit.so.0.0.0
7fcb42712000-7fcb42714000 rw-p 00040000 08:05 140060                     /usr/lib/x86_64-linux-gnu/libp11-kit.so.0.0.0
7fcb42714000-7fcb42726000 r-xp 00000000 08:05 140245                     /usr/lib/x86_64-linux-gnu/libtasn1.so.6.2.0
7fcb42726000-7fcb42926000 ---p 00012000 08:05 140245                     /usr/lib/x86_64-linux-gnu/libtasn1.so.6.2.0
7fcb42926000-7fcb42927000 r--p 00012000 08:05 140245                     /usr/lib/x86_64-linux-gnu/libtasn1.so.6.2.0
7fcb42927000-7fcb42928000 rw-p 00013000 08:05 140245                     /usr/lib/x86_64-linux-gnu/libtasn1.so.6.2.0
7fcb42928000-7fcb429a4000 r-xp 00000000 08:05 1314767                    /lib/x86_64-linux-gnu/libgcrypt.so.11.8.2
7fcb429a4000-7fcb42ba3000 ---p 0007c000 08:05 1314767                    /lib/x86_64-linux-gnu/libgcrypt.so.11.8.2
7fcb42ba3000-7fcb42ba4000 r--p 0007b000 08:05 1314767                    /lib/x86_64-linux-gnu/libgcrypt.so.11.8.2
7fcb42ba4000-7fcb42ba7000 rw-p 0007c000 08:05 1314767                    /lib/x86_64-linux-gnu/libgcrypt.so.11.8.2
7fcb42ba7000-7fcb42bb1000 r-xp 00000000 08:05 133140                     /usr/lib/x86_64-linux-gnu/libkrb5support.so.0.1
7fcb42bb1000-7fcb42db0000 ---p 0000a000 08:05 133140                     /usr/lib/x86_64-linux-gnu/libkrb5support.so.0.1
7fcb42db0000-7fcb42db1000 r--p 00009000 08:05 133140                     /usr/lib/x86_64-linux-gnu/libkrb5support.so.0.1
7fcb42db1000-7fcb42db2000 rw-p 0000a000 08:05 133140                     /usr/lib/x86_64-linux-gnu/libkrb5support.so.0.1
7fcb42db2000-7fcb42db5000 r-xp 00000000 08:05 1314758                    /lib/x86_64-linux-gnu/libcom_err.so.2.1
7fcb42db5000-7fcb42fb4000 ---p 00003000 08:05 1314758                    /lib/x86_64-linux-gnu/libcom_err.so.2.1
7fcb42fb4000-7fcb42fb5000 r--p 00002000 08:05 1314758                    /lib/x86_64-linux-gnu/libcom_err.so.2.1
7fcb42fb5000-7fcb42fb6000 rw-p 00003000 08:05 1314758                    /lib/x86_64-linux-gnu/libcom_err.so.2.1
7fcb42fb6000-7fcb42fe2000 r-xp 00000000 08:05 133134                     /usr/lib/x86_64-linux-gnu/libk5crypto.so.3.1
7fcb42fe2000-7fcb431e1000 ---p 0002c000 08:05 133134                     /usr/lib/x86_64-linux-gnu/libk5crypto.so.3.1
7fcb431e1000-7fcb431e3000 r--p 0002b000 08:05 133134                     /usr/lib/x86_64-linux-gnu/libk5crypto.so.3.1
7fcb431e3000-7fcb431e4000 rw-p 0002d000 08:05 133134                     /usr/lib/x86_64-linux-gnu/libk5crypto.so.3.1
7fcb431e4000-7fcb431e5000 rw-p 00000000 00:00 0 
7fcb431e5000-7fcb432a1000 r-xp 00000000 08:05 133138                     /usr/lib/x86_64-linux-gnu/libkrb5.so.3.3
7fcb432a1000-7fcb434a1000 ---p 000bc000 08:05 133138                     /usr/lib/x86_64-linux-gnu/libkrb5.so.3.3
7fcb434a1000-7fcb434ae000 r--p 000bc000 08:05 133138                     /usr/lib/x86_64-linux-gnu/libkrb5.so.3.3
7fcb434ae000-7fcb434b0000 rw-p 000c9000 08:05 133138                     /usr/lib/x86_64-linux-gnu/libkrb5.so.3.3
7fcb434b0000-7fcb434b5000 r-xp 00000000 08:05 139344                     /usr/lib/x86_64-linux-gnu/libXdmcp.so.6.0.0
7fcb434b5000-7fcb436b4000 ---p 00005000 08:05 139344                     /usr/lib/x86_64-linux-gnu/libXdmcp.so.6.0.0
7fcb436b4000-7fcb436b5000 r--p 00004000 08:05 139344                     /usr/lib/x86_64-linux-gnu/libXdmcp.so.6.0.0
7fcb436b5000-7fcb436b6000 rw-p 00005000 08:05 139344                     /usr/lib/x86_64-linux-gnu/libXdmcp.so.6.0.0
7fcb436b6000-7fcb436b8000 r-xp 00000000 08:05 139333                     /usr/lib/x86_64-linux-gnu/libXau.so.6.0.0
7fcb436b8000-7fcb438b8000 ---p 00002000 08:05 139333                     /usr/lib/x86_64-linux-gnu/libXau.so.6.0.0
7fcb438b8000-7fcb438b9000 r--p 00002000 08:05 139333                     /usr/lib/x86_64-linux-gnu/libXau.so.6.0.0
7fcb438b9000-7fcb438ba000 rw-p 00003000 08:05 139333                     /usr/lib/x86_64-linux-gnu/libXau.so.6.0.0
7fcb438ba000-7fcb438d1000 r-xp 00000000 08:05 1310824                    /lib/x86_64-linux-gnu/libresolv-2.19.so
7fcb438d1000-7fcb43ad1000 ---p 00017000 08:05 1310824                    /lib/x86_64-linux-gnu/libresolv-2.19.so
7fcb43ad1000-7fcb43ad2000 r--p 00017000 08:05 1310824                    /lib/x86_64-linux-gnu/libresolv-2.19.so
7fcb43ad2000-7fcb43ad3000 rw-p 00018000 08:05 1310824                    /lib/x86_64-linux-gnu/libresolv-2.19.so
7fcb43ad3000-7fcb43ad5000 rw-p 00000000 00:00 0 
7fcb43ad5000-7fcb43af5000 r-xp 00000000 08:05 1314879                    /lib/x86_64-linux-gnu/libselinux.so.1
7fcb43af5000-7fcb43cf4000 ---p 00020000 08:05 1314879                    /lib/x86_64-linux-gnu/libselinux.so.1
7fcb43cf4000-7fcb43cf5000 r--p 0001f000 08:05 1314879                    /lib/x86_64-linux-gnu/libselinux.so.1
7fcb43cf5000-7fcb43cf6000 rw-p 00020000 08:05 1314879                    /lib/x86_64-linux-gnu/libselinux.so.1
7fcb43cf6000-7fcb43cf8000 rw-p 00000000 00:00 0 
7fcb43cf8000-7fcb43dfe000 r-xp 00000000 08:05 1322470                    /lib/x86_64-linux-gnu/libglib-2.0.so.0.4002.0
7fcb43dfe000-7fcb43ffd000 ---p 00106000 08:05 1322470                    /lib/x86_64-linux-gnu/libglib-2.0.so.0.4002.0
7fcb43ffd000-7fcb43ffe000 r--p 00105000 08:05 1322470                    /lib/x86_64-linux-gnu/libglib-2.0.so.0.4002.0
7fcb43ffe000-7fcb43fff000 rw-p 00106000 08:05 1322470                    /lib/x86_64-linux-gnu/libglib-2.0.so.0.4002.0
7fcb43fff000-7fcb44000000 rw-p 00000000 00:00 0 
7fcb44000000-7fcb44021000 rw-p 00000000 00:00 0 
7fcb44021000-7fcb48000000 ---p 00000000 00:00 0 
7fcb48000000-7fcb48021000 rw-p 00000000 00:00 0 
7fcb48021000-7fcb4c000000 ---p 00000000 00:00 0 
7fcb4c000000-7fcb4ca4c000 rw-p 00000000 00:00 0 
7fcb4ca4c000-7fcb50000000 ---p 00000000 00:00 0 
7fcb50000000-7fcb50af3000 rw-p 00000000 00:00 0 
7fcb50af3000-7fcb54000000 ---p 00000000 00:00 0 
7fcb54000000-7fcb54021000 rw-p 00000000 00:00 0 
7fcb54021000-7fcb58000000 ---p 00000000 00:00 0 
7fcb58000000-7fcb58021000 rw-p 00000000 00:00 0 
7fcb58021000-7fcb5c000000 ---p 00000000 00:00 0 
7fcb5c000000-7fcb5c021000 rw-p 00000000 00:00 0 
7fcb5c021000-7fcb60000000 ---p 00000000 00:00 0 
7fcb60000000-7fcb60021000 rw-p 00000000 00:00 0 
7fcb60021000-7fcb64000000 ---p 00000000 00:00 0 
7fcb64000000-7fcb64021000 rw-p 00000000 00:00 0 
7fcb64021000-7fcb68000000 ---p 00000000 00:00 0 
7fcb68000000-7fcb68021000 rw-p 00000000 00:00 0 
7fcb68021000-7fcb6c000000 ---p 00000000 00:00 0 
7fcb6c000000-7fcb6c021000 rw-p 00000000 00:00 0 
7fcb6c021000-7fcb70000000 ---p 00000000 00:00 0 
7fcb70003000-7fcb7000a000 r-xp 00000000 08:05 139611                     /usr/lib/x86_64-linux-gnu/libffi.so.6.0.1
7fcb7000a000-7fcb70209000 ---p 00007000 08:05 139611                     /usr/lib/x86_64-linux-gnu/libffi.so.6.0.1
7fcb70209000-7fcb7020a000 r--p 00006000 08:05 139611                     /usr/lib/x86_64-linux-gnu/libffi.so.6.0.1
7fcb7020a000-7fcb7020b000 rw-p 00007000 08:05 139611                     /usr/lib/x86_64-linux-gnu/libffi.so.6.0.1
7fcb7020b000-7fcb7020e000 r-xp 00000000 08:05 131436                     /usr/lib/x86_64-linux-gnu/libgmodule-2.0.so.0.4002.0
7fcb7020e000-7fcb7040d000 ---p 00003000 08:05 131436                     /usr/lib/x86_64-linux-gnu/libgmodule-2.0.so.0.4002.0
7fcb7040d000-7fcb7040e000 r--p 00002000 08:05 131436                     /usr/lib/x86_64-linux-gnu/libgmodule-2.0.so.0.4002.0
7fcb7040e000-7fcb7040f000 rw-p 00003000 08:05 131436                     /usr/lib/x86_64-linux-gnu/libgmodule-2.0.so.0.4002.0
7fcb7040f000-7fcb70436000 r-xp 00000000 08:05 1314771                    /lib/x86_64-linux-gnu/libexpat.so.1.6.0
7fcb70436000-7fcb70636000 ---p 00027000 08:05 1314771                    /lib/x86_64-linux-gnu/libexpat.so.1.6.0
7fcb70636000-7fcb70638000 r--p 00027000 08:05 1314771                    /lib/x86_64-linux-gnu/libexpat.so.1.6.0
7fcb70638000-7fcb70639000 rw-p 00029000 08:05 1314771                    /lib/x86_64-linux-gnu/libexpat.so.1.6.0
7fcb70639000-7fcb706d6000 r-xp 00000000 08:05 139653                     /usr/lib/x86_64-linux-gnu/libfreetype.so.6.11.1
7fcb706d6000-7fcb708d5000 ---p 0009d000 08:05 139653                     /usr/lib/x86_64-linux-gnu/libfreetype.so.6.11.1
7fcb708d5000-7fcb708db000 r--p 0009c000 08:05 139653                     /usr/lib/x86_64-linux-gnu/libfreetype.so.6.11.1
7fcb708db000-7fcb708dc000 rw-p 000a2000 08:05 139653                     /usr/lib/x86_64-linux-gnu/libfreetype.so.6.11.1
7fcb708dc000-7fcb708eb000 r-xp 00000000 08:05 139437                     /usr/lib/x86_64-linux-gnu/libavahi-client.so.3.2.9
7fcb708eb000-7fcb70aeb000 ---p 0000f000 08:05 139437                     /usr/lib/x86_64-linux-gnu/libavahi-client.so.3.2.9
7fcb70aeb000-7fcb70aec000 r--p 0000f000 08:05 139437                     /usr/lib/x86_64-linux-gnu/libavahi-client.so.3.2.9
7fcb70aec000-7fcb70aed000 rw-p 00010000 08:05 139437                     /usr/lib/x86_64-linux-gnu/libavahi-client.so.3.2.9
7fcb70aed000-7fcb70af8000 r-xp 00000000 08:05 139439                     /usr/lib/x86_64-linux-gnu/libavahi-common.so.3.5.3
7fcb70af8000-7fcb70cf7000 ---p 0000b000 08:05 139439                     /usr/lib/x86_64-linux-gnu/libavahi-common.so.3.5.3
7fcb70cf7000-7fcb70cf8000 r--p 0000a000 08:05 139439                     /usr/lib/x86_64-linux-gnu/libavahi-common.so.3.5.3
7fcb70cf8000-7fcb70cf9000 rw-p 0000b000 08:05 139439                     /usr/lib/x86_64-linux-gnu/libavahi-common.so.3.5.3
7fcb70cf9000-7fcb70daf000 r-xp 00000000 08:05 139740                     /usr/lib/x86_64-linux-gnu/libgnutls.so.26.22.6
7fcb70daf000-7fcb70faf000 ---p 000b6000 08:05 139740                     /usr/lib/x86_64-linux-gnu/libgnutls.so.26.22.6
7fcb70faf000-7fcb70fb5000 r--p 000b6000 08:05 139740                     /usr/lib/x86_64-linux-gnu/libgnutls.so.26.22.6
7fcb70fb5000-7fcb70fb6000 rw-p 000bc000 08:05 139740                     /usr/lib/x86_64-linux-gnu/libgnutls.so.26.22.6
7fcb70fb6000-7fcb70fb7000 rw-p 00000000 00:00 0 
7fcb70fb7000-7fcb70ffa000 r-xp 00000000 08:05 133136                     /usr/lib/x86_64-linux-gnu/libgssapi_krb5.so.2.2
7fcb70ffa000-7fcb711fa000 ---p 00043000 08:05 133136                     /usr/lib/x86_64-linux-gnu/libgssapi_krb5.so.2.2
7fcb711fa000-7fcb711fb000 r--p 00043000 08:05 133136                     /usr/lib/x86_64-linux-gnu/libgssapi_krb5.so.2.2
7fcb711fb000-7fcb711fd000 rw-p 00044000 08:05 133136                     /usr/lib/x86_64-linux-gnu/libgssapi_krb5.so.2.2
7fcb711fd000-7fcb7121a000 r-xp 00000000 08:05 140403                     /usr/lib/x86_64-linux-gnu/libxcb.so.1.1.0
7fcb7121a000-7fcb7141a000 ---p 0001d000 08:05 140403                     /usr/lib/x86_64-linux-gnu/libxcb.so.1.1.0
7fcb7141a000-7fcb7141b000 r--p 0001d000 08:05 140403                     /usr/lib/x86_64-linux-gnu/libxcb.so.1.1.0
7fcb7141b000-7fcb7141c000 rw-p 0001e000 08:05 140403                     /usr/lib/x86_64-linux-gnu/libxcb.so.1.1.0
7fcb7141c000-7fcb7146b000 r-xp 00000000 08:05 131454                     /usr/lib/x86_64-linux-gnu/libgobject-2.0.so.0.4002.0
7fcb7146b000-7fcb7166b000 ---p 0004f000 08:05 131454                     /usr/lib/x86_64-linux-gnu/libgobject-2.0.so.0.4002.0
7fcb7166b000-7fcb7166c000 r--p 0004f000 08:05 131454                     /usr/lib/x86_64-linux-gnu/libgobject-2.0.so.0.4002.0
7fcb7166c000-7fcb7166d000 rw-p 00050000 08:05 131454                     /usr/lib/x86_64-linux-gnu/libgobject-2.0.so.0.4002.0
7fcb7166d000-7fcb717d9000 r-xp 00000000 08:05 131458                     /usr/lib/x86_64-linux-gnu/libgio-2.0.so.0.4002.0
7fcb717d9000-7fcb719d8000 ---p 0016c000 08:05 131458                     /usr/lib/x86_64-linux-gnu/libgio-2.0.so.0.4002.0
7fcb719d8000-7fcb719dc000 r--p 0016b000 08:05 131458                     /usr/lib/x86_64-linux-gnu/libgio-2.0.so.0.4002.0
7fcb719dc000-7fcb719de000 rw-p 0016f000 08:05 131458                     /usr/lib/x86_64-linux-gnu/libgio-2.0.so.0.4002.0
7fcb719de000-7fcb719e0000 rw-p 00000000 00:00 0 
7fcb719e0000-7fcb71a1a000 r-xp 00000000 08:05 139625                     /usr/lib/x86_64-linux-gnu/libfontconfig.so.1.8.0
7fcb71a1a000-7fcb71c19000 ---p 0003a000 08:05 139625                     /usr/lib/x86_64-linux-gnu/libfontconfig.so.1.8.0
7fcb71c19000-7fcb71c1b000 r--p 00039000 08:05 139625                     /usr/lib/x86_64-linux-gnu/libfontconfig.so.1.8.0
7fcb71c1b000-7fcb71c1c000 rw-p 0003b000 08:05 139625                     /usr/lib/x86_64-linux-gnu/libfontconfig.so.1.8.0
7fcb71c1c000-7fcb71c88000 r-xp 00000000 08:05 131737                     /usr/lib/x86_64-linux-gnu/libcups.so.2
7fcb71c88000-7fcb71e88000 ---p 0006c000 08:05 131737                     /usr/lib/x86_64-linux-gnu/libcups.so.2
7fcb71e88000-7fcb71e8f000 r--p 0006c000 08:05 131737                     /usr/lib/x86_64-linux-gnu/libcups.so.2
7fcb71e8f000-7fcb71e90000 rw-p 00073000 08:05 131737                     /usr/lib/x86_64-linux-gnu/libcups.so.2
7fcb71e90000-7fcb71e9f000 r-xp 00000000 08:05 139354                     /usr/lib/x86_64-linux-gnu/libXi.so.6.1.0
7fcb71e9f000-7fcb7209e000 ---p 0000f000 08:05 139354                     /usr/lib/x86_64-linux-gnu/libXi.so.6.1.0
7fcb7209e000-7fcb7209f000 r--p 0000e000 08:05 139354                     /usr/lib/x86_64-linux-gnu/libXi.so.6.1.0
7fcb7209f000-7fcb720a0000 rw-p 0000f000 08:05 139354                     /usr/lib/x86_64-linux-gnu/libXi.so.6.1.0
7fcb720a0000-7fcb720a5000 r-xp 00000000 08:05 139374                     /usr/lib/x86_64-linux-gnu/libXtst.so.6.1.0
7fcb720a5000-7fcb722a4000 ---p 00005000 08:05 139374                     /usr/lib/x86_64-linux-gnu/libXtst.so.6.1.0
7fcb722a4000-7fcb722a5000 r--p 00004000 08:05 139374                     /usr/lib/x86_64-linux-gnu/libXtst.so.6.1.0
7fcb722a5000-7fcb722a6000 rw-p 00005000 08:05 139374                     /usr/lib/x86_64-linux-gnu/libXtst.so.6.1.0
7fcb722a6000-7fcb722af000 r-xp 00000000 08:05 139368                     /usr/lib/x86_64-linux-gnu/libXrender.so.1.3.0
7fcb722af000-7fcb724ae000 ---p 00009000 08:05 139368                     /usr/lib/x86_64-linux-gnu/libXrender.so.1.3.0
7fcb724ae000-7fcb724af000 r--p 00008000 08:05 139368                     /usr/lib/x86_64-linux-gnu/libXrender.so.1.3.0
7fcb724af000-7fcb724b0000 rw-p 00009000 08:05 139368                     /usr/lib/x86_64-linux-gnu/libXrender.so.1.3.0
7fcb724b0000-7fcb725e0000 r-xp 00000000 08:05 139329                     /usr/lib/x86_64-linux-gnu/libX11.so.6.3.0
7fcb725e0000-7fcb727e0000 ---p 00130000 08:05 139329                     /usr/lib/x86_64-linux-gnu/libX11.so.6.3.0
7fcb727e0000-7fcb727e1000 r--p 00130000 08:05 139329                     /usr/lib/x86_64-linux-gnu/libX11.so.6.3.0
7fcb727e1000-7fcb727e5000 rw-p 00131000 08:05 139329                     /usr/lib/x86_64-linux-gnu/libX11.so.6.3.0
7fcb727e5000-7fcb727f6000 r-xp 00000000 08:05 139346                     /usr/lib/x86_64-linux-gnu/libXext.so.6.4.0
7fcb727f6000-7fcb729f5000 ---p 00011000 08:05 139346                     /usr/lib/x86_64-linux-gnu/libXext.so.6.4.0
7fcb729f5000-7fcb729f6000 r--p 00010000 08:05 139346                     /usr/lib/x86_64-linux-gnu/libXext.so.6.4.0
7fcb729f6000-7fcb729f7000 rw-p 00011000 08:05 139346                     /usr/lib/x86_64-linux-gnu/libXext.so.6.4.0
7fcb729f7000-7fcb72a3f000 r-xp 00000000 08:05 4070431                    /usr/lib/jvm/java-7-openjdk-amd64/jre/lib/amd64/xawt/libmawt.so
7fcb72a3f000-7fcb72c3e000 ---p 00048000 08:05 4070431                    /usr/lib/jvm/java-7-openjdk-amd64/jre/lib/amd64/xawt/libmawt.so
7fcb72c3e000-7fcb72c3f000 r--p 00047000 08:05 4070431                    /usr/lib/jvm/java-7-openjdk-amd64/jre/lib/amd64/xawt/libmawt.so
7fcb72c3f000-7fcb72c42000 rw-p 00048000 08:05 4070431                    /usr/lib/jvm/java-7-openjdk-amd64/jre/lib/amd64/xawt/libmawt.so
7fcb72c42000-7fcb72c43000 rw-p 00000000 00:00 0 
7fcb72c43000-7fcb72ce3000 r-xp 00000000 08:05 4070297                    /usr/lib/jvm/java-7-openjdk-amd64/jre/lib/amd64/libawt.so
7fcb72ce3000-7fcb72ee3000 ---p 000a0000 08:05 4070297                    /usr/lib/jvm/java-7-openjdk-amd64/jre/lib/amd64/libawt.so
7fcb72ee3000-7fcb72ee4000 r--p 000a0000 08:05 4070297                    /usr/lib/jvm/java-7-openjdk-amd64/jre/lib/amd64/libawt.so
7fcb72ee4000-7fcb72eef000 rw-p 000a1000 08:05 4070297                    /usr/lib/jvm/java-7-openjdk-amd64/jre/lib/amd64/libawt.so
7fcb72eef000-7fcb72f14000 rw-p 00000000 00:00 0 
7fcb72f14000-7fcb72f15000 ---p 00000000 00:00 0 
7fcb72f15000-7fcb73015000 rw-p 00000000 00:00 0                          [stack:14842]
7fcb73015000-7fcb73018000 ---p 00000000 00:00 0 
7fcb73018000-7fcb73116000 rw-p 00000000 00:00 0                          [stack:14841]
7fcb73116000-7fcb73119000 ---p 00000000 00:00 0 
7fcb73119000-7fcb73217000 rw-p 00000000 00:00 0                          [stack:14840]
7fcb73217000-7fcb7321a000 ---p 00000000 00:00 0 
7fcb7321a000-7fcb73318000 rw-p 00000000 00:00 0                          [stack:14839]
7fcb73318000-7fcb7331b000 ---p 00000000 00:00 0 
7fcb7331b000-7fcb73419000 rw-p 00000000 00:00 0                          [stack:14838]
7fcb73419000-7fcb73afb000 r--p 00000000 08:05 138250                     /usr/lib/locale/locale-archive
7fcb73afb000-7fcb73afe000 ---p 00000000 00:00 0 
7fcb73afe000-7fcb73bfc000 rw-p 00000000 00:00 0                          [stack:14837]
7fcb73bfc000-7fcb73bff000 ---p 00000000 00:00 0 
7fcb73bff000-7fcb73cfd000 rw-p 00000000 00:00 0                          [stack:14836]
7fcb73cfd000-7fcb73cfe000 ---p 00000000 00:00 0 
7fcb73cfe000-7fcb74000000 rw-p 00000000 00:00 0                          [stack:14835]
7fcb74000000-7fcb74021000 rw-p 00000000 00:00 0 
7fcb74021000-7fcb78000000 ---p 00000000 00:00 0 
7fcb78012000-7fcb7801a000 rw-s 00000000 00:04 38076441                   /SYSV00000000 (deleted)
7fcb7801a000-7fcb7804b000 rw-p 00000000 00:00 0 
7fcb7804b000-7fcb78054000 r--s 000b9000 08:05 4070255                    /usr/lib/jvm/java-7-openjdk-amd64/jre/lib/resources.jar
7fcb78054000-7fcb78e4f000 rw-p 00000000 00:00 0 
7fcb78e4f000-7fcb79000000 r--s 01d25000 08:05 4070335                    /usr/lib/jvm/java-7-openjdk-amd64/jre/lib/rt.jar
7fcb79000000-7fcb79270000 rwxp 00000000 00:00 0 
7fcb79270000-7fcb7c2a5000 rw-p 00000000 00:00 0 
7fcb7c2a5000-7fcb80000000 ---p 00000000 00:00 0 
7fcb80000000-7fcb8000a000 r--s 00203000 08:05 4070316                    /usr/lib/jvm/java-7-openjdk-amd64/jre/lib/charsets.jar
7fcb8000a000-7fcb826aa000 rw-p 00000000 00:00 0 
7fcb826aa000-7fcb826ab000 ---p 00000000 00:00 0 
7fcb826ab000-7fcb827ab000 rw-p 00000000 00:00 0                          [stack:14834]
7fcb827ab000-7fcb827ac000 ---p 00000000 00:00 0 
7fcb827ac000-7fcb828ac000 rw-p 00000000 00:00 0                          [stack:14833]
7fcb828ac000-7fcb828ad000 ---p 00000000 00:00 0 
7fcb828ad000-7fcb829ad000 rw-p 00000000 00:00 0                          [stack:14832]
7fcb829ad000-7fcb829ae000 ---p 00000000 00:00 0 
7fcb829ae000-7fcb82ab9000 rw-p 00000000 00:00 0                          [stack:14831]
7fcb82ab9000-7fcb82b01000 rw-p 00000000 00:00 0 
7fcb82b01000-7fcb82b15000 rw-p 00000000 00:00 0 
7fcb82b15000-7fcb82c44000 rw-p 00000000 00:00 0 
7fcb82c44000-7fcb82c4f000 rw-p 00000000 00:00 0 
7fcb82c4f000-7fcb82c97000 rw-p 00000000 00:00 0 
7fcb82c97000-7fcb82cab000 rw-p 00000000 00:00 0 
7fcb82cab000-7fcb82dd9000 rw-p 00000000 00:00 0 
7fcb82dd9000-7fcb82de4000 rw-p 00000000 00:00 0 
7fcb82de4000-7fcb82e7b000 rw-p 00000000 00:00 0 
7fcb82e7b000-7fcb82e7c000 rw-p 00000000 00:00 0 
7fcb82e7c000-7fcb82e84000 r-xp 00000000 08:05 4070264                    /usr/lib/jvm/java-7-openjdk-amd64/jre/lib/amd64/libzip.so
7fcb82e84000-7fcb83083000 ---p 00008000 08:05 4070264                    /usr/lib/jvm/java-7-openjdk-amd64/jre/lib/amd64/libzip.so
7fcb83083000-7fcb83084000 r--p 00007000 08:05 4070264                    /usr/lib/jvm/java-7-openjdk-amd64/jre/lib/amd64/libzip.so
7fcb83084000-7fcb83085000 rw-p 00008000 08:05 4070264                    /usr/lib/jvm/java-7-openjdk-amd64/jre/lib/amd64/libzip.so
7fcb83085000-7fcb83090000 r-xp 00000000 08:05 1321510                    /lib/x86_64-linux-gnu/libnss_files-2.19.so
7fcb83090000-7fcb8328f000 ---p 0000b000 08:05 1321510                    /lib/x86_64-linux-gnu/libnss_files-2.19.so
7fcb8328f000-7fcb83290000 r--p 0000a000 08:05 1321510                    /lib/x86_64-linux-gnu/libnss_files-2.19.so
7fcb83290000-7fcb83291000 rw-p 0000b000 08:05 1321510                    /lib/x86_64-linux-gnu/libnss_files-2.19.so
7fcb83291000-7fcb8329c000 r-xp 00000000 08:05 1321517                    /lib/x86_64-linux-gnu/libnss_nis-2.19.so
7fcb8329c000-7fcb8349b000 ---p 0000b000 08:05 1321517                    /lib/x86_64-linux-gnu/libnss_nis-2.19.so
7fcb8349b000-7fcb8349c000 r--p 0000a000 08:05 1321517                    /lib/x86_64-linux-gnu/libnss_nis-2.19.so
7fcb8349c000-7fcb8349d000 rw-p 0000b000 08:05 1321517                    /lib/x86_64-linux-gnu/libnss_nis-2.19.so
7fcb8349d000-7fcb834b4000 r-xp 00000000 08:05 1321503                    /lib/x86_64-linux-gnu/libnsl-2.19.so
7fcb834b4000-7fcb836b3000 ---p 00017000 08:05 1321503                    /lib/x86_64-linux-gnu/libnsl-2.19.so
7fcb836b3000-7fcb836b4000 r--p 00016000 08:05 1321503                    /lib/x86_64-linux-gnu/libnsl-2.19.so
7fcb836b4000-7fcb836b5000 rw-p 00017000 08:05 1321503                    /lib/x86_64-linux-gnu/libnsl-2.19.so
7fcb836b5000-7fcb836b7000 rw-p 00000000 00:00 0 
7fcb836b7000-7fcb836c0000 r-xp 00000000 08:05 1321514                    /lib/x86_64-linux-gnu/libnss_compat-2.19.so
7fcb836c0000-7fcb838bf000 ---p 00009000 08:05 1321514                    /lib/x86_64-linux-gnu/libnss_compat-2.19.so
7fcb838bf000-7fcb838c0000 r--p 00008000 08:05 1321514                    /lib/x86_64-linux-gnu/libnss_compat-2.19.so
7fcb838c0000-7fcb838c1000 rw-p 00009000 08:05 1321514                    /lib/x86_64-linux-gnu/libnss_compat-2.19.so
7fcb838c1000-7fcb838ec000 r-xp 00000000 08:05 4070271                    /usr/lib/jvm/java-7-openjdk-amd64/jre/lib/amd64/libjava.so
7fcb838ec000-7fcb83aeb000 ---p 0002b000 08:05 4070271                    /usr/lib/jvm/java-7-openjdk-amd64/jre/lib/amd64/libjava.so
7fcb83aeb000-7fcb83aec000 r--p 0002a000 08:05 4070271                    /usr/lib/jvm/java-7-openjdk-amd64/jre/lib/amd64/libjava.so
7fcb83aec000-7fcb83aee000 rw-p 0002b000 08:05 4070271                    /usr/lib/jvm/java-7-openjdk-amd64/jre/lib/amd64/libjava.so
7fcb83aee000-7fcb83afe000 r-xp 00000000 08:05 4070286                    /usr/lib/jvm/java-7-openjdk-amd64/jre/lib/amd64/libverify.so
7fcb83afe000-7fcb83cfd000 ---p 00010000 08:05 4070286                    /usr/lib/jvm/java-7-openjdk-amd64/jre/lib/amd64/libverify.so
7fcb83cfd000-7fcb83cff000 r--p 0000f000 08:05 4070286                    /usr/lib/jvm/java-7-openjdk-amd64/jre/lib/amd64/libverify.so
7fcb83cff000-7fcb83d00000 rw-p 00011000 08:05 4070286                    /usr/lib/jvm/java-7-openjdk-amd64/jre/lib/amd64/libverify.so
7fcb83d00000-7fcb83d07000 r-xp 00000000 08:05 1321520                    /lib/x86_64-linux-gnu/librt-2.19.so
7fcb83d07000-7fcb83f06000 ---p 00007000 08:05 1321520                    /lib/x86_64-linux-gnu/librt-2.19.so
7fcb83f06000-7fcb83f07000 r--p 00006000 08:05 1321520                    /lib/x86_64-linux-gnu/librt-2.19.so
7fcb83f07000-7fcb83f08000 rw-p 00007000 08:05 1321520                    /lib/x86_64-linux-gnu/librt-2.19.so
7fcb83f08000-7fcb83f1e000 r-xp 00000000 08:05 1314726                    /lib/x86_64-linux-gnu/libgcc_s.so.1
7fcb83f1e000-7fcb8411d000 ---p 00016000 08:05 1314726                    /lib/x86_64-linux-gnu/libgcc_s.so.1
7fcb8411d000-7fcb8411e000 rw-p 00015000 08:05 1314726                    /lib/x86_64-linux-gnu/libgcc_s.so.1
7fcb8411e000-7fcb84223000 r-xp 00000000 08:05 1321502                    /lib/x86_64-linux-gnu/libm-2.19.so
7fcb84223000-7fcb84422000 ---p 00105000 08:05 1321502                    /lib/x86_64-linux-gnu/libm-2.19.so
7fcb84422000-7fcb84423000 r--p 00104000 08:05 1321502                    /lib/x86_64-linux-gnu/libm-2.19.so
7fcb84423000-7fcb84424000 rw-p 00105000 08:05 1321502                    /lib/x86_64-linux-gnu/libm-2.19.so
7fcb84424000-7fcb8450a000 r-xp 00000000 08:05 140239                     /usr/lib/x86_64-linux-gnu/libstdc++.so.6.0.19
7fcb8450a000-7fcb84709000 ---p 000e6000 08:05 140239                     /usr/lib/x86_64-linux-gnu/libstdc++.so.6.0.19
7fcb84709000-7fcb84711000 r--p 000e5000 08:05 140239                     /usr/lib/x86_64-linux-gnu/libstdc++.so.6.0.19
7fcb84711000-7fcb84713000 rw-p 000ed000 08:05 140239                     /usr/lib/x86_64-linux-gnu/libstdc++.so.6.0.19
7fcb84713000-7fcb84728000 rw-p 00000000 00:00 0 
7fcb84728000-7fcb8523e000 r-xp 00000000 08:05 4070293                    /usr/lib/jvm/java-7-openjdk-amd64/jre/lib/amd64/server/libjvm.so
7fcb8523e000-7fcb8543d000 ---p 00b16000 08:05 4070293                    /usr/lib/jvm/java-7-openjdk-amd64/jre/lib/amd64/server/libjvm.so
7fcb8543d000-7fcb854d7000 r--p 00b15000 08:05 4070293                    /usr/lib/jvm/java-7-openjdk-amd64/jre/lib/amd64/server/libjvm.so
7fcb854d7000-7fcb854fa000 rw-p 00baf000 08:05 4070293                    /usr/lib/jvm/java-7-openjdk-amd64/jre/lib/amd64/server/libjvm.so
7fcb854fa000-7fcb85528000 rw-p 00000000 00:00 0 
7fcb85528000-7fcb85540000 r-xp 00000000 08:05 1314912                    /lib/x86_64-linux-gnu/libz.so.1.2.8
7fcb85540000-7fcb8573f000 ---p 00018000 08:05 1314912                    /lib/x86_64-linux-gnu/libz.so.1.2.8
7fcb8573f000-7fcb85740000 r--p 00017000 08:05 1314912                    /lib/x86_64-linux-gnu/libz.so.1.2.8
7fcb85740000-7fcb85741000 rw-p 00018000 08:05 1314912                    /lib/x86_64-linux-gnu/libz.so.1.2.8
7fcb85741000-7fcb8575a000 r-xp 00000000 08:05 1321507                    /lib/x86_64-linux-gnu/libpthread-2.19.so
7fcb8575a000-7fcb85959000 ---p 00019000 08:05 1321507                    /lib/x86_64-linux-gnu/libpthread-2.19.so
7fcb85959000-7fcb8595a000 r--p 00018000 08:05 1321507                    /lib/x86_64-linux-gnu/libpthread-2.19.so
7fcb8595a000-7fcb8595b000 rw-p 00019000 08:05 1321507                    /lib/x86_64-linux-gnu/libpthread-2.19.so
7fcb8595b000-7fcb8595f000 rw-p 00000000 00:00 0 
7fcb8595f000-7fcb85962000 r-xp 00000000 08:05 1321512                    /lib/x86_64-linux-gnu/libdl-2.19.so
7fcb85962000-7fcb85b61000 ---p 00003000 08:05 1321512                    /lib/x86_64-linux-gnu/libdl-2.19.so
7fcb85b61000-7fcb85b62000 r--p 00002000 08:05 1321512                    /lib/x86_64-linux-gnu/libdl-2.19.so
7fcb85b62000-7fcb85b63000 rw-p 00003000 08:05 1321512                    /lib/x86_64-linux-gnu/libdl-2.19.so
7fcb85b63000-7fcb85d1e000 r-xp 00000000 08:05 1321518                    /lib/x86_64-linux-gnu/libc-2.19.so
7fcb85d1e000-7fcb85f1e000 ---p 001bb000 08:05 1321518                    /lib/x86_64-linux-gnu/libc-2.19.so
7fcb85f1e000-7fcb85f22000 r--p 001bb000 08:05 1321518                    /lib/x86_64-linux-gnu/libc-2.19.so
7fcb85f22000-7fcb85f24000 rw-p 001bf000 08:05 1321518                    /lib/x86_64-linux-gnu/libc-2.19.so
7fcb85f24000-7fcb85f29000 rw-p 00000000 00:00 0 
7fcb85f29000-7fcb85f36000 r-xp 00000000 08:05 4070269                    /usr/lib/jvm/java-7-openjdk-amd64/jre/lib/amd64/jli/libjli.so
7fcb85f36000-7fcb86135000 ---p 0000d000 08:05 4070269                    /usr/lib/jvm/java-7-openjdk-amd64/jre/lib/amd64/jli/libjli.so
7fcb86135000-7fcb86136000 r--p 0000c000 08:05 4070269                    /usr/lib/jvm/java-7-openjdk-amd64/jre/lib/amd64/jli/libjli.so
7fcb86136000-7fcb86137000 rw-p 0000d000 08:05 4070269                    /usr/lib/jvm/java-7-openjdk-amd64/jre/lib/amd64/jli/libjli.so
7fcb86137000-7fcb8615a000 r-xp 00000000 08:05 1321515                    /lib/x86_64-linux-gnu/ld-2.19.so
7fcb8615b000-7fcb8615f000 r--s 0003c000 08:05 4070331                    /usr/lib/jvm/java-7-openjdk-amd64/jre/lib/ext/sunpkcs11.jar
7fcb8615f000-7fcb86180000 rw-p 00000000 00:00 0 
7fcb86180000-7fcb86236000 rw-p 00000000 00:00 0 
7fcb86236000-7fcb86239000 ---p 00000000 00:00 0 
7fcb86239000-7fcb8633c000 rw-p 00000000 00:00 0                          [stack:14830]
7fcb8633d000-7fcb8633f000 r--s 00006000 08:05 537329                     /usr/share/java/java-atk-wrapper.jar
7fcb8633f000-7fcb86343000 r--s 00085000 08:05 4070332                    /usr/lib/jvm/java-7-openjdk-amd64/jre/lib/ext/localedata.jar
7fcb86343000-7fcb86344000 r--s 00002000 08:05 4070334                    /usr/lib/jvm/java-7-openjdk-amd64/jre/lib/ext/dnsns.jar
7fcb86344000-7fcb86347000 r--s 0000f000 08:05 4070329                    /usr/lib/jvm/java-7-openjdk-amd64/jre/lib/ext/icedtea-sound.jar
7fcb86347000-7fcb86349000 r--s 00012000 08:05 4070330                    /usr/lib/jvm/java-7-openjdk-amd64/jre/lib/ext/zipfs.jar
7fcb86349000-7fcb8634d000 r--s 00034000 08:05 4070333                    /usr/lib/jvm/java-7-openjdk-amd64/jre/lib/ext/sunjce_provider.jar
7fcb8634d000-7fcb86355000 rw-s 00000000 08:05 4072658                    /tmp/hsperfdata_brian/14825
7fcb86355000-7fcb86356000 rw-p 00000000 00:00 0 
7fcb86356000-7fcb86357000 r--p 00000000 00:00 0 
7fcb86357000-7fcb86359000 rw-p 00000000 00:00 0 
7fcb86359000-7fcb8635a000 r--p 00022000 08:05 1321515                    /lib/x86_64-linux-gnu/ld-2.19.so
7fcb8635a000-7fcb8635b000 rw-p 00023000 08:05 1321515                    /lib/x86_64-linux-gnu/ld-2.19.so
7fcb8635b000-7fcb8635c000 rw-p 00000000 00:00 0 
7fff8351c000-7fff8353d000 rw-p 00000000 00:00 0                          [stack]
7fff835dc000-7fff835de000 r-xp 00000000 00:00 0                          [vdso]
ffffffffff600000-ffffffffff601000 r-xp 00000000 00:00 0                  [vsyscall]

VM Arguments:
jvm_args: -Dfile.encoding=UTF-8 
java_command: editor.Editor
Launcher Type: SUN_STANDARD

Environment Variables:
PATH=/usr/local/sbin:/usr/local/bin:/usr/sbin:/usr/bin:/sbin:/bin:/usr/games:/usr/local/games
SHELL=/bin/bash
DISPLAY=:0

Signal Handlers:
SIGSEGV: [libjvm.so+0x9495e0], sa_mask[0]=0x7ffbfeff, sa_flags=0x10000004
SIGBUS: [libjvm.so+0x9495e0], sa_mask[0]=0x7ffbfeff, sa_flags=0x10000004
SIGFPE: [libjvm.so+0x7c3410], sa_mask[0]=0x7ffbfeff, sa_flags=0x10000004
SIGPIPE: [libjvm.so+0x7c3410], sa_mask[0]=0x7ffbfeff, sa_flags=0x10000004
SIGXFSZ: [libjvm.so+0x7c3410], sa_mask[0]=0x7ffbfeff, sa_flags=0x10000004
SIGILL: [libjvm.so+0x7c3410], sa_mask[0]=0x7ffbfeff, sa_flags=0x10000004
SIGUSR1: SIG_DFL, sa_mask[0]=0x00000000, sa_flags=0x00000000
SIGUSR2: [libjvm.so+0x7c32b0], sa_mask[0]=0x00000004, sa_flags=0x10000004
SIGHUP: [libjvm.so+0x7c3490], sa_mask[0]=0x7ffbfeff, sa_flags=0x10000004
SIGINT: [libjvm.so+0x7c3490], sa_mask[0]=0x7ffbfeff, sa_flags=0x10000004
SIGTERM: [libjvm.so+0x7c3490], sa_mask[0]=0x7ffbfeff, sa_flags=0x10000004
SIGQUIT: [libjvm.so+0x7c3490], sa_mask[0]=0x7ffbfeff, sa_flags=0x10000004
SIGTRAP: SIG_DFL, sa_mask[0]=0x00000000, sa_flags=0x00000000


---------------  S Y S T E M  ---------------

OS:Ubuntu 14.04 (trusty)
uname:Linux 3.13.0-43-generic #72-Ubuntu SMP Mon Dec 8 19:35:06 UTC 2014 x86_64
libc:glibc 2.19 NPTL 2.19 
rlimit: STACK 8192k, CORE 0k, NPROC 30765, NOFILE 4096, AS infinity
load average:9.04 3.01 1.72

/proc/meminfo:
MemTotal:        3959572 kB
MemFree:         1618632 kB
Buffers:           91156 kB
Cached:           845680 kB
SwapCached:       209572 kB
Active:           889032 kB
Inactive:        1189404 kB
Active(anon):     723792 kB
Inactive(anon):   740916 kB
Active(file):     165240 kB
Inactive(file):   448488 kB
Unevictable:          16 kB
Mlocked:              16 kB
SwapTotal:       4104188 kB
SwapFree:        3105012 kB
Dirty:               544 kB
Writeback:           164 kB
AnonPages:       1051620 kB
Mapped:            79392 kB
Shmem:            322796 kB
Slab:             165616 kB
SReclaimable:     115636 kB
SUnreclaim:        49980 kB
KernelStack:        4648 kB
PageTables:        27660 kB
NFS_Unstable:          0 kB
Bounce:                0 kB
WritebackTmp:          0 kB
CommitLimit:     6083972 kB
Committed_AS:    5010360 kB
VmallocTotal:   34359738367 kB
VmallocUsed:      456176 kB
VmallocChunk:   34359186476 kB
HardwareCorrupted:     0 kB
AnonHugePages:    153600 kB
HugePages_Total:       0
HugePages_Free:        0
HugePages_Rsvd:        0
HugePages_Surp:        0
Hugepagesize:       2048 kB
DirectMap4k:       78400 kB
DirectMap2M:     4028416 kB


CPU:total 4 (2 cores per cpu, 2 threads per core) family 6 model 42 stepping 7, cmov, cx8, fxsr, mmx, sse, sse2, sse3, ssse3, sse4.1, sse4.2, popcnt, avx, ht, tsc, tscinvbit

/proc/cpuinfo:
processor	: 0
vendor_id	: GenuineIntel
cpu family	: 6
model		: 42
model name	: Intel(R) Core(TM) i5-2410M CPU @ 2.30GHz
stepping	: 7
microcode	: 0x15
cpu MHz		: 2301.000
cache size	: 3072 KB
physical id	: 0
siblings	: 4
core id		: 0
cpu cores	: 2
apicid		: 0
initial apicid	: 0
fpu		: yes
fpu_exception	: yes
cpuid level	: 13
wp		: yes
flags		: fpu vme de pse tsc msr pae mce cx8 apic sep mtrr pge mca cmov pat pse36 clflush dts acpi mmx fxsr sse sse2 ss ht tm pbe syscall nx rdtscp lm constant_tsc arch_perfmon pebs bts nopl xtopology nonstop_tsc aperfmperf eagerfpu pni pclmulqdq dtes64 monitor ds_cpl vmx est tm2 ssse3 cx16 xtpr pdcm pcid sse4_1 sse4_2 x2apic popcnt tsc_deadline_timer xsave avx lahf_lm ida arat epb xsaveopt pln pts dtherm tpr_shadow vnmi flexpriority ept vpid
bogomips	: 4589.79
clflush size	: 64
cache_alignment	: 64
address sizes	: 36 bits physical, 48 bits virtual
power management:

processor	: 1
vendor_id	: GenuineIntel
cpu family	: 6
model		: 42
model name	: Intel(R) Core(TM) i5-2410M CPU @ 2.30GHz
stepping	: 7
microcode	: 0x15
cpu MHz		: 2301.000
cache size	: 3072 KB
physical id	: 0
siblings	: 4
core id		: 0
cpu cores	: 2
apicid		: 1
initial apicid	: 1
fpu		: yes
fpu_exception	: yes
cpuid level	: 13
wp		: yes
flags		: fpu vme de pse tsc msr pae mce cx8 apic sep mtrr pge mca cmov pat pse36 clflush dts acpi mmx fxsr sse sse2 ss ht tm pbe syscall nx rdtscp lm constant_tsc arch_perfmon pebs bts nopl xtopology nonstop_tsc aperfmperf eagerfpu pni pclmulqdq dtes64 monitor ds_cpl vmx est tm2 ssse3 cx16 xtpr pdcm pcid sse4_1 sse4_2 x2apic popcnt tsc_deadline_timer xsave avx lahf_lm ida arat epb xsaveopt pln pts dtherm tpr_shadow vnmi flexpriority ept vpid
bogomips	: 4589.79
clflush size	: 64
cache_alignment	: 64
address sizes	: 36 bits physical, 48 bits virtual
power management:

processor	: 2
vendor_id	: GenuineIntel
cpu family	: 6
model		: 42
model name	: Intel(R) Core(TM) i5-2410M CPU @ 2.30GHz
stepping	: 7
microcode	: 0x15
cpu MHz		: 2301.000
cache size	: 3072 KB
physical id	: 0
siblings	: 4
core id		: 1
cpu cores	: 2
apicid		: 2
initial apicid	: 2
fpu		: yes
fpu_exception	: yes
cpuid level	: 13
wp		: yes
flags		: fpu vme de pse tsc msr pae mce cx8 apic sep mtrr pge mca cmov pat pse36 clflush dts acpi mmx fxsr sse sse2 ss ht tm pbe syscall nx rdtscp lm constant_tsc arch_perfmon pebs bts nopl xtopology nonstop_tsc aperfmperf eagerfpu pni pclmulqdq dtes64 monitor ds_cpl vmx est tm2 ssse3 cx16 xtpr pdcm pcid sse4_1 sse4_2 x2apic popcnt tsc_deadline_timer xsave avx lahf_lm ida arat epb xsaveopt pln pts dtherm tpr_shadow vnmi flexpriority ept vpid
bogomips	: 4589.79
clflush size	: 64
cache_alignment	: 64
address sizes	: 36 bits physical, 48 bits virtual
power management:

processor	: 3
vendor_id	: GenuineIntel
cpu family	: 6
model		: 42
model name	: Intel(R) Core(TM) i5-2410M CPU @ 2.30GHz
stepping	: 7
microcode	: 0x15
cpu MHz		: 2301.000
cache size	: 3072 KB
physical id	: 0
siblings	: 4
core id		: 1
cpu cores	: 2
apicid		: 3
initial apicid	: 3
fpu		: yes
fpu_exception	: yes
cpuid level	: 13
wp		: yes
flags		: fpu vme de pse tsc msr pae mce cx8 apic sep mtrr pge mca cmov pat pse36 clflush dts acpi mmx fxsr sse sse2 ss ht tm pbe syscall nx rdtscp lm constant_tsc arch_perfmon pebs bts nopl xtopology nonstop_tsc aperfmperf eagerfpu pni pclmulqdq dtes64 monitor ds_cpl vmx est tm2 ssse3 cx16 xtpr pdcm pcid sse4_1 sse4_2 x2apic popcnt tsc_deadline_timer xsave avx lahf_lm ida arat epb xsaveopt pln pts dtherm tpr_shadow vnmi flexpriority ept vpid
bogomips	: 4589.79
clflush size	: 64
cache_alignment	: 64
address sizes	: 36 bits physical, 48 bits virtual
power management:



Memory: 4k page, physical 3959572k(1618632k free), swap 4104188k(3105012k free)

vm_info: OpenJDK 64-Bit Server VM (24.65-b04) for linux-amd64 JRE (1.7.0_65-b32), built on Oct 22 2014 04:37:44 by "buildd" with gcc 4.8.2

time: Sat Jan 10 14:17:24 2015
elapsed time: 168063 seconds

