#
# A fatal error has been detected by the Java Runtime Environment:
#
#  SIGSEGV (0xb) at pc=0x00007f8ed905b4ba, pid=14731, tid=140251219040000
#
# JRE version: OpenJDK Runtime Environment (7.0_65-b32) (build 1.7.0_65-b32)
# Java VM: OpenJDK 64-Bit Server VM (24.65-b04 mixed mode linux-amd64 compressed oops)
# Derivative: IcedTea 2.5.3
# Distribution: Ubuntu 14.04 LTS, package 7u71-2.5.3-0ubuntu0.14.04.1
# Problematic frame:
# v  ~BufferBlob::jni_fast_GetLongField
#
# Failed to write core dump. Core dumps have been disabled. To enable core dumping, try "ulimit -c unlimited" before starting Java again
#
# If you would like to submit a bug report, please include
# instructions on how to reproduce the bug and visit:
#   http://icedtea.classpath.org/bugzilla
# The crash happened outside the Java Virtual Machine in native code.
# See problematic frame for where to report the bug.
#

---------------  T H R E A D  ---------------

Current thread (0x00007f8edc1db000):  JavaThread "AWT-XAWT" daemon [_thread_in_native, id=14752, stack(0x00007f8ec8071000,0x00007f8ec8172000)]

siginfo:si_signo=SIGSEGV: si_errno=0, si_code=1 (SEGV_MAPERR), si_addr=0x0000000000000000

Registers:
RAX=0x00007f8ee2a38060, RBX=0x00007f8edc1db1d8, RCX=0x00007f8ee2eaf320, RDX=0x0000000000000042
RSP=0x00007f8ec81707f8, RBP=0x00007f8ec8170820, RSI=0x0000000000000000, RDI=0x00007f8edc1db1d8
R8 =0x0000000000000005, R9 =0x0000000000000000, R10=0x0000000000000034, R11=0x00007f8ee24d9040
R12=0x00007f8e8800a770, R13=0x0000000000000000, R14=0x00007f8ecbffed80, R15=0x00007f8edc1db000
RIP=0x00007f8ed905b4ba, EFLAGS=0x0000000000010246, CSGSFS=0x0000000000000033, ERR=0x0000000000000004
  TRAPNO=0x000000000000000e

Top of Stack: (sp=0x00007f8ec81707f8)
0x00007f8ec81707f8:   00007f8ecbdd06f4 00000000b95e7018
0x00007f8ec8170808:   00007f8e8800a770 00000000b95e7018
0x00007f8ec8170818:   00007f8ec8170910 0000000000000000
0x00007f8ec8170828:   00007f8ecb8ceae8 00000000b95e7018
0x00007f8ec8170838:   00007f8ec8170860 0000000000000000
0x00007f8ec8170848:   00007f8ecb8c69a3 00000000b95e7018
0x00007f8ec8170858:   00007f8ecbdc520f 00007f8ec81708d8
0x00007f8ec8170868:   00007f8ed9012d98 0000000000000000
0x00007f8ec8170878:   00000000ebe3d980 00000000ebe3f0d8
0x00007f8ec8170888:   00007f8ec8170888 00000000b99d69de
0x00007f8ec8170898:   00007f8ec8170898 0000000000000000
0x00007f8ec81708a8:   00007f8ec8170910 00000000b95ed1a0
0x00007f8ec81708b8:   0000000000000000 00000000b95e7018
0x00007f8ec81708c8:   0000000000000000 00007f8ec8170920
0x00007f8ec81708d8:   0000000000000000 00007f8ed90bbf80
0x00007f8ec81708e8:   00000000ebdd59c8 00007f8ed900ecc0
0x00007f8ec81708f8:   0000000000000000 0000000000000001
0x00007f8ec8170908:   00007f8e90000fa0 0000000000000000
0x00007f8ec8170918:   00007f8ed90bbf80 00000002ebdca8f0
0x00007f8ec8170928:   0000000500000000 00000000ebe0d5d0
0x00007f8ec8170938:   0000000000000000 00007f8e90000fa0
0x00007f8ec8170948:   00000000ebd0fa68 00007f8e90000fa0
0x00007f8ec8170958:   00000000ebe3d980 00007f8e90000fa0
0x00007f8ec8170968:   00007f8e90000fa0 0000000000000001
0x00007f8ec8170978:   0000000000000000 00007f8ec81709e0
0x00007f8ec8170988:   00007f8ed9006058 deaddeaf00000000
0x00007f8ec8170998:   00000000ebe0d5d0 00007f8ec81709a0
0x00007f8ec81709a8:   00000000b97307f5 00007f8ec81709f0
0x00007f8ec81709b8:   00000000b973d840 0000000000000000
0x00007f8ec81709c8:   00000000b9730810 00007f8ec8170990
0x00007f8ec81709d8:   00007f8ec81709f0 00007f8ec8170a38
0x00007f8ec81709e8:   00007f8ed9006706 00000000ebe0d5d0 

Instructions: (pc=0x00007f8ed905b4ba)
0x00007f8ed905b49a:   00 00 00 00 00 00 44 8b 15 3d 73 a0 09 4c 8b ce
0x00007f8ed905b4aa:   41 f6 c2 01 0f 85 2e 00 00 00 4d 33 ca 4d 33 ca
0x00007f8ed905b4ba:   4d 8b 09 4c 8b da 49 c1 eb 02 4b 8b 04 19 49 bb
0x00007f8ed905b4ca:   e4 27 a6 e2 8e 7f 00 00 4c 33 d8 4c 33 d8 45 3b 

Register to memory mapping:

RAX=0x00007f8ee2a38060: <offset 0xdbb060> in /usr/lib/jvm/java-7-openjdk-amd64/jre/lib/amd64/server/libjvm.so at 0x00007f8ee1c7d000
RBX=0x00007f8edc1db1d8 is an unknown value
RCX=0x00007f8ee2eaf320: <offset 0x219320> in /lib/x86_64-linux-gnu/libpthread.so.0 at 0x00007f8ee2c96000
RDX=0x0000000000000042 is an unknown value
RSP=0x00007f8ec81707f8 is pointing into the stack for thread: 0x00007f8edc1db000
RBP=0x00007f8ec8170820 is pointing into the stack for thread: 0x00007f8edc1db000
RSI=0x0000000000000000 is an unknown value
RDI=0x00007f8edc1db1d8 is an unknown value
R8 =0x0000000000000005 is an unknown value
R9 =0x0000000000000000 is an unknown value
R10=0x0000000000000034 is an unknown value
R11=0x00007f8ee24d9040: <offset 0x85c040> in /usr/lib/jvm/java-7-openjdk-amd64/jre/lib/amd64/server/libjvm.so at 0x00007f8ee1c7d000
R12=0x00007f8e8800a770 is an unknown value
R13=0x0000000000000000 is an unknown value
R14=0x00007f8ecbffed80: <offset 0x24ad80> in /usr/lib/jvm/java-7-openjdk-amd64/jre/lib/amd64/xawt/libmawt.so at 0x00007f8ecbdb4000
R15=0x00007f8edc1db000 is a thread


Stack: [0x00007f8ec8071000,0x00007f8ec8172000],  sp=0x00007f8ec81707f8,  free space=1021k
Native frames: (J=compiled Java code, j=interpreted, Vv=VM code, C=native code)
v  ~BufferBlob::jni_fast_GetLongField

Java frames: (J=compiled Java code, j=interpreted, Vv=VM code)
j  sun.awt.X11.XlibWrapper.XFilterEvent(JJ)Z+0
J 81% C2 sun.awt.X11.XToolkit.run(Z)V (410 bytes) @ 0x00007f8ed90bbf80 [0x00007f8ed90bb700+0x880]
j  sun.awt.X11.XToolkit.run()V+5
j  java.lang.Thread.run()V+11
v  ~StubRoutines::call_stub

---------------  P R O C E S S  ---------------

Java Threads: ( => current thread )
  0x00007f8edc00a000 JavaThread "DestroyJavaVM" [_thread_blocked, id=14738, stack(0x00007f8ee378b000,0x00007f8ee388c000)]
  0x00007f8edc280000 JavaThread "AWT-EventQueue-0" [_thread_blocked, id=14754, stack(0x00007f8ea1fde000,0x00007f8ea20df000)]
  0x00007f8edc22b800 JavaThread "AWT-Shutdown" [_thread_blocked, id=14753, stack(0x00007f8ea275d000,0x00007f8ea285e000)]
=>0x00007f8edc1db000 JavaThread "AWT-XAWT" daemon [_thread_in_native, id=14752, stack(0x00007f8ec8071000,0x00007f8ec8172000)]
  0x00007f8edc1b6000 JavaThread "Java2D Disposer" daemon [_thread_blocked, id=14751, stack(0x00007f8ed00cb000,0x00007f8ed01cc000)]
  0x00007f8edc0ae800 JavaThread "Service Thread" daemon [_thread_blocked, id=14749, stack(0x00007f8ed059e000,0x00007f8ed069f000)]
  0x00007f8edc0ac000 JavaThread "C2 CompilerThread1" daemon [_thread_blocked, id=14748, stack(0x00007f8ed069f000,0x00007f8ed07a0000)]
  0x00007f8edc0a9000 JavaThread "C2 CompilerThread0" daemon [_thread_blocked, id=14747, stack(0x00007f8ed07a0000,0x00007f8ed08a1000)]
  0x00007f8edc0a7000 JavaThread "Signal Dispatcher" daemon [_thread_blocked, id=14746, stack(0x00007f8ed08a1000,0x00007f8ed09a2000)]
  0x00007f8edc07b800 JavaThread "Finalizer" daemon [_thread_blocked, id=14745, stack(0x00007f8ed1084000,0x00007f8ed1185000)]
  0x00007f8edc079800 JavaThread "Reference Handler" daemon [_thread_blocked, id=14744, stack(0x00007f8ed1185000,0x00007f8ed1286000)]

Other Threads:
  0x00007f8edc075000 VMThread [stack: 0x00007f8ed1286000,0x00007f8ed1387000] [id=14743]
  0x00007f8edc0b9000 WatcherThread [stack: 0x00007f8ed049d000,0x00007f8ed059e000] [id=14750]

VM state:not at safepoint (normal execution)

VM Mutex/Monitor currently owned by a thread: None

Heap
 PSYoungGen      total 18432K, used 8270K [0x00000000ebd00000, 0x00000000ed180000, 0x0000000100000000)
  eden space 15872K, 52% used [0x00000000ebd00000,0x00000000ec513a10,0x00000000ecc80000)
  from space 2560K, 0% used [0x00000000ecf00000,0x00000000ecf00000,0x00000000ed180000)
  to   space 2560K, 0% used [0x00000000ecc80000,0x00000000ecc80000,0x00000000ecf00000)
 ParOldGen       total 40960K, used 0K [0x00000000c3800000, 0x00000000c6000000, 0x00000000ebd00000)
  object space 40960K, 0% used [0x00000000c3800000,0x00000000c3800000,0x00000000c6000000)
 PSPermGen       total 21504K, used 11219K [0x00000000b9200000, 0x00000000ba700000, 0x00000000c3800000)
  object space 21504K, 52% used [0x00000000b9200000,0x00000000b9cf4fe0,0x00000000ba700000)

Card table byte_map: [0x00007f8ee0199000,0x00007f8ee03d1000] byte_map_base: 0x00007f8edfbd0000

Polling page: 0x00007f8ee38ab000

Code Cache  [0x00007f8ed9000000, 0x00007f8ed9270000, 0x00007f8edc000000)
 total_blobs=533 nmethods=82 adapters=404 free_code_cache=48400Kb largest_free_block=49523264

Compilation events (10 events):
Event: 23643.554 Thread 0x00007f8edc0ac000   78   !         sun.awt.X11.XToolkit::windowToXWindow (27 bytes)
Event: 23643.737 Thread 0x00007f8edc0a9000   79             java.util.TreeMap::get (19 bytes)
Event: 23644.101 Thread 0x00007f8edc0a9000 nmethod 79 0x00007f8ed909ac10 code [0x00007f8ed909ad60, 0x00007f8ed909aeb8]
Event: 23644.121 Thread 0x00007f8edc0ac000 nmethod 78 0x00007f8ed90979d0 code [0x00007f8ed9097b40, 0x00007f8ed9098098]
Event: 68196.253 Thread 0x00007f8edc0a9000   80             sun.awt.X11.XWrapperBase::<init> (5 bytes)
Event: 68196.386 Thread 0x00007f8edc0a9000 nmethod 80 0x00007f8ed9090bd0 code [0x00007f8ed9090d00, 0x00007f8ed9090d58]
Event: 68707.560 Thread 0x00007f8edc0ac000   81 % !         sun.awt.X11.XToolkit::run @ 59 (410 bytes)
Event: 68714.378 Thread 0x00007f8edc0ac000 nmethod 81% 0x00007f8ed90bad50 code [0x00007f8ed90bb700, 0x00007f8ed90bf478]
Event: 159775.335 Thread 0x00007f8edc0a9000   82             sun.awt.X11.XAnyEvent::get_window (20 bytes)
Event: 159775.822 Thread 0x00007f8edc0a9000 nmethod 82 0x00007f8ed9099cd0 code [0x00007f8ed9099e60, 0x00007f8ed909a098]

GC Heap History (0 events):
No events

Deoptimization events (10 events):
Event: 2.770 Thread 0x00007f8edc00a000 Uncommon trap: reason=class_check action=maybe_recompile pc=0x00007f8ed907d1b8 method=java.util.Properties$LineReader.readLine()I @ 62
Event: 2.773 Thread 0x00007f8edc00a000 Uncommon trap: reason=class_check action=maybe_recompile pc=0x00007f8ed907d1b8 method=java.util.Properties$LineReader.readLine()I @ 62
Event: 2.776 Thread 0x00007f8edc00a000 Uncommon trap: reason=class_check action=maybe_recompile pc=0x00007f8ed907d1b8 method=java.util.Properties$LineReader.readLine()I @ 62
Event: 2.777 Thread 0x00007f8edc00a000 Uncommon trap: reason=class_check action=maybe_recompile pc=0x00007f8ed907d1b8 method=java.util.Properties$LineReader.readLine()I @ 62
Event: 2.872 Thread 0x00007f8edc00a000 Uncommon trap: reason=class_check action=maybe_recompile pc=0x00007f8ed907c854 method=java.lang.String.equals(Ljava/lang/Object;)Z @ 8
Event: 2.882 Thread 0x00007f8edc00a000 Uncommon trap: reason=class_check action=maybe_recompile pc=0x00007f8ed907c854 method=java.lang.String.equals(Ljava/lang/Object;)Z @ 8
Event: 2.883 Thread 0x00007f8edc00a000 Uncommon trap: reason=class_check action=maybe_recompile pc=0x00007f8ed907c854 method=java.lang.String.equals(Ljava/lang/Object;)Z @ 8
Event: 2.883 Thread 0x00007f8edc00a000 Uncommon trap: reason=class_check action=maybe_recompile pc=0x00007f8ed907c854 method=java.lang.String.equals(Ljava/lang/Object;)Z @ 8
Event: 13.426 Thread 0x00007f8edc1db000 Uncommon trap: reason=unreached action=reinterpret pc=0x00007f8ed909e390 method=sun.awt.X11.XWindow.handleMotionNotify(Lsun/awt/X11/XEvent;)V @ 145
Event: 68196.131 Thread 0x00007f8edc1db000 Uncommon trap: reason=null_check action=make_not_entrant pc=0x00007f8ed90b2b08 method=sun.awt.X11.XToolkit.dispatchEvent(Lsun/awt/X11/XEvent;)V @ 99

Internal exceptions (10 events):
Event: 2.287 Thread 0x00007f8edc00a000 Threw 0x00000000ebed18e8 at /build/buildd/openjdk-7-7u71-2.5.3/build/openjdk/hotspot/src/share/vm/prims/jvm.cpp:1284
Event: 2.316 Thread 0x00007f8edc00a000 Threw 0x00000000ebed45a8 at /build/buildd/openjdk-7-7u71-2.5.3/build/openjdk/hotspot/src/share/vm/prims/jvm.cpp:1284
Event: 2.355 Thread 0x00007f8edc00a000 Threw 0x00000000ebedd228 at /build/buildd/openjdk-7-7u71-2.5.3/build/openjdk/hotspot/src/share/vm/prims/jvm.cpp:1284
Event: 2.442 Thread 0x00007f8edc00a000 Threw 0x00000000ebee3758 at /build/buildd/openjdk-7-7u71-2.5.3/build/openjdk/hotspot/src/share/vm/prims/jvm.cpp:1284
Event: 3.564 Thread 0x00007f8edc280000 Threw 0x00000000ec034098 at /build/buildd/openjdk-7-7u71-2.5.3/build/openjdk/hotspot/src/share/vm/prims/jni.cpp:747
Event: 5.802 Thread 0x00007f8edc280000 Threw 0x00000000ec15dd58 at /build/buildd/openjdk-7-7u71-2.5.3/build/openjdk/hotspot/src/share/vm/prims/jni.cpp:747
Event: 9.725 Thread 0x00007f8edc280000 Threw 0x00000000ec233f40 at /build/buildd/openjdk-7-7u71-2.5.3/build/openjdk/hotspot/src/share/vm/prims/jni.cpp:747
Event: 13.609 Thread 0x00007f8edc280000 Threw 0x00000000ec35faa8 at /build/buildd/openjdk-7-7u71-2.5.3/build/openjdk/hotspot/src/share/vm/prims/jni.cpp:747
Event: 15.306 Thread 0x00007f8edc280000 Threw 0x00000000ec3c3d58 at /build/buildd/openjdk-7-7u71-2.5.3/build/openjdk/hotspot/src/share/vm/prims/jni.cpp:747
Event: 68196.068 Thread 0x00007f8edc1db000 Implicit null exception at 0x00007f8ed90aff53 to 0x00007f8ed90b2aed

Events (10 events):
Event: 15.222 Executing VM operation: RevokeBias done
Event: 68190.823 loading class 0x00007f8ea40050a0
Event: 68195.172 loading class 0x00007f8ea40050a0 done
Event: 68195.448 loading class 0x00007f8ea40062e0
Event: 68195.665 loading class 0x00007f8ea40062e0 done
Event: 68196.068 Thread 0x00007f8edc1db000 Uncommon trap: trap_request=0xfffffff4 fr.pc=0x00007f8ed90b2b08
Event: 68196.150 Thread 0x00007f8edc1db000 DEOPT PACKING pc=0x00007f8ed90b2b08 sp=0x00007f8ec8170900
Event: 68196.184 Thread 0x00007f8edc1db000 DEOPT UNPACKING pc=0x00007f8ed9039445 sp=0x00007f8ec8170860 mode 2
Event: 168098.272 loading class 0x00007f8edc172710
Event: 168100.451 loading class 0x00007f8edc172710 done


Dynamic libraries:
00400000-00401000 r-xp 00000000 08:05 4070366                            /usr/lib/jvm/java-7-openjdk-amd64/jre/bin/java
00600000-00601000 r--p 00000000 08:05 4070366                            /usr/lib/jvm/java-7-openjdk-amd64/jre/bin/java
00601000-00602000 rw-p 00001000 08:05 4070366                            /usr/lib/jvm/java-7-openjdk-amd64/jre/bin/java
008fe000-0091f000 rw-p 00000000 00:00 0                                  [heap]
b9200000-ba700000 rw-p 00000000 00:00 0 
ba700000-c3800000 rw-p 00000000 00:00 0 
c3800000-c6000000 rw-p 00000000 00:00 0 
c6000000-ebd00000 rw-p 00000000 00:00 0 
ebd00000-ed180000 rw-p 00000000 00:00 0 
ed180000-100000000 rw-p 00000000 00:00 0 
7f8e88000000-7f8e8803d000 rw-p 00000000 00:00 0 
7f8e8803d000-7f8e8c000000 ---p 00000000 00:00 0 
7f8e8c000000-7f8e8c021000 rw-p 00000000 00:00 0 
7f8e8c021000-7f8e90000000 ---p 00000000 00:00 0 
7f8e90000000-7f8e90021000 rw-p 00000000 00:00 0 
7f8e90021000-7f8e94000000 ---p 00000000 00:00 0 
7f8e94000000-7f8e94021000 rw-p 00000000 00:00 0 
7f8e94021000-7f8e98000000 ---p 00000000 00:00 0 
7f8e98000000-7f8e98021000 rw-p 00000000 00:00 0 
7f8e98021000-7f8e9c000000 ---p 00000000 00:00 0 
7f8e9c000000-7f8e9c021000 rw-p 00000000 00:00 0 
7f8e9c021000-7f8ea0000000 ---p 00000000 00:00 0 
7f8ea1edd000-7f8ea1ee0000 ---p 00000000 00:00 0 
7f8ea1ee0000-7f8ea1fde000 rw-p 00000000 00:00 0 
7f8ea1fde000-7f8ea1fe1000 ---p 00000000 00:00 0 
7f8ea1fe1000-7f8ea20df000 rw-p 00000000 00:00 0                          [stack:14754]
7f8ea20df000-7f8ea20ef000 r-xp 00000000 08:05 4070287                    /usr/lib/jvm/java-7-openjdk-amd64/jre/lib/amd64/libnio.so
7f8ea20ef000-7f8ea22ef000 ---p 00010000 08:05 4070287                    /usr/lib/jvm/java-7-openjdk-amd64/jre/lib/amd64/libnio.so
7f8ea22ef000-7f8ea22f0000 r--p 00010000 08:05 4070287                    /usr/lib/jvm/java-7-openjdk-amd64/jre/lib/amd64/libnio.so
7f8ea22f0000-7f8ea22f1000 rw-p 00011000 08:05 4070287                    /usr/lib/jvm/java-7-openjdk-amd64/jre/lib/amd64/libnio.so
7f8ea22f1000-7f8ea2308000 r-xp 00000000 08:05 4070272                    /usr/lib/jvm/java-7-openjdk-amd64/jre/lib/amd64/libnet.so
7f8ea2308000-7f8ea2507000 ---p 00017000 08:05 4070272                    /usr/lib/jvm/java-7-openjdk-amd64/jre/lib/amd64/libnet.so
7f8ea2507000-7f8ea2508000 r--p 00016000 08:05 4070272                    /usr/lib/jvm/java-7-openjdk-amd64/jre/lib/amd64/libnet.so
7f8ea2508000-7f8ea2509000 rw-p 00017000 08:05 4070272                    /usr/lib/jvm/java-7-openjdk-amd64/jre/lib/amd64/libnet.so
7f8ea2509000-7f8ea255a000 r-xp 00000000 08:05 4070273                    /usr/lib/jvm/java-7-openjdk-amd64/jre/lib/amd64/libfontmanager.so
7f8ea255a000-7f8ea2759000 ---p 00051000 08:05 4070273                    /usr/lib/jvm/java-7-openjdk-amd64/jre/lib/amd64/libfontmanager.so
7f8ea2759000-7f8ea275c000 r--p 00050000 08:05 4070273                    /usr/lib/jvm/java-7-openjdk-amd64/jre/lib/amd64/libfontmanager.so
7f8ea275c000-7f8ea275d000 rw-p 00053000 08:05 4070273                    /usr/lib/jvm/java-7-openjdk-amd64/jre/lib/amd64/libfontmanager.so
7f8ea275d000-7f8ea2760000 ---p 00000000 00:00 0 
7f8ea2760000-7f8ea285e000 rw-p 00000000 00:00 0                          [stack:14753]
7f8ea285e000-7f8ea2863000 r-xp 00000000 08:05 139348                     /usr/lib/x86_64-linux-gnu/libXfixes.so.3.1.0
7f8ea2863000-7f8ea2a62000 ---p 00005000 08:05 139348                     /usr/lib/x86_64-linux-gnu/libXfixes.so.3.1.0
7f8ea2a62000-7f8ea2a63000 r--p 00004000 08:05 139348                     /usr/lib/x86_64-linux-gnu/libXfixes.so.3.1.0
7f8ea2a63000-7f8ea2a64000 rw-p 00005000 08:05 139348                     /usr/lib/x86_64-linux-gnu/libXfixes.so.3.1.0
7f8ea2a64000-7f8ea2a6d000 r-xp 00000000 08:05 139340                     /usr/lib/x86_64-linux-gnu/libXcursor.so.1.0.2
7f8ea2a6d000-7f8ea2c6c000 ---p 00009000 08:05 139340                     /usr/lib/x86_64-linux-gnu/libXcursor.so.1.0.2
7f8ea2c6c000-7f8ea2c6d000 r--p 00008000 08:05 139340                     /usr/lib/x86_64-linux-gnu/libXcursor.so.1.0.2
7f8ea2c6d000-7f8ea2c6e000 rw-p 00009000 08:05 139340                     /usr/lib/x86_64-linux-gnu/libXcursor.so.1.0.2
7f8ea2c6e000-7f8ea2c72000 r-xp 00000000 08:05 1314782                    /lib/x86_64-linux-gnu/libgpg-error.so.0.10.0
7f8ea2c72000-7f8ea2e71000 ---p 00004000 08:05 1314782                    /lib/x86_64-linux-gnu/libgpg-error.so.0.10.0
7f8ea2e71000-7f8ea2e72000 r--p 00003000 08:05 1314782                    /lib/x86_64-linux-gnu/libgpg-error.so.0.10.0
7f8ea2e72000-7f8ea2e73000 rw-p 00004000 08:05 1314782                    /lib/x86_64-linux-gnu/libgpg-error.so.0.10.0
7f8ea2e73000-7f8ea2e75000 r-xp 00000000 08:05 1314792                    /lib/x86_64-linux-gnu/libkeyutils.so.1.4
7f8ea2e75000-7f8ea3075000 ---p 00002000 08:05 1314792                    /lib/x86_64-linux-gnu/libkeyutils.so.1.4
7f8ea3075000-7f8ea3076000 r--p 00002000 08:05 1314792                    /lib/x86_64-linux-gnu/libkeyutils.so.1.4
7f8ea3076000-7f8ea3077000 rw-p 00003000 08:05 1314792                    /lib/x86_64-linux-gnu/libkeyutils.so.1.4
7f8ea3077000-7f8ea30b4000 r-xp 00000000 08:05 1314852                    /lib/x86_64-linux-gnu/libpcre.so.3.13.1
7f8ea30b4000-7f8ea32b3000 ---p 0003d000 08:05 1314852                    /lib/x86_64-linux-gnu/libpcre.so.3.13.1
7f8ea32b3000-7f8ea32b4000 r--p 0003c000 08:05 1314852                    /lib/x86_64-linux-gnu/libpcre.so.3.13.1
7f8ea32b4000-7f8ea32b5000 rw-p 0003d000 08:05 1314852                    /lib/x86_64-linux-gnu/libpcre.so.3.13.1
7f8ea32b5000-7f8ea32da000 r-xp 00000000 08:05 1314864                    /lib/x86_64-linux-gnu/libpng12.so.0.50.0
7f8ea32da000-7f8ea34d9000 ---p 00025000 08:05 1314864                    /lib/x86_64-linux-gnu/libpng12.so.0.50.0
7f8ea34d9000-7f8ea34da000 r--p 00024000 08:05 1314864                    /lib/x86_64-linux-gnu/libpng12.so.0.50.0
7f8ea34da000-7f8ea34db000 rw-p 00025000 08:05 1314864                    /lib/x86_64-linux-gnu/libpng12.so.0.50.0
7f8ea34db000-7f8ea351f000 r-xp 00000000 08:05 1314802                    /lib/x86_64-linux-gnu/libdbus-1.so.3.7.6
7f8ea351f000-7f8ea371e000 ---p 00044000 08:05 1314802                    /lib/x86_64-linux-gnu/libdbus-1.so.3.7.6
7f8ea371e000-7f8ea371f000 r--p 00043000 08:05 1314802                    /lib/x86_64-linux-gnu/libdbus-1.so.3.7.6
7f8ea371f000-7f8ea3720000 rw-p 00044000 08:05 1314802                    /lib/x86_64-linux-gnu/libdbus-1.so.3.7.6
7f8ea3720000-7f8ea375b000 r-xp 00000000 08:05 140060                     /usr/lib/x86_64-linux-gnu/libp11-kit.so.0.0.0
7f8ea375b000-7f8ea395a000 ---p 0003b000 08:05 140060                     /usr/lib/x86_64-linux-gnu/libp11-kit.so.0.0.0
7f8ea395a000-7f8ea3960000 r--p 0003a000 08:05 140060                     /usr/lib/x86_64-linux-gnu/libp11-kit.so.0.0.0
7f8ea3960000-7f8ea3962000 rw-p 00040000 08:05 140060                     /usr/lib/x86_64-linux-gnu/libp11-kit.so.0.0.0
7f8ea3962000-7f8ea3974000 r-xp 00000000 08:05 140245                     /usr/lib/x86_64-linux-gnu/libtasn1.so.6.2.0
7f8ea3974000-7f8ea3b74000 ---p 00012000 08:05 140245                     /usr/lib/x86_64-linux-gnu/libtasn1.so.6.2.0
7f8ea3b74000-7f8ea3b75000 r--p 00012000 08:05 140245                     /usr/lib/x86_64-linux-gnu/libtasn1.so.6.2.0
7f8ea3b75000-7f8ea3b76000 rw-p 00013000 08:05 140245                     /usr/lib/x86_64-linux-gnu/libtasn1.so.6.2.0
7f8ea3b76000-7f8ea3bf2000 r-xp 00000000 08:05 1314767                    /lib/x86_64-linux-gnu/libgcrypt.so.11.8.2
7f8ea3bf2000-7f8ea3df1000 ---p 0007c000 08:05 1314767                    /lib/x86_64-linux-gnu/libgcrypt.so.11.8.2
7f8ea3df1000-7f8ea3df2000 r--p 0007b000 08:05 1314767                    /lib/x86_64-linux-gnu/libgcrypt.so.11.8.2
7f8ea3df2000-7f8ea3df5000 rw-p 0007c000 08:05 1314767                    /lib/x86_64-linux-gnu/libgcrypt.so.11.8.2
7f8ea3df5000-7f8ea3dff000 r-xp 00000000 08:05 133140                     /usr/lib/x86_64-linux-gnu/libkrb5support.so.0.1
7f8ea3dff000-7f8ea3ffe000 ---p 0000a000 08:05 133140                     /usr/lib/x86_64-linux-gnu/libkrb5support.so.0.1
7f8ea3ffe000-7f8ea3fff000 r--p 00009000 08:05 133140                     /usr/lib/x86_64-linux-gnu/libkrb5support.so.0.1
7f8ea3fff000-7f8ea4000000 rw-p 0000a000 08:05 133140                     /usr/lib/x86_64-linux-gnu/libkrb5support.so.0.1
7f8ea4000000-7f8ea4aa3000 rw-p 00000000 00:00 0 
7f8ea4aa3000-7f8ea8000000 ---p 00000000 00:00 0 
7f8ea8000000-7f8ea8021000 rw-p 00000000 00:00 0 
7f8ea8021000-7f8eac000000 ---p 00000000 00:00 0 
7f8eac000000-7f8eac021000 rw-p 00000000 00:00 0 
7f8eac021000-7f8eb0000000 ---p 00000000 00:00 0 
7f8eb0000000-7f8eb0843000 rw-p 00000000 00:00 0 
7f8eb0843000-7f8eb4000000 ---p 00000000 00:00 0 
7f8eb4000000-7f8eb4021000 rw-p 00000000 00:00 0 
7f8eb4021000-7f8eb8000000 ---p 00000000 00:00 0 
7f8eb8000000-7f8eb8021000 rw-p 00000000 00:00 0 
7f8eb8021000-7f8ebc000000 ---p 00000000 00:00 0 
7f8ebc000000-7f8ebc021000 rw-p 00000000 00:00 0 
7f8ebc021000-7f8ec0000000 ---p 00000000 00:00 0 
7f8ec0000000-7f8ec0021000 rw-p 00000000 00:00 0 
7f8ec0021000-7f8ec4000000 ---p 00000000 00:00 0 
7f8ec4000000-7f8ec4021000 rw-p 00000000 00:00 0 
7f8ec4021000-7f8ec8000000 ---p 00000000 00:00 0 
7f8ec8071000-7f8ec8074000 ---p 00000000 00:00 0 
7f8ec8074000-7f8ec8172000 rw-p 00000000 00:00 0                          [stack:14752]
7f8ec8172000-7f8ec8175000 r-xp 00000000 08:05 1314758                    /lib/x86_64-linux-gnu/libcom_err.so.2.1
7f8ec8175000-7f8ec8374000 ---p 00003000 08:05 1314758                    /lib/x86_64-linux-gnu/libcom_err.so.2.1
7f8ec8374000-7f8ec8375000 r--p 00002000 08:05 1314758                    /lib/x86_64-linux-gnu/libcom_err.so.2.1
7f8ec8375000-7f8ec8376000 rw-p 00003000 08:05 1314758                    /lib/x86_64-linux-gnu/libcom_err.so.2.1
7f8ec8376000-7f8ec83a2000 r-xp 00000000 08:05 133134                     /usr/lib/x86_64-linux-gnu/libk5crypto.so.3.1
7f8ec83a2000-7f8ec85a1000 ---p 0002c000 08:05 133134                     /usr/lib/x86_64-linux-gnu/libk5crypto.so.3.1
7f8ec85a1000-7f8ec85a3000 r--p 0002b000 08:05 133134                     /usr/lib/x86_64-linux-gnu/libk5crypto.so.3.1
7f8ec85a3000-7f8ec85a4000 rw-p 0002d000 08:05 133134                     /usr/lib/x86_64-linux-gnu/libk5crypto.so.3.1
7f8ec85a4000-7f8ec85a5000 rw-p 00000000 00:00 0 
7f8ec85a5000-7f8ec8661000 r-xp 00000000 08:05 133138                     /usr/lib/x86_64-linux-gnu/libkrb5.so.3.3
7f8ec8661000-7f8ec8861000 ---p 000bc000 08:05 133138                     /usr/lib/x86_64-linux-gnu/libkrb5.so.3.3
7f8ec8861000-7f8ec886e000 r--p 000bc000 08:05 133138                     /usr/lib/x86_64-linux-gnu/libkrb5.so.3.3
7f8ec886e000-7f8ec8870000 rw-p 000c9000 08:05 133138                     /usr/lib/x86_64-linux-gnu/libkrb5.so.3.3
7f8ec8870000-7f8ec8875000 r-xp 00000000 08:05 139344                     /usr/lib/x86_64-linux-gnu/libXdmcp.so.6.0.0
7f8ec8875000-7f8ec8a74000 ---p 00005000 08:05 139344                     /usr/lib/x86_64-linux-gnu/libXdmcp.so.6.0.0
7f8ec8a74000-7f8ec8a75000 r--p 00004000 08:05 139344                     /usr/lib/x86_64-linux-gnu/libXdmcp.so.6.0.0
7f8ec8a75000-7f8ec8a76000 rw-p 00005000 08:05 139344                     /usr/lib/x86_64-linux-gnu/libXdmcp.so.6.0.0
7f8ec8a76000-7f8ec8a78000 r-xp 00000000 08:05 139333                     /usr/lib/x86_64-linux-gnu/libXau.so.6.0.0
7f8ec8a78000-7f8ec8c78000 ---p 00002000 08:05 139333                     /usr/lib/x86_64-linux-gnu/libXau.so.6.0.0
7f8ec8c78000-7f8ec8c79000 r--p 00002000 08:05 139333                     /usr/lib/x86_64-linux-gnu/libXau.so.6.0.0
7f8ec8c79000-7f8ec8c7a000 rw-p 00003000 08:05 139333                     /usr/lib/x86_64-linux-gnu/libXau.so.6.0.0
7f8ec8c7a000-7f8ec8c81000 r-xp 00000000 08:05 139611                     /usr/lib/x86_64-linux-gnu/libffi.so.6.0.1
7f8ec8c81000-7f8ec8e80000 ---p 00007000 08:05 139611                     /usr/lib/x86_64-linux-gnu/libffi.so.6.0.1
7f8ec8e80000-7f8ec8e81000 r--p 00006000 08:05 139611                     /usr/lib/x86_64-linux-gnu/libffi.so.6.0.1
7f8ec8e81000-7f8ec8e82000 rw-p 00007000 08:05 139611                     /usr/lib/x86_64-linux-gnu/libffi.so.6.0.1
7f8ec8e82000-7f8ec8e99000 r-xp 00000000 08:05 1310824                    /lib/x86_64-linux-gnu/libresolv-2.19.so
7f8ec8e99000-7f8ec9099000 ---p 00017000 08:05 1310824                    /lib/x86_64-linux-gnu/libresolv-2.19.so
7f8ec9099000-7f8ec909a000 r--p 00017000 08:05 1310824                    /lib/x86_64-linux-gnu/libresolv-2.19.so
7f8ec909a000-7f8ec909b000 rw-p 00018000 08:05 1310824                    /lib/x86_64-linux-gnu/libresolv-2.19.so
7f8ec909b000-7f8ec909d000 rw-p 00000000 00:00 0 
7f8ec909d000-7f8ec90bd000 r-xp 00000000 08:05 1314879                    /lib/x86_64-linux-gnu/libselinux.so.1
7f8ec90bd000-7f8ec92bc000 ---p 00020000 08:05 1314879                    /lib/x86_64-linux-gnu/libselinux.so.1
7f8ec92bc000-7f8ec92bd000 r--p 0001f000 08:05 1314879                    /lib/x86_64-linux-gnu/libselinux.so.1
7f8ec92bd000-7f8ec92be000 rw-p 00020000 08:05 1314879                    /lib/x86_64-linux-gnu/libselinux.so.1
7f8ec92be000-7f8ec92c0000 rw-p 00000000 00:00 0 
7f8ec92c0000-7f8ec93c6000 r-xp 00000000 08:05 1322470                    /lib/x86_64-linux-gnu/libglib-2.0.so.0.4002.0
7f8ec93c6000-7f8ec95c5000 ---p 00106000 08:05 1322470                    /lib/x86_64-linux-gnu/libglib-2.0.so.0.4002.0
7f8ec95c5000-7f8ec95c6000 r--p 00105000 08:05 1322470                    /lib/x86_64-linux-gnu/libglib-2.0.so.0.4002.0
7f8ec95c6000-7f8ec95c7000 rw-p 00106000 08:05 1322470                    /lib/x86_64-linux-gnu/libglib-2.0.so.0.4002.0
7f8ec95c7000-7f8ec95c8000 rw-p 00000000 00:00 0 
7f8ec95c8000-7f8ec95cb000 r-xp 00000000 08:05 131436                     /usr/lib/x86_64-linux-gnu/libgmodule-2.0.so.0.4002.0
7f8ec95cb000-7f8ec97ca000 ---p 00003000 08:05 131436                     /usr/lib/x86_64-linux-gnu/libgmodule-2.0.so.0.4002.0
7f8ec97ca000-7f8ec97cb000 r--p 00002000 08:05 131436                     /usr/lib/x86_64-linux-gnu/libgmodule-2.0.so.0.4002.0
7f8ec97cb000-7f8ec97cc000 rw-p 00003000 08:05 131436                     /usr/lib/x86_64-linux-gnu/libgmodule-2.0.so.0.4002.0
7f8ec97cc000-7f8ec97f3000 r-xp 00000000 08:05 1314771                    /lib/x86_64-linux-gnu/libexpat.so.1.6.0
7f8ec97f3000-7f8ec99f3000 ---p 00027000 08:05 1314771                    /lib/x86_64-linux-gnu/libexpat.so.1.6.0
7f8ec99f3000-7f8ec99f5000 r--p 00027000 08:05 1314771                    /lib/x86_64-linux-gnu/libexpat.so.1.6.0
7f8ec99f5000-7f8ec99f6000 rw-p 00029000 08:05 1314771                    /lib/x86_64-linux-gnu/libexpat.so.1.6.0
7f8ec99f6000-7f8ec9a93000 r-xp 00000000 08:05 139653                     /usr/lib/x86_64-linux-gnu/libfreetype.so.6.11.1
7f8ec9a93000-7f8ec9c92000 ---p 0009d000 08:05 139653                     /usr/lib/x86_64-linux-gnu/libfreetype.so.6.11.1
7f8ec9c92000-7f8ec9c98000 r--p 0009c000 08:05 139653                     /usr/lib/x86_64-linux-gnu/libfreetype.so.6.11.1
7f8ec9c98000-7f8ec9c99000 rw-p 000a2000 08:05 139653                     /usr/lib/x86_64-linux-gnu/libfreetype.so.6.11.1
7f8ec9c99000-7f8ec9ca8000 r-xp 00000000 08:05 139437                     /usr/lib/x86_64-linux-gnu/libavahi-client.so.3.2.9
7f8ec9ca8000-7f8ec9ea8000 ---p 0000f000 08:05 139437                     /usr/lib/x86_64-linux-gnu/libavahi-client.so.3.2.9
7f8ec9ea8000-7f8ec9ea9000 r--p 0000f000 08:05 139437                     /usr/lib/x86_64-linux-gnu/libavahi-client.so.3.2.9
7f8ec9ea9000-7f8ec9eaa000 rw-p 00010000 08:05 139437                     /usr/lib/x86_64-linux-gnu/libavahi-client.so.3.2.9
7f8ec9eaa000-7f8ec9eb5000 r-xp 00000000 08:05 139439                     /usr/lib/x86_64-linux-gnu/libavahi-common.so.3.5.3
7f8ec9eb5000-7f8eca0b4000 ---p 0000b000 08:05 139439                     /usr/lib/x86_64-linux-gnu/libavahi-common.so.3.5.3
7f8eca0b4000-7f8eca0b5000 r--p 0000a000 08:05 139439                     /usr/lib/x86_64-linux-gnu/libavahi-common.so.3.5.3
7f8eca0b5000-7f8eca0b6000 rw-p 0000b000 08:05 139439                     /usr/lib/x86_64-linux-gnu/libavahi-common.so.3.5.3
7f8eca0b6000-7f8eca16c000 r-xp 00000000 08:05 139740                     /usr/lib/x86_64-linux-gnu/libgnutls.so.26.22.6
7f8eca16c000-7f8eca36c000 ---p 000b6000 08:05 139740                     /usr/lib/x86_64-linux-gnu/libgnutls.so.26.22.6
7f8eca36c000-7f8eca372000 r--p 000b6000 08:05 139740                     /usr/lib/x86_64-linux-gnu/libgnutls.so.26.22.6
7f8eca372000-7f8eca373000 rw-p 000bc000 08:05 139740                     /usr/lib/x86_64-linux-gnu/libgnutls.so.26.22.6
7f8eca373000-7f8eca374000 rw-p 00000000 00:00 0 
7f8eca374000-7f8eca3b7000 r-xp 00000000 08:05 133136                     /usr/lib/x86_64-linux-gnu/libgssapi_krb5.so.2.2
7f8eca3b7000-7f8eca5b7000 ---p 00043000 08:05 133136                     /usr/lib/x86_64-linux-gnu/libgssapi_krb5.so.2.2
7f8eca5b7000-7f8eca5b8000 r--p 00043000 08:05 133136                     /usr/lib/x86_64-linux-gnu/libgssapi_krb5.so.2.2
7f8eca5b8000-7f8eca5ba000 rw-p 00044000 08:05 133136                     /usr/lib/x86_64-linux-gnu/libgssapi_krb5.so.2.2
7f8eca5ba000-7f8eca5d7000 r-xp 00000000 08:05 140403                     /usr/lib/x86_64-linux-gnu/libxcb.so.1.1.0
7f8eca5d7000-7f8eca7d7000 ---p 0001d000 08:05 140403                     /usr/lib/x86_64-linux-gnu/libxcb.so.1.1.0
7f8eca7d7000-7f8eca7d8000 r--p 0001d000 08:05 140403                     /usr/lib/x86_64-linux-gnu/libxcb.so.1.1.0
7f8eca7d8000-7f8eca7d9000 rw-p 0001e000 08:05 140403                     /usr/lib/x86_64-linux-gnu/libxcb.so.1.1.0
7f8eca7d9000-7f8eca828000 r-xp 00000000 08:05 131454                     /usr/lib/x86_64-linux-gnu/libgobject-2.0.so.0.4002.0
7f8eca828000-7f8ecaa28000 ---p 0004f000 08:05 131454                     /usr/lib/x86_64-linux-gnu/libgobject-2.0.so.0.4002.0
7f8ecaa28000-7f8ecaa29000 r--p 0004f000 08:05 131454                     /usr/lib/x86_64-linux-gnu/libgobject-2.0.so.0.4002.0
7f8ecaa29000-7f8ecaa2a000 rw-p 00050000 08:05 131454                     /usr/lib/x86_64-linux-gnu/libgobject-2.0.so.0.4002.0
7f8ecaa2a000-7f8ecab96000 r-xp 00000000 08:05 131458                     /usr/lib/x86_64-linux-gnu/libgio-2.0.so.0.4002.0
7f8ecab96000-7f8ecad95000 ---p 0016c000 08:05 131458                     /usr/lib/x86_64-linux-gnu/libgio-2.0.so.0.4002.0
7f8ecad95000-7f8ecad99000 r--p 0016b000 08:05 131458                     /usr/lib/x86_64-linux-gnu/libgio-2.0.so.0.4002.0
7f8ecad99000-7f8ecad9b000 rw-p 0016f000 08:05 131458                     /usr/lib/x86_64-linux-gnu/libgio-2.0.so.0.4002.0
7f8ecad9b000-7f8ecad9d000 rw-p 00000000 00:00 0 
7f8ecad9d000-7f8ecadd7000 r-xp 00000000 08:05 139625                     /usr/lib/x86_64-linux-gnu/libfontconfig.so.1.8.0
7f8ecadd7000-7f8ecafd6000 ---p 0003a000 08:05 139625                     /usr/lib/x86_64-linux-gnu/libfontconfig.so.1.8.0
7f8ecafd6000-7f8ecafd8000 r--p 00039000 08:05 139625                     /usr/lib/x86_64-linux-gnu/libfontconfig.so.1.8.0
7f8ecafd8000-7f8ecafd9000 rw-p 0003b000 08:05 139625                     /usr/lib/x86_64-linux-gnu/libfontconfig.so.1.8.0
7f8ecafd9000-7f8ecb045000 r-xp 00000000 08:05 131737                     /usr/lib/x86_64-linux-gnu/libcups.so.2
7f8ecb045000-7f8ecb245000 ---p 0006c000 08:05 131737                     /usr/lib/x86_64-linux-gnu/libcups.so.2
7f8ecb245000-7f8ecb24c000 r--p 0006c000 08:05 131737                     /usr/lib/x86_64-linux-gnu/libcups.so.2
7f8ecb24c000-7f8ecb24d000 rw-p 00073000 08:05 131737                     /usr/lib/x86_64-linux-gnu/libcups.so.2
7f8ecb24d000-7f8ecb25c000 r-xp 00000000 08:05 139354                     /usr/lib/x86_64-linux-gnu/libXi.so.6.1.0
7f8ecb25c000-7f8ecb45b000 ---p 0000f000 08:05 139354                     /usr/lib/x86_64-linux-gnu/libXi.so.6.1.0
7f8ecb45b000-7f8ecb45c000 r--p 0000e000 08:05 139354                     /usr/lib/x86_64-linux-gnu/libXi.so.6.1.0
7f8ecb45c000-7f8ecb45d000 rw-p 0000f000 08:05 139354                     /usr/lib/x86_64-linux-gnu/libXi.so.6.1.0
7f8ecb45d000-7f8ecb462000 r-xp 00000000 08:05 139374                     /usr/lib/x86_64-linux-gnu/libXtst.so.6.1.0
7f8ecb462000-7f8ecb661000 ---p 00005000 08:05 139374                     /usr/lib/x86_64-linux-gnu/libXtst.so.6.1.0
7f8ecb661000-7f8ecb662000 r--p 00004000 08:05 139374                     /usr/lib/x86_64-linux-gnu/libXtst.so.6.1.0
7f8ecb662000-7f8ecb663000 rw-p 00005000 08:05 139374                     /usr/lib/x86_64-linux-gnu/libXtst.so.6.1.0
7f8ecb663000-7f8ecb66c000 r-xp 00000000 08:05 139368                     /usr/lib/x86_64-linux-gnu/libXrender.so.1.3.0
7f8ecb66c000-7f8ecb86b000 ---p 00009000 08:05 139368                     /usr/lib/x86_64-linux-gnu/libXrender.so.1.3.0
7f8ecb86b000-7f8ecb86c000 r--p 00008000 08:05 139368                     /usr/lib/x86_64-linux-gnu/libXrender.so.1.3.0
7f8ecb86c000-7f8ecb86d000 rw-p 00009000 08:05 139368                     /usr/lib/x86_64-linux-gnu/libXrender.so.1.3.0
7f8ecb86d000-7f8ecb99d000 r-xp 00000000 08:05 139329                     /usr/lib/x86_64-linux-gnu/libX11.so.6.3.0
7f8ecb99d000-7f8ecbb9d000 ---p 00130000 08:05 139329                     /usr/lib/x86_64-linux-gnu/libX11.so.6.3.0
7f8ecbb9d000-7f8ecbb9e000 r--p 00130000 08:05 139329                     /usr/lib/x86_64-linux-gnu/libX11.so.6.3.0
7f8ecbb9e000-7f8ecbba2000 rw-p 00131000 08:05 139329                     /usr/lib/x86_64-linux-gnu/libX11.so.6.3.0
7f8ecbba2000-7f8ecbbb3000 r-xp 00000000 08:05 139346                     /usr/lib/x86_64-linux-gnu/libXext.so.6.4.0
7f8ecbbb3000-7f8ecbdb2000 ---p 00011000 08:05 139346                     /usr/lib/x86_64-linux-gnu/libXext.so.6.4.0
7f8ecbdb2000-7f8ecbdb3000 r--p 00010000 08:05 139346                     /usr/lib/x86_64-linux-gnu/libXext.so.6.4.0
7f8ecbdb3000-7f8ecbdb4000 rw-p 00011000 08:05 139346                     /usr/lib/x86_64-linux-gnu/libXext.so.6.4.0
7f8ecbdb4000-7f8ecbdfc000 r-xp 00000000 08:05 4070431                    /usr/lib/jvm/java-7-openjdk-amd64/jre/lib/amd64/xawt/libmawt.so
7f8ecbdfc000-7f8ecbffb000 ---p 00048000 08:05 4070431                    /usr/lib/jvm/java-7-openjdk-amd64/jre/lib/amd64/xawt/libmawt.so
7f8ecbffb000-7f8ecbffc000 r--p 00047000 08:05 4070431                    /usr/lib/jvm/java-7-openjdk-amd64/jre/lib/amd64/xawt/libmawt.so
7f8ecbffc000-7f8ecbfff000 rw-p 00048000 08:05 4070431                    /usr/lib/jvm/java-7-openjdk-amd64/jre/lib/amd64/xawt/libmawt.so
7f8ecbfff000-7f8ecc000000 rw-p 00000000 00:00 0 
7f8ecc000000-7f8ecc021000 rw-p 00000000 00:00 0 
7f8ecc021000-7f8ed0000000 ---p 00000000 00:00 0 
7f8ed009a000-7f8ed00cb000 rw-p 00000000 00:00 0 
7f8ed00cb000-7f8ed00ce000 ---p 00000000 00:00 0 
7f8ed00ce000-7f8ed01cc000 rw-p 00000000 00:00 0                          [stack:14751]
7f8ed01cc000-7f8ed026c000 r-xp 00000000 08:05 4070297                    /usr/lib/jvm/java-7-openjdk-amd64/jre/lib/amd64/libawt.so
7f8ed026c000-7f8ed046c000 ---p 000a0000 08:05 4070297                    /usr/lib/jvm/java-7-openjdk-amd64/jre/lib/amd64/libawt.so
7f8ed046c000-7f8ed046d000 r--p 000a0000 08:05 4070297                    /usr/lib/jvm/java-7-openjdk-amd64/jre/lib/amd64/libawt.so
7f8ed046d000-7f8ed0478000 rw-p 000a1000 08:05 4070297                    /usr/lib/jvm/java-7-openjdk-amd64/jre/lib/amd64/libawt.so
7f8ed0478000-7f8ed049d000 rw-p 00000000 00:00 0 
7f8ed049d000-7f8ed049e000 ---p 00000000 00:00 0 
7f8ed049e000-7f8ed059e000 rw-p 00000000 00:00 0                          [stack:14750]
7f8ed059e000-7f8ed05a1000 ---p 00000000 00:00 0 
7f8ed05a1000-7f8ed069f000 rw-p 00000000 00:00 0                          [stack:14749]
7f8ed069f000-7f8ed06a2000 ---p 00000000 00:00 0 
7f8ed06a2000-7f8ed07a0000 rw-p 00000000 00:00 0                          [stack:14748]
7f8ed07a0000-7f8ed07a3000 ---p 00000000 00:00 0 
7f8ed07a3000-7f8ed08a1000 rw-p 00000000 00:00 0                          [stack:14747]
7f8ed08a1000-7f8ed08a4000 ---p 00000000 00:00 0 
7f8ed08a4000-7f8ed09a2000 rw-p 00000000 00:00 0                          [stack:14746]
7f8ed09a2000-7f8ed1084000 r--p 00000000 08:05 138250                     /usr/lib/locale/locale-archive
7f8ed1084000-7f8ed1087000 ---p 00000000 00:00 0 
7f8ed1087000-7f8ed1185000 rw-p 00000000 00:00 0                          [stack:14745]
7f8ed1185000-7f8ed1188000 ---p 00000000 00:00 0 
7f8ed1188000-7f8ed1286000 rw-p 00000000 00:00 0                          [stack:14744]
7f8ed1286000-7f8ed1287000 ---p 00000000 00:00 0 
7f8ed1287000-7f8ed4000000 rw-p 00000000 00:00 0                          [stack:14743]
7f8ed4000000-7f8ed4021000 rw-p 00000000 00:00 0 
7f8ed4021000-7f8ed8000000 ---p 00000000 00:00 0 
7f8ed800c000-7f8ed8014000 rw-s 00000000 00:04 37781528                   /SYSV00000000 (deleted)
7f8ed8014000-7f8ed801d000 r--s 000b9000 08:05 4070255                    /usr/lib/jvm/java-7-openjdk-amd64/jre/lib/resources.jar
7f8ed801d000-7f8ed8027000 r--s 00203000 08:05 4070316                    /usr/lib/jvm/java-7-openjdk-amd64/jre/lib/charsets.jar
7f8ed8027000-7f8ed871b000 rw-p 00000000 00:00 0 
7f8ed871b000-7f8ed88cc000 r--s 01d25000 08:05 4070335                    /usr/lib/jvm/java-7-openjdk-amd64/jre/lib/rt.jar
7f8ed88cc000-7f8ed8bfc000 rw-p 00000000 00:00 0 
7f8ed8bfc000-7f8ed8bfd000 ---p 00000000 00:00 0 
7f8ed8bfd000-7f8ed8cfd000 rw-p 00000000 00:00 0                          [stack:14742]
7f8ed8cfd000-7f8ed8cfe000 ---p 00000000 00:00 0 
7f8ed8cfe000-7f8ed8dfe000 rw-p 00000000 00:00 0                          [stack:14741]
7f8ed8dfe000-7f8ed8dff000 ---p 00000000 00:00 0 
7f8ed8dff000-7f8ed8eff000 rw-p 00000000 00:00 0                          [stack:14740]
7f8ed8eff000-7f8ed8f00000 ---p 00000000 00:00 0 
7f8ed8f00000-7f8ed9000000 rw-p 00000000 00:00 0                          [stack:14739]
7f8ed9000000-7f8ed9270000 rwxp 00000000 00:00 0 
7f8ed9270000-7f8edc293000 rw-p 00000000 00:00 0 
7f8edc293000-7f8ee0000000 ---p 00000000 00:00 0 
7f8ee0003000-7f8ee000e000 rw-p 00000000 00:00 0 
7f8ee000e000-7f8ee0056000 rw-p 00000000 00:00 0 
7f8ee0056000-7f8ee006a000 rw-p 00000000 00:00 0 
7f8ee006a000-7f8ee0199000 rw-p 00000000 00:00 0 
7f8ee0199000-7f8ee01a4000 rw-p 00000000 00:00 0 
7f8ee01a4000-7f8ee01ec000 rw-p 00000000 00:00 0 
7f8ee01ec000-7f8ee0200000 rw-p 00000000 00:00 0 
7f8ee0200000-7f8ee032e000 rw-p 00000000 00:00 0 
7f8ee032e000-7f8ee0339000 rw-p 00000000 00:00 0 
7f8ee0339000-7f8ee03d0000 rw-p 00000000 00:00 0 
7f8ee03d0000-7f8ee03d1000 rw-p 00000000 00:00 0 
7f8ee03d1000-7f8ee03d9000 r-xp 00000000 08:05 4070264                    /usr/lib/jvm/java-7-openjdk-amd64/jre/lib/amd64/libzip.so
7f8ee03d9000-7f8ee05d8000 ---p 00008000 08:05 4070264                    /usr/lib/jvm/java-7-openjdk-amd64/jre/lib/amd64/libzip.so
7f8ee05d8000-7f8ee05d9000 r--p 00007000 08:05 4070264                    /usr/lib/jvm/java-7-openjdk-amd64/jre/lib/amd64/libzip.so
7f8ee05d9000-7f8ee05da000 rw-p 00008000 08:05 4070264                    /usr/lib/jvm/java-7-openjdk-amd64/jre/lib/amd64/libzip.so
7f8ee05da000-7f8ee05e5000 r-xp 00000000 08:05 1321510                    /lib/x86_64-linux-gnu/libnss_files-2.19.so
7f8ee05e5000-7f8ee07e4000 ---p 0000b000 08:05 1321510                    /lib/x86_64-linux-gnu/libnss_files-2.19.so
7f8ee07e4000-7f8ee07e5000 r--p 0000a000 08:05 1321510                    /lib/x86_64-linux-gnu/libnss_files-2.19.so
7f8ee07e5000-7f8ee07e6000 rw-p 0000b000 08:05 1321510                    /lib/x86_64-linux-gnu/libnss_files-2.19.so
7f8ee07e6000-7f8ee07f1000 r-xp 00000000 08:05 1321517                    /lib/x86_64-linux-gnu/libnss_nis-2.19.so
7f8ee07f1000-7f8ee09f0000 ---p 0000b000 08:05 1321517                    /lib/x86_64-linux-gnu/libnss_nis-2.19.so
7f8ee09f0000-7f8ee09f1000 r--p 0000a000 08:05 1321517                    /lib/x86_64-linux-gnu/libnss_nis-2.19.so
7f8ee09f1000-7f8ee09f2000 rw-p 0000b000 08:05 1321517                    /lib/x86_64-linux-gnu/libnss_nis-2.19.so
7f8ee09f2000-7f8ee0a09000 r-xp 00000000 08:05 1321503                    /lib/x86_64-linux-gnu/libnsl-2.19.so
7f8ee0a09000-7f8ee0c08000 ---p 00017000 08:05 1321503                    /lib/x86_64-linux-gnu/libnsl-2.19.so
7f8ee0c08000-7f8ee0c09000 r--p 00016000 08:05 1321503                    /lib/x86_64-linux-gnu/libnsl-2.19.so
7f8ee0c09000-7f8ee0c0a000 rw-p 00017000 08:05 1321503                    /lib/x86_64-linux-gnu/libnsl-2.19.so
7f8ee0c0a000-7f8ee0c0c000 rw-p 00000000 00:00 0 
7f8ee0c0c000-7f8ee0c15000 r-xp 00000000 08:05 1321514                    /lib/x86_64-linux-gnu/libnss_compat-2.19.so
7f8ee0c15000-7f8ee0e14000 ---p 00009000 08:05 1321514                    /lib/x86_64-linux-gnu/libnss_compat-2.19.so
7f8ee0e14000-7f8ee0e15000 r--p 00008000 08:05 1321514                    /lib/x86_64-linux-gnu/libnss_compat-2.19.so
7f8ee0e15000-7f8ee0e16000 rw-p 00009000 08:05 1321514                    /lib/x86_64-linux-gnu/libnss_compat-2.19.so
7f8ee0e16000-7f8ee0e41000 r-xp 00000000 08:05 4070271                    /usr/lib/jvm/java-7-openjdk-amd64/jre/lib/amd64/libjava.so
7f8ee0e41000-7f8ee1040000 ---p 0002b000 08:05 4070271                    /usr/lib/jvm/java-7-openjdk-amd64/jre/lib/amd64/libjava.so
7f8ee1040000-7f8ee1041000 r--p 0002a000 08:05 4070271                    /usr/lib/jvm/java-7-openjdk-amd64/jre/lib/amd64/libjava.so
7f8ee1041000-7f8ee1043000 rw-p 0002b000 08:05 4070271                    /usr/lib/jvm/java-7-openjdk-amd64/jre/lib/amd64/libjava.so
7f8ee1043000-7f8ee1053000 r-xp 00000000 08:05 4070286                    /usr/lib/jvm/java-7-openjdk-amd64/jre/lib/amd64/libverify.so
7f8ee1053000-7f8ee1252000 ---p 00010000 08:05 4070286                    /usr/lib/jvm/java-7-openjdk-amd64/jre/lib/amd64/libverify.so
7f8ee1252000-7f8ee1254000 r--p 0000f000 08:05 4070286                    /usr/lib/jvm/java-7-openjdk-amd64/jre/lib/amd64/libverify.so
7f8ee1254000-7f8ee1255000 rw-p 00011000 08:05 4070286                    /usr/lib/jvm/java-7-openjdk-amd64/jre/lib/amd64/libverify.so
7f8ee1255000-7f8ee125c000 r-xp 00000000 08:05 1321520                    /lib/x86_64-linux-gnu/librt-2.19.so
7f8ee125c000-7f8ee145b000 ---p 00007000 08:05 1321520                    /lib/x86_64-linux-gnu/librt-2.19.so
7f8ee145b000-7f8ee145c000 r--p 00006000 08:05 1321520                    /lib/x86_64-linux-gnu/librt-2.19.so
7f8ee145c000-7f8ee145d000 rw-p 00007000 08:05 1321520                    /lib/x86_64-linux-gnu/librt-2.19.so
7f8ee145d000-7f8ee1473000 r-xp 00000000 08:05 1314726                    /lib/x86_64-linux-gnu/libgcc_s.so.1
7f8ee1473000-7f8ee1672000 ---p 00016000 08:05 1314726                    /lib/x86_64-linux-gnu/libgcc_s.so.1
7f8ee1672000-7f8ee1673000 rw-p 00015000 08:05 1314726                    /lib/x86_64-linux-gnu/libgcc_s.so.1
7f8ee1673000-7f8ee1778000 r-xp 00000000 08:05 1321502                    /lib/x86_64-linux-gnu/libm-2.19.so
7f8ee1778000-7f8ee1977000 ---p 00105000 08:05 1321502                    /lib/x86_64-linux-gnu/libm-2.19.so
7f8ee1977000-7f8ee1978000 r--p 00104000 08:05 1321502                    /lib/x86_64-linux-gnu/libm-2.19.so
7f8ee1978000-7f8ee1979000 rw-p 00105000 08:05 1321502                    /lib/x86_64-linux-gnu/libm-2.19.so
7f8ee1979000-7f8ee1a5f000 r-xp 00000000 08:05 140239                     /usr/lib/x86_64-linux-gnu/libstdc++.so.6.0.19
7f8ee1a5f000-7f8ee1c5e000 ---p 000e6000 08:05 140239                     /usr/lib/x86_64-linux-gnu/libstdc++.so.6.0.19
7f8ee1c5e000-7f8ee1c66000 r--p 000e5000 08:05 140239                     /usr/lib/x86_64-linux-gnu/libstdc++.so.6.0.19
7f8ee1c66000-7f8ee1c68000 rw-p 000ed000 08:05 140239                     /usr/lib/x86_64-linux-gnu/libstdc++.so.6.0.19
7f8ee1c68000-7f8ee1c7d000 rw-p 00000000 00:00 0 
7f8ee1c7d000-7f8ee2793000 r-xp 00000000 08:05 4070293                    /usr/lib/jvm/java-7-openjdk-amd64/jre/lib/amd64/server/libjvm.so
7f8ee2793000-7f8ee2992000 ---p 00b16000 08:05 4070293                    /usr/lib/jvm/java-7-openjdk-amd64/jre/lib/amd64/server/libjvm.so
7f8ee2992000-7f8ee2a2c000 r--p 00b15000 08:05 4070293                    /usr/lib/jvm/java-7-openjdk-amd64/jre/lib/amd64/server/libjvm.so
7f8ee2a2c000-7f8ee2a4f000 rw-p 00baf000 08:05 4070293                    /usr/lib/jvm/java-7-openjdk-amd64/jre/lib/amd64/server/libjvm.so
7f8ee2a4f000-7f8ee2a7d000 rw-p 00000000 00:00 0 
7f8ee2a7d000-7f8ee2a95000 r-xp 00000000 08:05 1314912                    /lib/x86_64-linux-gnu/libz.so.1.2.8
7f8ee2a95000-7f8ee2c94000 ---p 00018000 08:05 1314912                    /lib/x86_64-linux-gnu/libz.so.1.2.8
7f8ee2c94000-7f8ee2c95000 r--p 00017000 08:05 1314912                    /lib/x86_64-linux-gnu/libz.so.1.2.8
7f8ee2c95000-7f8ee2c96000 rw-p 00018000 08:05 1314912                    /lib/x86_64-linux-gnu/libz.so.1.2.8
7f8ee2c96000-7f8ee2caf000 r-xp 00000000 08:05 1321507                    /lib/x86_64-linux-gnu/libpthread-2.19.so
7f8ee2caf000-7f8ee2eae000 ---p 00019000 08:05 1321507                    /lib/x86_64-linux-gnu/libpthread-2.19.so
7f8ee2eae000-7f8ee2eaf000 r--p 00018000 08:05 1321507                    /lib/x86_64-linux-gnu/libpthread-2.19.so
7f8ee2eaf000-7f8ee2eb0000 rw-p 00019000 08:05 1321507                    /lib/x86_64-linux-gnu/libpthread-2.19.so
7f8ee2eb0000-7f8ee2eb4000 rw-p 00000000 00:00 0 
7f8ee2eb4000-7f8ee2eb7000 r-xp 00000000 08:05 1321512                    /lib/x86_64-linux-gnu/libdl-2.19.so
7f8ee2eb7000-7f8ee30b6000 ---p 00003000 08:05 1321512                    /lib/x86_64-linux-gnu/libdl-2.19.so
7f8ee30b6000-7f8ee30b7000 r--p 00002000 08:05 1321512                    /lib/x86_64-linux-gnu/libdl-2.19.so
7f8ee30b7000-7f8ee30b8000 rw-p 00003000 08:05 1321512                    /lib/x86_64-linux-gnu/libdl-2.19.so
7f8ee30b8000-7f8ee3273000 r-xp 00000000 08:05 1321518                    /lib/x86_64-linux-gnu/libc-2.19.so
7f8ee3273000-7f8ee3473000 ---p 001bb000 08:05 1321518                    /lib/x86_64-linux-gnu/libc-2.19.so
7f8ee3473000-7f8ee3477000 r--p 001bb000 08:05 1321518                    /lib/x86_64-linux-gnu/libc-2.19.so
7f8ee3477000-7f8ee3479000 rw-p 001bf000 08:05 1321518                    /lib/x86_64-linux-gnu/libc-2.19.so
7f8ee3479000-7f8ee347e000 rw-p 00000000 00:00 0 
7f8ee347e000-7f8ee348b000 r-xp 00000000 08:05 4070269                    /usr/lib/jvm/java-7-openjdk-amd64/jre/lib/amd64/jli/libjli.so
7f8ee348b000-7f8ee368a000 ---p 0000d000 08:05 4070269                    /usr/lib/jvm/java-7-openjdk-amd64/jre/lib/amd64/jli/libjli.so
7f8ee368a000-7f8ee368b000 r--p 0000c000 08:05 4070269                    /usr/lib/jvm/java-7-openjdk-amd64/jre/lib/amd64/jli/libjli.so
7f8ee368b000-7f8ee368c000 rw-p 0000d000 08:05 4070269                    /usr/lib/jvm/java-7-openjdk-amd64/jre/lib/amd64/jli/libjli.so
7f8ee368c000-7f8ee36af000 r-xp 00000000 08:05 1321515                    /lib/x86_64-linux-gnu/ld-2.19.so
7f8ee36b0000-7f8ee36b4000 r--s 0003c000 08:05 4070331                    /usr/lib/jvm/java-7-openjdk-amd64/jre/lib/ext/sunpkcs11.jar
7f8ee36b4000-7f8ee36d5000 rw-p 00000000 00:00 0 
7f8ee36d5000-7f8ee378b000 rw-p 00000000 00:00 0 
7f8ee378b000-7f8ee378e000 ---p 00000000 00:00 0 
7f8ee378e000-7f8ee3891000 rw-p 00000000 00:00 0                          [stack:14738]
7f8ee3892000-7f8ee3894000 r--s 00006000 08:05 537329                     /usr/share/java/java-atk-wrapper.jar
7f8ee3894000-7f8ee3898000 r--s 00085000 08:05 4070332                    /usr/lib/jvm/java-7-openjdk-amd64/jre/lib/ext/localedata.jar
7f8ee3898000-7f8ee3899000 r--s 00002000 08:05 4070334                    /usr/lib/jvm/java-7-openjdk-amd64/jre/lib/ext/dnsns.jar
7f8ee3899000-7f8ee389c000 r--s 0000f000 08:05 4070329                    /usr/lib/jvm/java-7-openjdk-amd64/jre/lib/ext/icedtea-sound.jar
7f8ee389c000-7f8ee389e000 r--s 00012000 08:05 4070330                    /usr/lib/jvm/java-7-openjdk-amd64/jre/lib/ext/zipfs.jar
7f8ee389e000-7f8ee38a2000 r--s 00034000 08:05 4070333                    /usr/lib/jvm/java-7-openjdk-amd64/jre/lib/ext/sunjce_provider.jar
7f8ee38a2000-7f8ee38aa000 rw-s 00000000 08:05 4072657                    /tmp/hsperfdata_brian/14731
7f8ee38aa000-7f8ee38ab000 rw-p 00000000 00:00 0 
7f8ee38ab000-7f8ee38ac000 r--p 00000000 00:00 0 
7f8ee38ac000-7f8ee38ae000 rw-p 00000000 00:00 0 
7f8ee38ae000-7f8ee38af000 r--p 00022000 08:05 1321515                    /lib/x86_64-linux-gnu/ld-2.19.so
7f8ee38af000-7f8ee38b0000 rw-p 00023000 08:05 1321515                    /lib/x86_64-linux-gnu/ld-2.19.so
7f8ee38b0000-7f8ee38b1000 rw-p 00000000 00:00 0 
7fff727a7000-7fff727c8000 rw-p 00000000 00:00 0                          [stack]
7fff727fe000-7fff72800000 r-xp 00000000 00:00 0                          [vdso]
ffffffffff600000-ffffffffff601000 r-xp 00000000 00:00 0                  [vsyscall]

VM Arguments:
jvm_args: -Dfile.encoding=UTF-8 
java_command: editor.Editor
Launcher Type: SUN_STANDARD

Environment Variables:
PATH=/usr/local/sbin:/usr/local/bin:/usr/sbin:/usr/bin:/sbin:/bin:/usr/games:/usr/local/games
SHELL=/bin/bash
DISPLAY=:0

Signal Handlers:
SIGSEGV: [libjvm.so+0x9495e0], sa_mask[0]=0x7ffbfeff, sa_flags=0x10000004
SIGBUS: [libjvm.so+0x9495e0], sa_mask[0]=0x7ffbfeff, sa_flags=0x10000004
SIGFPE: [libjvm.so+0x7c3410], sa_mask[0]=0x7ffbfeff, sa_flags=0x10000004
SIGPIPE: [libjvm.so+0x7c3410], sa_mask[0]=0x7ffbfeff, sa_flags=0x10000004
SIGXFSZ: [libjvm.so+0x7c3410], sa_mask[0]=0x7ffbfeff, sa_flags=0x10000004
SIGILL: [libjvm.so+0x7c3410], sa_mask[0]=0x7ffbfeff, sa_flags=0x10000004
SIGUSR1: SIG_DFL, sa_mask[0]=0x00000000, sa_flags=0x00000000
SIGUSR2: [libjvm.so+0x7c32b0], sa_mask[0]=0x00000004, sa_flags=0x10000004
SIGHUP: [libjvm.so+0x7c3490], sa_mask[0]=0x7ffbfeff, sa_flags=0x10000004
SIGINT: [libjvm.so+0x7c3490], sa_mask[0]=0x7ffbfeff, sa_flags=0x10000004
SIGTERM: [libjvm.so+0x7c3490], sa_mask[0]=0x7ffbfeff, sa_flags=0x10000004
SIGQUIT: [libjvm.so+0x7c3490], sa_mask[0]=0x7ffbfeff, sa_flags=0x10000004
SIGTRAP: SIG_DFL, sa_mask[0]=0x00000000, sa_flags=0x00000000


---------------  S Y S T E M  ---------------

OS:Ubuntu 14.04 (trusty)
uname:Linux 3.13.0-43-generic #72-Ubuntu SMP Mon Dec 8 19:35:06 UTC 2014 x86_64
libc:glibc 2.19 NPTL 2.19 
rlimit: STACK 8192k, CORE 0k, NPROC 30765, NOFILE 4096, AS infinity
load average:10.96 3.51 1.89

/proc/meminfo:
MemTotal:        3959572 kB
MemFree:         1709728 kB
Buffers:           91360 kB
Cached:           850760 kB
SwapCached:       192616 kB
Active:           809272 kB
Inactive:        1183200 kB
Active(anon):     643204 kB
Inactive(anon):   729964 kB
Active(file):     166068 kB
Inactive(file):   453236 kB
Unevictable:          16 kB
Mlocked:              16 kB
SwapTotal:       4104188 kB
SwapFree:        3235116 kB
Dirty:               848 kB
Writeback:             0 kB
AnonPages:        965548 kB
Mapped:            79436 kB
Shmem:            322848 kB
Slab:             164696 kB
SReclaimable:     115616 kB
SUnreclaim:        49080 kB
KernelStack:        4288 kB
PageTables:        24672 kB
NFS_Unstable:          0 kB
Bounce:                0 kB
WritebackTmp:          0 kB
CommitLimit:     6083972 kB
Committed_AS:    4286836 kB
VmallocTotal:   34359738367 kB
VmallocUsed:      456112 kB
VmallocChunk:   34359186476 kB
HardwareCorrupted:     0 kB
AnonHugePages:    143360 kB
HugePages_Total:       0
HugePages_Free:        0
HugePages_Rsvd:        0
HugePages_Surp:        0
Hugepagesize:       2048 kB
DirectMap4k:       78400 kB
DirectMap2M:     4028416 kB


CPU:total 4 (2 cores per cpu, 2 threads per core) family 6 model 42 stepping 7, cmov, cx8, fxsr, mmx, sse, sse2, sse3, ssse3, sse4.1, sse4.2, popcnt, avx, ht, tsc, tscinvbit

/proc/cpuinfo:
processor	: 0
vendor_id	: GenuineIntel
cpu family	: 6
model		: 42
model name	: Intel(R) Core(TM) i5-2410M CPU @ 2.30GHz
stepping	: 7
microcode	: 0x15
cpu MHz		: 2301.000
cache size	: 3072 KB
physical id	: 0
siblings	: 4
core id		: 0
cpu cores	: 2
apicid		: 0
initial apicid	: 0
fpu		: yes
fpu_exception	: yes
cpuid level	: 13
wp		: yes
flags		: fpu vme de pse tsc msr pae mce cx8 apic sep mtrr pge mca cmov pat pse36 clflush dts acpi mmx fxsr sse sse2 ss ht tm pbe syscall nx rdtscp lm constant_tsc arch_perfmon pebs bts nopl xtopology nonstop_tsc aperfmperf eagerfpu pni pclmulqdq dtes64 monitor ds_cpl vmx est tm2 ssse3 cx16 xtpr pdcm pcid sse4_1 sse4_2 x2apic popcnt tsc_deadline_timer xsave avx lahf_lm ida arat epb xsaveopt pln pts dtherm tpr_shadow vnmi flexpriority ept vpid
bogomips	: 4589.79
clflush size	: 64
cache_alignment	: 64
address sizes	: 36 bits physical, 48 bits virtual
power management:

processor	: 1
vendor_id	: GenuineIntel
cpu family	: 6
model		: 42
model name	: Intel(R) Core(TM) i5-2410M CPU @ 2.30GHz
stepping	: 7
microcode	: 0x15
cpu MHz		: 2301.000
cache size	: 3072 KB
physical id	: 0
siblings	: 4
core id		: 0
cpu cores	: 2
apicid		: 1
initial apicid	: 1
fpu		: yes
fpu_exception	: yes
cpuid level	: 13
wp		: yes
flags		: fpu vme de pse tsc msr pae mce cx8 apic sep mtrr pge mca cmov pat pse36 clflush dts acpi mmx fxsr sse sse2 ss ht tm pbe syscall nx rdtscp lm constant_tsc arch_perfmon pebs bts nopl xtopology nonstop_tsc aperfmperf eagerfpu pni pclmulqdq dtes64 monitor ds_cpl vmx est tm2 ssse3 cx16 xtpr pdcm pcid sse4_1 sse4_2 x2apic popcnt tsc_deadline_timer xsave avx lahf_lm ida arat epb xsaveopt pln pts dtherm tpr_shadow vnmi flexpriority ept vpid
bogomips	: 4589.79
clflush size	: 64
cache_alignment	: 64
address sizes	: 36 bits physical, 48 bits virtual
power management:

processor	: 2
vendor_id	: GenuineIntel
cpu family	: 6
model		: 42
model name	: Intel(R) Core(TM) i5-2410M CPU @ 2.30GHz
stepping	: 7
microcode	: 0x15
cpu MHz		: 2301.000
cache size	: 3072 KB
physical id	: 0
siblings	: 4
core id		: 1
cpu cores	: 2
apicid		: 2
initial apicid	: 2
fpu		: yes
fpu_exception	: yes
cpuid level	: 13
wp		: yes
flags		: fpu vme de pse tsc msr pae mce cx8 apic sep mtrr pge mca cmov pat pse36 clflush dts acpi mmx fxsr sse sse2 ss ht tm pbe syscall nx rdtscp lm constant_tsc arch_perfmon pebs bts nopl xtopology nonstop_tsc aperfmperf eagerfpu pni pclmulqdq dtes64 monitor ds_cpl vmx est tm2 ssse3 cx16 xtpr pdcm pcid sse4_1 sse4_2 x2apic popcnt tsc_deadline_timer xsave avx lahf_lm ida arat epb xsaveopt pln pts dtherm tpr_shadow vnmi flexpriority ept vpid
bogomips	: 4589.79
clflush size	: 64
cache_alignment	: 64
address sizes	: 36 bits physical, 48 bits virtual
power management:

processor	: 3
vendor_id	: GenuineIntel
cpu family	: 6
model		: 42
model name	: Intel(R) Core(TM) i5-2410M CPU @ 2.30GHz
stepping	: 7
microcode	: 0x15
cpu MHz		: 2301.000
cache size	: 3072 KB
physical id	: 0
siblings	: 4
core id		: 1
cpu cores	: 2
apicid		: 3
initial apicid	: 3
fpu		: yes
fpu_exception	: yes
cpuid level	: 13
wp		: yes
flags		: fpu vme de pse tsc msr pae mce cx8 apic sep mtrr pge mca cmov pat pse36 clflush dts acpi mmx fxsr sse sse2 ss ht tm pbe syscall nx rdtscp lm constant_tsc arch_perfmon pebs bts nopl xtopology nonstop_tsc aperfmperf eagerfpu pni pclmulqdq dtes64 monitor ds_cpl vmx est tm2 ssse3 cx16 xtpr pdcm pcid sse4_1 sse4_2 x2apic popcnt tsc_deadline_timer xsave avx lahf_lm ida arat epb xsaveopt pln pts dtherm tpr_shadow vnmi flexpriority ept vpid
bogomips	: 4589.79
clflush size	: 64
cache_alignment	: 64
address sizes	: 36 bits physical, 48 bits virtual
power management:



Memory: 4k page, physical 3959572k(1709728k free), swap 4104188k(3235116k free)

vm_info: OpenJDK 64-Bit Server VM (24.65-b04) for linux-amd64 JRE (1.7.0_65-b32), built on Oct 22 2014 04:37:44 by "buildd" with gcc 4.8.2

time: Sat Jan 10 14:17:25 2015
elapsed time: 168115 seconds

