#
# A fatal error has been detected by the Java Runtime Environment:
#
#  SIGSEGV (0xb) at pc=0x00007f6fd105b4ba, pid=21948, tid=140117269882624
#
# JRE version: OpenJDK Runtime Environment (7.0_65-b32) (build 1.7.0_65-b32)
# Java VM: OpenJDK 64-Bit Server VM (24.65-b04 mixed mode linux-amd64 compressed oops)
# Derivative: IcedTea 2.5.3
# Distribution: Ubuntu 14.04 LTS, package 7u71-2.5.3-0ubuntu0.14.04.1
# Problematic frame:
# v  ~BufferBlob::jni_fast_GetLongField
#
# Failed to write core dump. Core dumps have been disabled. To enable core dumping, try "ulimit -c unlimited" before starting Java again
#
# If you would like to submit a bug report, please include
# instructions on how to reproduce the bug and visit:
#   http://icedtea.classpath.org/bugzilla
# The crash happened outside the Java Virtual Machine in native code.
# See problematic frame for where to report the bug.
#

---------------  T H R E A D  ---------------

Current thread (0x00007f6fd41e9000):  JavaThread "AWT-XAWT" daemon [_thread_in_native, id=21968, stack(0x00007f6f98092000,0x00007f6f98193000)]

siginfo:si_signo=SIGSEGV: si_errno=0, si_code=1 (SEGV_MAPERR), si_addr=0x0000000000000000

Registers:
RAX=0x00007f6fdbd6b060, RBX=0x00007f6fd41e91d8, RCX=0x00007f6fdc1e2320, RDX=0x0000000000000042
RSP=0x00007f6f981917f8, RBP=0x00007f6f98191820, RSI=0x0000000000000000, RDI=0x00007f6fd41e91d8
R8 =0x00000000ebda0230, R9 =0x0000000000000000, R10=0x000000000000002a, R11=0x00007f6fdb80c040
R12=0x00007f6f88008750, R13=0x0000000000000000, R14=0x00007f6fc94b8d80, R15=0x00007f6fd41e9000
RIP=0x00007f6fd105b4ba, EFLAGS=0x0000000000010246, CSGSFS=0x0000000000000033, ERR=0x0000000000000004
  TRAPNO=0x000000000000000e

Top of Stack: (sp=0x00007f6f981917f8)
0x00007f6f981917f8:   00007f6fc928a6f4 00000000b9605c00
0x00007f6f98191808:   00007f6f88008750 00000000b9605c00
0x00007f6f98191818:   00007f6f98191910 0000000000000000
0x00007f6f98191828:   00007f6fc8d88ae8 00000000b9605c00
0x00007f6f98191838:   00007f6f98191860 0000000000000000
0x00007f6f98191848:   00007f6fc8d809a3 00000000b9605c00
0x00007f6f98191858:   00007f6fc927f20f 00007f6f981918d8
0x00007f6f98191868:   00007f6fd1012d98 0000000000000000
0x00007f6f98191878:   00000000ebe3da00 00000000ebe3f138
0x00007f6f98191888:   00007f6f98191888 00000000b9a6abde
0x00007f6f98191898:   00007f6f98191898 0000000000000000
0x00007f6f981918a8:   00007f6f98191910 00000000b960bd88
0x00007f6f981918b8:   0000000000000000 00000000b9605c00
0x00007f6f981918c8:   0000000000000000 00007f6f98191920
0x00007f6f981918d8:   0000000000000000 00007f6fd10cefa0
0x00007f6f981918e8:   00000000ebdd6e88 00007f6fd100ecc0
0x00007f6f981918f8:   0000000000000000 0000000000000001
0x00007f6f98191908:   00007f6f8c000db0 0000000000000000
0x00007f6f98191918:   00007f6fd10cefa0 00000002ebdcbdb0
0x00007f6f98191928:   0000000500000000 0000000000000000
0x00007f6f98191938:   00000000ebe0ea70 00007f6f8c000db0
0x00007f6f98191948:   00000000ebd0fa68 00007f6f8c000db0
0x00007f6f98191958:   00000000ebe3da00 00007f6f8c000db0
0x00007f6f98191968:   0000000000000000 0000000000000001
0x00007f6f98191978:   0000000000000000 00007f6f981919e0
0x00007f6f98191988:   00007f6fd1006058 deaddeaf00000000
0x00007f6f98191998:   00000000ebe0ea70 00007f6f981919a0
0x00007f6f981919a8:   00000000b974f3dd 00007f6f981919f0
0x00007f6f981919b8:   00000000b975c428 0000000000000000
0x00007f6f981919c8:   00000000b974f3f8 00007f6f98191990
0x00007f6f981919d8:   00007f6f981919f0 00007f6f98191a38
0x00007f6f981919e8:   00007f6fd1006706 00000000ebe0ea70 

Instructions: (pc=0x00007f6fd105b4ba)
0x00007f6fd105b49a:   00 00 00 00 00 00 44 8b 15 3d a3 d3 0a 4c 8b ce
0x00007f6fd105b4aa:   41 f6 c2 01 0f 85 2e 00 00 00 4d 33 ca 4d 33 ca
0x00007f6fd105b4ba:   4d 8b 09 4c 8b da 49 c1 eb 02 4b 8b 04 19 49 bb
0x00007f6fd105b4ca:   e4 57 d9 db 6f 7f 00 00 4c 33 d8 4c 33 d8 45 3b 

Register to memory mapping:

RAX=0x00007f6fdbd6b060: <offset 0xdbb060> in /usr/lib/jvm/java-7-openjdk-amd64/jre/lib/amd64/server/libjvm.so at 0x00007f6fdafb0000
RBX=0x00007f6fd41e91d8 is an unknown value
RCX=0x00007f6fdc1e2320: <offset 0x219320> in /lib/x86_64-linux-gnu/libpthread.so.0 at 0x00007f6fdbfc9000
RDX=0x0000000000000042 is an unknown value
RSP=0x00007f6f981917f8 is pointing into the stack for thread: 0x00007f6fd41e9000
RBP=0x00007f6f98191820 is pointing into the stack for thread: 0x00007f6fd41e9000
RSI=0x0000000000000000 is an unknown value
RDI=0x00007f6fd41e91d8 is an unknown value
R8 =0x00000000ebda0230 is an oop
[I 
 - klass: {type array int}
 - length: 9
R9 =0x0000000000000000 is an unknown value
R10=0x000000000000002a is an unknown value
R11=0x00007f6fdb80c040: <offset 0x85c040> in /usr/lib/jvm/java-7-openjdk-amd64/jre/lib/amd64/server/libjvm.so at 0x00007f6fdafb0000
R12=0x00007f6f88008750 is an unknown value
R13=0x0000000000000000 is an unknown value
R14=0x00007f6fc94b8d80: <offset 0x24ad80> in /usr/lib/jvm/java-7-openjdk-amd64/jre/lib/amd64/xawt/libmawt.so at 0x00007f6fc926e000
R15=0x00007f6fd41e9000 is a thread


Stack: [0x00007f6f98092000,0x00007f6f98193000],  sp=0x00007f6f981917f8,  free space=1021k
Native frames: (J=compiled Java code, j=interpreted, Vv=VM code, C=native code)
v  ~BufferBlob::jni_fast_GetLongField

Java frames: (J=compiled Java code, j=interpreted, Vv=VM code)
j  sun.awt.X11.XlibWrapper.XFilterEvent(JJ)Z+0
J 136% C2 sun.awt.X11.XToolkit.run(Z)V (410 bytes) @ 0x00007f6fd10cefa0 [0x00007f6fd10ce6c0+0x8e0]
j  sun.awt.X11.XToolkit.run()V+5
j  java.lang.Thread.run()V+11
v  ~StubRoutines::call_stub

---------------  P R O C E S S  ---------------

Java Threads: ( => current thread )
  0x00007f6fd400a000 JavaThread "DestroyJavaVM" [_thread_blocked, id=21954, stack(0x00007f6fdcabe000,0x00007f6fdcbbf000)]
  0x00007f6fd42bc000 JavaThread "AWT-EventQueue-0" [_thread_blocked, id=21970, stack(0x00007f6f93370000,0x00007f6f93471000)]
  0x00007f6fd4274800 JavaThread "AWT-Shutdown" [_thread_blocked, id=21969, stack(0x00007f6f93aef000,0x00007f6f93bf0000)]
=>0x00007f6fd41e9000 JavaThread "AWT-XAWT" daemon [_thread_in_native, id=21968, stack(0x00007f6f98092000,0x00007f6f98193000)]
  0x00007f6fd41c4800 JavaThread "Java2D Disposer" daemon [_thread_blocked, id=21967, stack(0x00007f6f98193000,0x00007f6f98294000)]
  0x00007f6fd40a8800 JavaThread "Service Thread" daemon [_thread_blocked, id=21965, stack(0x00007f6fc988c000,0x00007f6fc998d000)]
  0x00007f6fd40a6000 JavaThread "C2 CompilerThread1" daemon [_thread_blocked, id=21964, stack(0x00007f6fc998d000,0x00007f6fc9a8e000)]
  0x00007f6fd40a3000 JavaThread "C2 CompilerThread0" daemon [_thread_blocked, id=21963, stack(0x00007f6fc9a8e000,0x00007f6fc9b8f000)]
  0x00007f6fd40a1000 JavaThread "Signal Dispatcher" daemon [_thread_blocked, id=21962, stack(0x00007f6fc9b8f000,0x00007f6fc9c90000)]
  0x00007f6fd407b800 JavaThread "Finalizer" daemon [_thread_blocked, id=21961, stack(0x00007f6fd06f7000,0x00007f6fd07f8000)]
  0x00007f6fd4079800 JavaThread "Reference Handler" daemon [_thread_blocked, id=21960, stack(0x00007f6fd07f8000,0x00007f6fd08f9000)]

Other Threads:
  0x00007f6fd4075000 VMThread [stack: 0x00007f6fd08f9000,0x00007f6fd09fa000] [id=21959]
  0x00007f6fd40b3000 WatcherThread [stack: 0x00007f6fc978b000,0x00007f6fc988c000] [id=21966]

VM state:not at safepoint (normal execution)

VM Mutex/Monitor currently owned by a thread: None

Heap
 PSYoungGen      total 18432K, used 12071K [0x00000000ebd00000, 0x00000000ed180000, 0x0000000100000000)
  eden space 15872K, 76% used [0x00000000ebd00000,0x00000000ec8c9d08,0x00000000ecc80000)
  from space 2560K, 0% used [0x00000000ecf00000,0x00000000ecf00000,0x00000000ed180000)
  to   space 2560K, 0% used [0x00000000ecc80000,0x00000000ecc80000,0x00000000ecf00000)
 ParOldGen       total 40960K, used 0K [0x00000000c3800000, 0x00000000c6000000, 0x00000000ebd00000)
  object space 40960K, 0% used [0x00000000c3800000,0x00000000c3800000,0x00000000c6000000)
 PSPermGen       total 21504K, used 11617K [0x00000000b9200000, 0x00000000ba700000, 0x00000000c3800000)
  object space 21504K, 54% used [0x00000000b9200000,0x00000000b9d586d8,0x00000000ba700000)

Card table byte_map: [0x00007f6fd94cc000,0x00007f6fd9704000] byte_map_base: 0x00007f6fd8f03000

Polling page: 0x00007f6fdcbde000

Code Cache  [0x00007f6fd1000000, 0x00007f6fd1270000, 0x00007f6fd4000000)
 total_blobs=586 nmethods=135 adapters=404 free_code_cache=48332Kb largest_free_block=49449344

Compilation events (10 events):
Event: 3791.403 Thread 0x00007f6fd40a6000 nmethod 131 0x00007f6fd10b88d0 code [0x00007f6fd10b8a20, 0x00007f6fd10b8b78]
Event: 3791.415 Thread 0x00007f6fd40a3000 nmethod 130 0x00007f6fd10b7e90 code [0x00007f6fd10b8000, 0x00007f6fd10b8558]
Event: 4826.671 Thread 0x00007f6fd40a6000  132 % !         sun.awt.X11.XToolkit::run @ 59 (410 bytes)
Event: 4827.018 Thread 0x00007f6fd40a6000 nmethod 132% 0x00007f6fd10c2f90 code [0x00007f6fd10c3980, 0x00007f6fd10c78f0]
Event: 11146.851 Thread 0x00007f6fd40a3000  133             java.util.HashMap::getEntry (86 bytes)
Event: 11146.869 Thread 0x00007f6fd40a3000 nmethod 133 0x00007f6fd10b7850 code [0x00007f6fd10b79c0, 0x00007f6fd10b7c68]
Event: 11173.782 Thread 0x00007f6fd40a6000  134             sun.awt.X11.XAnyEvent::get_window (20 bytes)
Event: 11173.792 Thread 0x00007f6fd40a6000 nmethod 134 0x00007f6fd10bfa50 code [0x00007f6fd10bfbe0, 0x00007f6fd10bfe18]
Event: 55065.240 Thread 0x00007f6fd40a3000  136 % !         sun.awt.X11.XToolkit::run @ 59 (410 bytes)
Event: 55068.892 Thread 0x00007f6fd40a3000 nmethod 136% 0x00007f6fd10cdd50 code [0x00007f6fd10ce6c0, 0x00007f6fd10d2218]

GC Heap History (0 events):
No events

Deoptimization events (10 events):
Event: 20.831 Thread 0x00007f6fd42bc000 Uncommon trap: reason=bimorphic action=maybe_recompile pc=0x00007f6fd10935f0 method=java.util.HashMap.getEntry(Ljava/lang/Object;)Ljava/util/HashMap$Entry; @ 68
Event: 20.831 Thread 0x00007f6fd42bc000 Uncommon trap: reason=bimorphic action=maybe_recompile pc=0x00007f6fd1091488 method=java.util.HashMap.getEntry(Ljava/lang/Object;)Ljava/util/HashMap$Entry; @ 68
Event: 20.833 Thread 0x00007f6fd42bc000 Uncommon trap: reason=unreached action=reinterpret pc=0x00007f6fd10af9f0 method=java.lang.AbstractStringBuilder.append(Ljava/lang/String;)Ljava/lang/AbstractStringBuilder; @ 1
Event: 20.833 Thread 0x00007f6fd42bc000 Uncommon trap: reason=unreached action=reinterpret pc=0x00007f6fd1099d88 method=java.awt.Component.isShowing()Z @ 11
Event: 20.898 Thread 0x00007f6fd42bc000 Uncommon trap: reason=class_check action=maybe_recompile pc=0x00007f6fd10b31a8 method=javax.swing.RepaintManager.addDirtyRegion0(Ljava/awt/Container;IIII)V @ 91
Event: 20.898 Thread 0x00007f6fd42bc000 Uncommon trap: reason=class_check action=maybe_recompile pc=0x00007f6fd10b31a8 method=javax.swing.RepaintManager.addDirtyRegion0(Ljava/awt/Container;IIII)V @ 91
Event: 20.898 Thread 0x00007f6fd42bc000 Uncommon trap: reason=class_check action=maybe_recompile pc=0x00007f6fd10b31a8 method=javax.swing.RepaintManager.addDirtyRegion0(Ljava/awt/Container;IIII)V @ 91
Event: 20.898 Thread 0x00007f6fd42bc000 Uncommon trap: reason=class_check action=maybe_recompile pc=0x00007f6fd10b31a8 method=javax.swing.RepaintManager.addDirtyRegion0(Ljava/awt/Container;IIII)V @ 91
Event: 20.899 Thread 0x00007f6fd42bc000 Uncommon trap: reason=unreached action=reinterpret pc=0x00007f6fd10963fc method=java.util.IdentityHashMap.get(Ljava/lang/Object;)Ljava/lang/Object; @ 43
Event: 54555.046 Thread 0x00007f6fd41e9000 Uncommon trap: reason=null_check action=make_not_entrant pc=0x00007f6fd10c6ff0 method=sun.awt.X11.XToolkit.dispatchEvent(Lsun/awt/X11/XEvent;)V @ 99

Internal exceptions (10 events):
Event: 0.215 Thread 0x00007f6fd400a000 Threw 0x00000000ebed28f0 at /build/buildd/openjdk-7-7u71-2.5.3/build/openjdk/hotspot/src/share/vm/prims/jvm.cpp:1284
Event: 0.215 Thread 0x00007f6fd400a000 Threw 0x00000000ebed55b0 at /build/buildd/openjdk-7-7u71-2.5.3/build/openjdk/hotspot/src/share/vm/prims/jvm.cpp:1284
Event: 0.226 Thread 0x00007f6fd400a000 Threw 0x00000000ebede248 at /build/buildd/openjdk-7-7u71-2.5.3/build/openjdk/hotspot/src/share/vm/prims/jvm.cpp:1284
Event: 0.254 Thread 0x00007f6fd400a000 Threw 0x00000000ebf05b20 at /build/buildd/openjdk-7-7u71-2.5.3/build/openjdk/hotspot/src/share/vm/prims/jvm.cpp:1284
Event: 0.503 Thread 0x00007f6fd42bc000 Threw 0x00000000ec03d060 at /build/buildd/openjdk-7-7u71-2.5.3/build/openjdk/hotspot/src/share/vm/prims/jni.cpp:747
Event: 20.807 Thread 0x00007f6fd42bc000 Implicit null exception at 0x00007f6fd10a7108 to 0x00007f6fd10a7152
Event: 20.807 Thread 0x00007f6fd42bc000 Implicit null exception at 0x00007f6fd1096c41 to 0x00007f6fd1097211
Event: 20.833 Thread 0x00007f6fd42bc000 Implicit null exception at 0x00007f6fd10af6a5 to 0x00007f6fd10af9d9
Event: 21.001 Thread 0x00007f6fd42bc000 Threw 0x00000000ec7e5e68 at /build/buildd/openjdk-7-7u71-2.5.3/build/openjdk/hotspot/src/share/vm/prims/jni.cpp:747
Event: 54555.017 Thread 0x00007f6fd41e9000 Implicit null exception at 0x00007f6fd10c463f to 0x00007f6fd10c6fdd

Events (10 events):
Event: 25.820 Thread 0x00007f6f8801c800 Thread exited: 0x00007f6f8801c800
Event: 54550.360 loading class 0x00007f6fa4041060
Event: 54554.172 loading class 0x00007f6fa4041060 done
Event: 54554.389 loading class 0x00007f6fa4042280
Event: 54554.636 loading class 0x00007f6fa4042280 done
Event: 54555.017 Thread 0x00007f6fd41e9000 Uncommon trap: trap_request=0xfffffff4 fr.pc=0x00007f6fd10c6ff0
Event: 54555.055 Thread 0x00007f6fd41e9000 DEOPT PACKING pc=0x00007f6fd10c6ff0 sp=0x00007f6f98191920
Event: 54555.055 Thread 0x00007f6fd41e9000 DEOPT UNPACKING pc=0x00007f6fd1039445 sp=0x00007f6f98191860 mode 2
Event: 154458.172 loading class 0x00007f6fd419ca20
Event: 154460.713 loading class 0x00007f6fd419ca20 done


Dynamic libraries:
00400000-00401000 r-xp 00000000 08:05 4070366                            /usr/lib/jvm/java-7-openjdk-amd64/jre/bin/java
00600000-00601000 r--p 00000000 08:05 4070366                            /usr/lib/jvm/java-7-openjdk-amd64/jre/bin/java
00601000-00602000 rw-p 00001000 08:05 4070366                            /usr/lib/jvm/java-7-openjdk-amd64/jre/bin/java
01a5a000-01a7b000 rw-p 00000000 00:00 0                                  [heap]
b9200000-ba700000 rw-p 00000000 00:00 0 
ba700000-c3800000 rw-p 00000000 00:00 0 
c3800000-c6000000 rw-p 00000000 00:00 0 
c6000000-ebd00000 rw-p 00000000 00:00 0 
ebd00000-ed180000 rw-p 00000000 00:00 0 
ed180000-100000000 rw-p 00000000 00:00 0 
7f6f7c000000-7f6f7c021000 rw-p 00000000 00:00 0 
7f6f7c021000-7f6f80000000 ---p 00000000 00:00 0 
7f6f84000000-7f6f84021000 rw-p 00000000 00:00 0 
7f6f84021000-7f6f88000000 ---p 00000000 00:00 0 
7f6f88000000-7f6f88053000 rw-p 00000000 00:00 0 
7f6f88053000-7f6f8c000000 ---p 00000000 00:00 0 
7f6f8c000000-7f6f8c024000 rw-p 00000000 00:00 0 
7f6f8c024000-7f6f90000000 ---p 00000000 00:00 0 
7f6f9326f000-7f6f93272000 ---p 00000000 00:00 0 
7f6f93272000-7f6f93370000 rw-p 00000000 00:00 0 
7f6f93370000-7f6f93373000 ---p 00000000 00:00 0 
7f6f93373000-7f6f93471000 rw-p 00000000 00:00 0                          [stack:21970]
7f6f93471000-7f6f93481000 r-xp 00000000 08:05 4070287                    /usr/lib/jvm/java-7-openjdk-amd64/jre/lib/amd64/libnio.so
7f6f93481000-7f6f93681000 ---p 00010000 08:05 4070287                    /usr/lib/jvm/java-7-openjdk-amd64/jre/lib/amd64/libnio.so
7f6f93681000-7f6f93682000 r--p 00010000 08:05 4070287                    /usr/lib/jvm/java-7-openjdk-amd64/jre/lib/amd64/libnio.so
7f6f93682000-7f6f93683000 rw-p 00011000 08:05 4070287                    /usr/lib/jvm/java-7-openjdk-amd64/jre/lib/amd64/libnio.so
7f6f93683000-7f6f9369a000 r-xp 00000000 08:05 4070272                    /usr/lib/jvm/java-7-openjdk-amd64/jre/lib/amd64/libnet.so
7f6f9369a000-7f6f93899000 ---p 00017000 08:05 4070272                    /usr/lib/jvm/java-7-openjdk-amd64/jre/lib/amd64/libnet.so
7f6f93899000-7f6f9389a000 r--p 00016000 08:05 4070272                    /usr/lib/jvm/java-7-openjdk-amd64/jre/lib/amd64/libnet.so
7f6f9389a000-7f6f9389b000 rw-p 00017000 08:05 4070272                    /usr/lib/jvm/java-7-openjdk-amd64/jre/lib/amd64/libnet.so
7f6f9389b000-7f6f938ec000 r-xp 00000000 08:05 4070273                    /usr/lib/jvm/java-7-openjdk-amd64/jre/lib/amd64/libfontmanager.so
7f6f938ec000-7f6f93aeb000 ---p 00051000 08:05 4070273                    /usr/lib/jvm/java-7-openjdk-amd64/jre/lib/amd64/libfontmanager.so
7f6f93aeb000-7f6f93aee000 r--p 00050000 08:05 4070273                    /usr/lib/jvm/java-7-openjdk-amd64/jre/lib/amd64/libfontmanager.so
7f6f93aee000-7f6f93aef000 rw-p 00053000 08:05 4070273                    /usr/lib/jvm/java-7-openjdk-amd64/jre/lib/amd64/libfontmanager.so
7f6f93aef000-7f6f93af2000 ---p 00000000 00:00 0 
7f6f93af2000-7f6f93bf0000 rw-p 00000000 00:00 0                          [stack:21969]
7f6f93bf0000-7f6f93bf5000 r-xp 00000000 08:05 139348                     /usr/lib/x86_64-linux-gnu/libXfixes.so.3.1.0
7f6f93bf5000-7f6f93df4000 ---p 00005000 08:05 139348                     /usr/lib/x86_64-linux-gnu/libXfixes.so.3.1.0
7f6f93df4000-7f6f93df5000 r--p 00004000 08:05 139348                     /usr/lib/x86_64-linux-gnu/libXfixes.so.3.1.0
7f6f93df5000-7f6f93df6000 rw-p 00005000 08:05 139348                     /usr/lib/x86_64-linux-gnu/libXfixes.so.3.1.0
7f6f93df6000-7f6f93dff000 r-xp 00000000 08:05 139340                     /usr/lib/x86_64-linux-gnu/libXcursor.so.1.0.2
7f6f93dff000-7f6f93ffe000 ---p 00009000 08:05 139340                     /usr/lib/x86_64-linux-gnu/libXcursor.so.1.0.2
7f6f93ffe000-7f6f93fff000 r--p 00008000 08:05 139340                     /usr/lib/x86_64-linux-gnu/libXcursor.so.1.0.2
7f6f93fff000-7f6f94000000 rw-p 00009000 08:05 139340                     /usr/lib/x86_64-linux-gnu/libXcursor.so.1.0.2
7f6f94000000-7f6f94021000 rw-p 00000000 00:00 0 
7f6f94021000-7f6f98000000 ---p 00000000 00:00 0 
7f6f98092000-7f6f98095000 ---p 00000000 00:00 0 
7f6f98095000-7f6f98193000 rw-p 00000000 00:00 0                          [stack:21968]
7f6f98193000-7f6f98196000 ---p 00000000 00:00 0 
7f6f98196000-7f6f98294000 rw-p 00000000 00:00 0                          [stack:21967]
7f6f98294000-7f6f98298000 r-xp 00000000 08:05 1314782                    /lib/x86_64-linux-gnu/libgpg-error.so.0.10.0
7f6f98298000-7f6f98497000 ---p 00004000 08:05 1314782                    /lib/x86_64-linux-gnu/libgpg-error.so.0.10.0
7f6f98497000-7f6f98498000 r--p 00003000 08:05 1314782                    /lib/x86_64-linux-gnu/libgpg-error.so.0.10.0
7f6f98498000-7f6f98499000 rw-p 00004000 08:05 1314782                    /lib/x86_64-linux-gnu/libgpg-error.so.0.10.0
7f6f98499000-7f6f9849b000 r-xp 00000000 08:05 1314792                    /lib/x86_64-linux-gnu/libkeyutils.so.1.4
7f6f9849b000-7f6f9869b000 ---p 00002000 08:05 1314792                    /lib/x86_64-linux-gnu/libkeyutils.so.1.4
7f6f9869b000-7f6f9869c000 r--p 00002000 08:05 1314792                    /lib/x86_64-linux-gnu/libkeyutils.so.1.4
7f6f9869c000-7f6f9869d000 rw-p 00003000 08:05 1314792                    /lib/x86_64-linux-gnu/libkeyutils.so.1.4
7f6f9869d000-7f6f986da000 r-xp 00000000 08:05 1314852                    /lib/x86_64-linux-gnu/libpcre.so.3.13.1
7f6f986da000-7f6f988d9000 ---p 0003d000 08:05 1314852                    /lib/x86_64-linux-gnu/libpcre.so.3.13.1
7f6f988d9000-7f6f988da000 r--p 0003c000 08:05 1314852                    /lib/x86_64-linux-gnu/libpcre.so.3.13.1
7f6f988da000-7f6f988db000 rw-p 0003d000 08:05 1314852                    /lib/x86_64-linux-gnu/libpcre.so.3.13.1
7f6f988db000-7f6f98900000 r-xp 00000000 08:05 1314864                    /lib/x86_64-linux-gnu/libpng12.so.0.50.0
7f6f98900000-7f6f98aff000 ---p 00025000 08:05 1314864                    /lib/x86_64-linux-gnu/libpng12.so.0.50.0
7f6f98aff000-7f6f98b00000 r--p 00024000 08:05 1314864                    /lib/x86_64-linux-gnu/libpng12.so.0.50.0
7f6f98b00000-7f6f98b01000 rw-p 00025000 08:05 1314864                    /lib/x86_64-linux-gnu/libpng12.so.0.50.0
7f6f98b01000-7f6f98b45000 r-xp 00000000 08:05 1314802                    /lib/x86_64-linux-gnu/libdbus-1.so.3.7.6
7f6f98b45000-7f6f98d44000 ---p 00044000 08:05 1314802                    /lib/x86_64-linux-gnu/libdbus-1.so.3.7.6
7f6f98d44000-7f6f98d45000 r--p 00043000 08:05 1314802                    /lib/x86_64-linux-gnu/libdbus-1.so.3.7.6
7f6f98d45000-7f6f98d46000 rw-p 00044000 08:05 1314802                    /lib/x86_64-linux-gnu/libdbus-1.so.3.7.6
7f6f98d46000-7f6f98d81000 r-xp 00000000 08:05 140060                     /usr/lib/x86_64-linux-gnu/libp11-kit.so.0.0.0
7f6f98d81000-7f6f98f80000 ---p 0003b000 08:05 140060                     /usr/lib/x86_64-linux-gnu/libp11-kit.so.0.0.0
7f6f98f80000-7f6f98f86000 r--p 0003a000 08:05 140060                     /usr/lib/x86_64-linux-gnu/libp11-kit.so.0.0.0
7f6f98f86000-7f6f98f88000 rw-p 00040000 08:05 140060                     /usr/lib/x86_64-linux-gnu/libp11-kit.so.0.0.0
7f6f98f88000-7f6f98f9a000 r-xp 00000000 08:05 140245                     /usr/lib/x86_64-linux-gnu/libtasn1.so.6.2.0
7f6f98f9a000-7f6f9919a000 ---p 00012000 08:05 140245                     /usr/lib/x86_64-linux-gnu/libtasn1.so.6.2.0
7f6f9919a000-7f6f9919b000 r--p 00012000 08:05 140245                     /usr/lib/x86_64-linux-gnu/libtasn1.so.6.2.0
7f6f9919b000-7f6f9919c000 rw-p 00013000 08:05 140245                     /usr/lib/x86_64-linux-gnu/libtasn1.so.6.2.0
7f6f9919c000-7f6f99218000 r-xp 00000000 08:05 1314767                    /lib/x86_64-linux-gnu/libgcrypt.so.11.8.2
7f6f99218000-7f6f99417000 ---p 0007c000 08:05 1314767                    /lib/x86_64-linux-gnu/libgcrypt.so.11.8.2
7f6f99417000-7f6f99418000 r--p 0007b000 08:05 1314767                    /lib/x86_64-linux-gnu/libgcrypt.so.11.8.2
7f6f99418000-7f6f9941b000 rw-p 0007c000 08:05 1314767                    /lib/x86_64-linux-gnu/libgcrypt.so.11.8.2
7f6f9941b000-7f6f99425000 r-xp 00000000 08:05 133140                     /usr/lib/x86_64-linux-gnu/libkrb5support.so.0.1
7f6f99425000-7f6f99624000 ---p 0000a000 08:05 133140                     /usr/lib/x86_64-linux-gnu/libkrb5support.so.0.1
7f6f99624000-7f6f99625000 r--p 00009000 08:05 133140                     /usr/lib/x86_64-linux-gnu/libkrb5support.so.0.1
7f6f99625000-7f6f99626000 rw-p 0000a000 08:05 133140                     /usr/lib/x86_64-linux-gnu/libkrb5support.so.0.1
7f6f99626000-7f6f99629000 r-xp 00000000 08:05 1314758                    /lib/x86_64-linux-gnu/libcom_err.so.2.1
7f6f99629000-7f6f99828000 ---p 00003000 08:05 1314758                    /lib/x86_64-linux-gnu/libcom_err.so.2.1
7f6f99828000-7f6f99829000 r--p 00002000 08:05 1314758                    /lib/x86_64-linux-gnu/libcom_err.so.2.1
7f6f99829000-7f6f9982a000 rw-p 00003000 08:05 1314758                    /lib/x86_64-linux-gnu/libcom_err.so.2.1
7f6f9982a000-7f6f99856000 r-xp 00000000 08:05 133134                     /usr/lib/x86_64-linux-gnu/libk5crypto.so.3.1
7f6f99856000-7f6f99a55000 ---p 0002c000 08:05 133134                     /usr/lib/x86_64-linux-gnu/libk5crypto.so.3.1
7f6f99a55000-7f6f99a57000 r--p 0002b000 08:05 133134                     /usr/lib/x86_64-linux-gnu/libk5crypto.so.3.1
7f6f99a57000-7f6f99a58000 rw-p 0002d000 08:05 133134                     /usr/lib/x86_64-linux-gnu/libk5crypto.so.3.1
7f6f99a58000-7f6f99a59000 rw-p 00000000 00:00 0 
7f6f99a59000-7f6f99b15000 r-xp 00000000 08:05 133138                     /usr/lib/x86_64-linux-gnu/libkrb5.so.3.3
7f6f99b15000-7f6f99d15000 ---p 000bc000 08:05 133138                     /usr/lib/x86_64-linux-gnu/libkrb5.so.3.3
7f6f99d15000-7f6f99d22000 r--p 000bc000 08:05 133138                     /usr/lib/x86_64-linux-gnu/libkrb5.so.3.3
7f6f99d22000-7f6f99d24000 rw-p 000c9000 08:05 133138                     /usr/lib/x86_64-linux-gnu/libkrb5.so.3.3
7f6f99d24000-7f6f99d29000 r-xp 00000000 08:05 139344                     /usr/lib/x86_64-linux-gnu/libXdmcp.so.6.0.0
7f6f99d29000-7f6f99f28000 ---p 00005000 08:05 139344                     /usr/lib/x86_64-linux-gnu/libXdmcp.so.6.0.0
7f6f99f28000-7f6f99f29000 r--p 00004000 08:05 139344                     /usr/lib/x86_64-linux-gnu/libXdmcp.so.6.0.0
7f6f99f29000-7f6f99f2a000 rw-p 00005000 08:05 139344                     /usr/lib/x86_64-linux-gnu/libXdmcp.so.6.0.0
7f6f99f2a000-7f6f99f2c000 r-xp 00000000 08:05 139333                     /usr/lib/x86_64-linux-gnu/libXau.so.6.0.0
7f6f99f2c000-7f6f9a12c000 ---p 00002000 08:05 139333                     /usr/lib/x86_64-linux-gnu/libXau.so.6.0.0
7f6f9a12c000-7f6f9a12d000 r--p 00002000 08:05 139333                     /usr/lib/x86_64-linux-gnu/libXau.so.6.0.0
7f6f9a12d000-7f6f9a12e000 rw-p 00003000 08:05 139333                     /usr/lib/x86_64-linux-gnu/libXau.so.6.0.0
7f6f9a12e000-7f6f9a135000 r-xp 00000000 08:05 139611                     /usr/lib/x86_64-linux-gnu/libffi.so.6.0.1
7f6f9a135000-7f6f9a334000 ---p 00007000 08:05 139611                     /usr/lib/x86_64-linux-gnu/libffi.so.6.0.1
7f6f9a334000-7f6f9a335000 r--p 00006000 08:05 139611                     /usr/lib/x86_64-linux-gnu/libffi.so.6.0.1
7f6f9a335000-7f6f9a336000 rw-p 00007000 08:05 139611                     /usr/lib/x86_64-linux-gnu/libffi.so.6.0.1
7f6f9a336000-7f6f9a34d000 r-xp 00000000 08:05 1310824                    /lib/x86_64-linux-gnu/libresolv-2.19.so
7f6f9a34d000-7f6f9a54d000 ---p 00017000 08:05 1310824                    /lib/x86_64-linux-gnu/libresolv-2.19.so
7f6f9a54d000-7f6f9a54e000 r--p 00017000 08:05 1310824                    /lib/x86_64-linux-gnu/libresolv-2.19.so
7f6f9a54e000-7f6f9a54f000 rw-p 00018000 08:05 1310824                    /lib/x86_64-linux-gnu/libresolv-2.19.so
7f6f9a54f000-7f6f9a551000 rw-p 00000000 00:00 0 
7f6f9a551000-7f6f9a571000 r-xp 00000000 08:05 1314879                    /lib/x86_64-linux-gnu/libselinux.so.1
7f6f9a571000-7f6f9a770000 ---p 00020000 08:05 1314879                    /lib/x86_64-linux-gnu/libselinux.so.1
7f6f9a770000-7f6f9a771000 r--p 0001f000 08:05 1314879                    /lib/x86_64-linux-gnu/libselinux.so.1
7f6f9a771000-7f6f9a772000 rw-p 00020000 08:05 1314879                    /lib/x86_64-linux-gnu/libselinux.so.1
7f6f9a772000-7f6f9a774000 rw-p 00000000 00:00 0 
7f6f9a774000-7f6f9a87a000 r-xp 00000000 08:05 1322470                    /lib/x86_64-linux-gnu/libglib-2.0.so.0.4002.0
7f6f9a87a000-7f6f9aa79000 ---p 00106000 08:05 1322470                    /lib/x86_64-linux-gnu/libglib-2.0.so.0.4002.0
7f6f9aa79000-7f6f9aa7a000 r--p 00105000 08:05 1322470                    /lib/x86_64-linux-gnu/libglib-2.0.so.0.4002.0
7f6f9aa7a000-7f6f9aa7b000 rw-p 00106000 08:05 1322470                    /lib/x86_64-linux-gnu/libglib-2.0.so.0.4002.0
7f6f9aa7b000-7f6f9aa7c000 rw-p 00000000 00:00 0 
7f6f9aa7c000-7f6f9aa7f000 r-xp 00000000 08:05 131436                     /usr/lib/x86_64-linux-gnu/libgmodule-2.0.so.0.4002.0
7f6f9aa7f000-7f6f9ac7e000 ---p 00003000 08:05 131436                     /usr/lib/x86_64-linux-gnu/libgmodule-2.0.so.0.4002.0
7f6f9ac7e000-7f6f9ac7f000 r--p 00002000 08:05 131436                     /usr/lib/x86_64-linux-gnu/libgmodule-2.0.so.0.4002.0
7f6f9ac7f000-7f6f9ac80000 rw-p 00003000 08:05 131436                     /usr/lib/x86_64-linux-gnu/libgmodule-2.0.so.0.4002.0
7f6f9ac80000-7f6f9aca7000 r-xp 00000000 08:05 1314771                    /lib/x86_64-linux-gnu/libexpat.so.1.6.0
7f6f9aca7000-7f6f9aea7000 ---p 00027000 08:05 1314771                    /lib/x86_64-linux-gnu/libexpat.so.1.6.0
7f6f9aea7000-7f6f9aea9000 r--p 00027000 08:05 1314771                    /lib/x86_64-linux-gnu/libexpat.so.1.6.0
7f6f9aea9000-7f6f9aeaa000 rw-p 00029000 08:05 1314771                    /lib/x86_64-linux-gnu/libexpat.so.1.6.0
7f6f9aeaa000-7f6f9af47000 r-xp 00000000 08:05 139653                     /usr/lib/x86_64-linux-gnu/libfreetype.so.6.11.1
7f6f9af47000-7f6f9b146000 ---p 0009d000 08:05 139653                     /usr/lib/x86_64-linux-gnu/libfreetype.so.6.11.1
7f6f9b146000-7f6f9b14c000 r--p 0009c000 08:05 139653                     /usr/lib/x86_64-linux-gnu/libfreetype.so.6.11.1
7f6f9b14c000-7f6f9b14d000 rw-p 000a2000 08:05 139653                     /usr/lib/x86_64-linux-gnu/libfreetype.so.6.11.1
7f6f9b14d000-7f6f9b15c000 r-xp 00000000 08:05 139437                     /usr/lib/x86_64-linux-gnu/libavahi-client.so.3.2.9
7f6f9b15c000-7f6f9b35c000 ---p 0000f000 08:05 139437                     /usr/lib/x86_64-linux-gnu/libavahi-client.so.3.2.9
7f6f9b35c000-7f6f9b35d000 r--p 0000f000 08:05 139437                     /usr/lib/x86_64-linux-gnu/libavahi-client.so.3.2.9
7f6f9b35d000-7f6f9b35e000 rw-p 00010000 08:05 139437                     /usr/lib/x86_64-linux-gnu/libavahi-client.so.3.2.9
7f6f9b35e000-7f6f9b369000 r-xp 00000000 08:05 139439                     /usr/lib/x86_64-linux-gnu/libavahi-common.so.3.5.3
7f6f9b369000-7f6f9b568000 ---p 0000b000 08:05 139439                     /usr/lib/x86_64-linux-gnu/libavahi-common.so.3.5.3
7f6f9b568000-7f6f9b569000 r--p 0000a000 08:05 139439                     /usr/lib/x86_64-linux-gnu/libavahi-common.so.3.5.3
7f6f9b569000-7f6f9b56a000 rw-p 0000b000 08:05 139439                     /usr/lib/x86_64-linux-gnu/libavahi-common.so.3.5.3
7f6f9b56a000-7f6f9b620000 r-xp 00000000 08:05 139740                     /usr/lib/x86_64-linux-gnu/libgnutls.so.26.22.6
7f6f9b620000-7f6f9b820000 ---p 000b6000 08:05 139740                     /usr/lib/x86_64-linux-gnu/libgnutls.so.26.22.6
7f6f9b820000-7f6f9b826000 r--p 000b6000 08:05 139740                     /usr/lib/x86_64-linux-gnu/libgnutls.so.26.22.6
7f6f9b826000-7f6f9b827000 rw-p 000bc000 08:05 139740                     /usr/lib/x86_64-linux-gnu/libgnutls.so.26.22.6
7f6f9b827000-7f6f9b828000 rw-p 00000000 00:00 0 
7f6f9b828000-7f6f9b86b000 r-xp 00000000 08:05 133136                     /usr/lib/x86_64-linux-gnu/libgssapi_krb5.so.2.2
7f6f9b86b000-7f6f9ba6b000 ---p 00043000 08:05 133136                     /usr/lib/x86_64-linux-gnu/libgssapi_krb5.so.2.2
7f6f9ba6b000-7f6f9ba6c000 r--p 00043000 08:05 133136                     /usr/lib/x86_64-linux-gnu/libgssapi_krb5.so.2.2
7f6f9ba6c000-7f6f9ba6e000 rw-p 00044000 08:05 133136                     /usr/lib/x86_64-linux-gnu/libgssapi_krb5.so.2.2
7f6f9ba6e000-7f6f9ba8b000 r-xp 00000000 08:05 140403                     /usr/lib/x86_64-linux-gnu/libxcb.so.1.1.0
7f6f9ba8b000-7f6f9bc8b000 ---p 0001d000 08:05 140403                     /usr/lib/x86_64-linux-gnu/libxcb.so.1.1.0
7f6f9bc8b000-7f6f9bc8c000 r--p 0001d000 08:05 140403                     /usr/lib/x86_64-linux-gnu/libxcb.so.1.1.0
7f6f9bc8c000-7f6f9bc8d000 rw-p 0001e000 08:05 140403                     /usr/lib/x86_64-linux-gnu/libxcb.so.1.1.0
7f6f9bc8d000-7f6f9bdf9000 r-xp 00000000 08:05 131458                     /usr/lib/x86_64-linux-gnu/libgio-2.0.so.0.4002.0
7f6f9bdf9000-7f6f9bff8000 ---p 0016c000 08:05 131458                     /usr/lib/x86_64-linux-gnu/libgio-2.0.so.0.4002.0
7f6f9bff8000-7f6f9bffc000 r--p 0016b000 08:05 131458                     /usr/lib/x86_64-linux-gnu/libgio-2.0.so.0.4002.0
7f6f9bffc000-7f6f9bffe000 rw-p 0016f000 08:05 131458                     /usr/lib/x86_64-linux-gnu/libgio-2.0.so.0.4002.0
7f6f9bffe000-7f6f9c000000 rw-p 00000000 00:00 0 
7f6f9c000000-7f6f9c021000 rw-p 00000000 00:00 0 
7f6f9c021000-7f6fa0000000 ---p 00000000 00:00 0 
7f6fa0000000-7f6fa0021000 rw-p 00000000 00:00 0 
7f6fa0021000-7f6fa4000000 ---p 00000000 00:00 0 
7f6fa4000000-7f6fa49d8000 rw-p 00000000 00:00 0 
7f6fa49d8000-7f6fa8000000 ---p 00000000 00:00 0 
7f6fa8000000-7f6fa89ce000 rw-p 00000000 00:00 0 
7f6fa89ce000-7f6fac000000 ---p 00000000 00:00 0 
7f6fac000000-7f6fac021000 rw-p 00000000 00:00 0 
7f6fac021000-7f6fb0000000 ---p 00000000 00:00 0 
7f6fb0000000-7f6fb0021000 rw-p 00000000 00:00 0 
7f6fb0021000-7f6fb4000000 ---p 00000000 00:00 0 
7f6fb4000000-7f6fb4021000 rw-p 00000000 00:00 0 
7f6fb4021000-7f6fb8000000 ---p 00000000 00:00 0 
7f6fb8000000-7f6fb8021000 rw-p 00000000 00:00 0 
7f6fb8021000-7f6fbc000000 ---p 00000000 00:00 0 
7f6fbc000000-7f6fbc021000 rw-p 00000000 00:00 0 
7f6fbc021000-7f6fc0000000 ---p 00000000 00:00 0 
7f6fc0000000-7f6fc0021000 rw-p 00000000 00:00 0 
7f6fc0021000-7f6fc4000000 ---p 00000000 00:00 0 
7f6fc4000000-7f6fc4021000 rw-p 00000000 00:00 0 
7f6fc4021000-7f6fc8000000 ---p 00000000 00:00 0 
7f6fc8006000-7f6fc8055000 r-xp 00000000 08:05 131454                     /usr/lib/x86_64-linux-gnu/libgobject-2.0.so.0.4002.0
7f6fc8055000-7f6fc8255000 ---p 0004f000 08:05 131454                     /usr/lib/x86_64-linux-gnu/libgobject-2.0.so.0.4002.0
7f6fc8255000-7f6fc8256000 r--p 0004f000 08:05 131454                     /usr/lib/x86_64-linux-gnu/libgobject-2.0.so.0.4002.0
7f6fc8256000-7f6fc8257000 rw-p 00050000 08:05 131454                     /usr/lib/x86_64-linux-gnu/libgobject-2.0.so.0.4002.0
7f6fc8257000-7f6fc8291000 r-xp 00000000 08:05 139625                     /usr/lib/x86_64-linux-gnu/libfontconfig.so.1.8.0
7f6fc8291000-7f6fc8490000 ---p 0003a000 08:05 139625                     /usr/lib/x86_64-linux-gnu/libfontconfig.so.1.8.0
7f6fc8490000-7f6fc8492000 r--p 00039000 08:05 139625                     /usr/lib/x86_64-linux-gnu/libfontconfig.so.1.8.0
7f6fc8492000-7f6fc8493000 rw-p 0003b000 08:05 139625                     /usr/lib/x86_64-linux-gnu/libfontconfig.so.1.8.0
7f6fc8493000-7f6fc84ff000 r-xp 00000000 08:05 131737                     /usr/lib/x86_64-linux-gnu/libcups.so.2
7f6fc84ff000-7f6fc86ff000 ---p 0006c000 08:05 131737                     /usr/lib/x86_64-linux-gnu/libcups.so.2
7f6fc86ff000-7f6fc8706000 r--p 0006c000 08:05 131737                     /usr/lib/x86_64-linux-gnu/libcups.so.2
7f6fc8706000-7f6fc8707000 rw-p 00073000 08:05 131737                     /usr/lib/x86_64-linux-gnu/libcups.so.2
7f6fc8707000-7f6fc8716000 r-xp 00000000 08:05 139354                     /usr/lib/x86_64-linux-gnu/libXi.so.6.1.0
7f6fc8716000-7f6fc8915000 ---p 0000f000 08:05 139354                     /usr/lib/x86_64-linux-gnu/libXi.so.6.1.0
7f6fc8915000-7f6fc8916000 r--p 0000e000 08:05 139354                     /usr/lib/x86_64-linux-gnu/libXi.so.6.1.0
7f6fc8916000-7f6fc8917000 rw-p 0000f000 08:05 139354                     /usr/lib/x86_64-linux-gnu/libXi.so.6.1.0
7f6fc8917000-7f6fc891c000 r-xp 00000000 08:05 139374                     /usr/lib/x86_64-linux-gnu/libXtst.so.6.1.0
7f6fc891c000-7f6fc8b1b000 ---p 00005000 08:05 139374                     /usr/lib/x86_64-linux-gnu/libXtst.so.6.1.0
7f6fc8b1b000-7f6fc8b1c000 r--p 00004000 08:05 139374                     /usr/lib/x86_64-linux-gnu/libXtst.so.6.1.0
7f6fc8b1c000-7f6fc8b1d000 rw-p 00005000 08:05 139374                     /usr/lib/x86_64-linux-gnu/libXtst.so.6.1.0
7f6fc8b1d000-7f6fc8b26000 r-xp 00000000 08:05 139368                     /usr/lib/x86_64-linux-gnu/libXrender.so.1.3.0
7f6fc8b26000-7f6fc8d25000 ---p 00009000 08:05 139368                     /usr/lib/x86_64-linux-gnu/libXrender.so.1.3.0
7f6fc8d25000-7f6fc8d26000 r--p 00008000 08:05 139368                     /usr/lib/x86_64-linux-gnu/libXrender.so.1.3.0
7f6fc8d26000-7f6fc8d27000 rw-p 00009000 08:05 139368                     /usr/lib/x86_64-linux-gnu/libXrender.so.1.3.0
7f6fc8d27000-7f6fc8e57000 r-xp 00000000 08:05 139329                     /usr/lib/x86_64-linux-gnu/libX11.so.6.3.0
7f6fc8e57000-7f6fc9057000 ---p 00130000 08:05 139329                     /usr/lib/x86_64-linux-gnu/libX11.so.6.3.0
7f6fc9057000-7f6fc9058000 r--p 00130000 08:05 139329                     /usr/lib/x86_64-linux-gnu/libX11.so.6.3.0
7f6fc9058000-7f6fc905c000 rw-p 00131000 08:05 139329                     /usr/lib/x86_64-linux-gnu/libX11.so.6.3.0
7f6fc905c000-7f6fc906d000 r-xp 00000000 08:05 139346                     /usr/lib/x86_64-linux-gnu/libXext.so.6.4.0
7f6fc906d000-7f6fc926c000 ---p 00011000 08:05 139346                     /usr/lib/x86_64-linux-gnu/libXext.so.6.4.0
7f6fc926c000-7f6fc926d000 r--p 00010000 08:05 139346                     /usr/lib/x86_64-linux-gnu/libXext.so.6.4.0
7f6fc926d000-7f6fc926e000 rw-p 00011000 08:05 139346                     /usr/lib/x86_64-linux-gnu/libXext.so.6.4.0
7f6fc926e000-7f6fc92b6000 r-xp 00000000 08:05 4070431                    /usr/lib/jvm/java-7-openjdk-amd64/jre/lib/amd64/xawt/libmawt.so
7f6fc92b6000-7f6fc94b5000 ---p 00048000 08:05 4070431                    /usr/lib/jvm/java-7-openjdk-amd64/jre/lib/amd64/xawt/libmawt.so
7f6fc94b5000-7f6fc94b6000 r--p 00047000 08:05 4070431                    /usr/lib/jvm/java-7-openjdk-amd64/jre/lib/amd64/xawt/libmawt.so
7f6fc94b6000-7f6fc94b9000 rw-p 00048000 08:05 4070431                    /usr/lib/jvm/java-7-openjdk-amd64/jre/lib/amd64/xawt/libmawt.so
7f6fc94b9000-7f6fc94ba000 rw-p 00000000 00:00 0 
7f6fc94ba000-7f6fc955a000 r-xp 00000000 08:05 4070297                    /usr/lib/jvm/java-7-openjdk-amd64/jre/lib/amd64/libawt.so
7f6fc955a000-7f6fc975a000 ---p 000a0000 08:05 4070297                    /usr/lib/jvm/java-7-openjdk-amd64/jre/lib/amd64/libawt.so
7f6fc975a000-7f6fc975b000 r--p 000a0000 08:05 4070297                    /usr/lib/jvm/java-7-openjdk-amd64/jre/lib/amd64/libawt.so
7f6fc975b000-7f6fc9766000 rw-p 000a1000 08:05 4070297                    /usr/lib/jvm/java-7-openjdk-amd64/jre/lib/amd64/libawt.so
7f6fc9766000-7f6fc978b000 rw-p 00000000 00:00 0 
7f6fc978b000-7f6fc978c000 ---p 00000000 00:00 0 
7f6fc978c000-7f6fc988c000 rw-p 00000000 00:00 0                          [stack:21966]
7f6fc988c000-7f6fc988f000 ---p 00000000 00:00 0 
7f6fc988f000-7f6fc998d000 rw-p 00000000 00:00 0                          [stack:21965]
7f6fc998d000-7f6fc9990000 ---p 00000000 00:00 0 
7f6fc9990000-7f6fc9a8e000 rw-p 00000000 00:00 0                          [stack:21964]
7f6fc9a8e000-7f6fc9a91000 ---p 00000000 00:00 0 
7f6fc9a91000-7f6fc9b8f000 rw-p 00000000 00:00 0                          [stack:21963]
7f6fc9b8f000-7f6fc9b92000 ---p 00000000 00:00 0 
7f6fc9b92000-7f6fcc000000 rw-p 00000000 00:00 0                          [stack:21962]
7f6fcc000000-7f6fcc021000 rw-p 00000000 00:00 0 
7f6fcc021000-7f6fd0000000 ---p 00000000 00:00 0 
7f6fd0015000-7f6fd06f7000 r--p 00000000 08:05 138250                     /usr/lib/locale/locale-archive
7f6fd06f7000-7f6fd06fa000 ---p 00000000 00:00 0 
7f6fd06fa000-7f6fd07f8000 rw-p 00000000 00:00 0                          [stack:21961]
7f6fd07f8000-7f6fd07fb000 ---p 00000000 00:00 0 
7f6fd07fb000-7f6fd08f9000 rw-p 00000000 00:00 0                          [stack:21960]
7f6fd08f9000-7f6fd08fa000 ---p 00000000 00:00 0 
7f6fd08fa000-7f6fd1000000 rw-p 00000000 00:00 0                          [stack:21959]
7f6fd1000000-7f6fd1270000 rwxp 00000000 00:00 0 
7f6fd1270000-7f6fd42cd000 rw-p 00000000 00:00 0 
7f6fd42cd000-7f6fd8000000 ---p 00000000 00:00 0 
7f6fd800a000-7f6fd8012000 rw-s 00000000 00:04 40501278                   /SYSV00000000 (deleted)
7f6fd8016000-7f6fd8047000 rw-p 00000000 00:00 0 
7f6fd8047000-7f6fd8050000 r--s 000b9000 08:05 4070255                    /usr/lib/jvm/java-7-openjdk-amd64/jre/lib/resources.jar
7f6fd8050000-7f6fd805a000 r--s 00203000 08:05 4070316                    /usr/lib/jvm/java-7-openjdk-amd64/jre/lib/charsets.jar
7f6fd805a000-7f6fd8a51000 rw-p 00000000 00:00 0 
7f6fd8a51000-7f6fd8c02000 r--s 01d25000 08:05 4070335                    /usr/lib/jvm/java-7-openjdk-amd64/jre/lib/rt.jar
7f6fd8c02000-7f6fd8f32000 rw-p 00000000 00:00 0 
7f6fd8f32000-7f6fd8f33000 ---p 00000000 00:00 0 
7f6fd8f33000-7f6fd9033000 rw-p 00000000 00:00 0                          [stack:21958]
7f6fd9033000-7f6fd9034000 ---p 00000000 00:00 0 
7f6fd9034000-7f6fd9134000 rw-p 00000000 00:00 0                          [stack:21957]
7f6fd9134000-7f6fd9135000 ---p 00000000 00:00 0 
7f6fd9135000-7f6fd9235000 rw-p 00000000 00:00 0                          [stack:21956]
7f6fd9235000-7f6fd9236000 ---p 00000000 00:00 0 
7f6fd9236000-7f6fd9341000 rw-p 00000000 00:00 0                          [stack:21955]
7f6fd9341000-7f6fd9389000 rw-p 00000000 00:00 0 
7f6fd9389000-7f6fd939d000 rw-p 00000000 00:00 0 
7f6fd939d000-7f6fd94cc000 rw-p 00000000 00:00 0 
7f6fd94cc000-7f6fd94d7000 rw-p 00000000 00:00 0 
7f6fd94d7000-7f6fd951f000 rw-p 00000000 00:00 0 
7f6fd951f000-7f6fd9533000 rw-p 00000000 00:00 0 
7f6fd9533000-7f6fd9661000 rw-p 00000000 00:00 0 
7f6fd9661000-7f6fd966c000 rw-p 00000000 00:00 0 
7f6fd966c000-7f6fd9703000 rw-p 00000000 00:00 0 
7f6fd9703000-7f6fd9704000 rw-p 00000000 00:00 0 
7f6fd9704000-7f6fd970c000 r-xp 00000000 08:05 4070264                    /usr/lib/jvm/java-7-openjdk-amd64/jre/lib/amd64/libzip.so
7f6fd970c000-7f6fd990b000 ---p 00008000 08:05 4070264                    /usr/lib/jvm/java-7-openjdk-amd64/jre/lib/amd64/libzip.so
7f6fd990b000-7f6fd990c000 r--p 00007000 08:05 4070264                    /usr/lib/jvm/java-7-openjdk-amd64/jre/lib/amd64/libzip.so
7f6fd990c000-7f6fd990d000 rw-p 00008000 08:05 4070264                    /usr/lib/jvm/java-7-openjdk-amd64/jre/lib/amd64/libzip.so
7f6fd990d000-7f6fd9918000 r-xp 00000000 08:05 1321510                    /lib/x86_64-linux-gnu/libnss_files-2.19.so
7f6fd9918000-7f6fd9b17000 ---p 0000b000 08:05 1321510                    /lib/x86_64-linux-gnu/libnss_files-2.19.so
7f6fd9b17000-7f6fd9b18000 r--p 0000a000 08:05 1321510                    /lib/x86_64-linux-gnu/libnss_files-2.19.so
7f6fd9b18000-7f6fd9b19000 rw-p 0000b000 08:05 1321510                    /lib/x86_64-linux-gnu/libnss_files-2.19.so
7f6fd9b19000-7f6fd9b24000 r-xp 00000000 08:05 1321517                    /lib/x86_64-linux-gnu/libnss_nis-2.19.so
7f6fd9b24000-7f6fd9d23000 ---p 0000b000 08:05 1321517                    /lib/x86_64-linux-gnu/libnss_nis-2.19.so
7f6fd9d23000-7f6fd9d24000 r--p 0000a000 08:05 1321517                    /lib/x86_64-linux-gnu/libnss_nis-2.19.so
7f6fd9d24000-7f6fd9d25000 rw-p 0000b000 08:05 1321517                    /lib/x86_64-linux-gnu/libnss_nis-2.19.so
7f6fd9d25000-7f6fd9d3c000 r-xp 00000000 08:05 1321503                    /lib/x86_64-linux-gnu/libnsl-2.19.so
7f6fd9d3c000-7f6fd9f3b000 ---p 00017000 08:05 1321503                    /lib/x86_64-linux-gnu/libnsl-2.19.so
7f6fd9f3b000-7f6fd9f3c000 r--p 00016000 08:05 1321503                    /lib/x86_64-linux-gnu/libnsl-2.19.so
7f6fd9f3c000-7f6fd9f3d000 rw-p 00017000 08:05 1321503                    /lib/x86_64-linux-gnu/libnsl-2.19.so
7f6fd9f3d000-7f6fd9f3f000 rw-p 00000000 00:00 0 
7f6fd9f3f000-7f6fd9f48000 r-xp 00000000 08:05 1321514                    /lib/x86_64-linux-gnu/libnss_compat-2.19.so
7f6fd9f48000-7f6fda147000 ---p 00009000 08:05 1321514                    /lib/x86_64-linux-gnu/libnss_compat-2.19.so
7f6fda147000-7f6fda148000 r--p 00008000 08:05 1321514                    /lib/x86_64-linux-gnu/libnss_compat-2.19.so
7f6fda148000-7f6fda149000 rw-p 00009000 08:05 1321514                    /lib/x86_64-linux-gnu/libnss_compat-2.19.so
7f6fda149000-7f6fda174000 r-xp 00000000 08:05 4070271                    /usr/lib/jvm/java-7-openjdk-amd64/jre/lib/amd64/libjava.so
7f6fda174000-7f6fda373000 ---p 0002b000 08:05 4070271                    /usr/lib/jvm/java-7-openjdk-amd64/jre/lib/amd64/libjava.so
7f6fda373000-7f6fda374000 r--p 0002a000 08:05 4070271                    /usr/lib/jvm/java-7-openjdk-amd64/jre/lib/amd64/libjava.so
7f6fda374000-7f6fda376000 rw-p 0002b000 08:05 4070271                    /usr/lib/jvm/java-7-openjdk-amd64/jre/lib/amd64/libjava.so
7f6fda376000-7f6fda386000 r-xp 00000000 08:05 4070286                    /usr/lib/jvm/java-7-openjdk-amd64/jre/lib/amd64/libverify.so
7f6fda386000-7f6fda585000 ---p 00010000 08:05 4070286                    /usr/lib/jvm/java-7-openjdk-amd64/jre/lib/amd64/libverify.so
7f6fda585000-7f6fda587000 r--p 0000f000 08:05 4070286                    /usr/lib/jvm/java-7-openjdk-amd64/jre/lib/amd64/libverify.so
7f6fda587000-7f6fda588000 rw-p 00011000 08:05 4070286                    /usr/lib/jvm/java-7-openjdk-amd64/jre/lib/amd64/libverify.so
7f6fda588000-7f6fda58f000 r-xp 00000000 08:05 1321520                    /lib/x86_64-linux-gnu/librt-2.19.so
7f6fda58f000-7f6fda78e000 ---p 00007000 08:05 1321520                    /lib/x86_64-linux-gnu/librt-2.19.so
7f6fda78e000-7f6fda78f000 r--p 00006000 08:05 1321520                    /lib/x86_64-linux-gnu/librt-2.19.so
7f6fda78f000-7f6fda790000 rw-p 00007000 08:05 1321520                    /lib/x86_64-linux-gnu/librt-2.19.so
7f6fda790000-7f6fda7a6000 r-xp 00000000 08:05 1314726                    /lib/x86_64-linux-gnu/libgcc_s.so.1
7f6fda7a6000-7f6fda9a5000 ---p 00016000 08:05 1314726                    /lib/x86_64-linux-gnu/libgcc_s.so.1
7f6fda9a5000-7f6fda9a6000 rw-p 00015000 08:05 1314726                    /lib/x86_64-linux-gnu/libgcc_s.so.1
7f6fda9a6000-7f6fdaaab000 r-xp 00000000 08:05 1321502                    /lib/x86_64-linux-gnu/libm-2.19.so
7f6fdaaab000-7f6fdacaa000 ---p 00105000 08:05 1321502                    /lib/x86_64-linux-gnu/libm-2.19.so
7f6fdacaa000-7f6fdacab000 r--p 00104000 08:05 1321502                    /lib/x86_64-linux-gnu/libm-2.19.so
7f6fdacab000-7f6fdacac000 rw-p 00105000 08:05 1321502                    /lib/x86_64-linux-gnu/libm-2.19.so
7f6fdacac000-7f6fdad92000 r-xp 00000000 08:05 140239                     /usr/lib/x86_64-linux-gnu/libstdc++.so.6.0.19
7f6fdad92000-7f6fdaf91000 ---p 000e6000 08:05 140239                     /usr/lib/x86_64-linux-gnu/libstdc++.so.6.0.19
7f6fdaf91000-7f6fdaf99000 r--p 000e5000 08:05 140239                     /usr/lib/x86_64-linux-gnu/libstdc++.so.6.0.19
7f6fdaf99000-7f6fdaf9b000 rw-p 000ed000 08:05 140239                     /usr/lib/x86_64-linux-gnu/libstdc++.so.6.0.19
7f6fdaf9b000-7f6fdafb0000 rw-p 00000000 00:00 0 
7f6fdafb0000-7f6fdbac6000 r-xp 00000000 08:05 4070293                    /usr/lib/jvm/java-7-openjdk-amd64/jre/lib/amd64/server/libjvm.so
7f6fdbac6000-7f6fdbcc5000 ---p 00b16000 08:05 4070293                    /usr/lib/jvm/java-7-openjdk-amd64/jre/lib/amd64/server/libjvm.so
7f6fdbcc5000-7f6fdbd5f000 r--p 00b15000 08:05 4070293                    /usr/lib/jvm/java-7-openjdk-amd64/jre/lib/amd64/server/libjvm.so
7f6fdbd5f000-7f6fdbd82000 rw-p 00baf000 08:05 4070293                    /usr/lib/jvm/java-7-openjdk-amd64/jre/lib/amd64/server/libjvm.so
7f6fdbd82000-7f6fdbdb0000 rw-p 00000000 00:00 0 
7f6fdbdb0000-7f6fdbdc8000 r-xp 00000000 08:05 1314912                    /lib/x86_64-linux-gnu/libz.so.1.2.8
7f6fdbdc8000-7f6fdbfc7000 ---p 00018000 08:05 1314912                    /lib/x86_64-linux-gnu/libz.so.1.2.8
7f6fdbfc7000-7f6fdbfc8000 r--p 00017000 08:05 1314912                    /lib/x86_64-linux-gnu/libz.so.1.2.8
7f6fdbfc8000-7f6fdbfc9000 rw-p 00018000 08:05 1314912                    /lib/x86_64-linux-gnu/libz.so.1.2.8
7f6fdbfc9000-7f6fdbfe2000 r-xp 00000000 08:05 1321507                    /lib/x86_64-linux-gnu/libpthread-2.19.so
7f6fdbfe2000-7f6fdc1e1000 ---p 00019000 08:05 1321507                    /lib/x86_64-linux-gnu/libpthread-2.19.so
7f6fdc1e1000-7f6fdc1e2000 r--p 00018000 08:05 1321507                    /lib/x86_64-linux-gnu/libpthread-2.19.so
7f6fdc1e2000-7f6fdc1e3000 rw-p 00019000 08:05 1321507                    /lib/x86_64-linux-gnu/libpthread-2.19.so
7f6fdc1e3000-7f6fdc1e7000 rw-p 00000000 00:00 0 
7f6fdc1e7000-7f6fdc1ea000 r-xp 00000000 08:05 1321512                    /lib/x86_64-linux-gnu/libdl-2.19.so
7f6fdc1ea000-7f6fdc3e9000 ---p 00003000 08:05 1321512                    /lib/x86_64-linux-gnu/libdl-2.19.so
7f6fdc3e9000-7f6fdc3ea000 r--p 00002000 08:05 1321512                    /lib/x86_64-linux-gnu/libdl-2.19.so
7f6fdc3ea000-7f6fdc3eb000 rw-p 00003000 08:05 1321512                    /lib/x86_64-linux-gnu/libdl-2.19.so
7f6fdc3eb000-7f6fdc5a6000 r-xp 00000000 08:05 1321518                    /lib/x86_64-linux-gnu/libc-2.19.so
7f6fdc5a6000-7f6fdc7a6000 ---p 001bb000 08:05 1321518                    /lib/x86_64-linux-gnu/libc-2.19.so
7f6fdc7a6000-7f6fdc7aa000 r--p 001bb000 08:05 1321518                    /lib/x86_64-linux-gnu/libc-2.19.so
7f6fdc7aa000-7f6fdc7ac000 rw-p 001bf000 08:05 1321518                    /lib/x86_64-linux-gnu/libc-2.19.so
7f6fdc7ac000-7f6fdc7b1000 rw-p 00000000 00:00 0 
7f6fdc7b1000-7f6fdc7be000 r-xp 00000000 08:05 4070269                    /usr/lib/jvm/java-7-openjdk-amd64/jre/lib/amd64/jli/libjli.so
7f6fdc7be000-7f6fdc9bd000 ---p 0000d000 08:05 4070269                    /usr/lib/jvm/java-7-openjdk-amd64/jre/lib/amd64/jli/libjli.so
7f6fdc9bd000-7f6fdc9be000 r--p 0000c000 08:05 4070269                    /usr/lib/jvm/java-7-openjdk-amd64/jre/lib/amd64/jli/libjli.so
7f6fdc9be000-7f6fdc9bf000 rw-p 0000d000 08:05 4070269                    /usr/lib/jvm/java-7-openjdk-amd64/jre/lib/amd64/jli/libjli.so
7f6fdc9bf000-7f6fdc9e2000 r-xp 00000000 08:05 1321515                    /lib/x86_64-linux-gnu/ld-2.19.so
7f6fdc9e3000-7f6fdc9e7000 r--s 0003c000 08:05 4070331                    /usr/lib/jvm/java-7-openjdk-amd64/jre/lib/ext/sunpkcs11.jar
7f6fdc9e7000-7f6fdca08000 rw-p 00000000 00:00 0 
7f6fdca08000-7f6fdcabe000 rw-p 00000000 00:00 0 
7f6fdcabe000-7f6fdcac1000 ---p 00000000 00:00 0 
7f6fdcac1000-7f6fdcbc4000 rw-p 00000000 00:00 0                          [stack:21954]
7f6fdcbc5000-7f6fdcbc7000 r--s 00006000 08:05 537329                     /usr/share/java/java-atk-wrapper.jar
7f6fdcbc7000-7f6fdcbcb000 r--s 00085000 08:05 4070332                    /usr/lib/jvm/java-7-openjdk-amd64/jre/lib/ext/localedata.jar
7f6fdcbcb000-7f6fdcbcc000 r--s 00002000 08:05 4070334                    /usr/lib/jvm/java-7-openjdk-amd64/jre/lib/ext/dnsns.jar
7f6fdcbcc000-7f6fdcbcf000 r--s 0000f000 08:05 4070329                    /usr/lib/jvm/java-7-openjdk-amd64/jre/lib/ext/icedtea-sound.jar
7f6fdcbcf000-7f6fdcbd1000 r--s 00012000 08:05 4070330                    /usr/lib/jvm/java-7-openjdk-amd64/jre/lib/ext/zipfs.jar
7f6fdcbd1000-7f6fdcbd5000 r--s 00034000 08:05 4070333                    /usr/lib/jvm/java-7-openjdk-amd64/jre/lib/ext/sunjce_provider.jar
7f6fdcbd5000-7f6fdcbdd000 rw-s 00000000 08:05 4072667                    /tmp/hsperfdata_brian/21948
7f6fdcbdd000-7f6fdcbde000 rw-p 00000000 00:00 0 
7f6fdcbde000-7f6fdcbdf000 r--p 00000000 00:00 0 
7f6fdcbdf000-7f6fdcbe1000 rw-p 00000000 00:00 0 
7f6fdcbe1000-7f6fdcbe2000 r--p 00022000 08:05 1321515                    /lib/x86_64-linux-gnu/ld-2.19.so
7f6fdcbe2000-7f6fdcbe3000 rw-p 00023000 08:05 1321515                    /lib/x86_64-linux-gnu/ld-2.19.so
7f6fdcbe3000-7f6fdcbe4000 rw-p 00000000 00:00 0 
7fff29c66000-7fff29c87000 rw-p 00000000 00:00 0                          [stack]
7fff29d6f000-7fff29d71000 r-xp 00000000 00:00 0                          [vdso]
ffffffffff600000-ffffffffff601000 r-xp 00000000 00:00 0                  [vsyscall]

VM Arguments:
jvm_args: -Dfile.encoding=UTF-8 
java_command: editor.Editor
Launcher Type: SUN_STANDARD

Environment Variables:
PATH=/usr/local/sbin:/usr/local/bin:/usr/sbin:/usr/bin:/sbin:/bin:/usr/games:/usr/local/games
SHELL=/bin/bash
DISPLAY=:0

Signal Handlers:
SIGSEGV: [libjvm.so+0x9495e0], sa_mask[0]=0x7ffbfeff, sa_flags=0x10000004
SIGBUS: [libjvm.so+0x9495e0], sa_mask[0]=0x7ffbfeff, sa_flags=0x10000004
SIGFPE: [libjvm.so+0x7c3410], sa_mask[0]=0x7ffbfeff, sa_flags=0x10000004
SIGPIPE: [libjvm.so+0x7c3410], sa_mask[0]=0x7ffbfeff, sa_flags=0x10000004
SIGXFSZ: [libjvm.so+0x7c3410], sa_mask[0]=0x7ffbfeff, sa_flags=0x10000004
SIGILL: [libjvm.so+0x7c3410], sa_mask[0]=0x7ffbfeff, sa_flags=0x10000004
SIGUSR1: SIG_DFL, sa_mask[0]=0x00000000, sa_flags=0x00000000
SIGUSR2: [libjvm.so+0x7c32b0], sa_mask[0]=0x00000004, sa_flags=0x10000004
SIGHUP: [libjvm.so+0x7c3490], sa_mask[0]=0x7ffbfeff, sa_flags=0x10000004
SIGINT: [libjvm.so+0x7c3490], sa_mask[0]=0x7ffbfeff, sa_flags=0x10000004
SIGTERM: [libjvm.so+0x7c3490], sa_mask[0]=0x7ffbfeff, sa_flags=0x10000004
SIGQUIT: [libjvm.so+0x7c3490], sa_mask[0]=0x7ffbfeff, sa_flags=0x10000004
SIGTRAP: SIG_DFL, sa_mask[0]=0x00000000, sa_flags=0x00000000


---------------  S Y S T E M  ---------------

OS:Ubuntu 14.04 (trusty)
uname:Linux 3.13.0-43-generic #72-Ubuntu SMP Mon Dec 8 19:35:06 UTC 2014 x86_64
libc:glibc 2.19 NPTL 2.19 
rlimit: STACK 8192k, CORE 0k, NPROC 30765, NOFILE 4096, AS infinity
load average:10.96 3.51 1.89

/proc/meminfo:
MemTotal:        3959572 kB
MemFree:         1709728 kB
Buffers:           91360 kB
Cached:           850748 kB
SwapCached:       192628 kB
Active:           809272 kB
Inactive:        1183200 kB
Active(anon):     643204 kB
Inactive(anon):   729964 kB
Active(file):     166068 kB
Inactive(file):   453236 kB
Unevictable:          16 kB
Mlocked:              16 kB
SwapTotal:       4104188 kB
SwapFree:        3235120 kB
Dirty:               848 kB
Writeback:             0 kB
AnonPages:        965548 kB
Mapped:            79436 kB
Shmem:            322848 kB
Slab:             164696 kB
SReclaimable:     115616 kB
SUnreclaim:        49080 kB
KernelStack:        4288 kB
PageTables:        24672 kB
NFS_Unstable:          0 kB
Bounce:                0 kB
WritebackTmp:          0 kB
CommitLimit:     6083972 kB
Committed_AS:    4286836 kB
VmallocTotal:   34359738367 kB
VmallocUsed:      456112 kB
VmallocChunk:   34359186476 kB
HardwareCorrupted:     0 kB
AnonHugePages:    143360 kB
HugePages_Total:       0
HugePages_Free:        0
HugePages_Rsvd:        0
HugePages_Surp:        0
Hugepagesize:       2048 kB
DirectMap4k:       78400 kB
DirectMap2M:     4028416 kB


CPU:total 4 (2 cores per cpu, 2 threads per core) family 6 model 42 stepping 7, cmov, cx8, fxsr, mmx, sse, sse2, sse3, ssse3, sse4.1, sse4.2, popcnt, avx, ht, tsc, tscinvbit

/proc/cpuinfo:
processor	: 0
vendor_id	: GenuineIntel
cpu family	: 6
model		: 42
model name	: Intel(R) Core(TM) i5-2410M CPU @ 2.30GHz
stepping	: 7
microcode	: 0x15
cpu MHz		: 2301.000
cache size	: 3072 KB
physical id	: 0
siblings	: 4
core id		: 0
cpu cores	: 2
apicid		: 0
initial apicid	: 0
fpu		: yes
fpu_exception	: yes
cpuid level	: 13
wp		: yes
flags		: fpu vme de pse tsc msr pae mce cx8 apic sep mtrr pge mca cmov pat pse36 clflush dts acpi mmx fxsr sse sse2 ss ht tm pbe syscall nx rdtscp lm constant_tsc arch_perfmon pebs bts nopl xtopology nonstop_tsc aperfmperf eagerfpu pni pclmulqdq dtes64 monitor ds_cpl vmx est tm2 ssse3 cx16 xtpr pdcm pcid sse4_1 sse4_2 x2apic popcnt tsc_deadline_timer xsave avx lahf_lm ida arat epb xsaveopt pln pts dtherm tpr_shadow vnmi flexpriority ept vpid
bogomips	: 4589.79
clflush size	: 64
cache_alignment	: 64
address sizes	: 36 bits physical, 48 bits virtual
power management:

processor	: 1
vendor_id	: GenuineIntel
cpu family	: 6
model		: 42
model name	: Intel(R) Core(TM) i5-2410M CPU @ 2.30GHz
stepping	: 7
microcode	: 0x15
cpu MHz		: 2301.000
cache size	: 3072 KB
physical id	: 0
siblings	: 4
core id		: 0
cpu cores	: 2
apicid		: 1
initial apicid	: 1
fpu		: yes
fpu_exception	: yes
cpuid level	: 13
wp		: yes
flags		: fpu vme de pse tsc msr pae mce cx8 apic sep mtrr pge mca cmov pat pse36 clflush dts acpi mmx fxsr sse sse2 ss ht tm pbe syscall nx rdtscp lm constant_tsc arch_perfmon pebs bts nopl xtopology nonstop_tsc aperfmperf eagerfpu pni pclmulqdq dtes64 monitor ds_cpl vmx est tm2 ssse3 cx16 xtpr pdcm pcid sse4_1 sse4_2 x2apic popcnt tsc_deadline_timer xsave avx lahf_lm ida arat epb xsaveopt pln pts dtherm tpr_shadow vnmi flexpriority ept vpid
bogomips	: 4589.79
clflush size	: 64
cache_alignment	: 64
address sizes	: 36 bits physical, 48 bits virtual
power management:

processor	: 2
vendor_id	: GenuineIntel
cpu family	: 6
model		: 42
model name	: Intel(R) Core(TM) i5-2410M CPU @ 2.30GHz
stepping	: 7
microcode	: 0x15
cpu MHz		: 2301.000
cache size	: 3072 KB
physical id	: 0
siblings	: 4
core id		: 1
cpu cores	: 2
apicid		: 2
initial apicid	: 2
fpu		: yes
fpu_exception	: yes
cpuid level	: 13
wp		: yes
flags		: fpu vme de pse tsc msr pae mce cx8 apic sep mtrr pge mca cmov pat pse36 clflush dts acpi mmx fxsr sse sse2 ss ht tm pbe syscall nx rdtscp lm constant_tsc arch_perfmon pebs bts nopl xtopology nonstop_tsc aperfmperf eagerfpu pni pclmulqdq dtes64 monitor ds_cpl vmx est tm2 ssse3 cx16 xtpr pdcm pcid sse4_1 sse4_2 x2apic popcnt tsc_deadline_timer xsave avx lahf_lm ida arat epb xsaveopt pln pts dtherm tpr_shadow vnmi flexpriority ept vpid
bogomips	: 4589.79
clflush size	: 64
cache_alignment	: 64
address sizes	: 36 bits physical, 48 bits virtual
power management:

processor	: 3
vendor_id	: GenuineIntel
cpu family	: 6
model		: 42
model name	: Intel(R) Core(TM) i5-2410M CPU @ 2.30GHz
stepping	: 7
microcode	: 0x15
cpu MHz		: 2301.000
cache size	: 3072 KB
physical id	: 0
siblings	: 4
core id		: 1
cpu cores	: 2
apicid		: 3
initial apicid	: 3
fpu		: yes
fpu_exception	: yes
cpuid level	: 13
wp		: yes
flags		: fpu vme de pse tsc msr pae mce cx8 apic sep mtrr pge mca cmov pat pse36 clflush dts acpi mmx fxsr sse sse2 ss ht tm pbe syscall nx rdtscp lm constant_tsc arch_perfmon pebs bts nopl xtopology nonstop_tsc aperfmperf eagerfpu pni pclmulqdq dtes64 monitor ds_cpl vmx est tm2 ssse3 cx16 xtpr pdcm pcid sse4_1 sse4_2 x2apic popcnt tsc_deadline_timer xsave avx lahf_lm ida arat epb xsaveopt pln pts dtherm tpr_shadow vnmi flexpriority ept vpid
bogomips	: 4589.79
clflush size	: 64
cache_alignment	: 64
address sizes	: 36 bits physical, 48 bits virtual
power management:



Memory: 4k page, physical 3959572k(1709728k free), swap 4104188k(3235120k free)

vm_info: OpenJDK 64-Bit Server VM (24.65-b04) for linux-amd64 JRE (1.7.0_65-b32), built on Oct 22 2014 04:37:44 by "buildd" with gcc 4.8.2

time: Sat Jan 10 14:17:25 2015
elapsed time: 154474 seconds

