#
# A fatal error has been detected by the Java Runtime Environment:
#
#  SIGSEGV (0xb) at pc=0x00007f278105b4ba, pid=21698, tid=139806683371264
#
# JRE version: OpenJDK Runtime Environment (7.0_65-b32) (build 1.7.0_65-b32)
# Java VM: OpenJDK 64-Bit Server VM (24.65-b04 mixed mode linux-amd64 compressed oops)
# Derivative: IcedTea 2.5.3
# Distribution: Ubuntu 14.04 LTS, package 7u71-2.5.3-0ubuntu0.14.04.1
# Problematic frame:
# v  ~BufferBlob::jni_fast_GetLongField
#
# Failed to write core dump. Core dumps have been disabled. To enable core dumping, try "ulimit -c unlimited" before starting Java again
#
# If you would like to submit a bug report, please include
# instructions on how to reproduce the bug and visit:
#   http://icedtea.classpath.org/bugzilla
# The crash happened outside the Java Virtual Machine in native code.
# See problematic frame for where to report the bug.
#

---------------  T H R E A D  ---------------

Current thread (0x00007f27841e9000):  JavaThread "AWT-XAWT" daemon [_thread_in_native, id=21717, stack(0x00007f2747a31000,0x00007f2747b32000)]

siginfo:si_signo=SIGSEGV: si_errno=0, si_code=1 (SEGV_MAPERR), si_addr=0x0000000000000000

Registers:
RAX=0x00007f278bc4d060, RBX=0x00007f27841e91d8, RCX=0x00007f278c0c4320, RDX=0x0000000000000042
RSP=0x00007f2747b30808, RBP=0x00007f2747b30830, RSI=0x0000000000000000, RDI=0x00007f27841e91d8
R8 =0x0000000000000320, R9 =0x0000000000000000, R10=0x0000000000000032, R11=0x00007f278b6ee040
R12=0x00007f273000cc80, R13=0x0000000000000000, R14=0x00007f27792dbd80, R15=0x00007f27841e9000
RIP=0x00007f278105b4ba, EFLAGS=0x0000000000010246, CSGSFS=0x0000000000000033, ERR=0x0000000000000004
  TRAPNO=0x000000000000000e

Top of Stack: (sp=0x00007f2747b30808)
0x00007f2747b30808:   00007f27790ad6f4 00000000b9605b68
0x00007f2747b30818:   00007f273000cc80 00000000b9605b68
0x00007f2747b30828:   00007f2747b30920 0000000000000000
0x00007f2747b30838:   00007f2778babae8 00000000b9605b68
0x00007f2747b30848:   00007f2747b30870 0000000000000000
0x00007f2747b30858:   00007f2778ba39a3 00000000b9605b68
0x00007f2747b30868:   00007f27790a220f 00007f2747b308e8
0x00007f2747b30878:   00007f2781012d98 0000000000000000
0x00007f2747b30888:   00000000ecc883e0 00000000ecd99850
0x00007f2747b30898:   00007f2747b30898 00000000b9a6ab46
0x00007f2747b308a8:   00007f2747b308a8 0000000000000000
0x00007f2747b308b8:   00007f2747b30920 00000000b960bcf0
0x00007f2747b308c8:   0000000000000000 00000000b9605b68
0x00007f2747b308d8:   0000000000000000 00007f2747b30930
0x00007f2747b308e8:   0000000000000000 00007f2781143494
0x00007f2747b308f8:   00000000c3800930 00007f278100ecc0
0x00007f2747b30908:   0000000000000000 0000000000000009
0x00007f2747b30918:   00007f2738000db0 0000000000000000
0x00007f2747b30928:   00007f2781143494 00000002ecd19368
0x00007f2747b30938:   0000000500000000 0000000000000000
0x00007f2747b30948:   00000000ecc88470 00007f2738000db0
0x00007f2747b30958:   00000000eccac288 00000000ecc883e0
0x00007f2747b30968:   0000000000000000 0000000000000009
0x00007f2747b30978:   0000000000000000 00007f2747b309e0
0x00007f2747b30988:   00007f2781006058 deaddeaf00000000
0x00007f2747b30998:   00000000ecc88470 00007f2747b309a0
0x00007f2747b309a8:   00000000b974f345 00007f2747b309f0
0x00007f2747b309b8:   00000000b975c390 0000000000000000
0x00007f2747b309c8:   00000000b974f360 00007f2747b30990
0x00007f2747b309d8:   00007f2747b309f0 00007f2747b30a38
0x00007f2747b309e8:   00007f2781006706 00000000ecc88470
0x00007f2747b309f8:   00007f2747b309f8 00000000b92397fb 

Instructions: (pc=0x00007f278105b4ba)
0x00007f278105b49a:   00 00 00 00 00 00 44 8b 15 3d c3 c1 0a 4c 8b ce
0x00007f278105b4aa:   41 f6 c2 01 0f 85 2e 00 00 00 4d 33 ca 4d 33 ca
0x00007f278105b4ba:   4d 8b 09 4c 8b da 49 c1 eb 02 4b 8b 04 19 49 bb
0x00007f278105b4ca:   e4 77 c7 8b 27 7f 00 00 4c 33 d8 4c 33 d8 45 3b 

Register to memory mapping:

RAX=0x00007f278bc4d060: <offset 0xdbb060> in /usr/lib/jvm/java-7-openjdk-amd64/jre/lib/amd64/server/libjvm.so at 0x00007f278ae92000
RBX=0x00007f27841e91d8 is an unknown value
RCX=0x00007f278c0c4320: <offset 0x219320> in /lib/x86_64-linux-gnu/libpthread.so.0 at 0x00007f278beab000
RDX=0x0000000000000042 is an unknown value
RSP=0x00007f2747b30808 is pointing into the stack for thread: 0x00007f27841e9000
RBP=0x00007f2747b30830 is pointing into the stack for thread: 0x00007f27841e9000
RSI=0x0000000000000000 is an unknown value
RDI=0x00007f27841e91d8 is an unknown value
R8 =0x0000000000000320 is an unknown value
R9 =0x0000000000000000 is an unknown value
R10=0x0000000000000032 is an unknown value
R11=0x00007f278b6ee040: <offset 0x85c040> in /usr/lib/jvm/java-7-openjdk-amd64/jre/lib/amd64/server/libjvm.so at 0x00007f278ae92000
R12=0x00007f273000cc80 is an unknown value
R13=0x0000000000000000 is an unknown value
R14=0x00007f27792dbd80: <offset 0x24ad80> in /usr/lib/jvm/java-7-openjdk-amd64/jre/lib/amd64/xawt/libmawt.so at 0x00007f2779091000
R15=0x00007f27841e9000 is a thread


Stack: [0x00007f2747a31000,0x00007f2747b32000],  sp=0x00007f2747b30808,  free space=1022k
Native frames: (J=compiled Java code, j=interpreted, Vv=VM code, C=native code)
v  ~BufferBlob::jni_fast_GetLongField

Java frames: (J=compiled Java code, j=interpreted, Vv=VM code)
j  sun.awt.X11.XlibWrapper.XFilterEvent(JJ)Z+0
J 241% C2 sun.awt.X11.XToolkit.run(Z)V (410 bytes) @ 0x00007f2781143494 [0x00007f2781142b60+0x934]
j  sun.awt.X11.XToolkit.run()V+5
j  java.lang.Thread.run()V+11
v  ~StubRoutines::call_stub

---------------  P R O C E S S  ---------------

Java Threads: ( => current thread )
  0x00007f278400a000 JavaThread "DestroyJavaVM" [_thread_blocked, id=21703, stack(0x00007f278c9a0000,0x00007f278caa1000)]
  0x00007f27842bc000 JavaThread "AWT-EventQueue-0" [_thread_blocked, id=21719, stack(0x00007f27471b1000,0x00007f27472b2000)]
  0x00007f2784274800 JavaThread "AWT-Shutdown" [_thread_blocked, id=21718, stack(0x00007f2747930000,0x00007f2747a31000)]
=>0x00007f27841e9000 JavaThread "AWT-XAWT" daemon [_thread_in_native, id=21717, stack(0x00007f2747a31000,0x00007f2747b32000)]
  0x00007f27841c4800 JavaThread "Java2D Disposer" daemon [_thread_blocked, id=21716, stack(0x00007f2747f42000,0x00007f2748043000)]
  0x00007f27840b0800 JavaThread "Service Thread" daemon [_thread_blocked, id=21714, stack(0x00007f27801f2000,0x00007f27802f3000)]
  0x00007f27840ae000 JavaThread "C2 CompilerThread1" daemon [_thread_blocked, id=21713, stack(0x00007f27802f3000,0x00007f27803f4000)]
  0x00007f27840ab000 JavaThread "C2 CompilerThread0" daemon [_thread_blocked, id=21712, stack(0x00007f27803f4000,0x00007f27804f5000)]
  0x00007f27840a9000 JavaThread "Signal Dispatcher" daemon [_thread_blocked, id=21711, stack(0x00007f27804f5000,0x00007f27805f6000)]
  0x00007f278407b800 JavaThread "Finalizer" daemon [_thread_blocked, id=21710, stack(0x00007f27805f6000,0x00007f27806f7000)]
  0x00007f2784079800 JavaThread "Reference Handler" daemon [_thread_blocked, id=21709, stack(0x00007f27806f7000,0x00007f27807f8000)]

Other Threads:
  0x00007f2784075000 VMThread [stack: 0x00007f27807f8000,0x00007f27808f9000] [id=21708]
  0x00007f27840bb000 WatcherThread [stack: 0x00007f27800f1000,0x00007f27801f2000] [id=21715]

VM state:not at safepoint (normal execution)

VM Mutex/Monitor currently owned by a thread: None

Heap
 PSYoungGen      total 18432K, used 8317K [0x00000000ebd00000, 0x00000000ed180000, 0x0000000100000000)
  eden space 15872K, 43% used [0x00000000ebd00000,0x00000000ec3af788,0x00000000ecc80000)
  from space 2560K, 57% used [0x00000000ecc80000,0x00000000ecdf0020,0x00000000ecf00000)
  to   space 2560K, 0% used [0x00000000ecf00000,0x00000000ecf00000,0x00000000ed180000)
 ParOldGen       total 40960K, used 8K [0x00000000c3800000, 0x00000000c6000000, 0x00000000ebd00000)
  object space 40960K, 0% used [0x00000000c3800000,0x00000000c3802000,0x00000000c6000000)
 PSPermGen       total 21504K, used 11699K [0x00000000b9200000, 0x00000000ba700000, 0x00000000c3800000)
  object space 21504K, 54% used [0x00000000b9200000,0x00000000b9d6cec8,0x00000000ba700000)

Card table byte_map: [0x00007f27893ae000,0x00007f27895e6000] byte_map_base: 0x00007f2788de5000

Polling page: 0x00007f278cac0000

Code Cache  [0x00007f2781000000, 0x00007f2781270000, 0x00007f2784000000)
 total_blobs=692 nmethods=241 adapters=404 free_code_cache=47893Kb largest_free_block=48977088

Compilation events (10 events):
Event: 3930.208 Thread 0x00007f27840ae000  237 % !         sun.awt.X11.XToolkit::run @ 59 (410 bytes)
Event: 3930.408 Thread 0x00007f27840ae000 nmethod 237% 0x00007f2781138b10 code [0x00007f2781139480, 0x00007f278113ce78]
Event: 9237.769 Thread 0x00007f27840ab000  238             sun.awt.X11.XEvent::get_xany (22 bytes)
Event: 9237.772 Thread 0x00007f27840ae000  239             sun.awt.X11.XAnyEvent::<init> (30 bytes)
Event: 9237.892 Thread 0x00007f27840ae000 nmethod 239 0x00007f2781118c50 code [0x00007f2781118dc0, 0x00007f2781118fd8]
Event: 9237.910 Thread 0x00007f27840ab000 nmethod 238 0x00007f2781120bd0 code [0x00007f2781120da0, 0x00007f27811211b0]
Event: 9873.457 Thread 0x00007f27840ae000  240             java.util.HashMap::getEntry (86 bytes)
Event: 9873.501 Thread 0x00007f27840ae000 nmethod 240 0x00007f2781118650 code [0x00007f27811187c0, 0x00007f2781118a28]
Event: 55367.077 Thread 0x00007f27840ab000  241 % !         sun.awt.X11.XToolkit::run @ 59 (410 bytes)
Event: 55371.012 Thread 0x00007f27840ab000 nmethod 241% 0x00007f2781142290 code [0x00007f2781142b60, 0x00007f2781146148]

GC Heap History (2 events):
Event: 13.136 GC heap before
{Heap before GC invocations=1 (full 0):
 PSYoungGen      total 18432K, used 15872K [0x00000000ebd00000, 0x00000000ed180000, 0x0000000100000000)
  eden space 15872K, 100% used [0x00000000ebd00000,0x00000000ecc80000,0x00000000ecc80000)
  from space 2560K, 0% used [0x00000000ecf00000,0x00000000ecf00000,0x00000000ed180000)
  to   space 2560K, 0% used [0x00000000ecc80000,0x00000000ecc80000,0x00000000ecf00000)
 ParOldGen       total 40960K, used 0K [0x00000000c3800000, 0x00000000c6000000, 0x00000000ebd00000)
  object space 40960K, 0% used [0x00000000c3800000,0x00000000c3800000,0x00000000c6000000)
 PSPermGen       total 21504K, used 10967K [0x00000000b9200000, 0x00000000ba700000, 0x00000000c3800000)
  object space 21504K, 51% used [0x00000000b9200000,0x00000000b9cb5f58,0x00000000ba700000)
Event: 13.145 GC heap after
Heap after GC invocations=1 (full 0):
 PSYoungGen      total 18432K, used 1472K [0x00000000ebd00000, 0x00000000ed180000, 0x0000000100000000)
  eden space 15872K, 0% used [0x00000000ebd00000,0x00000000ebd00000,0x00000000ecc80000)
  from space 2560K, 57% used [0x00000000ecc80000,0x00000000ecdf0020,0x00000000ecf00000)
  to   space 2560K, 0% used [0x00000000ecf00000,0x00000000ecf00000,0x00000000ed180000)
 ParOldGen       total 40960K, used 8K [0x00000000c3800000, 0x00000000c6000000, 0x00000000ebd00000)
  object space 40960K, 0% used [0x00000000c3800000,0x00000000c3802000,0x00000000c6000000)
 PSPermGen       total 21504K, used 10967K [0x00000000b9200000, 0x00000000ba700000, 0x00000000c3800000)
  object space 21504K, 51% used [0x00000000b9200000,0x00000000b9cb5f58,0x00000000ba700000)
}

Deoptimization events (10 events):
Event: 21.505 Thread 0x00007f27842bc000 Uncommon trap: reason=class_check action=maybe_recompile pc=0x00007f2781105950 method=javax.swing.SwingUtilities.getWindowAncestor(Ljava/awt/Component;)Ljava/awt/Window; @ 17
Event: 21.505 Thread 0x00007f27842bc000 Uncommon trap: reason=class_check action=maybe_recompile pc=0x00007f2781105950 method=javax.swing.SwingUtilities.getWindowAncestor(Ljava/awt/Component;)Ljava/awt/Window; @ 17
Event: 21.506 Thread 0x00007f27842bc000 Uncommon trap: reason=unreached action=reinterpret pc=0x00007f27810ade54 method=sun.java2d.loops.RenderCache.get(Lsun/java2d/loops/SurfaceType;Lsun/java2d/loops/CompositeType;Lsun/java2d/loops/SurfaceType;)Ljava/lang/Object; @ 29
Event: 21.506 Thread 0x00007f27842bc000 Uncommon trap: reason=unreached action=reinterpret pc=0x00007f27810b05cc method=sun.java2d.loops.RenderCache$Entry.matches(Lsun/java2d/loops/SurfaceType;Lsun/java2d/loops/CompositeType;Lsun/java2d/loops/SurfaceType;)Z @ 5
Event: 21.507 Thread 0x00007f27842bc000 Uncommon trap: reason=unreached action=reinterpret pc=0x00007f27810a52d0 method=sun.java2d.loops.RenderCache$Entry.matches(Lsun/java2d/loops/SurfaceType;Lsun/java2d/loops/CompositeType;Lsun/java2d/loops/SurfaceType;)Z @ 5
Event: 21.509 Thread 0x00007f27842bc000 Uncommon trap: reason=class_check action=maybe_recompile pc=0x00007f27810d3064 method=sun.java2d.SurfaceData.getSourceSurfaceData(Ljava/awt/Image;ILsun/java2d/loops/CompositeType;Ljava/awt/Color;)Lsun/java2d/SurfaceData; @ 78
Event: 21.509 Thread 0x00007f27842bc000 Uncommon trap: reason=class_check action=maybe_recompile pc=0x00007f27810a6388 method=java.util.concurrent.ConcurrentHashMap.get(Ljava/lang/Object;)Ljava/lang/Object; @ 117
Event: 21.515 Thread 0x00007f27842bc000 Uncommon trap: reason=unreached action=reinterpret pc=0x00007f27810eb040 method=sun.awt.image.SurfaceManager.getManager(Ljava/awt/Image;)Lsun/awt/image/SurfaceManager; @ 9
Event: 21.515 Thread 0x00007f27842bc000 Uncommon trap: reason=class_check action=maybe_recompile pc=0x00007f27810c3d18 method=sun.java2d.pipe.DrawImage.blitSurfaceData(Lsun/java2d/SunGraphics2D;Lsun/java2d/pipe/Region;Lsun/java2d/SurfaceData;Lsun/java2d/SurfaceData;Lsun/java2d/loops/SurfaceType
Event: 54854.215 Thread 0x00007f27841e9000 Uncommon trap: reason=null_check action=make_not_entrant pc=0x00007f278113c578 method=sun.awt.X11.XToolkit.dispatchEvent(Lsun/awt/X11/XEvent;)V @ 99

Internal exceptions (10 events):
Event: 21.411 Thread 0x00007f27842bc000 Implicit null exception at 0x00007f278109c048 to 0x00007f278109c092
Event: 21.411 Thread 0x00007f27842bc000 Implicit null exception at 0x00007f27810b74d7 to 0x00007f27810b7531
Event: 21.411 Thread 0x00007f27842bc000 Implicit null exception at 0x00007f27810a35c8 to 0x00007f27810a3612
Event: 21.411 Thread 0x00007f27842bc000 Implicit null exception at 0x00007f27810a6b01 to 0x00007f27810a70d1
Event: 21.450 Thread 0x00007f27842bc000 Implicit null exception at 0x00007f2781095fe5 to 0x00007f2781096319
Event: 21.450 Thread 0x00007f27842bc000 Implicit null exception at 0x00007f27810970e5 to 0x00007f2781097419
Event: 21.506 Thread 0x00007f27842bc000 Implicit null exception at 0x00007f27810ada17 to 0x00007f27810ade1d
Event: 21.515 Thread 0x00007f27842bc000 Implicit null exception at 0x00007f27810ea3ba to 0x00007f27810eb011
Event: 21.604 Thread 0x00007f27842bc000 Threw 0x00000000ec2684e8 at /build/buildd/openjdk-7-7u71-2.5.3/build/openjdk/hotspot/src/share/vm/prims/jni.cpp:747
Event: 54854.214 Thread 0x00007f27841e9000 Implicit null exception at 0x00007f278113a0cb to 0x00007f278113c56d

Events (10 events):
Event: 26.433 Thread 0x00007f273001e800 Thread exited: 0x00007f273001e800
Event: 54849.894 loading class 0x00007f2754016460
Event: 54852.908 loading class 0x00007f2754016460 done
Event: 54853.072 loading class 0x00007f2754017680
Event: 54853.306 loading class 0x00007f2754017680 done
Event: 54854.215 Thread 0x00007f27841e9000 Uncommon trap: trap_request=0xfffffff4 fr.pc=0x00007f278113c578
Event: 54854.276 Thread 0x00007f27841e9000 DEOPT PACKING pc=0x00007f278113c578 sp=0x00007f2747b30920
Event: 54854.292 Thread 0x00007f27841e9000 DEOPT UNPACKING pc=0x00007f2781039445 sp=0x00007f2747b30860 mode 2
Event: 154757.701 loading class 0x00007f275405f6c0
Event: 154759.336 loading class 0x00007f275405f6c0 done


Dynamic libraries:
00400000-00401000 r-xp 00000000 08:05 4070366                            /usr/lib/jvm/java-7-openjdk-amd64/jre/bin/java
00600000-00601000 r--p 00000000 08:05 4070366                            /usr/lib/jvm/java-7-openjdk-amd64/jre/bin/java
00601000-00602000 rw-p 00001000 08:05 4070366                            /usr/lib/jvm/java-7-openjdk-amd64/jre/bin/java
0067b000-0069c000 rw-p 00000000 00:00 0                                  [heap]
b9200000-ba700000 rw-p 00000000 00:00 0 
ba700000-c3800000 rw-p 00000000 00:00 0 
c3800000-c6000000 rw-p 00000000 00:00 0 
c6000000-ebd00000 rw-p 00000000 00:00 0 
ebd00000-ed180000 rw-p 00000000 00:00 0 
ed180000-100000000 rw-p 00000000 00:00 0 
7f2730000000-7f2730049000 rw-p 00000000 00:00 0 
7f2730049000-7f2734000000 ---p 00000000 00:00 0 
7f2734000000-7f2734021000 rw-p 00000000 00:00 0 
7f2734021000-7f2738000000 ---p 00000000 00:00 0 
7f2738000000-7f2738035000 rw-p 00000000 00:00 0 
7f2738035000-7f273c000000 ---p 00000000 00:00 0 
7f273c000000-7f273c021000 rw-p 00000000 00:00 0 
7f273c021000-7f2740000000 ---p 00000000 00:00 0 
7f2740000000-7f2740021000 rw-p 00000000 00:00 0 
7f2740021000-7f2744000000 ---p 00000000 00:00 0 
7f27470b0000-7f27470b3000 ---p 00000000 00:00 0 
7f27470b3000-7f27471b1000 rw-p 00000000 00:00 0 
7f27471b1000-7f27471b4000 ---p 00000000 00:00 0 
7f27471b4000-7f27472b2000 rw-p 00000000 00:00 0                          [stack:21719]
7f27472b2000-7f27472c2000 r-xp 00000000 08:05 4070287                    /usr/lib/jvm/java-7-openjdk-amd64/jre/lib/amd64/libnio.so
7f27472c2000-7f27474c2000 ---p 00010000 08:05 4070287                    /usr/lib/jvm/java-7-openjdk-amd64/jre/lib/amd64/libnio.so
7f27474c2000-7f27474c3000 r--p 00010000 08:05 4070287                    /usr/lib/jvm/java-7-openjdk-amd64/jre/lib/amd64/libnio.so
7f27474c3000-7f27474c4000 rw-p 00011000 08:05 4070287                    /usr/lib/jvm/java-7-openjdk-amd64/jre/lib/amd64/libnio.so
7f27474c4000-7f27474db000 r-xp 00000000 08:05 4070272                    /usr/lib/jvm/java-7-openjdk-amd64/jre/lib/amd64/libnet.so
7f27474db000-7f27476da000 ---p 00017000 08:05 4070272                    /usr/lib/jvm/java-7-openjdk-amd64/jre/lib/amd64/libnet.so
7f27476da000-7f27476db000 r--p 00016000 08:05 4070272                    /usr/lib/jvm/java-7-openjdk-amd64/jre/lib/amd64/libnet.so
7f27476db000-7f27476dc000 rw-p 00017000 08:05 4070272                    /usr/lib/jvm/java-7-openjdk-amd64/jre/lib/amd64/libnet.so
7f27476dc000-7f274772d000 r-xp 00000000 08:05 4070273                    /usr/lib/jvm/java-7-openjdk-amd64/jre/lib/amd64/libfontmanager.so
7f274772d000-7f274792c000 ---p 00051000 08:05 4070273                    /usr/lib/jvm/java-7-openjdk-amd64/jre/lib/amd64/libfontmanager.so
7f274792c000-7f274792f000 r--p 00050000 08:05 4070273                    /usr/lib/jvm/java-7-openjdk-amd64/jre/lib/amd64/libfontmanager.so
7f274792f000-7f2747930000 rw-p 00053000 08:05 4070273                    /usr/lib/jvm/java-7-openjdk-amd64/jre/lib/amd64/libfontmanager.so
7f2747930000-7f2747933000 ---p 00000000 00:00 0 
7f2747933000-7f2747a31000 rw-p 00000000 00:00 0                          [stack:21718]
7f2747a31000-7f2747a34000 ---p 00000000 00:00 0 
7f2747a34000-7f2747b32000 rw-p 00000000 00:00 0                          [stack:21717]
7f2747b32000-7f2747b37000 r-xp 00000000 08:05 139348                     /usr/lib/x86_64-linux-gnu/libXfixes.so.3.1.0
7f2747b37000-7f2747d36000 ---p 00005000 08:05 139348                     /usr/lib/x86_64-linux-gnu/libXfixes.so.3.1.0
7f2747d36000-7f2747d37000 r--p 00004000 08:05 139348                     /usr/lib/x86_64-linux-gnu/libXfixes.so.3.1.0
7f2747d37000-7f2747d38000 rw-p 00005000 08:05 139348                     /usr/lib/x86_64-linux-gnu/libXfixes.so.3.1.0
7f2747d38000-7f2747d41000 r-xp 00000000 08:05 139340                     /usr/lib/x86_64-linux-gnu/libXcursor.so.1.0.2
7f2747d41000-7f2747f40000 ---p 00009000 08:05 139340                     /usr/lib/x86_64-linux-gnu/libXcursor.so.1.0.2
7f2747f40000-7f2747f41000 r--p 00008000 08:05 139340                     /usr/lib/x86_64-linux-gnu/libXcursor.so.1.0.2
7f2747f41000-7f2747f42000 rw-p 00009000 08:05 139340                     /usr/lib/x86_64-linux-gnu/libXcursor.so.1.0.2
7f2747f42000-7f2747f45000 ---p 00000000 00:00 0 
7f2747f45000-7f2748043000 rw-p 00000000 00:00 0                          [stack:21716]
7f2748043000-7f2748047000 r-xp 00000000 08:05 1314782                    /lib/x86_64-linux-gnu/libgpg-error.so.0.10.0
7f2748047000-7f2748246000 ---p 00004000 08:05 1314782                    /lib/x86_64-linux-gnu/libgpg-error.so.0.10.0
7f2748246000-7f2748247000 r--p 00003000 08:05 1314782                    /lib/x86_64-linux-gnu/libgpg-error.so.0.10.0
7f2748247000-7f2748248000 rw-p 00004000 08:05 1314782                    /lib/x86_64-linux-gnu/libgpg-error.so.0.10.0
7f2748248000-7f274824a000 r-xp 00000000 08:05 1314792                    /lib/x86_64-linux-gnu/libkeyutils.so.1.4
7f274824a000-7f274844a000 ---p 00002000 08:05 1314792                    /lib/x86_64-linux-gnu/libkeyutils.so.1.4
7f274844a000-7f274844b000 r--p 00002000 08:05 1314792                    /lib/x86_64-linux-gnu/libkeyutils.so.1.4
7f274844b000-7f274844c000 rw-p 00003000 08:05 1314792                    /lib/x86_64-linux-gnu/libkeyutils.so.1.4
7f274844c000-7f2748489000 r-xp 00000000 08:05 1314852                    /lib/x86_64-linux-gnu/libpcre.so.3.13.1
7f2748489000-7f2748688000 ---p 0003d000 08:05 1314852                    /lib/x86_64-linux-gnu/libpcre.so.3.13.1
7f2748688000-7f2748689000 r--p 0003c000 08:05 1314852                    /lib/x86_64-linux-gnu/libpcre.so.3.13.1
7f2748689000-7f274868a000 rw-p 0003d000 08:05 1314852                    /lib/x86_64-linux-gnu/libpcre.so.3.13.1
7f274868a000-7f27486af000 r-xp 00000000 08:05 1314864                    /lib/x86_64-linux-gnu/libpng12.so.0.50.0
7f27486af000-7f27488ae000 ---p 00025000 08:05 1314864                    /lib/x86_64-linux-gnu/libpng12.so.0.50.0
7f27488ae000-7f27488af000 r--p 00024000 08:05 1314864                    /lib/x86_64-linux-gnu/libpng12.so.0.50.0
7f27488af000-7f27488b0000 rw-p 00025000 08:05 1314864                    /lib/x86_64-linux-gnu/libpng12.so.0.50.0
7f27488b0000-7f27488f4000 r-xp 00000000 08:05 1314802                    /lib/x86_64-linux-gnu/libdbus-1.so.3.7.6
7f27488f4000-7f2748af3000 ---p 00044000 08:05 1314802                    /lib/x86_64-linux-gnu/libdbus-1.so.3.7.6
7f2748af3000-7f2748af4000 r--p 00043000 08:05 1314802                    /lib/x86_64-linux-gnu/libdbus-1.so.3.7.6
7f2748af4000-7f2748af5000 rw-p 00044000 08:05 1314802                    /lib/x86_64-linux-gnu/libdbus-1.so.3.7.6
7f2748af5000-7f2748b30000 r-xp 00000000 08:05 140060                     /usr/lib/x86_64-linux-gnu/libp11-kit.so.0.0.0
7f2748b30000-7f2748d2f000 ---p 0003b000 08:05 140060                     /usr/lib/x86_64-linux-gnu/libp11-kit.so.0.0.0
7f2748d2f000-7f2748d35000 r--p 0003a000 08:05 140060                     /usr/lib/x86_64-linux-gnu/libp11-kit.so.0.0.0
7f2748d35000-7f2748d37000 rw-p 00040000 08:05 140060                     /usr/lib/x86_64-linux-gnu/libp11-kit.so.0.0.0
7f2748d37000-7f2748d49000 r-xp 00000000 08:05 140245                     /usr/lib/x86_64-linux-gnu/libtasn1.so.6.2.0
7f2748d49000-7f2748f49000 ---p 00012000 08:05 140245                     /usr/lib/x86_64-linux-gnu/libtasn1.so.6.2.0
7f2748f49000-7f2748f4a000 r--p 00012000 08:05 140245                     /usr/lib/x86_64-linux-gnu/libtasn1.so.6.2.0
7f2748f4a000-7f2748f4b000 rw-p 00013000 08:05 140245                     /usr/lib/x86_64-linux-gnu/libtasn1.so.6.2.0
7f2748f4b000-7f2748fc7000 r-xp 00000000 08:05 1314767                    /lib/x86_64-linux-gnu/libgcrypt.so.11.8.2
7f2748fc7000-7f27491c6000 ---p 0007c000 08:05 1314767                    /lib/x86_64-linux-gnu/libgcrypt.so.11.8.2
7f27491c6000-7f27491c7000 r--p 0007b000 08:05 1314767                    /lib/x86_64-linux-gnu/libgcrypt.so.11.8.2
7f27491c7000-7f27491ca000 rw-p 0007c000 08:05 1314767                    /lib/x86_64-linux-gnu/libgcrypt.so.11.8.2
7f27491ca000-7f27491d4000 r-xp 00000000 08:05 133140                     /usr/lib/x86_64-linux-gnu/libkrb5support.so.0.1
7f27491d4000-7f27493d3000 ---p 0000a000 08:05 133140                     /usr/lib/x86_64-linux-gnu/libkrb5support.so.0.1
7f27493d3000-7f27493d4000 r--p 00009000 08:05 133140                     /usr/lib/x86_64-linux-gnu/libkrb5support.so.0.1
7f27493d4000-7f27493d5000 rw-p 0000a000 08:05 133140                     /usr/lib/x86_64-linux-gnu/libkrb5support.so.0.1
7f27493d5000-7f27493d8000 r-xp 00000000 08:05 1314758                    /lib/x86_64-linux-gnu/libcom_err.so.2.1
7f27493d8000-7f27495d7000 ---p 00003000 08:05 1314758                    /lib/x86_64-linux-gnu/libcom_err.so.2.1
7f27495d7000-7f27495d8000 r--p 00002000 08:05 1314758                    /lib/x86_64-linux-gnu/libcom_err.so.2.1
7f27495d8000-7f27495d9000 rw-p 00003000 08:05 1314758                    /lib/x86_64-linux-gnu/libcom_err.so.2.1
7f27495d9000-7f2749605000 r-xp 00000000 08:05 133134                     /usr/lib/x86_64-linux-gnu/libk5crypto.so.3.1
7f2749605000-7f2749804000 ---p 0002c000 08:05 133134                     /usr/lib/x86_64-linux-gnu/libk5crypto.so.3.1
7f2749804000-7f2749806000 r--p 0002b000 08:05 133134                     /usr/lib/x86_64-linux-gnu/libk5crypto.so.3.1
7f2749806000-7f2749807000 rw-p 0002d000 08:05 133134                     /usr/lib/x86_64-linux-gnu/libk5crypto.so.3.1
7f2749807000-7f2749808000 rw-p 00000000 00:00 0 
7f2749808000-7f27498c4000 r-xp 00000000 08:05 133138                     /usr/lib/x86_64-linux-gnu/libkrb5.so.3.3
7f27498c4000-7f2749ac4000 ---p 000bc000 08:05 133138                     /usr/lib/x86_64-linux-gnu/libkrb5.so.3.3
7f2749ac4000-7f2749ad1000 r--p 000bc000 08:05 133138                     /usr/lib/x86_64-linux-gnu/libkrb5.so.3.3
7f2749ad1000-7f2749ad3000 rw-p 000c9000 08:05 133138                     /usr/lib/x86_64-linux-gnu/libkrb5.so.3.3
7f2749ad3000-7f2749ad8000 r-xp 00000000 08:05 139344                     /usr/lib/x86_64-linux-gnu/libXdmcp.so.6.0.0
7f2749ad8000-7f2749cd7000 ---p 00005000 08:05 139344                     /usr/lib/x86_64-linux-gnu/libXdmcp.so.6.0.0
7f2749cd7000-7f2749cd8000 r--p 00004000 08:05 139344                     /usr/lib/x86_64-linux-gnu/libXdmcp.so.6.0.0
7f2749cd8000-7f2749cd9000 rw-p 00005000 08:05 139344                     /usr/lib/x86_64-linux-gnu/libXdmcp.so.6.0.0
7f2749cd9000-7f2749cdb000 r-xp 00000000 08:05 139333                     /usr/lib/x86_64-linux-gnu/libXau.so.6.0.0
7f2749cdb000-7f2749edb000 ---p 00002000 08:05 139333                     /usr/lib/x86_64-linux-gnu/libXau.so.6.0.0
7f2749edb000-7f2749edc000 r--p 00002000 08:05 139333                     /usr/lib/x86_64-linux-gnu/libXau.so.6.0.0
7f2749edc000-7f2749edd000 rw-p 00003000 08:05 139333                     /usr/lib/x86_64-linux-gnu/libXau.so.6.0.0
7f2749edd000-7f2749ee4000 r-xp 00000000 08:05 139611                     /usr/lib/x86_64-linux-gnu/libffi.so.6.0.1
7f2749ee4000-7f274a0e3000 ---p 00007000 08:05 139611                     /usr/lib/x86_64-linux-gnu/libffi.so.6.0.1
7f274a0e3000-7f274a0e4000 r--p 00006000 08:05 139611                     /usr/lib/x86_64-linux-gnu/libffi.so.6.0.1
7f274a0e4000-7f274a0e5000 rw-p 00007000 08:05 139611                     /usr/lib/x86_64-linux-gnu/libffi.so.6.0.1
7f274a0e5000-7f274a0fc000 r-xp 00000000 08:05 1310824                    /lib/x86_64-linux-gnu/libresolv-2.19.so
7f274a0fc000-7f274a2fc000 ---p 00017000 08:05 1310824                    /lib/x86_64-linux-gnu/libresolv-2.19.so
7f274a2fc000-7f274a2fd000 r--p 00017000 08:05 1310824                    /lib/x86_64-linux-gnu/libresolv-2.19.so
7f274a2fd000-7f274a2fe000 rw-p 00018000 08:05 1310824                    /lib/x86_64-linux-gnu/libresolv-2.19.so
7f274a2fe000-7f274a300000 rw-p 00000000 00:00 0 
7f274a300000-7f274a320000 r-xp 00000000 08:05 1314879                    /lib/x86_64-linux-gnu/libselinux.so.1
7f274a320000-7f274a51f000 ---p 00020000 08:05 1314879                    /lib/x86_64-linux-gnu/libselinux.so.1
7f274a51f000-7f274a520000 r--p 0001f000 08:05 1314879                    /lib/x86_64-linux-gnu/libselinux.so.1
7f274a520000-7f274a521000 rw-p 00020000 08:05 1314879                    /lib/x86_64-linux-gnu/libselinux.so.1
7f274a521000-7f274a523000 rw-p 00000000 00:00 0 
7f274a523000-7f274a629000 r-xp 00000000 08:05 1322470                    /lib/x86_64-linux-gnu/libglib-2.0.so.0.4002.0
7f274a629000-7f274a828000 ---p 00106000 08:05 1322470                    /lib/x86_64-linux-gnu/libglib-2.0.so.0.4002.0
7f274a828000-7f274a829000 r--p 00105000 08:05 1322470                    /lib/x86_64-linux-gnu/libglib-2.0.so.0.4002.0
7f274a829000-7f274a82a000 rw-p 00106000 08:05 1322470                    /lib/x86_64-linux-gnu/libglib-2.0.so.0.4002.0
7f274a82a000-7f274a82b000 rw-p 00000000 00:00 0 
7f274a82b000-7f274a82e000 r-xp 00000000 08:05 131436                     /usr/lib/x86_64-linux-gnu/libgmodule-2.0.so.0.4002.0
7f274a82e000-7f274aa2d000 ---p 00003000 08:05 131436                     /usr/lib/x86_64-linux-gnu/libgmodule-2.0.so.0.4002.0
7f274aa2d000-7f274aa2e000 r--p 00002000 08:05 131436                     /usr/lib/x86_64-linux-gnu/libgmodule-2.0.so.0.4002.0
7f274aa2e000-7f274aa2f000 rw-p 00003000 08:05 131436                     /usr/lib/x86_64-linux-gnu/libgmodule-2.0.so.0.4002.0
7f274aa2f000-7f274aa56000 r-xp 00000000 08:05 1314771                    /lib/x86_64-linux-gnu/libexpat.so.1.6.0
7f274aa56000-7f274ac56000 ---p 00027000 08:05 1314771                    /lib/x86_64-linux-gnu/libexpat.so.1.6.0
7f274ac56000-7f274ac58000 r--p 00027000 08:05 1314771                    /lib/x86_64-linux-gnu/libexpat.so.1.6.0
7f274ac58000-7f274ac59000 rw-p 00029000 08:05 1314771                    /lib/x86_64-linux-gnu/libexpat.so.1.6.0
7f274ac59000-7f274acf6000 r-xp 00000000 08:05 139653                     /usr/lib/x86_64-linux-gnu/libfreetype.so.6.11.1
7f274acf6000-7f274aef5000 ---p 0009d000 08:05 139653                     /usr/lib/x86_64-linux-gnu/libfreetype.so.6.11.1
7f274aef5000-7f274aefb000 r--p 0009c000 08:05 139653                     /usr/lib/x86_64-linux-gnu/libfreetype.so.6.11.1
7f274aefb000-7f274aefc000 rw-p 000a2000 08:05 139653                     /usr/lib/x86_64-linux-gnu/libfreetype.so.6.11.1
7f274aefc000-7f274af0b000 r-xp 00000000 08:05 139437                     /usr/lib/x86_64-linux-gnu/libavahi-client.so.3.2.9
7f274af0b000-7f274b10b000 ---p 0000f000 08:05 139437                     /usr/lib/x86_64-linux-gnu/libavahi-client.so.3.2.9
7f274b10b000-7f274b10c000 r--p 0000f000 08:05 139437                     /usr/lib/x86_64-linux-gnu/libavahi-client.so.3.2.9
7f274b10c000-7f274b10d000 rw-p 00010000 08:05 139437                     /usr/lib/x86_64-linux-gnu/libavahi-client.so.3.2.9
7f274b10d000-7f274b118000 r-xp 00000000 08:05 139439                     /usr/lib/x86_64-linux-gnu/libavahi-common.so.3.5.3
7f274b118000-7f274b317000 ---p 0000b000 08:05 139439                     /usr/lib/x86_64-linux-gnu/libavahi-common.so.3.5.3
7f274b317000-7f274b318000 r--p 0000a000 08:05 139439                     /usr/lib/x86_64-linux-gnu/libavahi-common.so.3.5.3
7f274b318000-7f274b319000 rw-p 0000b000 08:05 139439                     /usr/lib/x86_64-linux-gnu/libavahi-common.so.3.5.3
7f274b319000-7f274b3cf000 r-xp 00000000 08:05 139740                     /usr/lib/x86_64-linux-gnu/libgnutls.so.26.22.6
7f274b3cf000-7f274b5cf000 ---p 000b6000 08:05 139740                     /usr/lib/x86_64-linux-gnu/libgnutls.so.26.22.6
7f274b5cf000-7f274b5d5000 r--p 000b6000 08:05 139740                     /usr/lib/x86_64-linux-gnu/libgnutls.so.26.22.6
7f274b5d5000-7f274b5d6000 rw-p 000bc000 08:05 139740                     /usr/lib/x86_64-linux-gnu/libgnutls.so.26.22.6
7f274b5d6000-7f274b5d7000 rw-p 00000000 00:00 0 
7f274b5d7000-7f274b61a000 r-xp 00000000 08:05 133136                     /usr/lib/x86_64-linux-gnu/libgssapi_krb5.so.2.2
7f274b61a000-7f274b81a000 ---p 00043000 08:05 133136                     /usr/lib/x86_64-linux-gnu/libgssapi_krb5.so.2.2
7f274b81a000-7f274b81b000 r--p 00043000 08:05 133136                     /usr/lib/x86_64-linux-gnu/libgssapi_krb5.so.2.2
7f274b81b000-7f274b81d000 rw-p 00044000 08:05 133136                     /usr/lib/x86_64-linux-gnu/libgssapi_krb5.so.2.2
7f274b81d000-7f274b83a000 r-xp 00000000 08:05 140403                     /usr/lib/x86_64-linux-gnu/libxcb.so.1.1.0
7f274b83a000-7f274ba3a000 ---p 0001d000 08:05 140403                     /usr/lib/x86_64-linux-gnu/libxcb.so.1.1.0
7f274ba3a000-7f274ba3b000 r--p 0001d000 08:05 140403                     /usr/lib/x86_64-linux-gnu/libxcb.so.1.1.0
7f274ba3b000-7f274ba3c000 rw-p 0001e000 08:05 140403                     /usr/lib/x86_64-linux-gnu/libxcb.so.1.1.0
7f274ba3c000-7f274ba8b000 r-xp 00000000 08:05 131454                     /usr/lib/x86_64-linux-gnu/libgobject-2.0.so.0.4002.0
7f274ba8b000-7f274bc8b000 ---p 0004f000 08:05 131454                     /usr/lib/x86_64-linux-gnu/libgobject-2.0.so.0.4002.0
7f274bc8b000-7f274bc8c000 r--p 0004f000 08:05 131454                     /usr/lib/x86_64-linux-gnu/libgobject-2.0.so.0.4002.0
7f274bc8c000-7f274bc8d000 rw-p 00050000 08:05 131454                     /usr/lib/x86_64-linux-gnu/libgobject-2.0.so.0.4002.0
7f274bc8d000-7f274bdf9000 r-xp 00000000 08:05 131458                     /usr/lib/x86_64-linux-gnu/libgio-2.0.so.0.4002.0
7f274bdf9000-7f274bff8000 ---p 0016c000 08:05 131458                     /usr/lib/x86_64-linux-gnu/libgio-2.0.so.0.4002.0
7f274bff8000-7f274bffc000 r--p 0016b000 08:05 131458                     /usr/lib/x86_64-linux-gnu/libgio-2.0.so.0.4002.0
7f274bffc000-7f274bffe000 rw-p 0016f000 08:05 131458                     /usr/lib/x86_64-linux-gnu/libgio-2.0.so.0.4002.0
7f274bffe000-7f274c000000 rw-p 00000000 00:00 0 
7f274c000000-7f274c021000 rw-p 00000000 00:00 0 
7f274c021000-7f2750000000 ---p 00000000 00:00 0 
7f2750000000-7f2750021000 rw-p 00000000 00:00 0 
7f2750021000-7f2754000000 ---p 00000000 00:00 0 
7f2754000000-7f275494c000 rw-p 00000000 00:00 0 
7f275494c000-7f2758000000 ---p 00000000 00:00 0 
7f2758000000-7f27588d5000 rw-p 00000000 00:00 0 
7f27588d5000-7f275c000000 ---p 00000000 00:00 0 
7f275c000000-7f275c021000 rw-p 00000000 00:00 0 
7f275c021000-7f2760000000 ---p 00000000 00:00 0 
7f2760000000-7f2760021000 rw-p 00000000 00:00 0 
7f2760021000-7f2764000000 ---p 00000000 00:00 0 
7f2764000000-7f2764021000 rw-p 00000000 00:00 0 
7f2764021000-7f2768000000 ---p 00000000 00:00 0 
7f2768000000-7f2768021000 rw-p 00000000 00:00 0 
7f2768021000-7f276c000000 ---p 00000000 00:00 0 
7f276c000000-7f276c021000 rw-p 00000000 00:00 0 
7f276c021000-7f2770000000 ---p 00000000 00:00 0 
7f2770000000-7f2770021000 rw-p 00000000 00:00 0 
7f2770021000-7f2774000000 ---p 00000000 00:00 0 
7f2774000000-7f2774021000 rw-p 00000000 00:00 0 
7f2774021000-7f2778000000 ---p 00000000 00:00 0 
7f277807a000-7f27780b4000 r-xp 00000000 08:05 139625                     /usr/lib/x86_64-linux-gnu/libfontconfig.so.1.8.0
7f27780b4000-7f27782b3000 ---p 0003a000 08:05 139625                     /usr/lib/x86_64-linux-gnu/libfontconfig.so.1.8.0
7f27782b3000-7f27782b5000 r--p 00039000 08:05 139625                     /usr/lib/x86_64-linux-gnu/libfontconfig.so.1.8.0
7f27782b5000-7f27782b6000 rw-p 0003b000 08:05 139625                     /usr/lib/x86_64-linux-gnu/libfontconfig.so.1.8.0
7f27782b6000-7f2778322000 r-xp 00000000 08:05 131737                     /usr/lib/x86_64-linux-gnu/libcups.so.2
7f2778322000-7f2778522000 ---p 0006c000 08:05 131737                     /usr/lib/x86_64-linux-gnu/libcups.so.2
7f2778522000-7f2778529000 r--p 0006c000 08:05 131737                     /usr/lib/x86_64-linux-gnu/libcups.so.2
7f2778529000-7f277852a000 rw-p 00073000 08:05 131737                     /usr/lib/x86_64-linux-gnu/libcups.so.2
7f277852a000-7f2778539000 r-xp 00000000 08:05 139354                     /usr/lib/x86_64-linux-gnu/libXi.so.6.1.0
7f2778539000-7f2778738000 ---p 0000f000 08:05 139354                     /usr/lib/x86_64-linux-gnu/libXi.so.6.1.0
7f2778738000-7f2778739000 r--p 0000e000 08:05 139354                     /usr/lib/x86_64-linux-gnu/libXi.so.6.1.0
7f2778739000-7f277873a000 rw-p 0000f000 08:05 139354                     /usr/lib/x86_64-linux-gnu/libXi.so.6.1.0
7f277873a000-7f277873f000 r-xp 00000000 08:05 139374                     /usr/lib/x86_64-linux-gnu/libXtst.so.6.1.0
7f277873f000-7f277893e000 ---p 00005000 08:05 139374                     /usr/lib/x86_64-linux-gnu/libXtst.so.6.1.0
7f277893e000-7f277893f000 r--p 00004000 08:05 139374                     /usr/lib/x86_64-linux-gnu/libXtst.so.6.1.0
7f277893f000-7f2778940000 rw-p 00005000 08:05 139374                     /usr/lib/x86_64-linux-gnu/libXtst.so.6.1.0
7f2778940000-7f2778949000 r-xp 00000000 08:05 139368                     /usr/lib/x86_64-linux-gnu/libXrender.so.1.3.0
7f2778949000-7f2778b48000 ---p 00009000 08:05 139368                     /usr/lib/x86_64-linux-gnu/libXrender.so.1.3.0
7f2778b48000-7f2778b49000 r--p 00008000 08:05 139368                     /usr/lib/x86_64-linux-gnu/libXrender.so.1.3.0
7f2778b49000-7f2778b4a000 rw-p 00009000 08:05 139368                     /usr/lib/x86_64-linux-gnu/libXrender.so.1.3.0
7f2778b4a000-7f2778c7a000 r-xp 00000000 08:05 139329                     /usr/lib/x86_64-linux-gnu/libX11.so.6.3.0
7f2778c7a000-7f2778e7a000 ---p 00130000 08:05 139329                     /usr/lib/x86_64-linux-gnu/libX11.so.6.3.0
7f2778e7a000-7f2778e7b000 r--p 00130000 08:05 139329                     /usr/lib/x86_64-linux-gnu/libX11.so.6.3.0
7f2778e7b000-7f2778e7f000 rw-p 00131000 08:05 139329                     /usr/lib/x86_64-linux-gnu/libX11.so.6.3.0
7f2778e7f000-7f2778e90000 r-xp 00000000 08:05 139346                     /usr/lib/x86_64-linux-gnu/libXext.so.6.4.0
7f2778e90000-7f277908f000 ---p 00011000 08:05 139346                     /usr/lib/x86_64-linux-gnu/libXext.so.6.4.0
7f277908f000-7f2779090000 r--p 00010000 08:05 139346                     /usr/lib/x86_64-linux-gnu/libXext.so.6.4.0
7f2779090000-7f2779091000 rw-p 00011000 08:05 139346                     /usr/lib/x86_64-linux-gnu/libXext.so.6.4.0
7f2779091000-7f27790d9000 r-xp 00000000 08:05 4070431                    /usr/lib/jvm/java-7-openjdk-amd64/jre/lib/amd64/xawt/libmawt.so
7f27790d9000-7f27792d8000 ---p 00048000 08:05 4070431                    /usr/lib/jvm/java-7-openjdk-amd64/jre/lib/amd64/xawt/libmawt.so
7f27792d8000-7f27792d9000 r--p 00047000 08:05 4070431                    /usr/lib/jvm/java-7-openjdk-amd64/jre/lib/amd64/xawt/libmawt.so
7f27792d9000-7f27792dc000 rw-p 00048000 08:05 4070431                    /usr/lib/jvm/java-7-openjdk-amd64/jre/lib/amd64/xawt/libmawt.so
7f27792dc000-7f27792dd000 rw-p 00000000 00:00 0 
7f27792dd000-7f277937d000 r-xp 00000000 08:05 4070297                    /usr/lib/jvm/java-7-openjdk-amd64/jre/lib/amd64/libawt.so
7f277937d000-7f277957d000 ---p 000a0000 08:05 4070297                    /usr/lib/jvm/java-7-openjdk-amd64/jre/lib/amd64/libawt.so
7f277957d000-7f277957e000 r--p 000a0000 08:05 4070297                    /usr/lib/jvm/java-7-openjdk-amd64/jre/lib/amd64/libawt.so
7f277957e000-7f2779589000 rw-p 000a1000 08:05 4070297                    /usr/lib/jvm/java-7-openjdk-amd64/jre/lib/amd64/libawt.so
7f2779589000-7f27795ae000 rw-p 00000000 00:00 0 
7f27795ae000-7f2779c90000 r--p 00000000 08:05 138250                     /usr/lib/locale/locale-archive
7f2779c90000-7f277c000000 rw-p 00000000 00:00 0 
7f277c000000-7f277c021000 rw-p 00000000 00:00 0 
7f277c021000-7f2780000000 ---p 00000000 00:00 0 
7f27800c0000-7f27800f1000 rw-p 00000000 00:00 0 
7f27800f1000-7f27800f2000 ---p 00000000 00:00 0 
7f27800f2000-7f27801f2000 rw-p 00000000 00:00 0                          [stack:21715]
7f27801f2000-7f27801f5000 ---p 00000000 00:00 0 
7f27801f5000-7f27802f3000 rw-p 00000000 00:00 0                          [stack:21714]
7f27802f3000-7f27802f6000 ---p 00000000 00:00 0 
7f27802f6000-7f27803f4000 rw-p 00000000 00:00 0                          [stack:21713]
7f27803f4000-7f27803f7000 ---p 00000000 00:00 0 
7f27803f7000-7f27804f5000 rw-p 00000000 00:00 0                          [stack:21712]
7f27804f5000-7f27804f8000 ---p 00000000 00:00 0 
7f27804f8000-7f27805f6000 rw-p 00000000 00:00 0                          [stack:21711]
7f27805f6000-7f27805f9000 ---p 00000000 00:00 0 
7f27805f9000-7f27806f7000 rw-p 00000000 00:00 0                          [stack:21710]
7f27806f7000-7f27806fa000 ---p 00000000 00:00 0 
7f27806fa000-7f27807f8000 rw-p 00000000 00:00 0                          [stack:21709]
7f27807f8000-7f27807f9000 ---p 00000000 00:00 0 
7f27807f9000-7f2781000000 rw-p 00000000 00:00 0                          [stack:21708]
7f2781000000-7f2781270000 rwxp 00000000 00:00 0 
7f2781270000-7f27842cd000 rw-p 00000000 00:00 0 
7f27842cd000-7f2788000000 ---p 00000000 00:00 0 
7f278801e000-7f2788026000 rw-s 00000000 00:04 40239133                   /SYSV00000000 (deleted)
7f278802a000-7f2788033000 r--s 000b9000 08:05 4070255                    /usr/lib/jvm/java-7-openjdk-amd64/jre/lib/resources.jar
7f2788033000-7f278803d000 r--s 00203000 08:05 4070316                    /usr/lib/jvm/java-7-openjdk-amd64/jre/lib/charsets.jar
7f278803d000-7f2788933000 rw-p 00000000 00:00 0 
7f2788933000-7f2788ae4000 r--s 01d25000 08:05 4070335                    /usr/lib/jvm/java-7-openjdk-amd64/jre/lib/rt.jar
7f2788ae4000-7f2788e14000 rw-p 00000000 00:00 0 
7f2788e14000-7f2788e15000 ---p 00000000 00:00 0 
7f2788e15000-7f2788f15000 rw-p 00000000 00:00 0                          [stack:21707]
7f2788f15000-7f2788f16000 ---p 00000000 00:00 0 
7f2788f16000-7f2789016000 rw-p 00000000 00:00 0                          [stack:21706]
7f2789016000-7f2789017000 ---p 00000000 00:00 0 
7f2789017000-7f2789117000 rw-p 00000000 00:00 0                          [stack:21705]
7f2789117000-7f2789118000 ---p 00000000 00:00 0 
7f2789118000-7f2789223000 rw-p 00000000 00:00 0                          [stack:21704]
7f2789223000-7f278926b000 rw-p 00000000 00:00 0 
7f278926b000-7f278927f000 rw-p 00000000 00:00 0 
7f278927f000-7f27893ae000 rw-p 00000000 00:00 0 
7f27893ae000-7f27893b9000 rw-p 00000000 00:00 0 
7f27893b9000-7f2789401000 rw-p 00000000 00:00 0 
7f2789401000-7f2789415000 rw-p 00000000 00:00 0 
7f2789415000-7f2789543000 rw-p 00000000 00:00 0 
7f2789543000-7f278954e000 rw-p 00000000 00:00 0 
7f278954e000-7f27895e5000 rw-p 00000000 00:00 0 
7f27895e5000-7f27895e6000 rw-p 00000000 00:00 0 
7f27895e6000-7f27895ee000 r-xp 00000000 08:05 4070264                    /usr/lib/jvm/java-7-openjdk-amd64/jre/lib/amd64/libzip.so
7f27895ee000-7f27897ed000 ---p 00008000 08:05 4070264                    /usr/lib/jvm/java-7-openjdk-amd64/jre/lib/amd64/libzip.so
7f27897ed000-7f27897ee000 r--p 00007000 08:05 4070264                    /usr/lib/jvm/java-7-openjdk-amd64/jre/lib/amd64/libzip.so
7f27897ee000-7f27897ef000 rw-p 00008000 08:05 4070264                    /usr/lib/jvm/java-7-openjdk-amd64/jre/lib/amd64/libzip.so
7f27897ef000-7f27897fa000 r-xp 00000000 08:05 1321510                    /lib/x86_64-linux-gnu/libnss_files-2.19.so
7f27897fa000-7f27899f9000 ---p 0000b000 08:05 1321510                    /lib/x86_64-linux-gnu/libnss_files-2.19.so
7f27899f9000-7f27899fa000 r--p 0000a000 08:05 1321510                    /lib/x86_64-linux-gnu/libnss_files-2.19.so
7f27899fa000-7f27899fb000 rw-p 0000b000 08:05 1321510                    /lib/x86_64-linux-gnu/libnss_files-2.19.so
7f27899fb000-7f2789a06000 r-xp 00000000 08:05 1321517                    /lib/x86_64-linux-gnu/libnss_nis-2.19.so
7f2789a06000-7f2789c05000 ---p 0000b000 08:05 1321517                    /lib/x86_64-linux-gnu/libnss_nis-2.19.so
7f2789c05000-7f2789c06000 r--p 0000a000 08:05 1321517                    /lib/x86_64-linux-gnu/libnss_nis-2.19.so
7f2789c06000-7f2789c07000 rw-p 0000b000 08:05 1321517                    /lib/x86_64-linux-gnu/libnss_nis-2.19.so
7f2789c07000-7f2789c1e000 r-xp 00000000 08:05 1321503                    /lib/x86_64-linux-gnu/libnsl-2.19.so
7f2789c1e000-7f2789e1d000 ---p 00017000 08:05 1321503                    /lib/x86_64-linux-gnu/libnsl-2.19.so
7f2789e1d000-7f2789e1e000 r--p 00016000 08:05 1321503                    /lib/x86_64-linux-gnu/libnsl-2.19.so
7f2789e1e000-7f2789e1f000 rw-p 00017000 08:05 1321503                    /lib/x86_64-linux-gnu/libnsl-2.19.so
7f2789e1f000-7f2789e21000 rw-p 00000000 00:00 0 
7f2789e21000-7f2789e2a000 r-xp 00000000 08:05 1321514                    /lib/x86_64-linux-gnu/libnss_compat-2.19.so
7f2789e2a000-7f278a029000 ---p 00009000 08:05 1321514                    /lib/x86_64-linux-gnu/libnss_compat-2.19.so
7f278a029000-7f278a02a000 r--p 00008000 08:05 1321514                    /lib/x86_64-linux-gnu/libnss_compat-2.19.so
7f278a02a000-7f278a02b000 rw-p 00009000 08:05 1321514                    /lib/x86_64-linux-gnu/libnss_compat-2.19.so
7f278a02b000-7f278a056000 r-xp 00000000 08:05 4070271                    /usr/lib/jvm/java-7-openjdk-amd64/jre/lib/amd64/libjava.so
7f278a056000-7f278a255000 ---p 0002b000 08:05 4070271                    /usr/lib/jvm/java-7-openjdk-amd64/jre/lib/amd64/libjava.so
7f278a255000-7f278a256000 r--p 0002a000 08:05 4070271                    /usr/lib/jvm/java-7-openjdk-amd64/jre/lib/amd64/libjava.so
7f278a256000-7f278a258000 rw-p 0002b000 08:05 4070271                    /usr/lib/jvm/java-7-openjdk-amd64/jre/lib/amd64/libjava.so
7f278a258000-7f278a268000 r-xp 00000000 08:05 4070286                    /usr/lib/jvm/java-7-openjdk-amd64/jre/lib/amd64/libverify.so
7f278a268000-7f278a467000 ---p 00010000 08:05 4070286                    /usr/lib/jvm/java-7-openjdk-amd64/jre/lib/amd64/libverify.so
7f278a467000-7f278a469000 r--p 0000f000 08:05 4070286                    /usr/lib/jvm/java-7-openjdk-amd64/jre/lib/amd64/libverify.so
7f278a469000-7f278a46a000 rw-p 00011000 08:05 4070286                    /usr/lib/jvm/java-7-openjdk-amd64/jre/lib/amd64/libverify.so
7f278a46a000-7f278a471000 r-xp 00000000 08:05 1321520                    /lib/x86_64-linux-gnu/librt-2.19.so
7f278a471000-7f278a670000 ---p 00007000 08:05 1321520                    /lib/x86_64-linux-gnu/librt-2.19.so
7f278a670000-7f278a671000 r--p 00006000 08:05 1321520                    /lib/x86_64-linux-gnu/librt-2.19.so
7f278a671000-7f278a672000 rw-p 00007000 08:05 1321520                    /lib/x86_64-linux-gnu/librt-2.19.so
7f278a672000-7f278a688000 r-xp 00000000 08:05 1314726                    /lib/x86_64-linux-gnu/libgcc_s.so.1
7f278a688000-7f278a887000 ---p 00016000 08:05 1314726                    /lib/x86_64-linux-gnu/libgcc_s.so.1
7f278a887000-7f278a888000 rw-p 00015000 08:05 1314726                    /lib/x86_64-linux-gnu/libgcc_s.so.1
7f278a888000-7f278a98d000 r-xp 00000000 08:05 1321502                    /lib/x86_64-linux-gnu/libm-2.19.so
7f278a98d000-7f278ab8c000 ---p 00105000 08:05 1321502                    /lib/x86_64-linux-gnu/libm-2.19.so
7f278ab8c000-7f278ab8d000 r--p 00104000 08:05 1321502                    /lib/x86_64-linux-gnu/libm-2.19.so
7f278ab8d000-7f278ab8e000 rw-p 00105000 08:05 1321502                    /lib/x86_64-linux-gnu/libm-2.19.so
7f278ab8e000-7f278ac74000 r-xp 00000000 08:05 140239                     /usr/lib/x86_64-linux-gnu/libstdc++.so.6.0.19
7f278ac74000-7f278ae73000 ---p 000e6000 08:05 140239                     /usr/lib/x86_64-linux-gnu/libstdc++.so.6.0.19
7f278ae73000-7f278ae7b000 r--p 000e5000 08:05 140239                     /usr/lib/x86_64-linux-gnu/libstdc++.so.6.0.19
7f278ae7b000-7f278ae7d000 rw-p 000ed000 08:05 140239                     /usr/lib/x86_64-linux-gnu/libstdc++.so.6.0.19
7f278ae7d000-7f278ae92000 rw-p 00000000 00:00 0 
7f278ae92000-7f278b9a8000 r-xp 00000000 08:05 4070293                    /usr/lib/jvm/java-7-openjdk-amd64/jre/lib/amd64/server/libjvm.so
7f278b9a8000-7f278bba7000 ---p 00b16000 08:05 4070293                    /usr/lib/jvm/java-7-openjdk-amd64/jre/lib/amd64/server/libjvm.so
7f278bba7000-7f278bc41000 r--p 00b15000 08:05 4070293                    /usr/lib/jvm/java-7-openjdk-amd64/jre/lib/amd64/server/libjvm.so
7f278bc41000-7f278bc64000 rw-p 00baf000 08:05 4070293                    /usr/lib/jvm/java-7-openjdk-amd64/jre/lib/amd64/server/libjvm.so
7f278bc64000-7f278bc92000 rw-p 00000000 00:00 0 
7f278bc92000-7f278bcaa000 r-xp 00000000 08:05 1314912                    /lib/x86_64-linux-gnu/libz.so.1.2.8
7f278bcaa000-7f278bea9000 ---p 00018000 08:05 1314912                    /lib/x86_64-linux-gnu/libz.so.1.2.8
7f278bea9000-7f278beaa000 r--p 00017000 08:05 1314912                    /lib/x86_64-linux-gnu/libz.so.1.2.8
7f278beaa000-7f278beab000 rw-p 00018000 08:05 1314912                    /lib/x86_64-linux-gnu/libz.so.1.2.8
7f278beab000-7f278bec4000 r-xp 00000000 08:05 1321507                    /lib/x86_64-linux-gnu/libpthread-2.19.so
7f278bec4000-7f278c0c3000 ---p 00019000 08:05 1321507                    /lib/x86_64-linux-gnu/libpthread-2.19.so
7f278c0c3000-7f278c0c4000 r--p 00018000 08:05 1321507                    /lib/x86_64-linux-gnu/libpthread-2.19.so
7f278c0c4000-7f278c0c5000 rw-p 00019000 08:05 1321507                    /lib/x86_64-linux-gnu/libpthread-2.19.so
7f278c0c5000-7f278c0c9000 rw-p 00000000 00:00 0 
7f278c0c9000-7f278c0cc000 r-xp 00000000 08:05 1321512                    /lib/x86_64-linux-gnu/libdl-2.19.so
7f278c0cc000-7f278c2cb000 ---p 00003000 08:05 1321512                    /lib/x86_64-linux-gnu/libdl-2.19.so
7f278c2cb000-7f278c2cc000 r--p 00002000 08:05 1321512                    /lib/x86_64-linux-gnu/libdl-2.19.so
7f278c2cc000-7f278c2cd000 rw-p 00003000 08:05 1321512                    /lib/x86_64-linux-gnu/libdl-2.19.so
7f278c2cd000-7f278c488000 r-xp 00000000 08:05 1321518                    /lib/x86_64-linux-gnu/libc-2.19.so
7f278c488000-7f278c688000 ---p 001bb000 08:05 1321518                    /lib/x86_64-linux-gnu/libc-2.19.so
7f278c688000-7f278c68c000 r--p 001bb000 08:05 1321518                    /lib/x86_64-linux-gnu/libc-2.19.so
7f278c68c000-7f278c68e000 rw-p 001bf000 08:05 1321518                    /lib/x86_64-linux-gnu/libc-2.19.so
7f278c68e000-7f278c693000 rw-p 00000000 00:00 0 
7f278c693000-7f278c6a0000 r-xp 00000000 08:05 4070269                    /usr/lib/jvm/java-7-openjdk-amd64/jre/lib/amd64/jli/libjli.so
7f278c6a0000-7f278c89f000 ---p 0000d000 08:05 4070269                    /usr/lib/jvm/java-7-openjdk-amd64/jre/lib/amd64/jli/libjli.so
7f278c89f000-7f278c8a0000 r--p 0000c000 08:05 4070269                    /usr/lib/jvm/java-7-openjdk-amd64/jre/lib/amd64/jli/libjli.so
7f278c8a0000-7f278c8a1000 rw-p 0000d000 08:05 4070269                    /usr/lib/jvm/java-7-openjdk-amd64/jre/lib/amd64/jli/libjli.so
7f278c8a1000-7f278c8c4000 r-xp 00000000 08:05 1321515                    /lib/x86_64-linux-gnu/ld-2.19.so
7f278c8c5000-7f278c8c9000 r--s 0003c000 08:05 4070331                    /usr/lib/jvm/java-7-openjdk-amd64/jre/lib/ext/sunpkcs11.jar
7f278c8c9000-7f278c8ea000 rw-p 00000000 00:00 0 
7f278c8ea000-7f278c9a0000 rw-p 00000000 00:00 0 
7f278c9a0000-7f278c9a3000 ---p 00000000 00:00 0 
7f278c9a3000-7f278caa6000 rw-p 00000000 00:00 0                          [stack:21703]
7f278caa7000-7f278caa9000 r--s 00006000 08:05 537329                     /usr/share/java/java-atk-wrapper.jar
7f278caa9000-7f278caad000 r--s 00085000 08:05 4070332                    /usr/lib/jvm/java-7-openjdk-amd64/jre/lib/ext/localedata.jar
7f278caad000-7f278caae000 r--s 00002000 08:05 4070334                    /usr/lib/jvm/java-7-openjdk-amd64/jre/lib/ext/dnsns.jar
7f278caae000-7f278cab1000 r--s 0000f000 08:05 4070329                    /usr/lib/jvm/java-7-openjdk-amd64/jre/lib/ext/icedtea-sound.jar
7f278cab1000-7f278cab3000 r--s 00012000 08:05 4070330                    /usr/lib/jvm/java-7-openjdk-amd64/jre/lib/ext/zipfs.jar
7f278cab3000-7f278cab7000 r--s 00034000 08:05 4070333                    /usr/lib/jvm/java-7-openjdk-amd64/jre/lib/ext/sunjce_provider.jar
7f278cab7000-7f278cabf000 rw-s 00000000 08:05 4072666                    /tmp/hsperfdata_brian/21698
7f278cabf000-7f278cac0000 rw-p 00000000 00:00 0 
7f278cac0000-7f278cac1000 r--p 00000000 00:00 0 
7f278cac1000-7f278cac3000 rw-p 00000000 00:00 0 
7f278cac3000-7f278cac4000 r--p 00022000 08:05 1321515                    /lib/x86_64-linux-gnu/ld-2.19.so
7f278cac4000-7f278cac5000 rw-p 00023000 08:05 1321515                    /lib/x86_64-linux-gnu/ld-2.19.so
7f278cac5000-7f278cac6000 rw-p 00000000 00:00 0 
7fff7fe9a000-7fff7febb000 rw-p 00000000 00:00 0                          [stack]
7fff7ff41000-7fff7ff43000 r-xp 00000000 00:00 0                          [vdso]
ffffffffff600000-ffffffffff601000 r-xp 00000000 00:00 0                  [vsyscall]

VM Arguments:
jvm_args: -Dfile.encoding=UTF-8 
java_command: editor.Editor
Launcher Type: SUN_STANDARD

Environment Variables:
PATH=/usr/local/sbin:/usr/local/bin:/usr/sbin:/usr/bin:/sbin:/bin:/usr/games:/usr/local/games
SHELL=/bin/bash
DISPLAY=:0

Signal Handlers:
SIGSEGV: [libjvm.so+0x9495e0], sa_mask[0]=0x7ffbfeff, sa_flags=0x10000004
SIGBUS: [libjvm.so+0x9495e0], sa_mask[0]=0x7ffbfeff, sa_flags=0x10000004
SIGFPE: [libjvm.so+0x7c3410], sa_mask[0]=0x7ffbfeff, sa_flags=0x10000004
SIGPIPE: [libjvm.so+0x7c3410], sa_mask[0]=0x7ffbfeff, sa_flags=0x10000004
SIGXFSZ: [libjvm.so+0x7c3410], sa_mask[0]=0x7ffbfeff, sa_flags=0x10000004
SIGILL: [libjvm.so+0x7c3410], sa_mask[0]=0x7ffbfeff, sa_flags=0x10000004
SIGUSR1: SIG_DFL, sa_mask[0]=0x00000000, sa_flags=0x00000000
SIGUSR2: [libjvm.so+0x7c32b0], sa_mask[0]=0x00000004, sa_flags=0x10000004
SIGHUP: [libjvm.so+0x7c3490], sa_mask[0]=0x7ffbfeff, sa_flags=0x10000004
SIGINT: [libjvm.so+0x7c3490], sa_mask[0]=0x7ffbfeff, sa_flags=0x10000004
SIGTERM: [libjvm.so+0x7c3490], sa_mask[0]=0x7ffbfeff, sa_flags=0x10000004
SIGQUIT: [libjvm.so+0x7c3490], sa_mask[0]=0x7ffbfeff, sa_flags=0x10000004
SIGTRAP: SIG_DFL, sa_mask[0]=0x00000000, sa_flags=0x00000000


---------------  S Y S T E M  ---------------

OS:Ubuntu 14.04 (trusty)
uname:Linux 3.13.0-43-generic #72-Ubuntu SMP Mon Dec 8 19:35:06 UTC 2014 x86_64
libc:glibc 2.19 NPTL 2.19 
rlimit: STACK 8192k, CORE 0k, NPROC 30765, NOFILE 4096, AS infinity
load average:9.04 3.01 1.72

/proc/meminfo:
MemTotal:        3959572 kB
MemFree:         1618996 kB
Buffers:           91152 kB
Cached:           845100 kB
SwapCached:       209516 kB
Active:           889096 kB
Inactive:        1189004 kB
Active(anon):     723928 kB
Inactive(anon):   740900 kB
Active(file):     165168 kB
Inactive(file):   448104 kB
Unevictable:          16 kB
Mlocked:              16 kB
SwapTotal:       4104188 kB
SwapFree:        3104792 kB
Dirty:               708 kB
Writeback:             0 kB
AnonPages:       1051472 kB
Mapped:            79328 kB
Shmem:            322760 kB
Slab:             165752 kB
SReclaimable:     115648 kB
SUnreclaim:        50104 kB
KernelStack:        4688 kB
PageTables:        27744 kB
NFS_Unstable:          0 kB
Bounce:                0 kB
WritebackTmp:          0 kB
CommitLimit:     6083972 kB
Committed_AS:    5006524 kB
VmallocTotal:   34359738367 kB
VmallocUsed:      456176 kB
VmallocChunk:   34359186476 kB
HardwareCorrupted:     0 kB
AnonHugePages:    155648 kB
HugePages_Total:       0
HugePages_Free:        0
HugePages_Rsvd:        0
HugePages_Surp:        0
Hugepagesize:       2048 kB
DirectMap4k:       78400 kB
DirectMap2M:     4028416 kB


CPU:total 4 (2 cores per cpu, 2 threads per core) family 6 model 42 stepping 7, cmov, cx8, fxsr, mmx, sse, sse2, sse3, ssse3, sse4.1, sse4.2, popcnt, avx, ht, tsc, tscinvbit

/proc/cpuinfo:
processor	: 0
vendor_id	: GenuineIntel
cpu family	: 6
model		: 42
model name	: Intel(R) Core(TM) i5-2410M CPU @ 2.30GHz
stepping	: 7
microcode	: 0x15
cpu MHz		: 2301.000
cache size	: 3072 KB
physical id	: 0
siblings	: 4
core id		: 0
cpu cores	: 2
apicid		: 0
initial apicid	: 0
fpu		: yes
fpu_exception	: yes
cpuid level	: 13
wp		: yes
flags		: fpu vme de pse tsc msr pae mce cx8 apic sep mtrr pge mca cmov pat pse36 clflush dts acpi mmx fxsr sse sse2 ss ht tm pbe syscall nx rdtscp lm constant_tsc arch_perfmon pebs bts nopl xtopology nonstop_tsc aperfmperf eagerfpu pni pclmulqdq dtes64 monitor ds_cpl vmx est tm2 ssse3 cx16 xtpr pdcm pcid sse4_1 sse4_2 x2apic popcnt tsc_deadline_timer xsave avx lahf_lm ida arat epb xsaveopt pln pts dtherm tpr_shadow vnmi flexpriority ept vpid
bogomips	: 4589.79
clflush size	: 64
cache_alignment	: 64
address sizes	: 36 bits physical, 48 bits virtual
power management:

processor	: 1
vendor_id	: GenuineIntel
cpu family	: 6
model		: 42
model name	: Intel(R) Core(TM) i5-2410M CPU @ 2.30GHz
stepping	: 7
microcode	: 0x15
cpu MHz		: 2301.000
cache size	: 3072 KB
physical id	: 0
siblings	: 4
core id		: 0
cpu cores	: 2
apicid		: 1
initial apicid	: 1
fpu		: yes
fpu_exception	: yes
cpuid level	: 13
wp		: yes
flags		: fpu vme de pse tsc msr pae mce cx8 apic sep mtrr pge mca cmov pat pse36 clflush dts acpi mmx fxsr sse sse2 ss ht tm pbe syscall nx rdtscp lm constant_tsc arch_perfmon pebs bts nopl xtopology nonstop_tsc aperfmperf eagerfpu pni pclmulqdq dtes64 monitor ds_cpl vmx est tm2 ssse3 cx16 xtpr pdcm pcid sse4_1 sse4_2 x2apic popcnt tsc_deadline_timer xsave avx lahf_lm ida arat epb xsaveopt pln pts dtherm tpr_shadow vnmi flexpriority ept vpid
bogomips	: 4589.79
clflush size	: 64
cache_alignment	: 64
address sizes	: 36 bits physical, 48 bits virtual
power management:

processor	: 2
vendor_id	: GenuineIntel
cpu family	: 6
model		: 42
model name	: Intel(R) Core(TM) i5-2410M CPU @ 2.30GHz
stepping	: 7
microcode	: 0x15
cpu MHz		: 800.000
cache size	: 3072 KB
physical id	: 0
siblings	: 4
core id		: 1
cpu cores	: 2
apicid		: 2
initial apicid	: 2
fpu		: yes
fpu_exception	: yes
cpuid level	: 13
wp		: yes
flags		: fpu vme de pse tsc msr pae mce cx8 apic sep mtrr pge mca cmov pat pse36 clflush dts acpi mmx fxsr sse sse2 ss ht tm pbe syscall nx rdtscp lm constant_tsc arch_perfmon pebs bts nopl xtopology nonstop_tsc aperfmperf eagerfpu pni pclmulqdq dtes64 monitor ds_cpl vmx est tm2 ssse3 cx16 xtpr pdcm pcid sse4_1 sse4_2 x2apic popcnt tsc_deadline_timer xsave avx lahf_lm ida arat epb xsaveopt pln pts dtherm tpr_shadow vnmi flexpriority ept vpid
bogomips	: 4589.79
clflush size	: 64
cache_alignment	: 64
address sizes	: 36 bits physical, 48 bits virtual
power management:

processor	: 3
vendor_id	: GenuineIntel
cpu family	: 6
model		: 42
model name	: Intel(R) Core(TM) i5-2410M CPU @ 2.30GHz
stepping	: 7
microcode	: 0x15
cpu MHz		: 800.000
cache size	: 3072 KB
physical id	: 0
siblings	: 4
core id		: 1
cpu cores	: 2
apicid		: 3
initial apicid	: 3
fpu		: yes
fpu_exception	: yes
cpuid level	: 13
wp		: yes
flags		: fpu vme de pse tsc msr pae mce cx8 apic sep mtrr pge mca cmov pat pse36 clflush dts acpi mmx fxsr sse sse2 ss ht tm pbe syscall nx rdtscp lm constant_tsc arch_perfmon pebs bts nopl xtopology nonstop_tsc aperfmperf eagerfpu pni pclmulqdq dtes64 monitor ds_cpl vmx est tm2 ssse3 cx16 xtpr pdcm pcid sse4_1 sse4_2 x2apic popcnt tsc_deadline_timer xsave avx lahf_lm ida arat epb xsaveopt pln pts dtherm tpr_shadow vnmi flexpriority ept vpid
bogomips	: 4589.79
clflush size	: 64
cache_alignment	: 64
address sizes	: 36 bits physical, 48 bits virtual
power management:



Memory: 4k page, physical 3959572k(1618996k free), swap 4104188k(3104792k free)

vm_info: OpenJDK 64-Bit Server VM (24.65-b04) for linux-amd64 JRE (1.7.0_65-b32), built on Oct 22 2014 04:37:44 by "buildd" with gcc 4.8.2

time: Sat Jan 10 14:17:23 2015
elapsed time: 154772 seconds

