#
# A fatal error has been detected by the Java Runtime Environment:
#
#  SIGSEGV (0xb) at pc=0x00007f410d05b4ba, pid=21346, tid=139917218379520
#
# JRE version: OpenJDK Runtime Environment (7.0_65-b32) (build 1.7.0_65-b32)
# Java VM: OpenJDK 64-Bit Server VM (24.65-b04 mixed mode linux-amd64 compressed oops)
# Derivative: IcedTea 2.5.3
# Distribution: Ubuntu 14.04 LTS, package 7u71-2.5.3-0ubuntu0.14.04.1
# Problematic frame:
# v  ~BufferBlob::jni_fast_GetLongField
#
# Failed to write core dump. Core dumps have been disabled. To enable core dumping, try "ulimit -c unlimited" before starting Java again
#
# If you would like to submit a bug report, please include
# instructions on how to reproduce the bug and visit:
#   http://icedtea.classpath.org/bugzilla
# The crash happened outside the Java Virtual Machine in native code.
# See problematic frame for where to report the bug.
#

---------------  T H R E A D  ---------------

Current thread (0x00007f41101f1000):  JavaThread "AWT-XAWT" daemon [_thread_in_native, id=21365, stack(0x00007f4104097000,0x00007f4104198000)]

siginfo:si_signo=SIGSEGV: si_errno=0, si_code=1 (SEGV_MAPERR), si_addr=0x0000000000000000

Registers:
RAX=0x00007f41183dd060, RBX=0x00007f41101f11d8, RCX=0x00007f4118854320, RDX=0x0000000000000042
RSP=0x00007f41041967e8, RBP=0x00007f4104196810, RSI=0x0000000000000000, RDI=0x00007f41101f11d8
R8 =0x0000000000000320, R9 =0x0000000000000000, R10=0x0000000000000018, R11=0x00007f4117e7e040
R12=0x00007f40c000a3e0, R13=0x0000000000000000, R14=0x00007f41059bdd80, R15=0x00007f41101f1000
RIP=0x00007f410d05b4ba, EFLAGS=0x0000000000010246, CSGSFS=0x0000000000000033, ERR=0x0000000000000004
  TRAPNO=0x000000000000000e

Top of Stack: (sp=0x00007f41041967e8)
0x00007f41041967e8:   00007f410578f6f4 00000000b9600728
0x00007f41041967f8:   00007f40c000a3e0 00000000b9600728
0x00007f4104196808:   00007f4104196900 0000000000000000
0x00007f4104196818:   00007f410528dae8 00000000b9600728
0x00007f4104196828:   00007f4104196850 0000000000000000
0x00007f4104196838:   00007f41052859a3 00000000b9600728
0x00007f4104196848:   00007f410578420f 00007f41041968c8
0x00007f4104196858:   00007f410d012d98 0000000000000000
0x00007f4104196868:   00000000ebe3d988 00000000ebe3f080
0x00007f4104196878:   00007f4104196878 00000000b9a7005e
0x00007f4104196888:   00007f4104196888 0000000000000000
0x00007f4104196898:   00007f4104196900 00000000b96068b0
0x00007f41041968a8:   0000000000000000 00000000b9600728
0x00007f41041968b8:   0000000000000000 00007f4104196910
0x00007f41041968c8:   0000000000000000 00007f410d0be424
0x00007f41041968d8:   00000000ebdd65e0 00007f410d00ecc0
0x00007f41041968e8:   0000000000000000 0000000000000000
0x00007f41041968f8:   00007f40c8000db0 0000000000000000
0x00007f4104196908:   00007f410d0be424 00000000ebe0e200
0x00007f4104196918:   0000000000000001 0000000000000000
0x00007f4104196928:   ebe0d860ebe0d860 00000000ebe0d860
0x00007f4104196938:   00007f40ebd0f9b0 ebe0d860ebe0d8c0
0x00007f4104196948:   00007f4104196990 00000000ebe3d988
0x00007f4104196958:   00007f41ebd0f9b0 00007f40c8000db0
0x00007f4104196968:   00007f40c8000db0 0000000000000001
0x00007f4104196978:   0000000000000000 00007f41041969e0
0x00007f4104196988:   00007f410d006058 deaddeaf00000000
0x00007f4104196998:   00000000ebe0e200 00007f41041969a0
0x00007f41041969a8:   00000000b9749f05 00007f41041969f0
0x00007f41041969b8:   00000000b9756f50 0000000000000000
0x00007f41041969c8:   00000000b9749f20 00007f4104196990
0x00007f41041969d8:   00007f41041969f0 00007f4104196a38 

Instructions: (pc=0x00007f410d05b4ba)
0x00007f410d05b49a:   00 00 00 00 00 00 44 8b 15 3d c3 3a 0b 4c 8b ce
0x00007f410d05b4aa:   41 f6 c2 01 0f 85 2e 00 00 00 4d 33 ca 4d 33 ca
0x00007f410d05b4ba:   4d 8b 09 4c 8b da 49 c1 eb 02 4b 8b 04 19 49 bb
0x00007f410d05b4ca:   e4 77 40 18 41 7f 00 00 4c 33 d8 4c 33 d8 45 3b 

Register to memory mapping:

RAX=0x00007f41183dd060: <offset 0xdbb060> in /usr/lib/jvm/java-7-openjdk-amd64/jre/lib/amd64/server/libjvm.so at 0x00007f4117622000
RBX=0x00007f41101f11d8 is an unknown value
RCX=0x00007f4118854320: <offset 0x219320> in /lib/x86_64-linux-gnu/libpthread.so.0 at 0x00007f411863b000
RDX=0x0000000000000042 is an unknown value
RSP=0x00007f41041967e8 is pointing into the stack for thread: 0x00007f41101f1000
RBP=0x00007f4104196810 is pointing into the stack for thread: 0x00007f41101f1000
RSI=0x0000000000000000 is an unknown value
RDI=0x00007f41101f11d8 is an unknown value
R8 =0x0000000000000320 is an unknown value
R9 =0x0000000000000000 is an unknown value
R10=0x0000000000000018 is an unknown value
R11=0x00007f4117e7e040: <offset 0x85c040> in /usr/lib/jvm/java-7-openjdk-amd64/jre/lib/amd64/server/libjvm.so at 0x00007f4117622000
R12=0x00007f40c000a3e0 is an unknown value
R13=0x0000000000000000 is an unknown value
R14=0x00007f41059bdd80: <offset 0x24ad80> in /usr/lib/jvm/java-7-openjdk-amd64/jre/lib/amd64/xawt/libmawt.so at 0x00007f4105773000
R15=0x00007f41101f1000 is a thread


Stack: [0x00007f4104097000,0x00007f4104198000],  sp=0x00007f41041967e8,  free space=1021k
Native frames: (J=compiled Java code, j=interpreted, Vv=VM code, C=native code)
v  ~BufferBlob::jni_fast_GetLongField

Java frames: (J=compiled Java code, j=interpreted, Vv=VM code)
j  sun.awt.X11.XlibWrapper.XFilterEvent(JJ)Z+0
J 54% C2 sun.awt.X11.XToolkit.run(Z)V (410 bytes) @ 0x00007f410d0be424 [0x00007f410d0bdbe0+0x844]
j  sun.awt.X11.XToolkit.run()V+5
j  java.lang.Thread.run()V+11
v  ~StubRoutines::call_stub

---------------  P R O C E S S  ---------------

Java Threads: ( => current thread )
  0x00007f411000a000 JavaThread "DestroyJavaVM" [_thread_blocked, id=21351, stack(0x00007f4119130000,0x00007f4119231000)]
  0x00007f41102c6800 JavaThread "AWT-EventQueue-0" [_thread_blocked, id=21367, stack(0x00007f40c7881000,0x00007f40c7982000)]
  0x00007f4110286800 JavaThread "AWT-Shutdown" [_thread_blocked, id=21366, stack(0x00007f40d40f6000,0x00007f40d41f7000)]
=>0x00007f41101f1000 JavaThread "AWT-XAWT" daemon [_thread_in_native, id=21365, stack(0x00007f4104097000,0x00007f4104198000)]
  0x00007f41101cc800 JavaThread "Java2D Disposer" daemon [_thread_blocked, id=21364, stack(0x00007f410c015000,0x00007f410c116000)]
  0x00007f41100b0800 JavaThread "Service Thread" daemon [_thread_blocked, id=21362, stack(0x00007f410c217000,0x00007f410c318000)]
  0x00007f41100ae000 JavaThread "C2 CompilerThread1" daemon [_thread_blocked, id=21361, stack(0x00007f410c318000,0x00007f410c419000)]
  0x00007f41100ab000 JavaThread "C2 CompilerThread0" daemon [_thread_blocked, id=21360, stack(0x00007f410c419000,0x00007f410c51a000)]
  0x00007f41100a9000 JavaThread "Signal Dispatcher" daemon [_thread_blocked, id=21359, stack(0x00007f410c51a000,0x00007f410c61b000)]
  0x00007f411007b800 JavaThread "Finalizer" daemon [_thread_blocked, id=21358, stack(0x00007f410ccfd000,0x00007f410cdfe000)]
  0x00007f4110079800 JavaThread "Reference Handler" daemon [_thread_blocked, id=21357, stack(0x00007f410cdfe000,0x00007f410ceff000)]

Other Threads:
  0x00007f4110075000 VMThread [stack: 0x00007f410ceff000,0x00007f410d000000] [id=21356]
  0x00007f41100bb000 WatcherThread [stack: 0x00007f410c116000,0x00007f410c217000] [id=21363]

VM state:not at safepoint (normal execution)

VM Mutex/Monitor currently owned by a thread: None

Heap
 PSYoungGen      total 18432K, used 6051K [0x00000000ebd00000, 0x00000000ed180000, 0x0000000100000000)
  eden space 15872K, 38% used [0x00000000ebd00000,0x00000000ec2e8e68,0x00000000ecc80000)
  from space 2560K, 0% used [0x00000000ecf00000,0x00000000ecf00000,0x00000000ed180000)
  to   space 2560K, 0% used [0x00000000ecc80000,0x00000000ecc80000,0x00000000ecf00000)
 ParOldGen       total 40960K, used 0K [0x00000000c3800000, 0x00000000c6000000, 0x00000000ebd00000)
  object space 40960K, 0% used [0x00000000c3800000,0x00000000c3800000,0x00000000c6000000)
 PSPermGen       total 21504K, used 11624K [0x00000000b9200000, 0x00000000ba700000, 0x00000000c3800000)
  object space 21504K, 54% used [0x00000000b9200000,0x00000000b9d5a348,0x00000000ba700000)

Card table byte_map: [0x00007f4115b3e000,0x00007f4115d76000] byte_map_base: 0x00007f4115575000

Polling page: 0x00007f4119250000

Code Cache  [0x00007f410d000000, 0x00007f410d270000, 0x00007f4110000000)
 total_blobs=508 nmethods=55 adapters=406 free_code_cache=48406Kb largest_free_block=49506176

Compilation events (10 events):
Event: 10237.518 Thread 0x00007f41100ab000   51             java.lang.Long::valueOf (40 bytes)
Event: 10237.519 Thread 0x00007f41100ab000 nmethod 51 0x00007f410d093a50 code [0x00007f410d093ba0, 0x00007f410d093c78]
Event: 55747.820 Thread 0x00007f41100ae000   52 % !         sun.awt.X11.XToolkit::run @ 59 (410 bytes)
Event: 55750.810 Thread 0x00007f41100ae000 nmethod 52% 0x00007f410d0a8b10 code [0x00007f410d0a9600, 0x00007f410d0ae4f0]
Event: 98698.731 Thread 0x00007f41100ab000   53             sun.awt.X11.XEvent::get_type (18 bytes)
Event: 98699.624 Thread 0x00007f41100ab000 nmethod 53 0x00007f410d09a3d0 code [0x00007f410d09a560, 0x00007f410d09a758]
Event: 99093.822 Thread 0x00007f41100ae000   54 % !         sun.awt.X11.XToolkit::run @ 59 (410 bytes)
Event: 99096.974 Thread 0x00007f41100ae000 nmethod 54% 0x00007f410d0bd150 code [0x00007f410d0bdbe0, 0x00007f410d0c2760]
Event: 99817.294 Thread 0x00007f41100ab000   55             java.util.HashMap::get (29 bytes)
Event: 99817.653 Thread 0x00007f41100ab000 nmethod 55 0x00007f410d09bdd0 code [0x00007f410d09bf40, 0x00007f410d09c158]

GC Heap History (0 events):
No events

Deoptimization events (10 events):
Event: 0.315 Thread 0x00007f411000a000 Uncommon trap: reason=class_check action=maybe_recompile pc=0x00007f410d07b8b0 method=java.util.Properties$LineReader.readLine()I @ 62
Event: 0.317 Thread 0x00007f411000a000 Uncommon trap: reason=class_check action=maybe_recompile pc=0x00007f410d07b8b0 method=java.util.Properties$LineReader.readLine()I @ 62
Event: 0.319 Thread 0x00007f411000a000 Uncommon trap: reason=class_check action=maybe_recompile pc=0x00007f410d07b8b0 method=java.util.Properties$LineReader.readLine()I @ 62
Event: 0.321 Thread 0x00007f411000a000 Uncommon trap: reason=class_check action=maybe_recompile pc=0x00007f410d07b8b0 method=java.util.Properties$LineReader.readLine()I @ 62
Event: 0.346 Thread 0x00007f411000a000 Uncommon trap: reason=class_check action=maybe_recompile pc=0x00007f410d07ddd4 method=java.lang.String.equals(Ljava/lang/Object;)Z @ 8
Event: 0.347 Thread 0x00007f411000a000 Uncommon trap: reason=class_check action=maybe_recompile pc=0x00007f410d07ddd4 method=java.lang.String.equals(Ljava/lang/Object;)Z @ 8
Event: 0.348 Thread 0x00007f411000a000 Uncommon trap: reason=class_check action=maybe_recompile pc=0x00007f410d07ddd4 method=java.lang.String.equals(Ljava/lang/Object;)Z @ 8
Event: 0.348 Thread 0x00007f411000a000 Uncommon trap: reason=class_check action=maybe_recompile pc=0x00007f410d07ddd4 method=java.lang.String.equals(Ljava/lang/Object;)Z @ 8
Event: 55237.637 Thread 0x00007f41101f1000 Uncommon trap: reason=null_check action=make_not_entrant pc=0x00007f410d0a1a94 method=sun.awt.X11.XToolkit.dispatchEvent(Lsun/awt/X11/XEvent;)V @ 99
Event: 98589.309 Thread 0x00007f41101f1000 Uncommon trap: reason=unreached action=reinterpret pc=0x00007f410d0ac614 method=sun.awt.X11.XToolkit.run(Z)V @ 200

Internal exceptions (10 events):
Event: 0.196 Thread 0x00007f411000a000 Threw 0x00000000ebeb3098 at /build/buildd/openjdk-7-7u71-2.5.3/build/openjdk/hotspot/src/share/vm/prims/jvm.cpp:1284
Event: 0.197 Thread 0x00007f411000a000 Threw 0x00000000ebeb41c8 at /build/buildd/openjdk-7-7u71-2.5.3/build/openjdk/hotspot/src/share/vm/prims/jvm.cpp:1284
Event: 0.206 Thread 0x00007f411000a000 Threw 0x00000000ebed2170 at /build/buildd/openjdk-7-7u71-2.5.3/build/openjdk/hotspot/src/share/vm/prims/jvm.cpp:1284
Event: 0.206 Thread 0x00007f411000a000 Threw 0x00000000ebed4e30 at /build/buildd/openjdk-7-7u71-2.5.3/build/openjdk/hotspot/src/share/vm/prims/jvm.cpp:1284
Event: 0.217 Thread 0x00007f411000a000 Threw 0x00000000ebeddab0 at /build/buildd/openjdk-7-7u71-2.5.3/build/openjdk/hotspot/src/share/vm/prims/jvm.cpp:1284
Event: 0.242 Thread 0x00007f411000a000 Threw 0x00000000ebefc898 at /build/buildd/openjdk-7-7u71-2.5.3/build/openjdk/hotspot/src/share/vm/prims/jvm.cpp:1284
Event: 0.560 Thread 0x00007f41102c6800 Threw 0x00000000ec087358 at /build/buildd/openjdk-7-7u71-2.5.3/build/openjdk/hotspot/src/share/vm/prims/jni.cpp:747
Event: 2.119 Thread 0x00007f41102c6800 Threw 0x00000000ec1560d8 at /build/buildd/openjdk-7-7u71-2.5.3/build/openjdk/hotspot/src/share/vm/prims/jni.cpp:747
Event: 4.521 Thread 0x00007f41102c6800 Threw 0x00000000ec2138e0 at /build/buildd/openjdk-7-7u71-2.5.3/build/openjdk/hotspot/src/share/vm/prims/jni.cpp:747
Event: 55237.616 Thread 0x00007f41101f1000 Implicit null exception at 0x00007f410d09ef67 to 0x00007f410d0a1a89

Events (10 events):
Event: 55236.354 loading class 0x00007f40e4058550
Event: 55236.681 loading class 0x00007f40e4058550 done
Event: 55237.616 Thread 0x00007f41101f1000 Uncommon trap: trap_request=0xfffffff4 fr.pc=0x00007f410d0a1a94
Event: 55237.637 Thread 0x00007f41101f1000 DEOPT PACKING pc=0x00007f410d0a1a94 sp=0x00007f4104196920
Event: 55237.666 Thread 0x00007f41101f1000 DEOPT UNPACKING pc=0x00007f410d039445 sp=0x00007f4104196860 mode 2
Event: 98589.041 Thread 0x00007f41101f1000 Uncommon trap: trap_request=0xffffffad fr.pc=0x00007f410d0ac614
Event: 98589.506 Thread 0x00007f41101f1000 DEOPT PACKING pc=0x00007f410d0ac614 sp=0x00007f4104196910
Event: 98589.506 Thread 0x00007f41101f1000 DEOPT UNPACKING pc=0x00007f410d039445 sp=0x00007f41041968f8 mode 2
Event: 155141.102 loading class 0x00007f40e403da10
Event: 155143.014 loading class 0x00007f40e403da10 done


Dynamic libraries:
00400000-00401000 r-xp 00000000 08:05 4070366                            /usr/lib/jvm/java-7-openjdk-amd64/jre/bin/java
00600000-00601000 r--p 00000000 08:05 4070366                            /usr/lib/jvm/java-7-openjdk-amd64/jre/bin/java
00601000-00602000 rw-p 00001000 08:05 4070366                            /usr/lib/jvm/java-7-openjdk-amd64/jre/bin/java
00b09000-00b2a000 rw-p 00000000 00:00 0                                  [heap]
b9200000-ba700000 rw-p 00000000 00:00 0 
ba700000-c3800000 rw-p 00000000 00:00 0 
c3800000-c6000000 rw-p 00000000 00:00 0 
c6000000-ebd00000 rw-p 00000000 00:00 0 
ebd00000-ed180000 rw-p 00000000 00:00 0 
ed180000-100000000 rw-p 00000000 00:00 0 
7f40b8000000-7f40b8021000 rw-p 00000000 00:00 0 
7f40b8021000-7f40bc000000 ---p 00000000 00:00 0 
7f40c0000000-7f40c003c000 rw-p 00000000 00:00 0 
7f40c003c000-7f40c4000000 ---p 00000000 00:00 0 
7f40c7780000-7f40c7783000 ---p 00000000 00:00 0 
7f40c7783000-7f40c7881000 rw-p 00000000 00:00 0 
7f40c7881000-7f40c7884000 ---p 00000000 00:00 0 
7f40c7884000-7f40c7982000 rw-p 00000000 00:00 0                          [stack:21367]
7f40c7982000-7f40c7992000 r-xp 00000000 08:05 4070287                    /usr/lib/jvm/java-7-openjdk-amd64/jre/lib/amd64/libnio.so
7f40c7992000-7f40c7b92000 ---p 00010000 08:05 4070287                    /usr/lib/jvm/java-7-openjdk-amd64/jre/lib/amd64/libnio.so
7f40c7b92000-7f40c7b93000 r--p 00010000 08:05 4070287                    /usr/lib/jvm/java-7-openjdk-amd64/jre/lib/amd64/libnio.so
7f40c7b93000-7f40c7b94000 rw-p 00011000 08:05 4070287                    /usr/lib/jvm/java-7-openjdk-amd64/jre/lib/amd64/libnio.so
7f40c7b94000-7f40c7bab000 r-xp 00000000 08:05 4070272                    /usr/lib/jvm/java-7-openjdk-amd64/jre/lib/amd64/libnet.so
7f40c7bab000-7f40c7daa000 ---p 00017000 08:05 4070272                    /usr/lib/jvm/java-7-openjdk-amd64/jre/lib/amd64/libnet.so
7f40c7daa000-7f40c7dab000 r--p 00016000 08:05 4070272                    /usr/lib/jvm/java-7-openjdk-amd64/jre/lib/amd64/libnet.so
7f40c7dab000-7f40c7dac000 rw-p 00017000 08:05 4070272                    /usr/lib/jvm/java-7-openjdk-amd64/jre/lib/amd64/libnet.so
7f40c7dac000-7f40c7dfd000 r-xp 00000000 08:05 4070273                    /usr/lib/jvm/java-7-openjdk-amd64/jre/lib/amd64/libfontmanager.so
7f40c7dfd000-7f40c7ffc000 ---p 00051000 08:05 4070273                    /usr/lib/jvm/java-7-openjdk-amd64/jre/lib/amd64/libfontmanager.so
7f40c7ffc000-7f40c7fff000 r--p 00050000 08:05 4070273                    /usr/lib/jvm/java-7-openjdk-amd64/jre/lib/amd64/libfontmanager.so
7f40c7fff000-7f40c8000000 rw-p 00053000 08:05 4070273                    /usr/lib/jvm/java-7-openjdk-amd64/jre/lib/amd64/libfontmanager.so
7f40c8000000-7f40c8021000 rw-p 00000000 00:00 0 
7f40c8021000-7f40cc000000 ---p 00000000 00:00 0 
7f40cc000000-7f40cc021000 rw-p 00000000 00:00 0 
7f40cc021000-7f40d0000000 ---p 00000000 00:00 0 
7f40d0000000-7f40d0021000 rw-p 00000000 00:00 0 
7f40d0021000-7f40d4000000 ---p 00000000 00:00 0 
7f40d40f6000-7f40d40f9000 ---p 00000000 00:00 0 
7f40d40f9000-7f40d41f7000 rw-p 00000000 00:00 0                          [stack:21366]
7f40d41f7000-7f40d41fc000 r-xp 00000000 08:05 139348                     /usr/lib/x86_64-linux-gnu/libXfixes.so.3.1.0
7f40d41fc000-7f40d43fb000 ---p 00005000 08:05 139348                     /usr/lib/x86_64-linux-gnu/libXfixes.so.3.1.0
7f40d43fb000-7f40d43fc000 r--p 00004000 08:05 139348                     /usr/lib/x86_64-linux-gnu/libXfixes.so.3.1.0
7f40d43fc000-7f40d43fd000 rw-p 00005000 08:05 139348                     /usr/lib/x86_64-linux-gnu/libXfixes.so.3.1.0
7f40d43fd000-7f40d4406000 r-xp 00000000 08:05 139340                     /usr/lib/x86_64-linux-gnu/libXcursor.so.1.0.2
7f40d4406000-7f40d4605000 ---p 00009000 08:05 139340                     /usr/lib/x86_64-linux-gnu/libXcursor.so.1.0.2
7f40d4605000-7f40d4606000 r--p 00008000 08:05 139340                     /usr/lib/x86_64-linux-gnu/libXcursor.so.1.0.2
7f40d4606000-7f40d4607000 rw-p 00009000 08:05 139340                     /usr/lib/x86_64-linux-gnu/libXcursor.so.1.0.2
7f40d4607000-7f40d460b000 r-xp 00000000 08:05 1314782                    /lib/x86_64-linux-gnu/libgpg-error.so.0.10.0
7f40d460b000-7f40d480a000 ---p 00004000 08:05 1314782                    /lib/x86_64-linux-gnu/libgpg-error.so.0.10.0
7f40d480a000-7f40d480b000 r--p 00003000 08:05 1314782                    /lib/x86_64-linux-gnu/libgpg-error.so.0.10.0
7f40d480b000-7f40d480c000 rw-p 00004000 08:05 1314782                    /lib/x86_64-linux-gnu/libgpg-error.so.0.10.0
7f40d480c000-7f40d480e000 r-xp 00000000 08:05 1314792                    /lib/x86_64-linux-gnu/libkeyutils.so.1.4
7f40d480e000-7f40d4a0e000 ---p 00002000 08:05 1314792                    /lib/x86_64-linux-gnu/libkeyutils.so.1.4
7f40d4a0e000-7f40d4a0f000 r--p 00002000 08:05 1314792                    /lib/x86_64-linux-gnu/libkeyutils.so.1.4
7f40d4a0f000-7f40d4a10000 rw-p 00003000 08:05 1314792                    /lib/x86_64-linux-gnu/libkeyutils.so.1.4
7f40d4a10000-7f40d4a4d000 r-xp 00000000 08:05 1314852                    /lib/x86_64-linux-gnu/libpcre.so.3.13.1
7f40d4a4d000-7f40d4c4c000 ---p 0003d000 08:05 1314852                    /lib/x86_64-linux-gnu/libpcre.so.3.13.1
7f40d4c4c000-7f40d4c4d000 r--p 0003c000 08:05 1314852                    /lib/x86_64-linux-gnu/libpcre.so.3.13.1
7f40d4c4d000-7f40d4c4e000 rw-p 0003d000 08:05 1314852                    /lib/x86_64-linux-gnu/libpcre.so.3.13.1
7f40d4c4e000-7f40d4c73000 r-xp 00000000 08:05 1314864                    /lib/x86_64-linux-gnu/libpng12.so.0.50.0
7f40d4c73000-7f40d4e72000 ---p 00025000 08:05 1314864                    /lib/x86_64-linux-gnu/libpng12.so.0.50.0
7f40d4e72000-7f40d4e73000 r--p 00024000 08:05 1314864                    /lib/x86_64-linux-gnu/libpng12.so.0.50.0
7f40d4e73000-7f40d4e74000 rw-p 00025000 08:05 1314864                    /lib/x86_64-linux-gnu/libpng12.so.0.50.0
7f40d4e74000-7f40d4eb8000 r-xp 00000000 08:05 1314802                    /lib/x86_64-linux-gnu/libdbus-1.so.3.7.6
7f40d4eb8000-7f40d50b7000 ---p 00044000 08:05 1314802                    /lib/x86_64-linux-gnu/libdbus-1.so.3.7.6
7f40d50b7000-7f40d50b8000 r--p 00043000 08:05 1314802                    /lib/x86_64-linux-gnu/libdbus-1.so.3.7.6
7f40d50b8000-7f40d50b9000 rw-p 00044000 08:05 1314802                    /lib/x86_64-linux-gnu/libdbus-1.so.3.7.6
7f40d50b9000-7f40d50f4000 r-xp 00000000 08:05 140060                     /usr/lib/x86_64-linux-gnu/libp11-kit.so.0.0.0
7f40d50f4000-7f40d52f3000 ---p 0003b000 08:05 140060                     /usr/lib/x86_64-linux-gnu/libp11-kit.so.0.0.0
7f40d52f3000-7f40d52f9000 r--p 0003a000 08:05 140060                     /usr/lib/x86_64-linux-gnu/libp11-kit.so.0.0.0
7f40d52f9000-7f40d52fb000 rw-p 00040000 08:05 140060                     /usr/lib/x86_64-linux-gnu/libp11-kit.so.0.0.0
7f40d52fb000-7f40d530d000 r-xp 00000000 08:05 140245                     /usr/lib/x86_64-linux-gnu/libtasn1.so.6.2.0
7f40d530d000-7f40d550d000 ---p 00012000 08:05 140245                     /usr/lib/x86_64-linux-gnu/libtasn1.so.6.2.0
7f40d550d000-7f40d550e000 r--p 00012000 08:05 140245                     /usr/lib/x86_64-linux-gnu/libtasn1.so.6.2.0
7f40d550e000-7f40d550f000 rw-p 00013000 08:05 140245                     /usr/lib/x86_64-linux-gnu/libtasn1.so.6.2.0
7f40d550f000-7f40d558b000 r-xp 00000000 08:05 1314767                    /lib/x86_64-linux-gnu/libgcrypt.so.11.8.2
7f40d558b000-7f40d578a000 ---p 0007c000 08:05 1314767                    /lib/x86_64-linux-gnu/libgcrypt.so.11.8.2
7f40d578a000-7f40d578b000 r--p 0007b000 08:05 1314767                    /lib/x86_64-linux-gnu/libgcrypt.so.11.8.2
7f40d578b000-7f40d578e000 rw-p 0007c000 08:05 1314767                    /lib/x86_64-linux-gnu/libgcrypt.so.11.8.2
7f40d578e000-7f40d5798000 r-xp 00000000 08:05 133140                     /usr/lib/x86_64-linux-gnu/libkrb5support.so.0.1
7f40d5798000-7f40d5997000 ---p 0000a000 08:05 133140                     /usr/lib/x86_64-linux-gnu/libkrb5support.so.0.1
7f40d5997000-7f40d5998000 r--p 00009000 08:05 133140                     /usr/lib/x86_64-linux-gnu/libkrb5support.so.0.1
7f40d5998000-7f40d5999000 rw-p 0000a000 08:05 133140                     /usr/lib/x86_64-linux-gnu/libkrb5support.so.0.1
7f40d5999000-7f40d599c000 r-xp 00000000 08:05 1314758                    /lib/x86_64-linux-gnu/libcom_err.so.2.1
7f40d599c000-7f40d5b9b000 ---p 00003000 08:05 1314758                    /lib/x86_64-linux-gnu/libcom_err.so.2.1
7f40d5b9b000-7f40d5b9c000 r--p 00002000 08:05 1314758                    /lib/x86_64-linux-gnu/libcom_err.so.2.1
7f40d5b9c000-7f40d5b9d000 rw-p 00003000 08:05 1314758                    /lib/x86_64-linux-gnu/libcom_err.so.2.1
7f40d5b9d000-7f40d5bc9000 r-xp 00000000 08:05 133134                     /usr/lib/x86_64-linux-gnu/libk5crypto.so.3.1
7f40d5bc9000-7f40d5dc8000 ---p 0002c000 08:05 133134                     /usr/lib/x86_64-linux-gnu/libk5crypto.so.3.1
7f40d5dc8000-7f40d5dca000 r--p 0002b000 08:05 133134                     /usr/lib/x86_64-linux-gnu/libk5crypto.so.3.1
7f40d5dca000-7f40d5dcb000 rw-p 0002d000 08:05 133134                     /usr/lib/x86_64-linux-gnu/libk5crypto.so.3.1
7f40d5dcb000-7f40d5dcc000 rw-p 00000000 00:00 0 
7f40d5dcc000-7f40d5e88000 r-xp 00000000 08:05 133138                     /usr/lib/x86_64-linux-gnu/libkrb5.so.3.3
7f40d5e88000-7f40d6088000 ---p 000bc000 08:05 133138                     /usr/lib/x86_64-linux-gnu/libkrb5.so.3.3
7f40d6088000-7f40d6095000 r--p 000bc000 08:05 133138                     /usr/lib/x86_64-linux-gnu/libkrb5.so.3.3
7f40d6095000-7f40d6097000 rw-p 000c9000 08:05 133138                     /usr/lib/x86_64-linux-gnu/libkrb5.so.3.3
7f40d6097000-7f40d609c000 r-xp 00000000 08:05 139344                     /usr/lib/x86_64-linux-gnu/libXdmcp.so.6.0.0
7f40d609c000-7f40d629b000 ---p 00005000 08:05 139344                     /usr/lib/x86_64-linux-gnu/libXdmcp.so.6.0.0
7f40d629b000-7f40d629c000 r--p 00004000 08:05 139344                     /usr/lib/x86_64-linux-gnu/libXdmcp.so.6.0.0
7f40d629c000-7f40d629d000 rw-p 00005000 08:05 139344                     /usr/lib/x86_64-linux-gnu/libXdmcp.so.6.0.0
7f40d629d000-7f40d629f000 r-xp 00000000 08:05 139333                     /usr/lib/x86_64-linux-gnu/libXau.so.6.0.0
7f40d629f000-7f40d649f000 ---p 00002000 08:05 139333                     /usr/lib/x86_64-linux-gnu/libXau.so.6.0.0
7f40d649f000-7f40d64a0000 r--p 00002000 08:05 139333                     /usr/lib/x86_64-linux-gnu/libXau.so.6.0.0
7f40d64a0000-7f40d64a1000 rw-p 00003000 08:05 139333                     /usr/lib/x86_64-linux-gnu/libXau.so.6.0.0
7f40d64a1000-7f40d64a8000 r-xp 00000000 08:05 139611                     /usr/lib/x86_64-linux-gnu/libffi.so.6.0.1
7f40d64a8000-7f40d66a7000 ---p 00007000 08:05 139611                     /usr/lib/x86_64-linux-gnu/libffi.so.6.0.1
7f40d66a7000-7f40d66a8000 r--p 00006000 08:05 139611                     /usr/lib/x86_64-linux-gnu/libffi.so.6.0.1
7f40d66a8000-7f40d66a9000 rw-p 00007000 08:05 139611                     /usr/lib/x86_64-linux-gnu/libffi.so.6.0.1
7f40d66a9000-7f40d66c0000 r-xp 00000000 08:05 1310824                    /lib/x86_64-linux-gnu/libresolv-2.19.so
7f40d66c0000-7f40d68c0000 ---p 00017000 08:05 1310824                    /lib/x86_64-linux-gnu/libresolv-2.19.so
7f40d68c0000-7f40d68c1000 r--p 00017000 08:05 1310824                    /lib/x86_64-linux-gnu/libresolv-2.19.so
7f40d68c1000-7f40d68c2000 rw-p 00018000 08:05 1310824                    /lib/x86_64-linux-gnu/libresolv-2.19.so
7f40d68c2000-7f40d68c4000 rw-p 00000000 00:00 0 
7f40d68c4000-7f40d68e4000 r-xp 00000000 08:05 1314879                    /lib/x86_64-linux-gnu/libselinux.so.1
7f40d68e4000-7f40d6ae3000 ---p 00020000 08:05 1314879                    /lib/x86_64-linux-gnu/libselinux.so.1
7f40d6ae3000-7f40d6ae4000 r--p 0001f000 08:05 1314879                    /lib/x86_64-linux-gnu/libselinux.so.1
7f40d6ae4000-7f40d6ae5000 rw-p 00020000 08:05 1314879                    /lib/x86_64-linux-gnu/libselinux.so.1
7f40d6ae5000-7f40d6ae7000 rw-p 00000000 00:00 0 
7f40d6ae7000-7f40d6bed000 r-xp 00000000 08:05 1322470                    /lib/x86_64-linux-gnu/libglib-2.0.so.0.4002.0
7f40d6bed000-7f40d6dec000 ---p 00106000 08:05 1322470                    /lib/x86_64-linux-gnu/libglib-2.0.so.0.4002.0
7f40d6dec000-7f40d6ded000 r--p 00105000 08:05 1322470                    /lib/x86_64-linux-gnu/libglib-2.0.so.0.4002.0
7f40d6ded000-7f40d6dee000 rw-p 00106000 08:05 1322470                    /lib/x86_64-linux-gnu/libglib-2.0.so.0.4002.0
7f40d6dee000-7f40d6def000 rw-p 00000000 00:00 0 
7f40d6def000-7f40d6df2000 r-xp 00000000 08:05 131436                     /usr/lib/x86_64-linux-gnu/libgmodule-2.0.so.0.4002.0
7f40d6df2000-7f40d6ff1000 ---p 00003000 08:05 131436                     /usr/lib/x86_64-linux-gnu/libgmodule-2.0.so.0.4002.0
7f40d6ff1000-7f40d6ff2000 r--p 00002000 08:05 131436                     /usr/lib/x86_64-linux-gnu/libgmodule-2.0.so.0.4002.0
7f40d6ff2000-7f40d6ff3000 rw-p 00003000 08:05 131436                     /usr/lib/x86_64-linux-gnu/libgmodule-2.0.so.0.4002.0
7f40d6ff3000-7f40d701a000 r-xp 00000000 08:05 1314771                    /lib/x86_64-linux-gnu/libexpat.so.1.6.0
7f40d701a000-7f40d721a000 ---p 00027000 08:05 1314771                    /lib/x86_64-linux-gnu/libexpat.so.1.6.0
7f40d721a000-7f40d721c000 r--p 00027000 08:05 1314771                    /lib/x86_64-linux-gnu/libexpat.so.1.6.0
7f40d721c000-7f40d721d000 rw-p 00029000 08:05 1314771                    /lib/x86_64-linux-gnu/libexpat.so.1.6.0
7f40d721d000-7f40d72ba000 r-xp 00000000 08:05 139653                     /usr/lib/x86_64-linux-gnu/libfreetype.so.6.11.1
7f40d72ba000-7f40d74b9000 ---p 0009d000 08:05 139653                     /usr/lib/x86_64-linux-gnu/libfreetype.so.6.11.1
7f40d74b9000-7f40d74bf000 r--p 0009c000 08:05 139653                     /usr/lib/x86_64-linux-gnu/libfreetype.so.6.11.1
7f40d74bf000-7f40d74c0000 rw-p 000a2000 08:05 139653                     /usr/lib/x86_64-linux-gnu/libfreetype.so.6.11.1
7f40d74c0000-7f40d74cf000 r-xp 00000000 08:05 139437                     /usr/lib/x86_64-linux-gnu/libavahi-client.so.3.2.9
7f40d74cf000-7f40d76cf000 ---p 0000f000 08:05 139437                     /usr/lib/x86_64-linux-gnu/libavahi-client.so.3.2.9
7f40d76cf000-7f40d76d0000 r--p 0000f000 08:05 139437                     /usr/lib/x86_64-linux-gnu/libavahi-client.so.3.2.9
7f40d76d0000-7f40d76d1000 rw-p 00010000 08:05 139437                     /usr/lib/x86_64-linux-gnu/libavahi-client.so.3.2.9
7f40d76d1000-7f40d76dc000 r-xp 00000000 08:05 139439                     /usr/lib/x86_64-linux-gnu/libavahi-common.so.3.5.3
7f40d76dc000-7f40d78db000 ---p 0000b000 08:05 139439                     /usr/lib/x86_64-linux-gnu/libavahi-common.so.3.5.3
7f40d78db000-7f40d78dc000 r--p 0000a000 08:05 139439                     /usr/lib/x86_64-linux-gnu/libavahi-common.so.3.5.3
7f40d78dc000-7f40d78dd000 rw-p 0000b000 08:05 139439                     /usr/lib/x86_64-linux-gnu/libavahi-common.so.3.5.3
7f40d78dd000-7f40d7993000 r-xp 00000000 08:05 139740                     /usr/lib/x86_64-linux-gnu/libgnutls.so.26.22.6
7f40d7993000-7f40d7b93000 ---p 000b6000 08:05 139740                     /usr/lib/x86_64-linux-gnu/libgnutls.so.26.22.6
7f40d7b93000-7f40d7b99000 r--p 000b6000 08:05 139740                     /usr/lib/x86_64-linux-gnu/libgnutls.so.26.22.6
7f40d7b99000-7f40d7b9a000 rw-p 000bc000 08:05 139740                     /usr/lib/x86_64-linux-gnu/libgnutls.so.26.22.6
7f40d7b9a000-7f40d7b9b000 rw-p 00000000 00:00 0 
7f40d7b9b000-7f40d7bde000 r-xp 00000000 08:05 133136                     /usr/lib/x86_64-linux-gnu/libgssapi_krb5.so.2.2
7f40d7bde000-7f40d7dde000 ---p 00043000 08:05 133136                     /usr/lib/x86_64-linux-gnu/libgssapi_krb5.so.2.2
7f40d7dde000-7f40d7ddf000 r--p 00043000 08:05 133136                     /usr/lib/x86_64-linux-gnu/libgssapi_krb5.so.2.2
7f40d7ddf000-7f40d7de1000 rw-p 00044000 08:05 133136                     /usr/lib/x86_64-linux-gnu/libgssapi_krb5.so.2.2
7f40d7de1000-7f40d7dfe000 r-xp 00000000 08:05 140403                     /usr/lib/x86_64-linux-gnu/libxcb.so.1.1.0
7f40d7dfe000-7f40d7ffe000 ---p 0001d000 08:05 140403                     /usr/lib/x86_64-linux-gnu/libxcb.so.1.1.0
7f40d7ffe000-7f40d7fff000 r--p 0001d000 08:05 140403                     /usr/lib/x86_64-linux-gnu/libxcb.so.1.1.0
7f40d7fff000-7f40d8000000 rw-p 0001e000 08:05 140403                     /usr/lib/x86_64-linux-gnu/libxcb.so.1.1.0
7f40d8000000-7f40d8021000 rw-p 00000000 00:00 0 
7f40d8021000-7f40dc000000 ---p 00000000 00:00 0 
7f40dc000000-7f40dc021000 rw-p 00000000 00:00 0 
7f40dc021000-7f40e0000000 ---p 00000000 00:00 0 
7f40e0000000-7f40e098e000 rw-p 00000000 00:00 0 
7f40e098e000-7f40e4000000 ---p 00000000 00:00 0 
7f40e4000000-7f40e4cef000 rw-p 00000000 00:00 0 
7f40e4cef000-7f40e8000000 ---p 00000000 00:00 0 
7f40e8000000-7f40e8021000 rw-p 00000000 00:00 0 
7f40e8021000-7f40ec000000 ---p 00000000 00:00 0 
7f40ec000000-7f40ec021000 rw-p 00000000 00:00 0 
7f40ec021000-7f40f0000000 ---p 00000000 00:00 0 
7f40f0000000-7f40f0021000 rw-p 00000000 00:00 0 
7f40f0021000-7f40f4000000 ---p 00000000 00:00 0 
7f40f4000000-7f40f4021000 rw-p 00000000 00:00 0 
7f40f4021000-7f40f8000000 ---p 00000000 00:00 0 
7f40f8000000-7f40f8021000 rw-p 00000000 00:00 0 
7f40f8021000-7f40fc000000 ---p 00000000 00:00 0 
7f40fc000000-7f40fc021000 rw-p 00000000 00:00 0 
7f40fc021000-7f4100000000 ---p 00000000 00:00 0 
7f4100000000-7f4100021000 rw-p 00000000 00:00 0 
7f4100021000-7f4104000000 ---p 00000000 00:00 0 
7f4104097000-7f410409a000 ---p 00000000 00:00 0 
7f410409a000-7f4104198000 rw-p 00000000 00:00 0                          [stack:21365]
7f4104198000-7f41041e7000 r-xp 00000000 08:05 131454                     /usr/lib/x86_64-linux-gnu/libgobject-2.0.so.0.4002.0
7f41041e7000-7f41043e7000 ---p 0004f000 08:05 131454                     /usr/lib/x86_64-linux-gnu/libgobject-2.0.so.0.4002.0
7f41043e7000-7f41043e8000 r--p 0004f000 08:05 131454                     /usr/lib/x86_64-linux-gnu/libgobject-2.0.so.0.4002.0
7f41043e8000-7f41043e9000 rw-p 00050000 08:05 131454                     /usr/lib/x86_64-linux-gnu/libgobject-2.0.so.0.4002.0
7f41043e9000-7f4104555000 r-xp 00000000 08:05 131458                     /usr/lib/x86_64-linux-gnu/libgio-2.0.so.0.4002.0
7f4104555000-7f4104754000 ---p 0016c000 08:05 131458                     /usr/lib/x86_64-linux-gnu/libgio-2.0.so.0.4002.0
7f4104754000-7f4104758000 r--p 0016b000 08:05 131458                     /usr/lib/x86_64-linux-gnu/libgio-2.0.so.0.4002.0
7f4104758000-7f410475a000 rw-p 0016f000 08:05 131458                     /usr/lib/x86_64-linux-gnu/libgio-2.0.so.0.4002.0
7f410475a000-7f410475c000 rw-p 00000000 00:00 0 
7f410475c000-7f4104796000 r-xp 00000000 08:05 139625                     /usr/lib/x86_64-linux-gnu/libfontconfig.so.1.8.0
7f4104796000-7f4104995000 ---p 0003a000 08:05 139625                     /usr/lib/x86_64-linux-gnu/libfontconfig.so.1.8.0
7f4104995000-7f4104997000 r--p 00039000 08:05 139625                     /usr/lib/x86_64-linux-gnu/libfontconfig.so.1.8.0
7f4104997000-7f4104998000 rw-p 0003b000 08:05 139625                     /usr/lib/x86_64-linux-gnu/libfontconfig.so.1.8.0
7f4104998000-7f4104a04000 r-xp 00000000 08:05 131737                     /usr/lib/x86_64-linux-gnu/libcups.so.2
7f4104a04000-7f4104c04000 ---p 0006c000 08:05 131737                     /usr/lib/x86_64-linux-gnu/libcups.so.2
7f4104c04000-7f4104c0b000 r--p 0006c000 08:05 131737                     /usr/lib/x86_64-linux-gnu/libcups.so.2
7f4104c0b000-7f4104c0c000 rw-p 00073000 08:05 131737                     /usr/lib/x86_64-linux-gnu/libcups.so.2
7f4104c0c000-7f4104c1b000 r-xp 00000000 08:05 139354                     /usr/lib/x86_64-linux-gnu/libXi.so.6.1.0
7f4104c1b000-7f4104e1a000 ---p 0000f000 08:05 139354                     /usr/lib/x86_64-linux-gnu/libXi.so.6.1.0
7f4104e1a000-7f4104e1b000 r--p 0000e000 08:05 139354                     /usr/lib/x86_64-linux-gnu/libXi.so.6.1.0
7f4104e1b000-7f4104e1c000 rw-p 0000f000 08:05 139354                     /usr/lib/x86_64-linux-gnu/libXi.so.6.1.0
7f4104e1c000-7f4104e21000 r-xp 00000000 08:05 139374                     /usr/lib/x86_64-linux-gnu/libXtst.so.6.1.0
7f4104e21000-7f4105020000 ---p 00005000 08:05 139374                     /usr/lib/x86_64-linux-gnu/libXtst.so.6.1.0
7f4105020000-7f4105021000 r--p 00004000 08:05 139374                     /usr/lib/x86_64-linux-gnu/libXtst.so.6.1.0
7f4105021000-7f4105022000 rw-p 00005000 08:05 139374                     /usr/lib/x86_64-linux-gnu/libXtst.so.6.1.0
7f4105022000-7f410502b000 r-xp 00000000 08:05 139368                     /usr/lib/x86_64-linux-gnu/libXrender.so.1.3.0
7f410502b000-7f410522a000 ---p 00009000 08:05 139368                     /usr/lib/x86_64-linux-gnu/libXrender.so.1.3.0
7f410522a000-7f410522b000 r--p 00008000 08:05 139368                     /usr/lib/x86_64-linux-gnu/libXrender.so.1.3.0
7f410522b000-7f410522c000 rw-p 00009000 08:05 139368                     /usr/lib/x86_64-linux-gnu/libXrender.so.1.3.0
7f410522c000-7f410535c000 r-xp 00000000 08:05 139329                     /usr/lib/x86_64-linux-gnu/libX11.so.6.3.0
7f410535c000-7f410555c000 ---p 00130000 08:05 139329                     /usr/lib/x86_64-linux-gnu/libX11.so.6.3.0
7f410555c000-7f410555d000 r--p 00130000 08:05 139329                     /usr/lib/x86_64-linux-gnu/libX11.so.6.3.0
7f410555d000-7f4105561000 rw-p 00131000 08:05 139329                     /usr/lib/x86_64-linux-gnu/libX11.so.6.3.0
7f4105561000-7f4105572000 r-xp 00000000 08:05 139346                     /usr/lib/x86_64-linux-gnu/libXext.so.6.4.0
7f4105572000-7f4105771000 ---p 00011000 08:05 139346                     /usr/lib/x86_64-linux-gnu/libXext.so.6.4.0
7f4105771000-7f4105772000 r--p 00010000 08:05 139346                     /usr/lib/x86_64-linux-gnu/libXext.so.6.4.0
7f4105772000-7f4105773000 rw-p 00011000 08:05 139346                     /usr/lib/x86_64-linux-gnu/libXext.so.6.4.0
7f4105773000-7f41057bb000 r-xp 00000000 08:05 4070431                    /usr/lib/jvm/java-7-openjdk-amd64/jre/lib/amd64/xawt/libmawt.so
7f41057bb000-7f41059ba000 ---p 00048000 08:05 4070431                    /usr/lib/jvm/java-7-openjdk-amd64/jre/lib/amd64/xawt/libmawt.so
7f41059ba000-7f41059bb000 r--p 00047000 08:05 4070431                    /usr/lib/jvm/java-7-openjdk-amd64/jre/lib/amd64/xawt/libmawt.so
7f41059bb000-7f41059be000 rw-p 00048000 08:05 4070431                    /usr/lib/jvm/java-7-openjdk-amd64/jre/lib/amd64/xawt/libmawt.so
7f41059be000-7f41059bf000 rw-p 00000000 00:00 0 
7f41059bf000-7f4105a5f000 r-xp 00000000 08:05 4070297                    /usr/lib/jvm/java-7-openjdk-amd64/jre/lib/amd64/libawt.so
7f4105a5f000-7f4105c5f000 ---p 000a0000 08:05 4070297                    /usr/lib/jvm/java-7-openjdk-amd64/jre/lib/amd64/libawt.so
7f4105c5f000-7f4105c60000 r--p 000a0000 08:05 4070297                    /usr/lib/jvm/java-7-openjdk-amd64/jre/lib/amd64/libawt.so
7f4105c60000-7f4105c6b000 rw-p 000a1000 08:05 4070297                    /usr/lib/jvm/java-7-openjdk-amd64/jre/lib/amd64/libawt.so
7f4105c6b000-7f4108000000 rw-p 00000000 00:00 0 
7f4108000000-7f4108021000 rw-p 00000000 00:00 0 
7f4108021000-7f410c000000 ---p 00000000 00:00 0 
7f410c015000-7f410c018000 ---p 00000000 00:00 0 
7f410c018000-7f410c116000 rw-p 00000000 00:00 0                          [stack:21364]
7f410c116000-7f410c117000 ---p 00000000 00:00 0 
7f410c117000-7f410c217000 rw-p 00000000 00:00 0                          [stack:21363]
7f410c217000-7f410c21a000 ---p 00000000 00:00 0 
7f410c21a000-7f410c318000 rw-p 00000000 00:00 0                          [stack:21362]
7f410c318000-7f410c31b000 ---p 00000000 00:00 0 
7f410c31b000-7f410c419000 rw-p 00000000 00:00 0                          [stack:21361]
7f410c419000-7f410c41c000 ---p 00000000 00:00 0 
7f410c41c000-7f410c51a000 rw-p 00000000 00:00 0                          [stack:21360]
7f410c51a000-7f410c51d000 ---p 00000000 00:00 0 
7f410c51d000-7f410c61b000 rw-p 00000000 00:00 0                          [stack:21359]
7f410c61b000-7f410ccfd000 r--p 00000000 08:05 138250                     /usr/lib/locale/locale-archive
7f410ccfd000-7f410cd00000 ---p 00000000 00:00 0 
7f410cd00000-7f410cdfe000 rw-p 00000000 00:00 0                          [stack:21358]
7f410cdfe000-7f410ce01000 ---p 00000000 00:00 0 
7f410ce01000-7f410ceff000 rw-p 00000000 00:00 0                          [stack:21357]
7f410ceff000-7f410cf00000 ---p 00000000 00:00 0 
7f410cf00000-7f410d000000 rw-p 00000000 00:00 0                          [stack:21356]
7f410d000000-7f410d270000 rwxp 00000000 00:00 0 
7f410d270000-7f41102d7000 rw-p 00000000 00:00 0 
7f41102d7000-7f4114000000 ---p 00000000 00:00 0 
7f4114041000-7f4114049000 rw-s 00000000 00:04 39288859                   /SYSV00000000 (deleted)
7f4114082000-7f41140b3000 rw-p 00000000 00:00 0 
7f41140b3000-7f41140bc000 r--s 000b9000 08:05 4070255                    /usr/lib/jvm/java-7-openjdk-amd64/jre/lib/resources.jar
7f41140bc000-7f41140c6000 r--s 00203000 08:05 4070316                    /usr/lib/jvm/java-7-openjdk-amd64/jre/lib/charsets.jar
7f41140c6000-7f41150c3000 rw-p 00000000 00:00 0 
7f41150c3000-7f4115274000 r--s 01d25000 08:05 4070335                    /usr/lib/jvm/java-7-openjdk-amd64/jre/lib/rt.jar
7f4115274000-7f41155a4000 rw-p 00000000 00:00 0 
7f41155a4000-7f41155a5000 ---p 00000000 00:00 0 
7f41155a5000-7f41156a5000 rw-p 00000000 00:00 0                          [stack:21355]
7f41156a5000-7f41156a6000 ---p 00000000 00:00 0 
7f41156a6000-7f41157a6000 rw-p 00000000 00:00 0                          [stack:21354]
7f41157a6000-7f41157a7000 ---p 00000000 00:00 0 
7f41157a7000-7f41158a7000 rw-p 00000000 00:00 0                          [stack:21353]
7f41158a7000-7f41158a8000 ---p 00000000 00:00 0 
7f41158a8000-7f41159b3000 rw-p 00000000 00:00 0                          [stack:21352]
7f41159b3000-7f41159fb000 rw-p 00000000 00:00 0 
7f41159fb000-7f4115a0f000 rw-p 00000000 00:00 0 
7f4115a0f000-7f4115b3e000 rw-p 00000000 00:00 0 
7f4115b3e000-7f4115b49000 rw-p 00000000 00:00 0 
7f4115b49000-7f4115b91000 rw-p 00000000 00:00 0 
7f4115b91000-7f4115ba5000 rw-p 00000000 00:00 0 
7f4115ba5000-7f4115cd3000 rw-p 00000000 00:00 0 
7f4115cd3000-7f4115cde000 rw-p 00000000 00:00 0 
7f4115cde000-7f4115d75000 rw-p 00000000 00:00 0 
7f4115d75000-7f4115d76000 rw-p 00000000 00:00 0 
7f4115d76000-7f4115d7e000 r-xp 00000000 08:05 4070264                    /usr/lib/jvm/java-7-openjdk-amd64/jre/lib/amd64/libzip.so
7f4115d7e000-7f4115f7d000 ---p 00008000 08:05 4070264                    /usr/lib/jvm/java-7-openjdk-amd64/jre/lib/amd64/libzip.so
7f4115f7d000-7f4115f7e000 r--p 00007000 08:05 4070264                    /usr/lib/jvm/java-7-openjdk-amd64/jre/lib/amd64/libzip.so
7f4115f7e000-7f4115f7f000 rw-p 00008000 08:05 4070264                    /usr/lib/jvm/java-7-openjdk-amd64/jre/lib/amd64/libzip.so
7f4115f7f000-7f4115f8a000 r-xp 00000000 08:05 1321510                    /lib/x86_64-linux-gnu/libnss_files-2.19.so
7f4115f8a000-7f4116189000 ---p 0000b000 08:05 1321510                    /lib/x86_64-linux-gnu/libnss_files-2.19.so
7f4116189000-7f411618a000 r--p 0000a000 08:05 1321510                    /lib/x86_64-linux-gnu/libnss_files-2.19.so
7f411618a000-7f411618b000 rw-p 0000b000 08:05 1321510                    /lib/x86_64-linux-gnu/libnss_files-2.19.so
7f411618b000-7f4116196000 r-xp 00000000 08:05 1321517                    /lib/x86_64-linux-gnu/libnss_nis-2.19.so
7f4116196000-7f4116395000 ---p 0000b000 08:05 1321517                    /lib/x86_64-linux-gnu/libnss_nis-2.19.so
7f4116395000-7f4116396000 r--p 0000a000 08:05 1321517                    /lib/x86_64-linux-gnu/libnss_nis-2.19.so
7f4116396000-7f4116397000 rw-p 0000b000 08:05 1321517                    /lib/x86_64-linux-gnu/libnss_nis-2.19.so
7f4116397000-7f41163ae000 r-xp 00000000 08:05 1321503                    /lib/x86_64-linux-gnu/libnsl-2.19.so
7f41163ae000-7f41165ad000 ---p 00017000 08:05 1321503                    /lib/x86_64-linux-gnu/libnsl-2.19.so
7f41165ad000-7f41165ae000 r--p 00016000 08:05 1321503                    /lib/x86_64-linux-gnu/libnsl-2.19.so
7f41165ae000-7f41165af000 rw-p 00017000 08:05 1321503                    /lib/x86_64-linux-gnu/libnsl-2.19.so
7f41165af000-7f41165b1000 rw-p 00000000 00:00 0 
7f41165b1000-7f41165ba000 r-xp 00000000 08:05 1321514                    /lib/x86_64-linux-gnu/libnss_compat-2.19.so
7f41165ba000-7f41167b9000 ---p 00009000 08:05 1321514                    /lib/x86_64-linux-gnu/libnss_compat-2.19.so
7f41167b9000-7f41167ba000 r--p 00008000 08:05 1321514                    /lib/x86_64-linux-gnu/libnss_compat-2.19.so
7f41167ba000-7f41167bb000 rw-p 00009000 08:05 1321514                    /lib/x86_64-linux-gnu/libnss_compat-2.19.so
7f41167bb000-7f41167e6000 r-xp 00000000 08:05 4070271                    /usr/lib/jvm/java-7-openjdk-amd64/jre/lib/amd64/libjava.so
7f41167e6000-7f41169e5000 ---p 0002b000 08:05 4070271                    /usr/lib/jvm/java-7-openjdk-amd64/jre/lib/amd64/libjava.so
7f41169e5000-7f41169e6000 r--p 0002a000 08:05 4070271                    /usr/lib/jvm/java-7-openjdk-amd64/jre/lib/amd64/libjava.so
7f41169e6000-7f41169e8000 rw-p 0002b000 08:05 4070271                    /usr/lib/jvm/java-7-openjdk-amd64/jre/lib/amd64/libjava.so
7f41169e8000-7f41169f8000 r-xp 00000000 08:05 4070286                    /usr/lib/jvm/java-7-openjdk-amd64/jre/lib/amd64/libverify.so
7f41169f8000-7f4116bf7000 ---p 00010000 08:05 4070286                    /usr/lib/jvm/java-7-openjdk-amd64/jre/lib/amd64/libverify.so
7f4116bf7000-7f4116bf9000 r--p 0000f000 08:05 4070286                    /usr/lib/jvm/java-7-openjdk-amd64/jre/lib/amd64/libverify.so
7f4116bf9000-7f4116bfa000 rw-p 00011000 08:05 4070286                    /usr/lib/jvm/java-7-openjdk-amd64/jre/lib/amd64/libverify.so
7f4116bfa000-7f4116c01000 r-xp 00000000 08:05 1321520                    /lib/x86_64-linux-gnu/librt-2.19.so
7f4116c01000-7f4116e00000 ---p 00007000 08:05 1321520                    /lib/x86_64-linux-gnu/librt-2.19.so
7f4116e00000-7f4116e01000 r--p 00006000 08:05 1321520                    /lib/x86_64-linux-gnu/librt-2.19.so
7f4116e01000-7f4116e02000 rw-p 00007000 08:05 1321520                    /lib/x86_64-linux-gnu/librt-2.19.so
7f4116e02000-7f4116e18000 r-xp 00000000 08:05 1314726                    /lib/x86_64-linux-gnu/libgcc_s.so.1
7f4116e18000-7f4117017000 ---p 00016000 08:05 1314726                    /lib/x86_64-linux-gnu/libgcc_s.so.1
7f4117017000-7f4117018000 rw-p 00015000 08:05 1314726                    /lib/x86_64-linux-gnu/libgcc_s.so.1
7f4117018000-7f411711d000 r-xp 00000000 08:05 1321502                    /lib/x86_64-linux-gnu/libm-2.19.so
7f411711d000-7f411731c000 ---p 00105000 08:05 1321502                    /lib/x86_64-linux-gnu/libm-2.19.so
7f411731c000-7f411731d000 r--p 00104000 08:05 1321502                    /lib/x86_64-linux-gnu/libm-2.19.so
7f411731d000-7f411731e000 rw-p 00105000 08:05 1321502                    /lib/x86_64-linux-gnu/libm-2.19.so
7f411731e000-7f4117404000 r-xp 00000000 08:05 140239                     /usr/lib/x86_64-linux-gnu/libstdc++.so.6.0.19
7f4117404000-7f4117603000 ---p 000e6000 08:05 140239                     /usr/lib/x86_64-linux-gnu/libstdc++.so.6.0.19
7f4117603000-7f411760b000 r--p 000e5000 08:05 140239                     /usr/lib/x86_64-linux-gnu/libstdc++.so.6.0.19
7f411760b000-7f411760d000 rw-p 000ed000 08:05 140239                     /usr/lib/x86_64-linux-gnu/libstdc++.so.6.0.19
7f411760d000-7f4117622000 rw-p 00000000 00:00 0 
7f4117622000-7f4118138000 r-xp 00000000 08:05 4070293                    /usr/lib/jvm/java-7-openjdk-amd64/jre/lib/amd64/server/libjvm.so
7f4118138000-7f4118337000 ---p 00b16000 08:05 4070293                    /usr/lib/jvm/java-7-openjdk-amd64/jre/lib/amd64/server/libjvm.so
7f4118337000-7f41183d1000 r--p 00b15000 08:05 4070293                    /usr/lib/jvm/java-7-openjdk-amd64/jre/lib/amd64/server/libjvm.so
7f41183d1000-7f41183f4000 rw-p 00baf000 08:05 4070293                    /usr/lib/jvm/java-7-openjdk-amd64/jre/lib/amd64/server/libjvm.so
7f41183f4000-7f4118422000 rw-p 00000000 00:00 0 
7f4118422000-7f411843a000 r-xp 00000000 08:05 1314912                    /lib/x86_64-linux-gnu/libz.so.1.2.8
7f411843a000-7f4118639000 ---p 00018000 08:05 1314912                    /lib/x86_64-linux-gnu/libz.so.1.2.8
7f4118639000-7f411863a000 r--p 00017000 08:05 1314912                    /lib/x86_64-linux-gnu/libz.so.1.2.8
7f411863a000-7f411863b000 rw-p 00018000 08:05 1314912                    /lib/x86_64-linux-gnu/libz.so.1.2.8
7f411863b000-7f4118654000 r-xp 00000000 08:05 1321507                    /lib/x86_64-linux-gnu/libpthread-2.19.so
7f4118654000-7f4118853000 ---p 00019000 08:05 1321507                    /lib/x86_64-linux-gnu/libpthread-2.19.so
7f4118853000-7f4118854000 r--p 00018000 08:05 1321507                    /lib/x86_64-linux-gnu/libpthread-2.19.so
7f4118854000-7f4118855000 rw-p 00019000 08:05 1321507                    /lib/x86_64-linux-gnu/libpthread-2.19.so
7f4118855000-7f4118859000 rw-p 00000000 00:00 0 
7f4118859000-7f411885c000 r-xp 00000000 08:05 1321512                    /lib/x86_64-linux-gnu/libdl-2.19.so
7f411885c000-7f4118a5b000 ---p 00003000 08:05 1321512                    /lib/x86_64-linux-gnu/libdl-2.19.so
7f4118a5b000-7f4118a5c000 r--p 00002000 08:05 1321512                    /lib/x86_64-linux-gnu/libdl-2.19.so
7f4118a5c000-7f4118a5d000 rw-p 00003000 08:05 1321512                    /lib/x86_64-linux-gnu/libdl-2.19.so
7f4118a5d000-7f4118c18000 r-xp 00000000 08:05 1321518                    /lib/x86_64-linux-gnu/libc-2.19.so
7f4118c18000-7f4118e18000 ---p 001bb000 08:05 1321518                    /lib/x86_64-linux-gnu/libc-2.19.so
7f4118e18000-7f4118e1c000 r--p 001bb000 08:05 1321518                    /lib/x86_64-linux-gnu/libc-2.19.so
7f4118e1c000-7f4118e1e000 rw-p 001bf000 08:05 1321518                    /lib/x86_64-linux-gnu/libc-2.19.so
7f4118e1e000-7f4118e23000 rw-p 00000000 00:00 0 
7f4118e23000-7f4118e30000 r-xp 00000000 08:05 4070269                    /usr/lib/jvm/java-7-openjdk-amd64/jre/lib/amd64/jli/libjli.so
7f4118e30000-7f411902f000 ---p 0000d000 08:05 4070269                    /usr/lib/jvm/java-7-openjdk-amd64/jre/lib/amd64/jli/libjli.so
7f411902f000-7f4119030000 r--p 0000c000 08:05 4070269                    /usr/lib/jvm/java-7-openjdk-amd64/jre/lib/amd64/jli/libjli.so
7f4119030000-7f4119031000 rw-p 0000d000 08:05 4070269                    /usr/lib/jvm/java-7-openjdk-amd64/jre/lib/amd64/jli/libjli.so
7f4119031000-7f4119054000 r-xp 00000000 08:05 1321515                    /lib/x86_64-linux-gnu/ld-2.19.so
7f4119055000-7f4119059000 r--s 0003c000 08:05 4070331                    /usr/lib/jvm/java-7-openjdk-amd64/jre/lib/ext/sunpkcs11.jar
7f4119059000-7f411907a000 rw-p 00000000 00:00 0 
7f411907a000-7f4119130000 rw-p 00000000 00:00 0 
7f4119130000-7f4119133000 ---p 00000000 00:00 0 
7f4119133000-7f4119236000 rw-p 00000000 00:00 0                          [stack:21351]
7f4119237000-7f4119239000 r--s 00006000 08:05 537329                     /usr/share/java/java-atk-wrapper.jar
7f4119239000-7f411923d000 r--s 00085000 08:05 4070332                    /usr/lib/jvm/java-7-openjdk-amd64/jre/lib/ext/localedata.jar
7f411923d000-7f411923e000 r--s 00002000 08:05 4070334                    /usr/lib/jvm/java-7-openjdk-amd64/jre/lib/ext/dnsns.jar
7f411923e000-7f4119241000 r--s 0000f000 08:05 4070329                    /usr/lib/jvm/java-7-openjdk-amd64/jre/lib/ext/icedtea-sound.jar
7f4119241000-7f4119243000 r--s 00012000 08:05 4070330                    /usr/lib/jvm/java-7-openjdk-amd64/jre/lib/ext/zipfs.jar
7f4119243000-7f4119247000 r--s 00034000 08:05 4070333                    /usr/lib/jvm/java-7-openjdk-amd64/jre/lib/ext/sunjce_provider.jar
7f4119247000-7f411924f000 rw-s 00000000 08:05 4072665                    /tmp/hsperfdata_brian/21346
7f411924f000-7f4119250000 rw-p 00000000 00:00 0 
7f4119250000-7f4119251000 r--p 00000000 00:00 0 
7f4119251000-7f4119253000 rw-p 00000000 00:00 0 
7f4119253000-7f4119254000 r--p 00022000 08:05 1321515                    /lib/x86_64-linux-gnu/ld-2.19.so
7f4119254000-7f4119255000 rw-p 00023000 08:05 1321515                    /lib/x86_64-linux-gnu/ld-2.19.so
7f4119255000-7f4119256000 rw-p 00000000 00:00 0 
7fffad630000-7fffad651000 rw-p 00000000 00:00 0                          [stack]
7fffad70c000-7fffad70e000 r-xp 00000000 00:00 0                          [vdso]
ffffffffff600000-ffffffffff601000 r-xp 00000000 00:00 0                  [vsyscall]

VM Arguments:
jvm_args: -Dfile.encoding=UTF-8 
java_command: editor.Editor
Launcher Type: SUN_STANDARD

Environment Variables:
PATH=/usr/local/sbin:/usr/local/bin:/usr/sbin:/usr/bin:/sbin:/bin:/usr/games:/usr/local/games
SHELL=/bin/bash
DISPLAY=:0

Signal Handlers:
SIGSEGV: [libjvm.so+0x9495e0], sa_mask[0]=0x7ffbfeff, sa_flags=0x10000004
SIGBUS: [libjvm.so+0x9495e0], sa_mask[0]=0x7ffbfeff, sa_flags=0x10000004
SIGFPE: [libjvm.so+0x7c3410], sa_mask[0]=0x7ffbfeff, sa_flags=0x10000004
SIGPIPE: [libjvm.so+0x7c3410], sa_mask[0]=0x7ffbfeff, sa_flags=0x10000004
SIGXFSZ: [libjvm.so+0x7c3410], sa_mask[0]=0x7ffbfeff, sa_flags=0x10000004
SIGILL: [libjvm.so+0x7c3410], sa_mask[0]=0x7ffbfeff, sa_flags=0x10000004
SIGUSR1: SIG_DFL, sa_mask[0]=0x00000000, sa_flags=0x00000000
SIGUSR2: [libjvm.so+0x7c32b0], sa_mask[0]=0x00000004, sa_flags=0x10000004
SIGHUP: [libjvm.so+0x7c3490], sa_mask[0]=0x7ffbfeff, sa_flags=0x10000004
SIGINT: [libjvm.so+0x7c3490], sa_mask[0]=0x7ffbfeff, sa_flags=0x10000004
SIGTERM: [libjvm.so+0x7c3490], sa_mask[0]=0x7ffbfeff, sa_flags=0x10000004
SIGQUIT: [libjvm.so+0x7c3490], sa_mask[0]=0x7ffbfeff, sa_flags=0x10000004
SIGTRAP: SIG_DFL, sa_mask[0]=0x00000000, sa_flags=0x00000000


---------------  S Y S T E M  ---------------

OS:Ubuntu 14.04 (trusty)
uname:Linux 3.13.0-43-generic #72-Ubuntu SMP Mon Dec 8 19:35:06 UTC 2014 x86_64
libc:glibc 2.19 NPTL 2.19 
rlimit: STACK 8192k, CORE 0k, NPROC 30765, NOFILE 4096, AS infinity
load average:9.04 3.01 1.72

/proc/meminfo:
MemTotal:        3959572 kB
MemFree:         1618540 kB
Buffers:           91160 kB
Cached:           845872 kB
SwapCached:       209628 kB
Active:           889232 kB
Inactive:        1189664 kB
Active(anon):     723784 kB
Inactive(anon):   741072 kB
Active(file):     165448 kB
Inactive(file):   448592 kB
Unevictable:          16 kB
Mlocked:              16 kB
SwapTotal:       4104188 kB
SwapFree:        3105064 kB
Dirty:               576 kB
Writeback:           176 kB
AnonPages:       1051996 kB
Mapped:            79620 kB
Shmem:            322848 kB
Slab:             165448 kB
SReclaimable:     115608 kB
SUnreclaim:        49840 kB
KernelStack:        4592 kB
PageTables:        27760 kB
NFS_Unstable:          0 kB
Bounce:                0 kB
WritebackTmp:          0 kB
CommitLimit:     6083972 kB
Committed_AS:    5010360 kB
VmallocTotal:   34359738367 kB
VmallocUsed:      456176 kB
VmallocChunk:   34359186476 kB
HardwareCorrupted:     0 kB
AnonHugePages:    153600 kB
HugePages_Total:       0
HugePages_Free:        0
HugePages_Rsvd:        0
HugePages_Surp:        0
Hugepagesize:       2048 kB
DirectMap4k:       78400 kB
DirectMap2M:     4028416 kB


CPU:total 4 (2 cores per cpu, 2 threads per core) family 6 model 42 stepping 7, cmov, cx8, fxsr, mmx, sse, sse2, sse3, ssse3, sse4.1, sse4.2, popcnt, avx, ht, tsc, tscinvbit

/proc/cpuinfo:
processor	: 0
vendor_id	: GenuineIntel
cpu family	: 6
model		: 42
model name	: Intel(R) Core(TM) i5-2410M CPU @ 2.30GHz
stepping	: 7
microcode	: 0x15
cpu MHz		: 2301.000
cache size	: 3072 KB
physical id	: 0
siblings	: 4
core id		: 0
cpu cores	: 2
apicid		: 0
initial apicid	: 0
fpu		: yes
fpu_exception	: yes
cpuid level	: 13
wp		: yes
flags		: fpu vme de pse tsc msr pae mce cx8 apic sep mtrr pge mca cmov pat pse36 clflush dts acpi mmx fxsr sse sse2 ss ht tm pbe syscall nx rdtscp lm constant_tsc arch_perfmon pebs bts nopl xtopology nonstop_tsc aperfmperf eagerfpu pni pclmulqdq dtes64 monitor ds_cpl vmx est tm2 ssse3 cx16 xtpr pdcm pcid sse4_1 sse4_2 x2apic popcnt tsc_deadline_timer xsave avx lahf_lm ida arat epb xsaveopt pln pts dtherm tpr_shadow vnmi flexpriority ept vpid
bogomips	: 4589.79
clflush size	: 64
cache_alignment	: 64
address sizes	: 36 bits physical, 48 bits virtual
power management:

processor	: 1
vendor_id	: GenuineIntel
cpu family	: 6
model		: 42
model name	: Intel(R) Core(TM) i5-2410M CPU @ 2.30GHz
stepping	: 7
microcode	: 0x15
cpu MHz		: 2301.000
cache size	: 3072 KB
physical id	: 0
siblings	: 4
core id		: 0
cpu cores	: 2
apicid		: 1
initial apicid	: 1
fpu		: yes
fpu_exception	: yes
cpuid level	: 13
wp		: yes
flags		: fpu vme de pse tsc msr pae mce cx8 apic sep mtrr pge mca cmov pat pse36 clflush dts acpi mmx fxsr sse sse2 ss ht tm pbe syscall nx rdtscp lm constant_tsc arch_perfmon pebs bts nopl xtopology nonstop_tsc aperfmperf eagerfpu pni pclmulqdq dtes64 monitor ds_cpl vmx est tm2 ssse3 cx16 xtpr pdcm pcid sse4_1 sse4_2 x2apic popcnt tsc_deadline_timer xsave avx lahf_lm ida arat epb xsaveopt pln pts dtherm tpr_shadow vnmi flexpriority ept vpid
bogomips	: 4589.79
clflush size	: 64
cache_alignment	: 64
address sizes	: 36 bits physical, 48 bits virtual
power management:

processor	: 2
vendor_id	: GenuineIntel
cpu family	: 6
model		: 42
model name	: Intel(R) Core(TM) i5-2410M CPU @ 2.30GHz
stepping	: 7
microcode	: 0x15
cpu MHz		: 2301.000
cache size	: 3072 KB
physical id	: 0
siblings	: 4
core id		: 1
cpu cores	: 2
apicid		: 2
initial apicid	: 2
fpu		: yes
fpu_exception	: yes
cpuid level	: 13
wp		: yes
flags		: fpu vme de pse tsc msr pae mce cx8 apic sep mtrr pge mca cmov pat pse36 clflush dts acpi mmx fxsr sse sse2 ss ht tm pbe syscall nx rdtscp lm constant_tsc arch_perfmon pebs bts nopl xtopology nonstop_tsc aperfmperf eagerfpu pni pclmulqdq dtes64 monitor ds_cpl vmx est tm2 ssse3 cx16 xtpr pdcm pcid sse4_1 sse4_2 x2apic popcnt tsc_deadline_timer xsave avx lahf_lm ida arat epb xsaveopt pln pts dtherm tpr_shadow vnmi flexpriority ept vpid
bogomips	: 4589.79
clflush size	: 64
cache_alignment	: 64
address sizes	: 36 bits physical, 48 bits virtual
power management:

processor	: 3
vendor_id	: GenuineIntel
cpu family	: 6
model		: 42
model name	: Intel(R) Core(TM) i5-2410M CPU @ 2.30GHz
stepping	: 7
microcode	: 0x15
cpu MHz		: 2301.000
cache size	: 3072 KB
physical id	: 0
siblings	: 4
core id		: 1
cpu cores	: 2
apicid		: 3
initial apicid	: 3
fpu		: yes
fpu_exception	: yes
cpuid level	: 13
wp		: yes
flags		: fpu vme de pse tsc msr pae mce cx8 apic sep mtrr pge mca cmov pat pse36 clflush dts acpi mmx fxsr sse sse2 ss ht tm pbe syscall nx rdtscp lm constant_tsc arch_perfmon pebs bts nopl xtopology nonstop_tsc aperfmperf eagerfpu pni pclmulqdq dtes64 monitor ds_cpl vmx est tm2 ssse3 cx16 xtpr pdcm pcid sse4_1 sse4_2 x2apic popcnt tsc_deadline_timer xsave avx lahf_lm ida arat epb xsaveopt pln pts dtherm tpr_shadow vnmi flexpriority ept vpid
bogomips	: 4589.79
clflush size	: 64
cache_alignment	: 64
address sizes	: 36 bits physical, 48 bits virtual
power management:



Memory: 4k page, physical 3959572k(1618540k free), swap 4104188k(3105064k free)

vm_info: OpenJDK 64-Bit Server VM (24.65-b04) for linux-amd64 JRE (1.7.0_65-b32), built on Oct 22 2014 04:37:44 by "buildd" with gcc 4.8.2

time: Sat Jan 10 14:17:24 2015
elapsed time: 155156 seconds

